2025-02-26 22:12:26,037 kilosort.run_kilosort INFO     Kilosort version 4.0.25
2025-02-26 22:12:26,040 kilosort.run_kilosort INFO     Python version 3.9.21
2025-02-26 22:12:26,041 kilosort.run_kilosort INFO     ----------------------------------------
2025-02-26 22:12:26,041 kilosort.run_kilosort INFO     System information:
2025-02-26 22:12:26,042 kilosort.run_kilosort INFO     Linux-4.18.0-477.74.1.el8_8.x86_64-x86_64-with-glibc2.28 x86_64
2025-02-26 22:12:26,042 kilosort.run_kilosort INFO     x86_64
2025-02-26 22:12:26,042 kilosort.run_kilosort INFO     Using GPU for PyTorch computations. Specify `device` to change this.
2025-02-26 22:12:26,043 kilosort.run_kilosort INFO     Using CUDA device: NVIDIA A100-PCIE-40GB 39.50GB
2025-02-26 22:12:26,043 kilosort.run_kilosort INFO     ----------------------------------------
2025-02-26 22:12:26,044 kilosort.run_kilosort INFO     Sorting /home/lss72/palmer_scratch/spike_sort/neuropixels.bin
2025-02-26 22:12:26,044 kilosort.run_kilosort INFO     Interpreting binary file as default dtype='int16'. If data was saved in a different format, specify `data_dtype`.
2025-02-26 22:12:26,045 kilosort.run_kilosort DEBUG    Initial ops:

ops = {
    'n_chan_bin': 385,
    'fs': 30000,
    'batch_size': 60000,
    'nblocks': 1,
    'Th_universal': 9,
    'Th_learned': 8,
    'tmin': 0,
    'tmax': 45,
    'nt': 61,
    'shift': None,
    'scale': None,
    'artifact_threshold': inf,
    'nskip': 25,
    'whitening_range': 32,
    'highpass_cutoff': 300,
    'binning_depth': 5,
    'sig_interp': 20,
    'drift_smoothing': [0.5, 0.5, 0.5],
    'nt0min': 20,
    'dmin': None,
    'dminx': 32,
    'min_template_size': 10,
    'template_sizes': 5,
    'nearest_chans': 10,
    'nearest_templates': 100,
    'max_channel_distance': 32,
    'max_peels': 100,
    'templates_from_data': True,
    'n_templates': 6,
    'n_pcs': 6,
    'Th_single_ch': 6,
    'acg_threshold': 0.2,
    'ccg_threshold': 0.25,
    'cluster_downsampling': 20,
    'x_centers': None,
    'duplicate_spike_ms': 0.25,
    'position_limit': 100,
    'data_dir': PosixPath('/home/lss72/palmer_scratch/spike_sort'),
    'probe_path': 'forPRBimecP3opt3.mat',
    'filename': PosixPath('/home/lss72/palmer_scratch/spike_sort/neuropixels.bin'),
    'data_dtype': 'int16',
    'do_CAR': True,
    'invert_sign': False,
    'NTbuff': 60122,
    'Nchan': 374,
    'duplicate_spike_bins': 7,
    'torch_device': 'cuda',
    'save_preprocessed_copy': False
}

2025-02-26 22:12:26,056 kilosort.run_kilosort DEBUG    Probe dictionary:

probe = {
    'xc': np.array([41., 11., 59., 29., 41., 11., 59., 29., 41., 11., 59., 29., 41.,
       11., 59., 29., 41., 11., 59., 29., 41., 11., 59., 29., 41., 11.,
       59., 29., 41., 11., 59., 29., 41., 11., 59., 29., 11., 59., 29.,
       41., 11., 59., 29., 41., 11., 59., 29., 41., 11., 59., 29., 41.,
       11., 59., 29., 41., 11., 59., 29., 41., 11., 59., 29., 41., 11.,
       59., 29., 41., 11., 59., 29., 41., 11., 59., 41., 11., 59., 29.,
       41., 11., 59., 29., 41., 11., 59., 29., 41., 11., 59., 29., 41.,
       11., 59., 29., 41., 11., 59., 29., 41., 11., 59., 29., 41., 11.,
       59., 29., 41., 11., 59., 29., 11., 59., 29., 41., 11., 59., 29.,
       41., 11., 59., 29., 41., 11., 59., 29., 41., 11., 59., 29., 41.,
       11., 59., 29., 41., 11., 59., 29., 41., 11., 59., 29., 41., 11.,
       59., 29., 41., 11., 59., 41., 11., 59., 29., 41., 11., 59., 29.,
       41., 11., 59., 29., 41., 11., 59., 29., 41., 11., 59., 29., 41.,
       11., 59., 29., 41., 11., 59., 29., 41., 11., 59., 29., 41., 11.,
       59., 29., 11., 59., 29., 41., 11., 59., 29., 41., 11., 59., 29.,
       41., 11., 59., 29., 41., 11., 59., 29., 41., 11., 59., 29., 41.,
       11., 59., 29., 41., 11., 59., 29., 41., 11., 59., 29., 41., 11.,
       59., 41., 11., 59., 29., 41., 11., 59., 29., 41., 11., 59., 29.,
       41., 11., 59., 29., 41., 11., 59., 29., 41., 11., 59., 29., 41.,
       11., 59., 29., 41., 11., 59., 29., 41., 11., 59., 29., 11., 59.,
       29., 41., 11., 59., 29., 41., 11., 59., 29., 41., 11., 59., 29.,
       41., 11., 59., 29., 41., 11., 59., 29., 41., 11., 59., 29., 41.,
       11., 59., 29., 41., 11., 59., 29., 41., 11., 59., 41., 11., 59.,
       29., 41., 11., 59., 29., 41., 11., 59., 29., 41., 11., 59., 29.,
       41., 11., 59., 29., 41., 11., 59., 29., 41., 11., 59., 29., 41.,
       11., 59., 29., 41., 11., 59., 29., 11., 59., 29., 41., 11., 59.,
       29., 41., 11., 59., 29., 41., 11., 59., 29., 41., 11., 59., 29.,
       41., 11., 59., 29., 41., 11., 59., 29., 41., 11., 59., 29., 41.,
       11., 59., 29., 41., 11., 59., 41., 11., 59., 29.], dtype=np.float32),
    'yc': np.array([  20.,   20.,   40.,   40.,   60.,   60.,   80.,   80.,  100.,
        100.,  120.,  120.,  140.,  140.,  160.,  160.,  180.,  180.,
        200.,  200.,  220.,  220.,  240.,  240.,  260.,  260.,  280.,
        280.,  300.,  300.,  320.,  320.,  340.,  340.,  360.,  360.,
        380.,  400.,  400.,  420.,  420.,  440.,  440.,  460.,  460.,
        480.,  480.,  500.,  500.,  520.,  520.,  540.,  540.,  560.,
        560.,  580.,  580.,  600.,  600.,  620.,  620.,  640.,  640.,
        660.,  660.,  680.,  680.,  700.,  700.,  720.,  720.,  740.,
        740.,  760.,  780.,  780.,  800.,  800.,  820.,  820.,  840.,
        840.,  860.,  860.,  880.,  880.,  900.,  900.,  920.,  920.,
        940.,  940.,  960.,  960.,  980.,  980., 1000., 1000., 1020.,
       1020., 1040., 1040., 1060., 1060., 1080., 1080., 1100., 1100.,
       1120., 1120., 1140., 1160., 1160., 1180., 1180., 1200., 1200.,
       1220., 1220., 1240., 1240., 1260., 1260., 1280., 1280., 1300.,
       1300., 1320., 1320., 1340., 1340., 1360., 1360., 1380., 1380.,
       1400., 1400., 1420., 1420., 1440., 1440., 1460., 1460., 1480.,
       1480., 1500., 1500., 1520., 1540., 1540., 1560., 1560., 1580.,
       1580., 1600., 1600., 1620., 1620., 1640., 1640., 1660., 1660.,
       1680., 1680., 1700., 1700., 1720., 1720., 1740., 1740., 1760.,
       1760., 1780., 1780., 1800., 1800., 1820., 1820., 1840., 1840.,
       1860., 1860., 1880., 1880., 1900., 1920., 1920., 1940., 1940.,
       1960., 1960., 1980., 1980., 2000., 2000., 2020., 2020., 2040.,
       2040., 2060., 2060., 2080., 2080., 2100., 2100., 2120., 2120.,
       2140., 2140., 2160., 2160., 2180., 2180., 2200., 2200., 2220.,
       2220., 2240., 2240., 2260., 2260., 2280., 2300., 2300., 2320.,
       2320., 2340., 2340., 2360., 2360., 2380., 2380., 2400., 2400.,
       2420., 2420., 2440., 2440., 2460., 2460., 2480., 2480., 2500.,
       2500., 2520., 2520., 2540., 2540., 2560., 2560., 2580., 2580.,
       2600., 2600., 2620., 2620., 2640., 2640., 2660., 2680., 2680.,
       2700., 2700., 2720., 2720., 2740., 2740., 2760., 2760., 2780.,
       2780., 2800., 2800., 2820., 2820., 2840., 2840., 2860., 2860.,
       2880., 2880., 2900., 2900., 2920., 2920., 2940., 2940., 2960.,
       2960., 2980., 2980., 3000., 3000., 3020., 3020., 3040., 3060.,
       3060., 3080., 3080., 3100., 3100., 3120., 3120., 3140., 3140.,
       3160., 3160., 3180., 3180., 3200., 3200., 3220., 3220., 3240.,
       3240., 3260., 3260., 3280., 3280., 3300., 3300., 3320., 3320.,
       3340., 3340., 3360., 3360., 3380., 3380., 3400., 3400., 3420.,
       3440., 3440., 3460., 3460., 3480., 3480., 3500., 3500., 3520.,
       3520., 3540., 3540., 3560., 3560., 3580., 3580., 3600., 3600.,
       3620., 3620., 3640., 3640., 3660., 3660., 3680., 3680., 3700.,
       3700., 3720., 3720., 3740., 3740., 3760., 3760., 3780., 3780.,
       3800., 3820., 3820., 3840., 3840.], dtype=np.float32),
    'kcoords': np.array([0., 0., 0., 0., 0., 0., 0., 0., 0., 0., 0., 0., 0., 0., 0., 0., 0.,
       0., 0., 0., 0., 0., 0., 0., 0., 0., 0., 0., 0., 0., 0., 0., 0., 0.,
       0., 0., 0., 0., 0., 0., 0., 0., 0., 0., 0., 0., 0., 0., 0., 0., 0.,
       0., 0., 0., 0., 0., 0., 0., 0., 0., 0., 0., 0., 0., 0., 0., 0., 0.,
       0., 0., 0., 0., 0., 0., 0., 0., 0., 0., 0., 0., 0., 0., 0., 0., 0.,
       0., 0., 0., 0., 0., 0., 0., 0., 0., 0., 0., 0., 0., 0., 0., 0., 0.,
       0., 0., 0., 0., 0., 0., 0., 0., 0., 0., 0., 0., 0., 0., 0., 0., 0.,
       0., 0., 0., 0., 0., 0., 0., 0., 0., 0., 0., 0., 0., 0., 0., 0., 0.,
       0., 0., 0., 0., 0., 0., 0., 0., 0., 0., 0., 0., 0., 0., 0., 0., 0.,
       0., 0., 0., 0., 0., 0., 0., 0., 0., 0., 0., 0., 0., 0., 0., 0., 0.,
       0., 0., 0., 0., 0., 0., 0., 0., 0., 0., 0., 0., 0., 0., 0., 0., 0.,
       0., 0., 0., 0., 0., 0., 0., 0., 0., 0., 0., 0., 0., 0., 0., 0., 0.,
       0., 0., 0., 0., 0., 0., 0., 0., 0., 0., 0., 0., 0., 0., 0., 0., 0.,
       0., 0., 0., 0., 0., 0., 0., 0., 0., 0., 0., 0., 0., 0., 0., 0., 0.,
       0., 0., 0., 0., 0., 0., 0., 0., 0., 0., 0., 0., 0., 0., 0., 0., 0.,
       0., 0., 0., 0., 0., 0., 0., 0., 0., 0., 0., 0., 0., 0., 0., 0., 0.,
       0., 0., 0., 0., 0., 0., 0., 0., 0., 0., 0., 0., 0., 0., 0., 0., 0.,
       0., 0., 0., 0., 0., 0., 0., 0., 0., 0., 0., 0., 0., 0., 0., 0., 0.,
       0., 0., 0., 0., 0., 0., 0., 0., 0., 0., 0., 0., 0., 0., 0., 0., 0.,
       0., 0., 0., 0., 0., 0., 0., 0., 0., 0., 0., 0., 0., 0., 0., 0., 0.,
       0., 0., 0., 0., 0., 0., 0., 0., 0., 0., 0., 0., 0., 0., 0., 0., 0.,
       0., 0., 0., 0., 0., 0., 0., 0., 0., 0., 0., 0., 0., 0., 0., 0., 0.],
      dtype=np.float32),
    'chanMap': np.array([  0,   1,   2,   3,   4,   5,   6,   7,   8,   9,  10,  11,  12,
        13,  14,  15,  16,  17,  18,  19,  20,  21,  22,  23,  24,  25,
        26,  27,  28,  29,  30,  31,  32,  33,  34,  35,  37,  38,  39,
        40,  41,  42,  43,  44,  45,  46,  47,  48,  49,  50,  51,  52,
        53,  54,  55,  56,  57,  58,  59,  60,  61,  62,  63,  64,  65,
        66,  67,  68,  69,  70,  71,  72,  73,  74,  76,  77,  78,  79,
        80,  81,  82,  83,  84,  85,  86,  87,  88,  89,  90,  91,  92,
        93,  94,  95,  96,  97,  98,  99, 100, 101, 102, 103, 104, 105,
       106, 107, 108, 109, 110, 111, 113, 114, 115, 116, 117, 118, 119,
       120, 121, 122, 123, 124, 125, 126, 127, 128, 129, 130, 131, 132,
       133, 134, 135, 136, 137, 138, 139, 140, 141, 142, 143, 144, 145,
       146, 147, 148, 149, 150, 152, 153, 154, 155, 156, 157, 158, 159,
       160, 161, 162, 163, 164, 165, 166, 167, 168, 169, 170, 171, 172,
       173, 174, 175, 176, 177, 178, 179, 180, 181, 182, 183, 184, 185,
       186, 187, 189, 190, 191, 192, 193, 194, 195, 196, 197, 198, 199,
       200, 201, 202, 203, 204, 205, 206, 207, 208, 209, 210, 211, 212,
       213, 214, 215, 216, 217, 218, 219, 220, 221, 222, 223, 224, 225,
       226, 228, 229, 230, 231, 232, 233, 234, 235, 236, 237, 238, 239,
       240, 241, 242, 243, 244, 245, 246, 247, 248, 249, 250, 251, 252,
       253, 254, 255, 256, 257, 258, 259, 260, 261, 262, 263, 265, 266,
       267, 268, 269, 270, 271, 272, 273, 274, 275, 276, 277, 278, 279,
       280, 281, 282, 283, 284, 285, 286, 287, 288, 289, 290, 291, 292,
       293, 294, 295, 296, 297, 298, 299, 300, 301, 302, 304, 305, 306,
       307, 308, 309, 310, 311, 312, 313, 314, 315, 316, 317, 318, 319,
       320, 321, 322, 323, 324, 325, 326, 327, 328, 329, 330, 331, 332,
       333, 334, 335, 336, 337, 338, 339, 341, 342, 343, 344, 345, 346,
       347, 348, 349, 350, 351, 352, 353, 354, 355, 356, 357, 358, 359,
       360, 361, 362, 363, 364, 365, 366, 367, 368, 369, 370, 371, 372,
       373, 374, 375, 376, 377, 378, 380, 381, 382, 383], dtype=np.int32),
    'n_chan': 384
}

2025-02-26 22:12:26,056 kilosort.run_kilosort INFO      
2025-02-26 22:12:26,057 kilosort.run_kilosort INFO     Computing preprocessing variables.
2025-02-26 22:12:26,057 kilosort.run_kilosort INFO     ----------------------------------------
2025-02-26 22:12:26,061 kilosort.run_kilosort INFO     N samples: 1350000
2025-02-26 22:12:26,061 kilosort.run_kilosort INFO     N seconds: 45.0
2025-02-26 22:12:26,061 kilosort.run_kilosort INFO     N batches: 23
2025-02-26 22:12:26,423 kilosort.run_kilosort INFO     Preprocessing filters computed in  0.37s; total  0.38s
2025-02-26 22:12:26,424 kilosort.run_kilosort DEBUG    hp_filter shape: torch.Size([30122])
2025-02-26 22:12:26,424 kilosort.run_kilosort DEBUG    whiten_mat shape: torch.Size([374, 374])
2025-02-26 22:12:26,424 kilosort.run_kilosort INFO      
2025-02-26 22:12:26,425 kilosort.run_kilosort INFO     Resource usage after preprocessing
2025-02-26 22:12:26,425 kilosort.run_kilosort INFO     ********************************************************
2025-02-26 22:12:26,426 kilosort.run_kilosort INFO     CPU usage:     8.60 %
2025-02-26 22:12:26,427 kilosort.run_kilosort INFO     Memory:        8.56 %     |     64.58   /   754.60 GB
2025-02-26 22:12:26,427 kilosort.run_kilosort INFO     ------------------------------------------------------
2025-02-26 22:12:26,427 kilosort.run_kilosort INFO     GPU usage:    `conda install pynvml` for GPU usage
2025-02-26 22:12:26,428 kilosort.run_kilosort INFO     GPU memory:   14.33 %     |      5.66   /    39.50 GB
2025-02-26 22:12:26,429 kilosort.run_kilosort INFO     Allocated:     0.02 %     |      0.01   /    39.50 GB
2025-02-26 22:12:26,429 kilosort.run_kilosort INFO     Max alloc:     8.35 %     |      3.30   /    39.50 GB
2025-02-26 22:12:26,430 kilosort.run_kilosort INFO     ********************************************************
2025-02-26 22:12:26,435 kilosort.run_kilosort INFO      
2025-02-26 22:12:26,436 kilosort.run_kilosort INFO     Computing drift correction.
2025-02-26 22:12:26,436 kilosort.run_kilosort INFO     ----------------------------------------
2025-02-26 22:12:26,437 kilosort.spikedetect INFO     Re-computing universal templates from data.
2025-02-26 22:12:28,106 kilosort.spikedetect INFO     Number of universal templates: 1532
2025-02-26 22:12:28,210 kilosort.spikedetect INFO     Detecting spikes...
2025-02-26 22:12:28,212 kilosort.spikedetect DEBUG     
2025-02-26 22:12:28,212 kilosort.spikedetect DEBUG    Batch 0
2025-02-26 22:12:28,212 kilosort.spikedetect DEBUG    ********************************************************
2025-02-26 22:12:28,212 kilosort.spikedetect DEBUG    CPU usage:    32.90 %
2025-02-26 22:12:28,213 kilosort.spikedetect DEBUG    Memory:        8.56 %     |     64.58   /   754.60 GB
2025-02-26 22:12:28,213 kilosort.spikedetect DEBUG    ------------------------------------------------------
2025-02-26 22:12:28,213 kilosort.spikedetect DEBUG    GPU usage:    `conda install pynvml` for GPU usage
2025-02-26 22:12:28,213 kilosort.spikedetect DEBUG    GPU memory:   14.33 %     |      5.66   /    39.50 GB
2025-02-26 22:12:28,213 kilosort.spikedetect DEBUG    Allocated:     0.03 %     |      0.01   /    39.50 GB
2025-02-26 22:12:28,213 kilosort.spikedetect DEBUG    Max alloc:     8.35 %     |      3.30   /    39.50 GB
2025-02-26 22:12:28,213 kilosort.spikedetect DEBUG    ********************************************************
2025-02-26 22:12:34,992 kilosort.spikedetect DEBUG     
2025-02-26 22:12:34,992 kilosort.spikedetect DEBUG    Batch 22
2025-02-26 22:12:34,992 kilosort.spikedetect DEBUG    ********************************************************
2025-02-26 22:12:34,993 kilosort.spikedetect DEBUG    CPU usage:    11.20 %
2025-02-26 22:12:34,993 kilosort.spikedetect DEBUG    Memory:        8.56 %     |     64.62   /   754.60 GB
2025-02-26 22:12:34,993 kilosort.spikedetect DEBUG    ------------------------------------------------------
2025-02-26 22:12:34,993 kilosort.spikedetect DEBUG    GPU usage:    `conda install pynvml` for GPU usage
2025-02-26 22:12:34,993 kilosort.spikedetect DEBUG    GPU memory:   14.33 %     |      5.66   /    39.50 GB
2025-02-26 22:12:34,994 kilosort.spikedetect DEBUG    Allocated:     0.26 %     |      0.10   /    39.50 GB
2025-02-26 22:12:34,994 kilosort.spikedetect DEBUG    Max alloc:     8.35 %     |      3.30   /    39.50 GB
2025-02-26 22:12:34,994 kilosort.spikedetect DEBUG    ********************************************************
2025-02-26 22:12:35,115 kilosort.run_kilosort INFO     drift computed in  8.68s; total  9.07s
2025-02-26 22:12:35,116 kilosort.run_kilosort DEBUG    st shape: (138541, 6)
2025-02-26 22:12:35,116 kilosort.run_kilosort DEBUG    yblk shape: (1,)
2025-02-26 22:12:35,116 kilosort.run_kilosort DEBUG    dshift shape: (23, 1)
2025-02-26 22:12:35,116 kilosort.run_kilosort DEBUG    iKxx shape: torch.Size([374, 374])
2025-02-26 22:12:35,117 kilosort.run_kilosort INFO      
2025-02-26 22:12:35,118 kilosort.run_kilosort INFO     Resource usage after drift correction
2025-02-26 22:12:35,118 kilosort.run_kilosort INFO     ********************************************************
2025-02-26 22:12:35,119 kilosort.run_kilosort INFO     CPU usage:    12.10 %
2025-02-26 22:12:35,120 kilosort.run_kilosort INFO     Memory:        8.56 %     |     64.59   /   754.60 GB
2025-02-26 22:12:35,120 kilosort.run_kilosort INFO     ------------------------------------------------------
2025-02-26 22:12:35,121 kilosort.run_kilosort INFO     GPU usage:    `conda install pynvml` for GPU usage
2025-02-26 22:12:35,121 kilosort.run_kilosort INFO     GPU memory:   14.33 %     |      5.66   /    39.50 GB
2025-02-26 22:12:35,122 kilosort.run_kilosort INFO     Allocated:     0.03 %     |      0.01   /    39.50 GB
2025-02-26 22:12:35,122 kilosort.run_kilosort INFO     Max alloc:     8.35 %     |      3.30   /    39.50 GB
2025-02-26 22:12:35,123 kilosort.run_kilosort INFO     ********************************************************
2025-02-26 22:12:35,124 kilosort.run_kilosort DEBUG    

|===========================================================================|
|                  PyTorch CUDA memory summary, device ID 0                 |
|---------------------------------------------------------------------------|
|            CUDA OOMs: 0            |        cudaMalloc retries: 0         |
|===========================================================================|
|        Metric         | Cur Usage  | Peak Usage | Tot Alloc  | Tot Freed  |
|---------------------------------------------------------------------------|
| Allocated memory      |  11150 KiB |   3376 MiB |   9554 GiB |   9554 GiB |
|---------------------------------------------------------------------------|
| Active memory         |  11150 KiB |   3376 MiB |   9554 GiB |   9554 GiB |
|---------------------------------------------------------------------------|
| Requested memory      |  11149 KiB |   3375 MiB |   9550 GiB |   9550 GiB |
|---------------------------------------------------------------------------|
| GPU reserved memory   |   5230 MiB |   5230 MiB |   5230 MiB |      0 B   |
|---------------------------------------------------------------------------|
| Non-releasable memory |  40049 KiB |   1751 MiB |   4897 GiB |   4897 GiB |
|---------------------------------------------------------------------------|
| Allocations           |       9    |      45    |    1663 K  |    1663 K  |
|---------------------------------------------------------------------------|
| Active allocs         |       9    |      45    |    1663 K  |    1663 K  |
|---------------------------------------------------------------------------|
| GPU reserved segments |      18    |      18    |      18    |       0    |
|---------------------------------------------------------------------------|
| Non-releasable allocs |       7    |      24    |  718586    |  718579    |
|---------------------------------------------------------------------------|
| Oversize allocations  |       0    |       0    |       0    |       0    |
|---------------------------------------------------------------------------|
| Oversize GPU segments |       0    |       0    |       0    |       0    |
|===========================================================================|


2025-02-26 22:12:35,197 kilosort.run_kilosort DEBUG    First batch min, max: (-36.11098, 17.50682)
2025-02-26 22:12:35,197 kilosort.run_kilosort INFO      
2025-02-26 22:12:35,198 kilosort.run_kilosort INFO     Extracting spikes using templates
2025-02-26 22:12:35,198 kilosort.run_kilosort INFO     ----------------------------------------
2025-02-26 22:12:35,199 kilosort.spikedetect INFO     Re-computing universal templates from data.
2025-02-26 22:12:37,346 kilosort.spikedetect INFO     Number of universal templates: 1532
2025-02-26 22:12:37,449 kilosort.spikedetect INFO     Detecting spikes...
2025-02-26 22:12:37,451 kilosort.spikedetect DEBUG     
2025-02-26 22:12:37,451 kilosort.spikedetect DEBUG    Batch 0
2025-02-26 22:12:37,451 kilosort.spikedetect DEBUG    ********************************************************
2025-02-26 22:12:37,451 kilosort.spikedetect DEBUG    CPU usage:    31.90 %
2025-02-26 22:12:37,451 kilosort.spikedetect DEBUG    Memory:        8.57 %     |     64.67   /   754.60 GB
2025-02-26 22:12:37,451 kilosort.spikedetect DEBUG    ------------------------------------------------------
2025-02-26 22:12:37,451 kilosort.spikedetect DEBUG    GPU usage:    `conda install pynvml` for GPU usage
2025-02-26 22:12:37,452 kilosort.spikedetect DEBUG    GPU memory:   14.33 %     |      5.66   /    39.50 GB
2025-02-26 22:12:37,452 kilosort.spikedetect DEBUG    Allocated:     0.03 %     |      0.01   /    39.50 GB
2025-02-26 22:12:37,452 kilosort.spikedetect DEBUG    Max alloc:     8.35 %     |      3.30   /    39.50 GB
2025-02-26 22:12:37,452 kilosort.spikedetect DEBUG    ********************************************************
2025-02-26 22:12:44,023 kilosort.spikedetect DEBUG     
2025-02-26 22:12:44,023 kilosort.spikedetect DEBUG    Batch 22
2025-02-26 22:12:44,024 kilosort.spikedetect DEBUG    ********************************************************
2025-02-26 22:12:44,024 kilosort.spikedetect DEBUG    CPU usage:    11.20 %
2025-02-26 22:12:44,024 kilosort.spikedetect DEBUG    Memory:        8.58 %     |     64.72   /   754.60 GB
2025-02-26 22:12:44,024 kilosort.spikedetect DEBUG    ------------------------------------------------------
2025-02-26 22:12:44,024 kilosort.spikedetect DEBUG    GPU usage:    `conda install pynvml` for GPU usage
2025-02-26 22:12:44,024 kilosort.spikedetect DEBUG    GPU memory:   14.33 %     |      5.66   /    39.50 GB
2025-02-26 22:12:44,025 kilosort.spikedetect DEBUG    Allocated:     0.26 %     |      0.10   /    39.50 GB
2025-02-26 22:12:44,026 kilosort.spikedetect DEBUG    Max alloc:     8.35 %     |      3.30   /    39.50 GB
2025-02-26 22:12:44,026 kilosort.spikedetect DEBUG    ********************************************************
2025-02-26 22:12:44,026 kilosort.run_kilosort INFO     136622 spikes extracted in  8.83s; total  17.98s
2025-02-26 22:12:44,026 kilosort.run_kilosort DEBUG    st0 shape: (136622, 6)
2025-02-26 22:12:44,026 kilosort.run_kilosort DEBUG    tF shape: torch.Size([136622, 10, 6])
2025-02-26 22:12:44,026 kilosort.run_kilosort INFO      
2025-02-26 22:12:44,027 kilosort.run_kilosort INFO     First clustering
2025-02-26 22:12:44,027 kilosort.run_kilosort INFO     ----------------------------------------
2025-02-26 22:12:44,036 kilosort.clustering_qr DEBUG     
2025-02-26 22:12:44,036 kilosort.clustering_qr DEBUG    Cluster center: 0 of 96
2025-02-26 22:12:44,036 kilosort.clustering_qr DEBUG    ********************************************************
2025-02-26 22:12:44,036 kilosort.clustering_qr DEBUG    CPU usage:    20.00 %
2025-02-26 22:12:44,037 kilosort.clustering_qr DEBUG    Memory:        8.58 %     |     64.72   /   754.60 GB
2025-02-26 22:12:44,037 kilosort.clustering_qr DEBUG    ------------------------------------------------------
2025-02-26 22:12:44,037 kilosort.clustering_qr DEBUG    GPU usage:    `conda install pynvml` for GPU usage
2025-02-26 22:12:44,037 kilosort.clustering_qr DEBUG    GPU memory:   14.33 %     |      5.66   /    39.50 GB
2025-02-26 22:12:44,037 kilosort.clustering_qr DEBUG    Allocated:     0.03 %     |      0.01   /    39.50 GB
2025-02-26 22:12:44,037 kilosort.clustering_qr DEBUG    Max alloc:     8.35 %     |      3.30   /    39.50 GB
2025-02-26 22:12:44,037 kilosort.clustering_qr DEBUG    ********************************************************
2025-02-26 22:12:44,041 kilosort.clustering_qr DEBUG    Center 0 | nsp: 5048 | ntemp: 16
2025-02-26 22:12:44,393 kilosort.clustering_qr DEBUG    Center 1 | nsp: 2440 | ntemp: 16
2025-02-26 22:12:44,655 kilosort.clustering_qr DEBUG    Center 2 | nsp: 3174 | ntemp: 16
2025-02-26 22:12:46,082 kilosort.clustering_qr DEBUG    Center 3 | nsp: 2432 | ntemp: 16
2025-02-26 22:12:46,979 kilosort.clustering_qr DEBUG    Center 4 | nsp: 2283 | ntemp: 16
2025-02-26 22:12:47,817 kilosort.clustering_qr DEBUG    Center 5 | nsp: 1577 | ntemp: 16
2025-02-26 22:12:48,357 kilosort.clustering_qr DEBUG    Center 6 | nsp: 2797 | ntemp: 16
2025-02-26 22:12:48,958 kilosort.clustering_qr DEBUG    Center 7 | nsp: 1682 | ntemp: 16
2025-02-26 22:12:49,229 kilosort.clustering_qr DEBUG    Center 8 | nsp: 1906 | ntemp: 16
2025-02-26 22:12:49,491 kilosort.clustering_qr DEBUG    Center 9 | nsp: 1800 | ntemp: 16
2025-02-26 22:12:49,740 kilosort.clustering_qr DEBUG     
2025-02-26 22:12:49,740 kilosort.clustering_qr DEBUG    Cluster center: 10 of 96
2025-02-26 22:12:49,740 kilosort.clustering_qr DEBUG    ********************************************************
2025-02-26 22:12:49,741 kilosort.clustering_qr DEBUG    CPU usage:    25.70 %
2025-02-26 22:12:49,741 kilosort.clustering_qr DEBUG    Memory:        8.58 %     |     64.72   /   754.60 GB
2025-02-26 22:12:49,741 kilosort.clustering_qr DEBUG    ------------------------------------------------------
2025-02-26 22:12:49,741 kilosort.clustering_qr DEBUG    GPU usage:    `conda install pynvml` for GPU usage
2025-02-26 22:12:49,741 kilosort.clustering_qr DEBUG    GPU memory:   14.33 %     |      5.66   /    39.50 GB
2025-02-26 22:12:49,741 kilosort.clustering_qr DEBUG    Allocated:     0.03 %     |      0.01   /    39.50 GB
2025-02-26 22:12:49,741 kilosort.clustering_qr DEBUG    Max alloc:     8.35 %     |      3.30   /    39.50 GB
2025-02-26 22:12:49,741 kilosort.clustering_qr DEBUG    ********************************************************
2025-02-26 22:12:49,745 kilosort.clustering_qr DEBUG    Center 10 | nsp: 2124 | ntemp: 16
2025-02-26 22:12:49,999 kilosort.clustering_qr DEBUG    Center 11 | nsp: 1371 | ntemp: 16
2025-02-26 22:12:50,254 kilosort.clustering_qr DEBUG    Center 12 | nsp: 1340 | ntemp: 16
2025-02-26 22:12:50,508 kilosort.clustering_qr DEBUG    Center 13 | nsp: 2644 | ntemp: 16
2025-02-26 22:12:50,769 kilosort.clustering_qr DEBUG    Center 14 | nsp: 720 | ntemp: 16
2025-02-26 22:12:50,773 kilosort.clustering_qr DEBUG    Center 15 | nsp: 1953 | ntemp: 16
2025-02-26 22:12:51,037 kilosort.clustering_qr DEBUG    Center 16 | nsp: 769 | ntemp: 16
2025-02-26 22:12:51,040 kilosort.clustering_qr DEBUG    Center 17 | nsp: 975 | ntemp: 16
2025-02-26 22:12:51,044 kilosort.clustering_qr DEBUG    Center 18 | nsp: 417 | ntemp: 16
2025-02-26 22:12:51,047 kilosort.clustering_qr DEBUG    Center 19 | nsp: 3083 | ntemp: 16
2025-02-26 22:12:51,305 kilosort.clustering_qr DEBUG     
2025-02-26 22:12:51,305 kilosort.clustering_qr DEBUG    Cluster center: 20 of 96
2025-02-26 22:12:51,305 kilosort.clustering_qr DEBUG    ********************************************************
2025-02-26 22:12:51,306 kilosort.clustering_qr DEBUG    CPU usage:    20.00 %
2025-02-26 22:12:51,306 kilosort.clustering_qr DEBUG    Memory:        8.58 %     |     64.72   /   754.60 GB
2025-02-26 22:12:51,306 kilosort.clustering_qr DEBUG    ------------------------------------------------------
2025-02-26 22:12:51,306 kilosort.clustering_qr DEBUG    GPU usage:    `conda install pynvml` for GPU usage
2025-02-26 22:12:51,306 kilosort.clustering_qr DEBUG    GPU memory:   14.33 %     |      5.66   /    39.50 GB
2025-02-26 22:12:51,306 kilosort.clustering_qr DEBUG    Allocated:     0.03 %     |      0.01   /    39.50 GB
2025-02-26 22:12:51,306 kilosort.clustering_qr DEBUG    Max alloc:     8.35 %     |      3.30   /    39.50 GB
2025-02-26 22:12:51,306 kilosort.clustering_qr DEBUG    ********************************************************
2025-02-26 22:12:51,310 kilosort.clustering_qr DEBUG    Center 20 | nsp: 2638 | ntemp: 16
2025-02-26 22:12:51,571 kilosort.clustering_qr DEBUG    Center 21 | nsp: 2829 | ntemp: 16
2025-02-26 22:12:51,838 kilosort.clustering_qr DEBUG    Center 22 | nsp: 2370 | ntemp: 16
2025-02-26 22:12:53,269 kilosort.clustering_qr DEBUG    Center 23 | nsp: 3176 | ntemp: 16
2025-02-26 22:12:53,837 kilosort.clustering_qr DEBUG    Center 24 | nsp: 2507 | ntemp: 16
2025-02-26 22:12:54,099 kilosort.clustering_qr DEBUG    Center 25 | nsp: 2897 | ntemp: 16
2025-02-26 22:12:54,362 kilosort.clustering_qr DEBUG    Center 26 | nsp: 2528 | ntemp: 16
2025-02-26 22:12:54,630 kilosort.clustering_qr DEBUG    Center 27 | nsp: 1211 | ntemp: 16
2025-02-26 22:12:54,883 kilosort.clustering_qr DEBUG    Center 28 | nsp: 42 | ntemp: 16
2025-02-26 22:12:54,886 kilosort.clustering_qr DEBUG    Center 29 | nsp: 67 | ntemp: 16
2025-02-26 22:12:54,886 kilosort.clustering_qr DEBUG     
2025-02-26 22:12:54,886 kilosort.clustering_qr DEBUG    Cluster center: 30 of 96
2025-02-26 22:12:54,886 kilosort.clustering_qr DEBUG    ********************************************************
2025-02-26 22:12:54,886 kilosort.clustering_qr DEBUG    CPU usage:    25.20 %
2025-02-26 22:12:54,887 kilosort.clustering_qr DEBUG    Memory:        8.58 %     |     64.72   /   754.60 GB
2025-02-26 22:12:54,887 kilosort.clustering_qr DEBUG    ------------------------------------------------------
2025-02-26 22:12:54,887 kilosort.clustering_qr DEBUG    GPU usage:    `conda install pynvml` for GPU usage
2025-02-26 22:12:54,887 kilosort.clustering_qr DEBUG    GPU memory:   14.33 %     |      5.66   /    39.50 GB
2025-02-26 22:12:54,887 kilosort.clustering_qr DEBUG    Allocated:     0.03 %     |      0.01   /    39.50 GB
2025-02-26 22:12:54,887 kilosort.clustering_qr DEBUG    Max alloc:     8.35 %     |      3.30   /    39.50 GB
2025-02-26 22:12:54,887 kilosort.clustering_qr DEBUG    ********************************************************
2025-02-26 22:12:54,890 kilosort.clustering_qr DEBUG    Center 30 | nsp: 122 | ntemp: 16
2025-02-26 22:12:54,893 kilosort.clustering_qr DEBUG    Center 31 | nsp: 123 | ntemp: 16
2025-02-26 22:12:54,895 kilosort.clustering_qr DEBUG    Center 32 | nsp: 930 | ntemp: 16
2025-02-26 22:12:54,992 kilosort.clustering_qr DEBUG    Center 33 | nsp: 1592 | ntemp: 16
2025-02-26 22:12:55,941 kilosort.clustering_qr DEBUG    Center 34 | nsp: 1338 | ntemp: 16
2025-02-26 22:12:56,433 kilosort.clustering_qr DEBUG    Center 35 | nsp: 2604 | ntemp: 16
2025-02-26 22:12:56,949 kilosort.clustering_qr DEBUG    Center 36 | nsp: 1029 | ntemp: 16
2025-02-26 22:12:57,353 kilosort.clustering_qr DEBUG    Center 37 | nsp: 406 | ntemp: 16
2025-02-26 22:12:57,356 kilosort.clustering_qr DEBUG    Center 38 | nsp: 154 | ntemp: 16
2025-02-26 22:12:57,359 kilosort.clustering_qr DEBUG    Center 39 | nsp: 469 | ntemp: 16
2025-02-26 22:12:57,360 kilosort.clustering_qr DEBUG     
2025-02-26 22:12:57,360 kilosort.clustering_qr DEBUG    Cluster center: 40 of 96
2025-02-26 22:12:57,360 kilosort.clustering_qr DEBUG    ********************************************************
2025-02-26 22:12:57,360 kilosort.clustering_qr DEBUG    CPU usage:    26.30 %
2025-02-26 22:12:57,360 kilosort.clustering_qr DEBUG    Memory:        8.58 %     |     64.72   /   754.60 GB
2025-02-26 22:12:57,360 kilosort.clustering_qr DEBUG    ------------------------------------------------------
2025-02-26 22:12:57,361 kilosort.clustering_qr DEBUG    GPU usage:    `conda install pynvml` for GPU usage
2025-02-26 22:12:57,361 kilosort.clustering_qr DEBUG    GPU memory:   14.33 %     |      5.66   /    39.50 GB
2025-02-26 22:12:57,361 kilosort.clustering_qr DEBUG    Allocated:     0.03 %     |      0.01   /    39.50 GB
2025-02-26 22:12:57,361 kilosort.clustering_qr DEBUG    Max alloc:     8.35 %     |      3.30   /    39.50 GB
2025-02-26 22:12:57,361 kilosort.clustering_qr DEBUG    ********************************************************
2025-02-26 22:12:57,365 kilosort.clustering_qr DEBUG    Center 40 | nsp: 2191 | ntemp: 16
2025-02-26 22:12:57,685 kilosort.clustering_qr DEBUG    Center 41 | nsp: 3095 | ntemp: 16
2025-02-26 22:12:57,951 kilosort.clustering_qr DEBUG    Center 42 | nsp: 309 | ntemp: 16
2025-02-26 22:12:57,955 kilosort.clustering_qr DEBUG    Center 43 | nsp: 433 | ntemp: 16
2025-02-26 22:12:57,958 kilosort.clustering_qr DEBUG    Center 44 | nsp: 463 | ntemp: 16
2025-02-26 22:12:57,961 kilosort.clustering_qr DEBUG    Center 45 | nsp: 224 | ntemp: 16
2025-02-26 22:12:57,964 kilosort.clustering_qr DEBUG    Center 46 | nsp: 177 | ntemp: 16
2025-02-26 22:12:57,967 kilosort.clustering_qr DEBUG    Center 47 | nsp: 156 | ntemp: 16
2025-02-26 22:12:57,970 kilosort.clustering_qr DEBUG    Center 48 | nsp: 618 | ntemp: 16
2025-02-26 22:12:57,973 kilosort.clustering_qr DEBUG    Center 49 | nsp: 921 | ntemp: 16
2025-02-26 22:12:57,974 kilosort.clustering_qr DEBUG     
2025-02-26 22:12:57,974 kilosort.clustering_qr DEBUG    Cluster center: 50 of 96
2025-02-26 22:12:57,974 kilosort.clustering_qr DEBUG    ********************************************************
2025-02-26 22:12:57,974 kilosort.clustering_qr DEBUG    CPU usage:    21.00 %
2025-02-26 22:12:57,974 kilosort.clustering_qr DEBUG    Memory:        8.58 %     |     64.72   /   754.60 GB
2025-02-26 22:12:57,974 kilosort.clustering_qr DEBUG    ------------------------------------------------------
2025-02-26 22:12:57,974 kilosort.clustering_qr DEBUG    GPU usage:    `conda install pynvml` for GPU usage
2025-02-26 22:12:57,975 kilosort.clustering_qr DEBUG    GPU memory:   14.33 %     |      5.66   /    39.50 GB
2025-02-26 22:12:57,975 kilosort.clustering_qr DEBUG    Allocated:     0.03 %     |      0.01   /    39.50 GB
2025-02-26 22:12:57,975 kilosort.clustering_qr DEBUG    Max alloc:     8.35 %     |      3.30   /    39.50 GB
2025-02-26 22:12:57,975 kilosort.clustering_qr DEBUG    ********************************************************
2025-02-26 22:12:57,982 kilosort.clustering_qr DEBUG    Center 50 | nsp: 1063 | ntemp: 16
2025-02-26 22:12:58,238 kilosort.clustering_qr DEBUG    Center 51 | nsp: 2656 | ntemp: 16
2025-02-26 22:12:58,796 kilosort.clustering_qr DEBUG    Center 52 | nsp: 1210 | ntemp: 16
2025-02-26 22:12:59,051 kilosort.clustering_qr DEBUG    Center 53 | nsp: 852 | ntemp: 16
2025-02-26 22:12:59,054 kilosort.clustering_qr DEBUG    Center 54 | nsp: 143 | ntemp: 16
2025-02-26 22:12:59,057 kilosort.clustering_qr DEBUG    Center 55 | nsp: 378 | ntemp: 16
2025-02-26 22:12:59,061 kilosort.clustering_qr DEBUG    Center 56 | nsp: 335 | ntemp: 16
2025-02-26 22:12:59,063 kilosort.clustering_qr DEBUG    Center 57 | nsp: 631 | ntemp: 16
2025-02-26 22:12:59,066 kilosort.clustering_qr DEBUG    Center 58 | nsp: 661 | ntemp: 16
2025-02-26 22:12:59,070 kilosort.clustering_qr DEBUG    Center 59 | nsp: 1632 | ntemp: 16
2025-02-26 22:12:59,325 kilosort.clustering_qr DEBUG     
2025-02-26 22:12:59,326 kilosort.clustering_qr DEBUG    Cluster center: 60 of 96
2025-02-26 22:12:59,326 kilosort.clustering_qr DEBUG    ********************************************************
2025-02-26 22:12:59,326 kilosort.clustering_qr DEBUG    CPU usage:    23.20 %
2025-02-26 22:12:59,326 kilosort.clustering_qr DEBUG    Memory:        8.58 %     |     64.72   /   754.60 GB
2025-02-26 22:12:59,326 kilosort.clustering_qr DEBUG    ------------------------------------------------------
2025-02-26 22:12:59,326 kilosort.clustering_qr DEBUG    GPU usage:    `conda install pynvml` for GPU usage
2025-02-26 22:12:59,326 kilosort.clustering_qr DEBUG    GPU memory:   14.33 %     |      5.66   /    39.50 GB
2025-02-26 22:12:59,326 kilosort.clustering_qr DEBUG    Allocated:     0.03 %     |      0.01   /    39.50 GB
2025-02-26 22:12:59,327 kilosort.clustering_qr DEBUG    Max alloc:     8.35 %     |      3.30   /    39.50 GB
2025-02-26 22:12:59,327 kilosort.clustering_qr DEBUG    ********************************************************
2025-02-26 22:12:59,330 kilosort.clustering_qr DEBUG    Center 60 | nsp: 3641 | ntemp: 16
2025-02-26 22:12:59,602 kilosort.clustering_qr DEBUG    Center 61 | nsp: 1297 | ntemp: 16
2025-02-26 22:12:59,857 kilosort.clustering_qr DEBUG    Center 62 | nsp: 471 | ntemp: 16
2025-02-26 22:12:59,861 kilosort.clustering_qr DEBUG    Center 63 | nsp: 854 | ntemp: 16
2025-02-26 22:12:59,864 kilosort.clustering_qr DEBUG    Center 64 | nsp: 1333 | ntemp: 16
2025-02-26 22:13:00,120 kilosort.clustering_qr DEBUG    Center 65 | nsp: 2962 | ntemp: 16
2025-02-26 22:13:00,388 kilosort.clustering_qr DEBUG    Center 66 | nsp: 1537 | ntemp: 16
2025-02-26 22:13:00,651 kilosort.clustering_qr DEBUG    Center 67 | nsp: 81 | ntemp: 16
2025-02-26 22:13:00,654 kilosort.clustering_qr DEBUG    Center 68 | nsp: 668 | ntemp: 16
2025-02-26 22:13:00,657 kilosort.clustering_qr DEBUG    Center 69 | nsp: 729 | ntemp: 16
2025-02-26 22:13:00,657 kilosort.clustering_qr DEBUG     
2025-02-26 22:13:00,658 kilosort.clustering_qr DEBUG    Cluster center: 70 of 96
2025-02-26 22:13:00,658 kilosort.clustering_qr DEBUG    ********************************************************
2025-02-26 22:13:00,658 kilosort.clustering_qr DEBUG    CPU usage:    21.50 %
2025-02-26 22:13:00,658 kilosort.clustering_qr DEBUG    Memory:        8.58 %     |     64.72   /   754.60 GB
2025-02-26 22:13:00,658 kilosort.clustering_qr DEBUG    ------------------------------------------------------
2025-02-26 22:13:00,658 kilosort.clustering_qr DEBUG    GPU usage:    `conda install pynvml` for GPU usage
2025-02-26 22:13:00,658 kilosort.clustering_qr DEBUG    GPU memory:   14.33 %     |      5.66   /    39.50 GB
2025-02-26 22:13:00,659 kilosort.clustering_qr DEBUG    Allocated:     0.03 %     |      0.01   /    39.50 GB
2025-02-26 22:13:00,659 kilosort.clustering_qr DEBUG    Max alloc:     8.35 %     |      3.30   /    39.50 GB
2025-02-26 22:13:00,659 kilosort.clustering_qr DEBUG    ********************************************************
2025-02-26 22:13:00,661 kilosort.clustering_qr DEBUG    Center 70 | nsp: 80 | ntemp: 16
2025-02-26 22:13:00,664 kilosort.clustering_qr DEBUG    Center 71 | nsp: 859 | ntemp: 16
2025-02-26 22:13:00,668 kilosort.clustering_qr DEBUG    Center 72 | nsp: 1669 | ntemp: 16
2025-02-26 22:13:00,929 kilosort.clustering_qr DEBUG    Center 73 | nsp: 1387 | ntemp: 16
2025-02-26 22:13:01,186 kilosort.clustering_qr DEBUG    Center 74 | nsp: 708 | ntemp: 16
2025-02-26 22:13:01,189 kilosort.clustering_qr DEBUG    Center 75 | nsp: 742 | ntemp: 16
2025-02-26 22:13:01,193 kilosort.clustering_qr DEBUG    Center 76 | nsp: 1068 | ntemp: 16
2025-02-26 22:13:01,450 kilosort.clustering_qr DEBUG    Center 77 | nsp: 1083 | ntemp: 16
2025-02-26 22:13:01,847 kilosort.clustering_qr DEBUG    Center 78 | nsp: 555 | ntemp: 16
2025-02-26 22:13:01,851 kilosort.clustering_qr DEBUG    Center 79 | nsp: 1112 | ntemp: 16
2025-02-26 22:13:02,100 kilosort.clustering_qr DEBUG     
2025-02-26 22:13:02,100 kilosort.clustering_qr DEBUG    Cluster center: 80 of 96
2025-02-26 22:13:02,100 kilosort.clustering_qr DEBUG    ********************************************************
2025-02-26 22:13:02,100 kilosort.clustering_qr DEBUG    CPU usage:    19.30 %
2025-02-26 22:13:02,100 kilosort.clustering_qr DEBUG    Memory:        8.58 %     |     64.72   /   754.60 GB
2025-02-26 22:13:02,100 kilosort.clustering_qr DEBUG    ------------------------------------------------------
2025-02-26 22:13:02,100 kilosort.clustering_qr DEBUG    GPU usage:    `conda install pynvml` for GPU usage
2025-02-26 22:13:02,100 kilosort.clustering_qr DEBUG    GPU memory:   14.33 %     |      5.66   /    39.50 GB
2025-02-26 22:13:02,101 kilosort.clustering_qr DEBUG    Allocated:     0.03 %     |      0.01   /    39.50 GB
2025-02-26 22:13:02,101 kilosort.clustering_qr DEBUG    Max alloc:     8.35 %     |      3.30   /    39.50 GB
2025-02-26 22:13:02,101 kilosort.clustering_qr DEBUG    ********************************************************
2025-02-26 22:13:02,104 kilosort.clustering_qr DEBUG    Center 80 | nsp: 1623 | ntemp: 16
2025-02-26 22:13:02,365 kilosort.clustering_qr DEBUG    Center 81 | nsp: 2353 | ntemp: 16
2025-02-26 22:13:02,627 kilosort.clustering_qr DEBUG    Center 82 | nsp: 2588 | ntemp: 16
2025-02-26 22:13:02,890 kilosort.clustering_qr DEBUG    Center 83 | nsp: 4709 | ntemp: 16
2025-02-26 22:13:03,168 kilosort.clustering_qr DEBUG    Center 84 | nsp: 2534 | ntemp: 16
2025-02-26 22:13:03,427 kilosort.clustering_qr DEBUG    Center 85 | nsp: 1972 | ntemp: 16
2025-02-26 22:13:03,694 kilosort.clustering_qr DEBUG    Center 86 | nsp: 1418 | ntemp: 16
2025-02-26 22:13:03,955 kilosort.clustering_qr DEBUG    Center 87 | nsp: 1310 | ntemp: 16
2025-02-26 22:13:04,214 kilosort.clustering_qr DEBUG    Center 88 | nsp: 1417 | ntemp: 16
2025-02-26 22:13:04,471 kilosort.clustering_qr DEBUG    Center 89 | nsp: 1405 | ntemp: 16
2025-02-26 22:13:04,726 kilosort.clustering_qr DEBUG     
2025-02-26 22:13:04,726 kilosort.clustering_qr DEBUG    Cluster center: 90 of 96
2025-02-26 22:13:04,726 kilosort.clustering_qr DEBUG    ********************************************************
2025-02-26 22:13:04,726 kilosort.clustering_qr DEBUG    CPU usage:    20.90 %
2025-02-26 22:13:04,726 kilosort.clustering_qr DEBUG    Memory:        8.58 %     |     64.72   /   754.60 GB
2025-02-26 22:13:04,726 kilosort.clustering_qr DEBUG    ------------------------------------------------------
2025-02-26 22:13:04,726 kilosort.clustering_qr DEBUG    GPU usage:    `conda install pynvml` for GPU usage
2025-02-26 22:13:04,727 kilosort.clustering_qr DEBUG    GPU memory:   14.33 %     |      5.66   /    39.50 GB
2025-02-26 22:13:04,727 kilosort.clustering_qr DEBUG    Allocated:     0.03 %     |      0.01   /    39.50 GB
2025-02-26 22:13:04,727 kilosort.clustering_qr DEBUG    Max alloc:     8.35 %     |      3.30   /    39.50 GB
2025-02-26 22:13:04,727 kilosort.clustering_qr DEBUG    ********************************************************
2025-02-26 22:13:04,730 kilosort.clustering_qr DEBUG    Center 90 | nsp: 1246 | ntemp: 16
2025-02-26 22:13:04,987 kilosort.clustering_qr DEBUG    Center 91 | nsp: 1149 | ntemp: 16
2025-02-26 22:13:05,246 kilosort.clustering_qr DEBUG    Center 92 | nsp: 1318 | ntemp: 16
2025-02-26 22:13:05,508 kilosort.clustering_qr DEBUG    Center 93 | nsp: 744 | ntemp: 16
2025-02-26 22:13:05,511 kilosort.clustering_qr DEBUG    Center 94 | nsp: 243 | ntemp: 16
2025-02-26 22:13:05,513 kilosort.clustering_qr DEBUG    Center 95 | nsp: 42 | ntemp: 12
2025-02-26 22:13:05,711 kilosort.run_kilosort INFO     335 clusters found, in  21.68s; total  39.67s
2025-02-26 22:13:05,711 kilosort.run_kilosort DEBUG    clu shape: (136622,)
2025-02-26 22:13:05,711 kilosort.run_kilosort DEBUG    Wall shape: torch.Size([335, 374, 6])
2025-02-26 22:13:05,711 kilosort.run_kilosort INFO      
2025-02-26 22:13:05,712 kilosort.run_kilosort INFO     Extracting spikes using cluster waveforms
2025-02-26 22:13:05,712 kilosort.run_kilosort INFO     ----------------------------------------
2025-02-26 22:13:05,743 kilosort.template_matching DEBUG     
2025-02-26 22:13:05,743 kilosort.template_matching DEBUG    Batch 0
2025-02-26 22:13:05,743 kilosort.template_matching DEBUG    ********************************************************
2025-02-26 22:13:05,743 kilosort.template_matching DEBUG    CPU usage:    21.90 %
2025-02-26 22:13:05,743 kilosort.template_matching DEBUG    Memory:        8.61 %     |     64.94   /   754.60 GB
2025-02-26 22:13:05,743 kilosort.template_matching DEBUG    ------------------------------------------------------
2025-02-26 22:13:05,743 kilosort.template_matching DEBUG    GPU usage:    `conda install pynvml` for GPU usage
2025-02-26 22:13:05,743 kilosort.template_matching DEBUG    GPU memory:   14.33 %     |      5.66   /    39.50 GB
2025-02-26 22:13:05,744 kilosort.template_matching DEBUG    Allocated:     0.14 %     |      0.06   /    39.50 GB
2025-02-26 22:13:05,744 kilosort.template_matching DEBUG    Max alloc:     8.35 %     |      3.30   /    39.50 GB
2025-02-26 22:13:05,744 kilosort.template_matching DEBUG    ********************************************************
2025-02-26 22:13:09,040 kilosort.template_matching DEBUG     
2025-02-26 22:13:09,041 kilosort.template_matching DEBUG    Batch 22
2025-02-26 22:13:09,041 kilosort.template_matching DEBUG    ********************************************************
2025-02-26 22:13:09,041 kilosort.template_matching DEBUG    CPU usage:    12.00 %
2025-02-26 22:13:09,041 kilosort.template_matching DEBUG    Memory:        8.61 %     |     64.94   /   754.60 GB
2025-02-26 22:13:09,041 kilosort.template_matching DEBUG    ------------------------------------------------------
2025-02-26 22:13:09,041 kilosort.template_matching DEBUG    GPU usage:    `conda install pynvml` for GPU usage
2025-02-26 22:13:09,041 kilosort.template_matching DEBUG    GPU memory:   14.33 %     |      5.66   /    39.50 GB
2025-02-26 22:13:09,042 kilosort.template_matching DEBUG    Allocated:     0.57 %     |      0.23   /    39.50 GB
2025-02-26 22:13:09,042 kilosort.template_matching DEBUG    Max alloc:     8.35 %     |      3.30   /    39.50 GB
2025-02-26 22:13:09,042 kilosort.template_matching DEBUG    ********************************************************
2025-02-26 22:13:09,058 kilosort.run_kilosort INFO     234033 spikes extracted in  3.35s; total  43.01s
2025-02-26 22:13:09,061 kilosort.run_kilosort DEBUG    st shape: (234033, 3)
2025-02-26 22:13:09,061 kilosort.run_kilosort DEBUG    tF shape: torch.Size([234033, 10, 6])
2025-02-26 22:13:09,062 kilosort.run_kilosort DEBUG    iCC shape: torch.Size([10, 374])
2025-02-26 22:13:09,062 kilosort.run_kilosort DEBUG    iU shape: torch.Size([307])
2025-02-26 22:13:09,062 kilosort.run_kilosort INFO      
2025-02-26 22:13:09,062 kilosort.run_kilosort INFO     Resource usage after spike detection
2025-02-26 22:13:09,062 kilosort.run_kilosort INFO     ********************************************************
2025-02-26 22:13:09,063 kilosort.run_kilosort INFO     CPU usage:    20.30 %
2025-02-26 22:13:09,064 kilosort.run_kilosort INFO     Memory:        8.58 %     |     64.74   /   754.60 GB
2025-02-26 22:13:09,064 kilosort.run_kilosort INFO     ------------------------------------------------------
2025-02-26 22:13:09,064 kilosort.run_kilosort INFO     GPU usage:    `conda install pynvml` for GPU usage
2025-02-26 22:13:09,065 kilosort.run_kilosort INFO     GPU memory:   14.33 %     |      5.66   /    39.50 GB
2025-02-26 22:13:09,066 kilosort.run_kilosort INFO     Allocated:     0.03 %     |      0.01   /    39.50 GB
2025-02-26 22:13:09,066 kilosort.run_kilosort INFO     Max alloc:     8.35 %     |      3.30   /    39.50 GB
2025-02-26 22:13:09,067 kilosort.run_kilosort INFO     ********************************************************
2025-02-26 22:13:09,067 kilosort.run_kilosort DEBUG    

|===========================================================================|
|                  PyTorch CUDA memory summary, device ID 0                 |
|---------------------------------------------------------------------------|
|            CUDA OOMs: 0            |        cudaMalloc retries: 0         |
|===========================================================================|
|        Metric         | Cur Usage  | Peak Usage | Tot Alloc  | Tot Freed  |
|---------------------------------------------------------------------------|
| Allocated memory      |  13878 KiB |   3376 MiB |  12244 GiB |  12244 GiB |
|---------------------------------------------------------------------------|
| Active memory         |  13878 KiB |   3376 MiB |  12244 GiB |  12244 GiB |
|---------------------------------------------------------------------------|
| Requested memory      |  13875 KiB |   3375 MiB |  12238 GiB |  12238 GiB |
|---------------------------------------------------------------------------|
| GPU reserved memory   |   5230 MiB |   5230 MiB |   5230 MiB |      0 B   |
|---------------------------------------------------------------------------|
| Non-releasable memory |  37322 KiB |   1751 MiB |   6484 GiB |   6484 GiB |
|---------------------------------------------------------------------------|
| Allocations           |      13    |      45    |    2460 K  |    2460 K  |
|---------------------------------------------------------------------------|
| Active allocs         |      13    |      45    |    2460 K  |    2460 K  |
|---------------------------------------------------------------------------|
| GPU reserved segments |      18    |      18    |      18    |       0    |
|---------------------------------------------------------------------------|
| Non-releasable allocs |      11    |      24    |    1071 K  |    1071 K  |
|---------------------------------------------------------------------------|
| Oversize allocations  |       0    |       0    |       0    |       0    |
|---------------------------------------------------------------------------|
| Oversize GPU segments |       0    |       0    |       0    |       0    |
|===========================================================================|


2025-02-26 22:13:09,068 kilosort.run_kilosort INFO      
2025-02-26 22:13:09,068 kilosort.run_kilosort INFO     Final clustering
2025-02-26 22:13:09,069 kilosort.run_kilosort INFO     ----------------------------------------
2025-02-26 22:13:09,081 kilosort.clustering_qr DEBUG     
2025-02-26 22:13:09,081 kilosort.clustering_qr DEBUG    Cluster center: 0 of 96
2025-02-26 22:13:09,081 kilosort.clustering_qr DEBUG    ********************************************************
2025-02-26 22:13:09,081 kilosort.clustering_qr DEBUG    CPU usage:    18.20 %
2025-02-26 22:13:09,081 kilosort.clustering_qr DEBUG    Memory:        8.58 %     |     64.73   /   754.60 GB
2025-02-26 22:13:09,081 kilosort.clustering_qr DEBUG    ------------------------------------------------------
2025-02-26 22:13:09,081 kilosort.clustering_qr DEBUG    GPU usage:    `conda install pynvml` for GPU usage
2025-02-26 22:13:09,082 kilosort.clustering_qr DEBUG    GPU memory:   14.33 %     |      5.66   /    39.50 GB
2025-02-26 22:13:09,082 kilosort.clustering_qr DEBUG    Allocated:     0.03 %     |      0.01   /    39.50 GB
2025-02-26 22:13:09,082 kilosort.clustering_qr DEBUG    Max alloc:     8.35 %     |      3.30   /    39.50 GB
2025-02-26 22:13:09,082 kilosort.clustering_qr DEBUG    ********************************************************
2025-02-26 22:13:09,086 kilosort.clustering_qr DEBUG    Center 0 | nsp: 8643 | ntemp: 6
2025-02-26 22:13:09,632 kilosort.clustering_qr DEBUG    Center 1 | nsp: 4934 | ntemp: 4
2025-02-26 22:13:10,318 kilosort.clustering_qr DEBUG    Center 2 | nsp: 5325 | ntemp: 7
2025-02-26 22:13:10,581 kilosort.clustering_qr DEBUG    Center 3 | nsp: 3280 | ntemp: 4
2025-02-26 22:13:10,837 kilosort.clustering_qr DEBUG    Center 4 | nsp: 8723 | ntemp: 7
2025-02-26 22:13:11,578 kilosort.clustering_qr DEBUG    Center 5 | nsp: 3202 | ntemp: 4
2025-02-26 22:13:11,855 kilosort.clustering_qr DEBUG    Center 6 | nsp: 4001 | ntemp: 5
2025-02-26 22:13:12,120 kilosort.clustering_qr DEBUG    Center 7 | nsp: 3450 | ntemp: 4
2025-02-26 22:13:12,382 kilosort.clustering_qr DEBUG    Center 8 | nsp: 3212 | ntemp: 3
2025-02-26 22:13:12,645 kilosort.clustering_qr DEBUG    Center 9 | nsp: 3693 | ntemp: 5
2025-02-26 22:13:12,909 kilosort.clustering_qr DEBUG     
2025-02-26 22:13:12,909 kilosort.clustering_qr DEBUG    Cluster center: 10 of 96
2025-02-26 22:13:12,909 kilosort.clustering_qr DEBUG    ********************************************************
2025-02-26 22:13:12,909 kilosort.clustering_qr DEBUG    CPU usage:    21.20 %
2025-02-26 22:13:12,909 kilosort.clustering_qr DEBUG    Memory:        8.58 %     |     64.73   /   754.60 GB
2025-02-26 22:13:12,909 kilosort.clustering_qr DEBUG    ------------------------------------------------------
2025-02-26 22:13:12,909 kilosort.clustering_qr DEBUG    GPU usage:    `conda install pynvml` for GPU usage
2025-02-26 22:13:12,909 kilosort.clustering_qr DEBUG    GPU memory:   14.33 %     |      5.66   /    39.50 GB
2025-02-26 22:13:12,910 kilosort.clustering_qr DEBUG    Allocated:     0.03 %     |      0.01   /    39.50 GB
2025-02-26 22:13:12,910 kilosort.clustering_qr DEBUG    Max alloc:     8.35 %     |      3.30   /    39.50 GB
2025-02-26 22:13:12,910 kilosort.clustering_qr DEBUG    ********************************************************
2025-02-26 22:13:12,912 kilosort.clustering_qr DEBUG    Center 10 | nsp: 3103 | ntemp: 3
2025-02-26 22:13:13,172 kilosort.clustering_qr DEBUG    Center 11 | nsp: 1569 | ntemp: 1
2025-02-26 22:13:13,430 kilosort.clustering_qr DEBUG    Center 12 | nsp: 2257 | ntemp: 4
2025-02-26 22:13:13,891 kilosort.clustering_qr DEBUG    Center 13 | nsp: 4927 | ntemp: 4
2025-02-26 22:13:14,232 kilosort.clustering_qr DEBUG    Center 14 | nsp: 549 | ntemp: 1
2025-02-26 22:13:14,235 kilosort.clustering_qr DEBUG    Center 15 | nsp: 2956 | ntemp: 5
2025-02-26 22:13:14,497 kilosort.clustering_qr DEBUG    Center 16 | nsp: 823 | ntemp: 2
2025-02-26 22:13:14,498 kilosort.clustering_qr DEBUG    Center 17 | nsp: 875 | ntemp: 1
2025-02-26 22:13:14,499 kilosort.clustering_qr DEBUG    Center 18 | nsp: 527 | ntemp: 1
2025-02-26 22:13:14,502 kilosort.clustering_qr DEBUG    Center 19 | nsp: 4117 | ntemp: 5
2025-02-26 22:13:14,763 kilosort.clustering_qr DEBUG     
2025-02-26 22:13:14,763 kilosort.clustering_qr DEBUG    Cluster center: 20 of 96
2025-02-26 22:13:14,763 kilosort.clustering_qr DEBUG    ********************************************************
2025-02-26 22:13:14,763 kilosort.clustering_qr DEBUG    CPU usage:    21.80 %
2025-02-26 22:13:14,763 kilosort.clustering_qr DEBUG    Memory:        8.58 %     |     64.73   /   754.60 GB
2025-02-26 22:13:14,763 kilosort.clustering_qr DEBUG    ------------------------------------------------------
2025-02-26 22:13:14,763 kilosort.clustering_qr DEBUG    GPU usage:    `conda install pynvml` for GPU usage
2025-02-26 22:13:14,764 kilosort.clustering_qr DEBUG    GPU memory:   14.33 %     |      5.66   /    39.50 GB
2025-02-26 22:13:14,764 kilosort.clustering_qr DEBUG    Allocated:     0.03 %     |      0.01   /    39.50 GB
2025-02-26 22:13:14,764 kilosort.clustering_qr DEBUG    Max alloc:     8.35 %     |      3.30   /    39.50 GB
2025-02-26 22:13:14,764 kilosort.clustering_qr DEBUG    ********************************************************
2025-02-26 22:13:14,767 kilosort.clustering_qr DEBUG    Center 20 | nsp: 5021 | ntemp: 7
2025-02-26 22:13:15,037 kilosort.clustering_qr DEBUG    Center 21 | nsp: 5496 | ntemp: 8
2025-02-26 22:13:15,572 kilosort.clustering_qr DEBUG    Center 22 | nsp: 3926 | ntemp: 4
2025-02-26 22:13:15,869 kilosort.clustering_qr DEBUG    Center 23 | nsp: 6604 | ntemp: 7
2025-02-26 22:13:16,144 kilosort.clustering_qr DEBUG    Center 24 | nsp: 3261 | ntemp: 5
2025-02-26 22:13:16,407 kilosort.clustering_qr DEBUG    Center 25 | nsp: 7782 | ntemp: 10
2025-02-26 22:13:16,689 kilosort.clustering_qr DEBUG    Center 26 | nsp: 4375 | ntemp: 6
2025-02-26 22:13:16,952 kilosort.clustering_qr DEBUG    Center 27 | nsp: 2735 | ntemp: 2
2025-02-26 22:13:17,206 kilosort.clustering_qr DEBUG    Center 28 | nsp: 0 | ntemp: 0
2025-02-26 22:13:17,208 kilosort.clustering_qr DEBUG    Center 29 | nsp: 485 | ntemp: 2
2025-02-26 22:13:17,208 kilosort.clustering_qr DEBUG     
2025-02-26 22:13:17,208 kilosort.clustering_qr DEBUG    Cluster center: 30 of 96
2025-02-26 22:13:17,208 kilosort.clustering_qr DEBUG    ********************************************************
2025-02-26 22:13:17,208 kilosort.clustering_qr DEBUG    CPU usage:    20.90 %
2025-02-26 22:13:17,209 kilosort.clustering_qr DEBUG    Memory:        8.58 %     |     64.73   /   754.60 GB
2025-02-26 22:13:17,209 kilosort.clustering_qr DEBUG    ------------------------------------------------------
2025-02-26 22:13:17,209 kilosort.clustering_qr DEBUG    GPU usage:    `conda install pynvml` for GPU usage
2025-02-26 22:13:17,209 kilosort.clustering_qr DEBUG    GPU memory:   14.33 %     |      5.66   /    39.50 GB
2025-02-26 22:13:17,209 kilosort.clustering_qr DEBUG    Allocated:     0.03 %     |      0.01   /    39.50 GB
2025-02-26 22:13:17,209 kilosort.clustering_qr DEBUG    Max alloc:     8.35 %     |      3.30   /    39.50 GB
2025-02-26 22:13:17,209 kilosort.clustering_qr DEBUG    ********************************************************
2025-02-26 22:13:17,210 kilosort.clustering_qr DEBUG    Center 30 | nsp: 322 | ntemp: 1
2025-02-26 22:13:17,212 kilosort.clustering_qr DEBUG    Center 31 | nsp: 242 | ntemp: 1
2025-02-26 22:13:17,213 kilosort.clustering_qr DEBUG    Center 32 | nsp: 948 | ntemp: 1
2025-02-26 22:13:17,215 kilosort.clustering_qr DEBUG    Center 33 | nsp: 1861 | ntemp: 4
2025-02-26 22:13:17,469 kilosort.clustering_qr DEBUG    Center 34 | nsp: 2291 | ntemp: 4
2025-02-26 22:13:17,724 kilosort.clustering_qr DEBUG    Center 35 | nsp: 3499 | ntemp: 6
2025-02-26 22:13:17,984 kilosort.clustering_qr DEBUG    Center 36 | nsp: 2248 | ntemp: 4
2025-02-26 22:13:18,240 kilosort.clustering_qr DEBUG    Center 37 | nsp: 371 | ntemp: 1
2025-02-26 22:13:18,241 kilosort.clustering_qr DEBUG    Center 38 | nsp: 243 | ntemp: 1
2025-02-26 22:13:18,241 kilosort.clustering_qr DEBUG    Center 39 | nsp: 0 | ntemp: 0
2025-02-26 22:13:18,242 kilosort.clustering_qr DEBUG     
2025-02-26 22:13:18,242 kilosort.clustering_qr DEBUG    Cluster center: 40 of 96
2025-02-26 22:13:18,242 kilosort.clustering_qr DEBUG    ********************************************************
2025-02-26 22:13:18,242 kilosort.clustering_qr DEBUG    CPU usage:    19.10 %
2025-02-26 22:13:18,242 kilosort.clustering_qr DEBUG    Memory:        8.58 %     |     64.73   /   754.60 GB
2025-02-26 22:13:18,242 kilosort.clustering_qr DEBUG    ------------------------------------------------------
2025-02-26 22:13:18,242 kilosort.clustering_qr DEBUG    GPU usage:    `conda install pynvml` for GPU usage
2025-02-26 22:13:18,242 kilosort.clustering_qr DEBUG    GPU memory:   14.33 %     |      5.66   /    39.50 GB
2025-02-26 22:13:18,243 kilosort.clustering_qr DEBUG    Allocated:     0.03 %     |      0.01   /    39.50 GB
2025-02-26 22:13:18,243 kilosort.clustering_qr DEBUG    Max alloc:     8.35 %     |      3.30   /    39.50 GB
2025-02-26 22:13:18,243 kilosort.clustering_qr DEBUG    ********************************************************
2025-02-26 22:13:18,245 kilosort.clustering_qr DEBUG    Center 40 | nsp: 4285 | ntemp: 7
2025-02-26 22:13:18,515 kilosort.clustering_qr DEBUG    Center 41 | nsp: 3870 | ntemp: 2
2025-02-26 22:13:18,768 kilosort.clustering_qr DEBUG    Center 42 | nsp: 305 | ntemp: 1
2025-02-26 22:13:18,770 kilosort.clustering_qr DEBUG    Center 43 | nsp: 678 | ntemp: 1
2025-02-26 22:13:18,771 kilosort.clustering_qr DEBUG    Center 44 | nsp: 305 | ntemp: 1
2025-02-26 22:13:18,772 kilosort.clustering_qr DEBUG    Center 45 | nsp: 321 | ntemp: 1
2025-02-26 22:13:18,774 kilosort.clustering_qr DEBUG    Center 46 | nsp: 101 | ntemp: 1
2025-02-26 22:13:18,775 kilosort.clustering_qr DEBUG    Center 47 | nsp: 432 | ntemp: 1
2025-02-26 22:13:18,776 kilosort.clustering_qr DEBUG    Center 48 | nsp: 741 | ntemp: 1
2025-02-26 22:13:18,778 kilosort.clustering_qr DEBUG    Center 49 | nsp: 1264 | ntemp: 1
2025-02-26 22:13:19,024 kilosort.clustering_qr DEBUG     
2025-02-26 22:13:19,024 kilosort.clustering_qr DEBUG    Cluster center: 50 of 96
2025-02-26 22:13:19,024 kilosort.clustering_qr DEBUG    ********************************************************
2025-02-26 22:13:19,024 kilosort.clustering_qr DEBUG    CPU usage:    18.40 %
2025-02-26 22:13:19,024 kilosort.clustering_qr DEBUG    Memory:        8.58 %     |     64.73   /   754.60 GB
2025-02-26 22:13:19,024 kilosort.clustering_qr DEBUG    ------------------------------------------------------
2025-02-26 22:13:19,024 kilosort.clustering_qr DEBUG    GPU usage:    `conda install pynvml` for GPU usage
2025-02-26 22:13:19,024 kilosort.clustering_qr DEBUG    GPU memory:   14.33 %     |      5.66   /    39.50 GB
2025-02-26 22:13:19,025 kilosort.clustering_qr DEBUG    Allocated:     0.03 %     |      0.01   /    39.50 GB
2025-02-26 22:13:19,025 kilosort.clustering_qr DEBUG    Max alloc:     8.35 %     |      3.30   /    39.50 GB
2025-02-26 22:13:19,025 kilosort.clustering_qr DEBUG    ********************************************************
2025-02-26 22:13:19,026 kilosort.clustering_qr DEBUG    Center 50 | nsp: 1749 | ntemp: 2
2025-02-26 22:13:19,279 kilosort.clustering_qr DEBUG    Center 51 | nsp: 4197 | ntemp: 7
2025-02-26 22:13:19,544 kilosort.clustering_qr DEBUG    Center 52 | nsp: 1670 | ntemp: 2
2025-02-26 22:13:19,818 kilosort.clustering_qr DEBUG    Center 53 | nsp: 1026 | ntemp: 1
2025-02-26 22:13:20,065 kilosort.clustering_qr DEBUG    Center 54 | nsp: 0 | ntemp: 0
2025-02-26 22:13:20,066 kilosort.clustering_qr DEBUG    Center 55 | nsp: 128 | ntemp: 2
2025-02-26 22:13:20,067 kilosort.clustering_qr DEBUG    Center 56 | nsp: 761 | ntemp: 1
2025-02-26 22:13:20,068 kilosort.clustering_qr DEBUG    Center 57 | nsp: 926 | ntemp: 1
2025-02-26 22:13:20,070 kilosort.clustering_qr DEBUG    Center 58 | nsp: 746 | ntemp: 1
2025-02-26 22:13:20,072 kilosort.clustering_qr DEBUG    Center 59 | nsp: 2066 | ntemp: 5
2025-02-26 22:13:20,327 kilosort.clustering_qr DEBUG     
2025-02-26 22:13:20,327 kilosort.clustering_qr DEBUG    Cluster center: 60 of 96
2025-02-26 22:13:20,327 kilosort.clustering_qr DEBUG    ********************************************************
2025-02-26 22:13:20,327 kilosort.clustering_qr DEBUG    CPU usage:    16.30 %
2025-02-26 22:13:20,327 kilosort.clustering_qr DEBUG    Memory:        8.58 %     |     64.73   /   754.60 GB
2025-02-26 22:13:20,327 kilosort.clustering_qr DEBUG    ------------------------------------------------------
2025-02-26 22:13:20,327 kilosort.clustering_qr DEBUG    GPU usage:    `conda install pynvml` for GPU usage
2025-02-26 22:13:20,327 kilosort.clustering_qr DEBUG    GPU memory:   14.33 %     |      5.66   /    39.50 GB
2025-02-26 22:13:20,328 kilosort.clustering_qr DEBUG    Allocated:     0.03 %     |      0.01   /    39.50 GB
2025-02-26 22:13:20,328 kilosort.clustering_qr DEBUG    Max alloc:     8.35 %     |      3.30   /    39.50 GB
2025-02-26 22:13:20,328 kilosort.clustering_qr DEBUG    ********************************************************
2025-02-26 22:13:20,332 kilosort.clustering_qr DEBUG    Center 60 | nsp: 5921 | ntemp: 10
2025-02-26 22:13:20,879 kilosort.clustering_qr DEBUG    Center 61 | nsp: 1349 | ntemp: 3
2025-02-26 22:13:21,285 kilosort.clustering_qr DEBUG    Center 62 | nsp: 1713 | ntemp: 2
2025-02-26 22:13:21,540 kilosort.clustering_qr DEBUG    Center 63 | nsp: 1160 | ntemp: 1
2025-02-26 22:13:21,793 kilosort.clustering_qr DEBUG    Center 64 | nsp: 1935 | ntemp: 2
2025-02-26 22:13:22,047 kilosort.clustering_qr DEBUG    Center 65 | nsp: 5242 | ntemp: 5
2025-02-26 22:13:22,312 kilosort.clustering_qr DEBUG    Center 66 | nsp: 1585 | ntemp: 3
2025-02-26 22:13:22,564 kilosort.clustering_qr DEBUG    Center 67 | nsp: 58 | ntemp: 1
2025-02-26 22:13:22,565 kilosort.clustering_qr DEBUG    Center 68 | nsp: 1294 | ntemp: 1
2025-02-26 22:13:22,817 kilosort.clustering_qr DEBUG    Center 69 | nsp: 223 | ntemp: 1
2025-02-26 22:13:22,818 kilosort.clustering_qr DEBUG     
2025-02-26 22:13:22,818 kilosort.clustering_qr DEBUG    Cluster center: 70 of 96
2025-02-26 22:13:22,818 kilosort.clustering_qr DEBUG    ********************************************************
2025-02-26 22:13:22,818 kilosort.clustering_qr DEBUG    CPU usage:    21.50 %
2025-02-26 22:13:22,818 kilosort.clustering_qr DEBUG    Memory:        8.58 %     |     64.73   /   754.60 GB
2025-02-26 22:13:22,818 kilosort.clustering_qr DEBUG    ------------------------------------------------------
2025-02-26 22:13:22,818 kilosort.clustering_qr DEBUG    GPU usage:    `conda install pynvml` for GPU usage
2025-02-26 22:13:22,818 kilosort.clustering_qr DEBUG    GPU memory:   14.33 %     |      5.66   /    39.50 GB
2025-02-26 22:13:22,818 kilosort.clustering_qr DEBUG    Allocated:     0.03 %     |      0.01   /    39.50 GB
2025-02-26 22:13:22,819 kilosort.clustering_qr DEBUG    Max alloc:     8.35 %     |      3.30   /    39.50 GB
2025-02-26 22:13:22,819 kilosort.clustering_qr DEBUG    ********************************************************
2025-02-26 22:13:22,820 kilosort.clustering_qr DEBUG    Center 70 | nsp: 36 | ntemp: 1
2025-02-26 22:13:22,820 kilosort.clustering_qr DEBUG    Center 71 | nsp: 0 | ntemp: 0
2025-02-26 22:13:22,822 kilosort.clustering_qr DEBUG    Center 72 | nsp: 2257 | ntemp: 5
2025-02-26 22:13:23,078 kilosort.clustering_qr DEBUG    Center 73 | nsp: 1655 | ntemp: 1
2025-02-26 22:13:23,328 kilosort.clustering_qr DEBUG    Center 74 | nsp: 1012 | ntemp: 2
2025-02-26 22:13:23,640 kilosort.clustering_qr DEBUG    Center 75 | nsp: 322 | ntemp: 1
2025-02-26 22:13:23,642 kilosort.clustering_qr DEBUG    Center 76 | nsp: 947 | ntemp: 2
2025-02-26 22:13:23,644 kilosort.clustering_qr DEBUG    Center 77 | nsp: 2980 | ntemp: 5
2025-02-26 22:13:23,909 kilosort.clustering_qr DEBUG    Center 78 | nsp: 591 | ntemp: 1
2025-02-26 22:13:23,911 kilosort.clustering_qr DEBUG    Center 79 | nsp: 1318 | ntemp: 2
2025-02-26 22:13:24,157 kilosort.clustering_qr DEBUG     
2025-02-26 22:13:24,157 kilosort.clustering_qr DEBUG    Cluster center: 80 of 96
2025-02-26 22:13:24,157 kilosort.clustering_qr DEBUG    ********************************************************
2025-02-26 22:13:24,157 kilosort.clustering_qr DEBUG    CPU usage:    19.80 %
2025-02-26 22:13:24,157 kilosort.clustering_qr DEBUG    Memory:        8.58 %     |     64.73   /   754.60 GB
2025-02-26 22:13:24,157 kilosort.clustering_qr DEBUG    ------------------------------------------------------
2025-02-26 22:13:24,157 kilosort.clustering_qr DEBUG    GPU usage:    `conda install pynvml` for GPU usage
2025-02-26 22:13:24,158 kilosort.clustering_qr DEBUG    GPU memory:   14.33 %     |      5.66   /    39.50 GB
2025-02-26 22:13:24,158 kilosort.clustering_qr DEBUG    Allocated:     0.03 %     |      0.01   /    39.50 GB
2025-02-26 22:13:24,158 kilosort.clustering_qr DEBUG    Max alloc:     8.35 %     |      3.30   /    39.50 GB
2025-02-26 22:13:24,158 kilosort.clustering_qr DEBUG    ********************************************************
2025-02-26 22:13:24,160 kilosort.clustering_qr DEBUG    Center 80 | nsp: 2983 | ntemp: 4
2025-02-26 22:13:24,473 kilosort.clustering_qr DEBUG    Center 81 | nsp: 4063 | ntemp: 5
2025-02-26 22:13:24,743 kilosort.clustering_qr DEBUG    Center 82 | nsp: 4880 | ntemp: 5
2025-02-26 22:13:25,137 kilosort.clustering_qr DEBUG    Center 83 | nsp: 10430 | ntemp: 12
2025-02-26 22:13:25,485 kilosort.clustering_qr DEBUG    Center 84 | nsp: 8131 | ntemp: 6
2025-02-26 22:13:25,772 kilosort.clustering_qr DEBUG    Center 85 | nsp: 3710 | ntemp: 7
2025-02-26 22:13:26,036 kilosort.clustering_qr DEBUG    Center 86 | nsp: 3548 | ntemp: 5
2025-02-26 22:13:26,295 kilosort.clustering_qr DEBUG    Center 87 | nsp: 2122 | ntemp: 3
2025-02-26 22:13:26,552 kilosort.clustering_qr DEBUG    Center 88 | nsp: 2500 | ntemp: 3
2025-02-26 22:13:27,028 kilosort.clustering_qr DEBUG    Center 89 | nsp: 3104 | ntemp: 5
2025-02-26 22:13:27,688 kilosort.clustering_qr DEBUG     
2025-02-26 22:13:27,688 kilosort.clustering_qr DEBUG    Cluster center: 90 of 96
2025-02-26 22:13:27,688 kilosort.clustering_qr DEBUG    ********************************************************
2025-02-26 22:13:27,688 kilosort.clustering_qr DEBUG    CPU usage:    22.20 %
2025-02-26 22:13:27,688 kilosort.clustering_qr DEBUG    Memory:        8.58 %     |     64.73   /   754.60 GB
2025-02-26 22:13:27,688 kilosort.clustering_qr DEBUG    ------------------------------------------------------
2025-02-26 22:13:27,688 kilosort.clustering_qr DEBUG    GPU usage:    `conda install pynvml` for GPU usage
2025-02-26 22:13:27,688 kilosort.clustering_qr DEBUG    GPU memory:   14.33 %     |      5.66   /    39.50 GB
2025-02-26 22:13:27,689 kilosort.clustering_qr DEBUG    Allocated:     0.03 %     |      0.01   /    39.50 GB
2025-02-26 22:13:27,689 kilosort.clustering_qr DEBUG    Max alloc:     8.35 %     |      3.30   /    39.50 GB
2025-02-26 22:13:27,689 kilosort.clustering_qr DEBUG    ********************************************************
2025-02-26 22:13:27,691 kilosort.clustering_qr DEBUG    Center 90 | nsp: 3148 | ntemp: 3
2025-02-26 22:13:28,062 kilosort.clustering_qr DEBUG    Center 91 | nsp: 1949 | ntemp: 4
2025-02-26 22:13:28,326 kilosort.clustering_qr DEBUG    Center 92 | nsp: 2609 | ntemp: 4
2025-02-26 22:13:28,588 kilosort.clustering_qr DEBUG    Center 93 | nsp: 1611 | ntemp: 2
2025-02-26 22:13:28,841 kilosort.clustering_qr DEBUG    Center 94 | nsp: 0 | ntemp: 0
2025-02-26 22:13:28,842 kilosort.clustering_qr DEBUG    Center 95 | nsp: 200 | ntemp: 1
2025-02-26 22:13:28,854 kilosort.run_kilosort INFO     354 clusters found, in  19.79s; total  62.81s
2025-02-26 22:13:28,858 kilosort.run_kilosort DEBUG    clu shape: (234033,)
2025-02-26 22:13:28,858 kilosort.run_kilosort DEBUG    Wall shape: torch.Size([354, 374, 6])
2025-02-26 22:13:28,858 kilosort.run_kilosort INFO      
2025-02-26 22:13:28,859 kilosort.run_kilosort INFO     Merging clusters
2025-02-26 22:13:28,859 kilosort.run_kilosort INFO     ----------------------------------------
2025-02-26 22:13:29,364 kilosort.run_kilosort INFO     345 units found, in  0.51s; total  63.32s
2025-02-26 22:13:29,365 kilosort.run_kilosort DEBUG    clu shape: (234033,)
2025-02-26 22:13:29,365 kilosort.run_kilosort DEBUG    Wall shape: torch.Size([345, 374, 6])
2025-02-26 22:13:29,417 kilosort.run_kilosort INFO      
2025-02-26 22:13:29,418 kilosort.run_kilosort INFO     Resource usage after clustering
2025-02-26 22:13:29,419 kilosort.run_kilosort INFO     ********************************************************
2025-02-26 22:13:29,419 kilosort.run_kilosort INFO     CPU usage:    17.40 %
2025-02-26 22:13:29,420 kilosort.run_kilosort INFO     Memory:        8.58 %     |     64.73   /   754.60 GB
2025-02-26 22:13:29,420 kilosort.run_kilosort INFO     ------------------------------------------------------
2025-02-26 22:13:29,421 kilosort.run_kilosort INFO     GPU usage:    `conda install pynvml` for GPU usage
2025-02-26 22:13:29,421 kilosort.run_kilosort INFO     GPU memory:   14.33 %     |      5.66   /    39.50 GB
2025-02-26 22:13:29,422 kilosort.run_kilosort INFO     Allocated:     0.03 %     |      0.01   /    39.50 GB
2025-02-26 22:13:29,422 kilosort.run_kilosort INFO     Max alloc:     8.35 %     |      3.30   /    39.50 GB
2025-02-26 22:13:29,423 kilosort.run_kilosort INFO     ********************************************************
2025-02-26 22:13:29,424 kilosort.run_kilosort DEBUG    

|===========================================================================|
|                  PyTorch CUDA memory summary, device ID 0                 |
|---------------------------------------------------------------------------|
|            CUDA OOMs: 0            |        cudaMalloc retries: 0         |
|===========================================================================|
|        Metric         | Cur Usage  | Peak Usage | Tot Alloc  | Tot Freed  |
|---------------------------------------------------------------------------|
| Allocated memory      |  11186 KiB |   3376 MiB |  12500 GiB |  12500 GiB |
|---------------------------------------------------------------------------|
| Active memory         |  11186 KiB |   3376 MiB |  12500 GiB |  12500 GiB |
|---------------------------------------------------------------------------|
| Requested memory      |  11184 KiB |   3375 MiB |  12493 GiB |  12492 GiB |
|---------------------------------------------------------------------------|
| GPU reserved memory   |   5230 MiB |   5230 MiB |   5230 MiB |      0 B   |
|---------------------------------------------------------------------------|
| Non-releasable memory |  40013 KiB |   1751 MiB |   6762 GiB |   6762 GiB |
|---------------------------------------------------------------------------|
| Allocations           |      12    |      45    |    3253 K  |    3253 K  |
|---------------------------------------------------------------------------|
| Active allocs         |      12    |      45    |    3253 K  |    3253 K  |
|---------------------------------------------------------------------------|
| GPU reserved segments |      18    |      18    |      18    |       0    |
|---------------------------------------------------------------------------|
| Non-releasable allocs |      10    |      24    |    1417 K  |    1417 K  |
|---------------------------------------------------------------------------|
| Oversize allocations  |       0    |       0    |       0    |       0    |
|---------------------------------------------------------------------------|
| Oversize GPU segments |       0    |       0    |       0    |       0    |
|===========================================================================|


2025-02-26 22:13:29,424 kilosort.run_kilosort INFO      
2025-02-26 22:13:29,424 kilosort.run_kilosort INFO     Saving to phy and computing refractory periods
2025-02-26 22:13:29,424 kilosort.run_kilosort INFO     ----------------------------------------
2025-02-26 22:13:31,073 kilosort.run_kilosort INFO     182 units found with good refractory periods
2025-02-26 22:13:31,075 kilosort.run_kilosort INFO     Total runtime: 65.03s = 00:01:5 h:m:s
2025-02-26 22:13:31,094 kilosort.run_kilosort INFO     Sorting output saved in: /home/lss72/palmer_scratch/spike_sort/kilosort4.
2025-02-26 22:13:31,094 kilosort.run_kilosort INFO      
2025-02-26 22:13:31,095 kilosort.run_kilosort INFO     Resource usage after saving
2025-02-26 22:13:31,095 kilosort.run_kilosort INFO     ********************************************************
2025-02-26 22:13:31,096 kilosort.run_kilosort INFO     CPU usage:    20.70 %
2025-02-26 22:13:31,097 kilosort.run_kilosort INFO     Memory:        8.58 %     |     64.75   /   754.60 GB
2025-02-26 22:13:31,097 kilosort.run_kilosort INFO     ------------------------------------------------------
2025-02-26 22:13:31,097 kilosort.run_kilosort INFO     GPU usage:    `conda install pynvml` for GPU usage
2025-02-26 22:13:31,098 kilosort.run_kilosort INFO     GPU memory:   14.33 %     |      5.66   /    39.50 GB
2025-02-26 22:13:31,099 kilosort.run_kilosort INFO     Allocated:     0.03 %     |      0.01   /    39.50 GB
2025-02-26 22:13:31,099 kilosort.run_kilosort INFO     Max alloc:     8.35 %     |      3.30   /    39.50 GB
2025-02-26 22:13:31,100 kilosort.run_kilosort INFO     ********************************************************
2025-02-26 22:13:31,101 kilosort.run_kilosort DEBUG    

|===========================================================================|
|                  PyTorch CUDA memory summary, device ID 0                 |
|---------------------------------------------------------------------------|
|            CUDA OOMs: 0            |        cudaMalloc retries: 0         |
|===========================================================================|
|        Metric         | Cur Usage  | Peak Usage | Tot Alloc  | Tot Freed  |
|---------------------------------------------------------------------------|
| Allocated memory      |  11186 KiB |   3376 MiB |  12500 GiB |  12500 GiB |
|---------------------------------------------------------------------------|
| Active memory         |  11186 KiB |   3376 MiB |  12500 GiB |  12500 GiB |
|---------------------------------------------------------------------------|
| Requested memory      |  11184 KiB |   3375 MiB |  12493 GiB |  12493 GiB |
|---------------------------------------------------------------------------|
| GPU reserved memory   |   5230 MiB |   5230 MiB |   5230 MiB |      0 B   |
|---------------------------------------------------------------------------|
| Non-releasable memory |  40013 KiB |   1751 MiB |   6762 GiB |   6762 GiB |
|---------------------------------------------------------------------------|
| Allocations           |      12    |      45    |    3259 K  |    3259 K  |
|---------------------------------------------------------------------------|
| Active allocs         |      12    |      45    |    3259 K  |    3259 K  |
|---------------------------------------------------------------------------|
| GPU reserved segments |      18    |      18    |      18    |       0    |
|---------------------------------------------------------------------------|
| Non-releasable allocs |      10    |      24    |    1419 K  |    1419 K  |
|---------------------------------------------------------------------------|
| Oversize allocations  |       0    |       0    |       0    |       0    |
|---------------------------------------------------------------------------|
| Oversize GPU segments |       0    |       0    |       0    |       0    |
|===========================================================================|


