2025-05-08 19:53:19,724 kilosort.run_kilosort INFO     Kilosort version 4.0.25
2025-05-08 19:53:19,734 kilosort.run_kilosort INFO     Python version 3.9.21
2025-05-08 19:53:19,735 kilosort.run_kilosort INFO     ----------------------------------------
2025-05-08 19:53:19,735 kilosort.run_kilosort INFO     System information:
2025-05-08 19:53:19,735 kilosort.run_kilosort INFO     Linux-4.18.0-477.74.1.el8_8.x86_64-x86_64-with-glibc2.28 x86_64
2025-05-08 19:53:19,736 kilosort.run_kilosort INFO     x86_64
2025-05-08 19:53:19,736 kilosort.run_kilosort INFO     Using GPU for PyTorch computations. Specify `device` to change this.
2025-05-08 19:53:19,736 kilosort.run_kilosort INFO     Using CUDA device: NVIDIA A100-PCIE-40GB 39.50GB
2025-05-08 19:53:19,737 kilosort.run_kilosort INFO     ----------------------------------------
2025-05-08 19:53:19,737 kilosort.run_kilosort INFO     Sorting /home/lss72/palmer_scratch/spike_sort/2014_11_13_Pair_3_0
2025-05-08 19:53:19,738 kilosort.run_kilosort DEBUG    Initial ops:

ops = {
    'n_chan_bin': 32,
    'fs': 30000,
    'batch_size': 60000,
    'nblocks': 1,
    'Th_universal': 9,
    'Th_learned': 8,
    'tmin': 0,
    'tmax': 300,
    'nt': 61,
    'shift': None,
    'scale': None,
    'artifact_threshold': inf,
    'nskip': 25,
    'whitening_range': 32,
    'highpass_cutoff': 300,
    'binning_depth': 5,
    'sig_interp': 20,
    'drift_smoothing': [0.5, 0.5, 0.5],
    'nt0min': 20,
    'dmin': None,
    'dminx': 32,
    'min_template_size': 10,
    'template_sizes': 5,
    'nearest_chans': 10,
    'nearest_templates': 100,
    'max_channel_distance': 32,
    'max_peels': 100,
    'templates_from_data': True,
    'n_templates': 6,
    'n_pcs': 6,
    'Th_single_ch': 6,
    'acg_threshold': 0.2,
    'ccg_threshold': 0.25,
    'cluster_downsampling': 20,
    'x_centers': None,
    'duplicate_spike_ms': 0.25,
    'position_limit': 100,
    'data_dir': PosixPath('/home/lss72/palmer_scratch/spike_sort'),
    'filename': PosixPath('/home/lss72/palmer_scratch/spike_sort/2014_11_13_Pair_3_0'),
    'data_dtype': dtype('uint16'),
    'do_CAR': True,
    'invert_sign': False,
    'NTbuff': 60122,
    'Nchan': 32,
    'duplicate_spike_bins': 7,
    'torch_device': 'cuda',
    'save_preprocessed_copy': False
}

2025-05-08 19:53:19,739 kilosort.run_kilosort DEBUG    Probe dictionary:

probe = {
    'chanMap': np.array([ 0,  1,  2,  3,  4,  5,  6,  7,  8,  9, 10, 11, 12, 13, 14, 15, 16,
       17, 18, 19, 20, 21, 22, 23, 24, 25, 26, 27, 28, 29, 30, 31]),
    'xc': np.array([25.5, 25.5, 43.5, 43.5, 43.5, 43.5, 43.5, 43.5, 25.5, 25.5, 43.5,
       43.5, 43.5, 43.5, 25.5, 25.5, 25.5, 25.5,  7.5,  7.5,  7.5,  7.5,
       25.5, 25.5,  7.5,  7.5,  7.5,  7.5,  7.5,  7.5, 25.5, 25.5],
      dtype=np.float32),
    'yc': np.array([282.5, 232.5,  20. ,  45. ,  95. , 145. , 195. , 245. ,  82.5,
        32.5, 220. , 170. , 120. ,  70. , 132.5, 182.5, 157.5, 107.5,
        70. , 120. , 170. , 220. ,   7.5,  57.5, 245. , 195. , 145. ,
        95. ,  45. ,  20. , 207.5, 257.5], dtype=np.float32),
    'kcoords': np.array([0., 0., 0., 0., 0., 0., 0., 0., 0., 0., 0., 0., 0., 0., 0., 0., 0.,
       0., 0., 0., 0., 0., 0., 0., 0., 0., 0., 0., 0., 0., 0., 0.]),
    'n_chan': 32
}

2025-05-08 19:53:19,740 kilosort.run_kilosort INFO      
2025-05-08 19:53:19,740 kilosort.run_kilosort INFO     Computing preprocessing variables.
2025-05-08 19:53:19,740 kilosort.run_kilosort INFO     ----------------------------------------
2025-05-08 19:53:19,742 kilosort.run_kilosort INFO     N samples: 7842600
2025-05-08 19:53:19,743 kilosort.run_kilosort INFO     N seconds: 261.42
2025-05-08 19:53:19,743 kilosort.run_kilosort INFO     N batches: 131
2025-05-08 19:53:19,799 kilosort.run_kilosort INFO     Preprocessing filters computed in  0.06s; total  0.06s
2025-05-08 19:53:19,800 kilosort.run_kilosort DEBUG    hp_filter shape: torch.Size([30122])
2025-05-08 19:53:19,800 kilosort.run_kilosort DEBUG    whiten_mat shape: torch.Size([32, 32])
2025-05-08 19:53:19,800 kilosort.run_kilosort INFO      
2025-05-08 19:53:19,800 kilosort.run_kilosort INFO     Resource usage after preprocessing
2025-05-08 19:53:19,800 kilosort.run_kilosort INFO     ********************************************************
2025-05-08 19:53:19,801 kilosort.run_kilosort INFO     CPU usage:    10.60 %
2025-05-08 19:53:19,801 kilosort.run_kilosort INFO     Memory:       14.41 %     |    108.76   /   754.60 GB
2025-05-08 19:53:19,802 kilosort.run_kilosort INFO     ------------------------------------------------------
2025-05-08 19:53:19,802 kilosort.run_kilosort INFO     GPU usage:    `conda install pynvml` for GPU usage
2025-05-08 19:53:19,803 kilosort.run_kilosort INFO     GPU memory:    2.56 %     |      1.01   /    39.50 GB
2025-05-08 19:53:19,803 kilosort.run_kilosort INFO     Allocated:     0.02 %     |      0.01   /    39.50 GB
2025-05-08 19:53:19,804 kilosort.run_kilosort INFO     Max alloc:     0.75 %     |      0.30   /    39.50 GB
2025-05-08 19:53:19,805 kilosort.run_kilosort INFO     ********************************************************
2025-05-08 19:53:19,805 kilosort.run_kilosort INFO      
2025-05-08 19:53:19,806 kilosort.run_kilosort INFO     Computing drift correction.
2025-05-08 19:53:19,806 kilosort.run_kilosort INFO     ----------------------------------------
2025-05-08 19:53:19,806 kilosort.spikedetect INFO     Re-computing universal templates from data.
2025-05-08 19:53:20,008 kilosort.spikedetect INFO     Number of universal templates: 135
2025-05-08 19:53:20,014 kilosort.spikedetect INFO     Detecting spikes...
2025-05-08 19:53:20,015 kilosort.spikedetect DEBUG     
2025-05-08 19:53:20,015 kilosort.spikedetect DEBUG    Batch 0
2025-05-08 19:53:20,015 kilosort.spikedetect DEBUG    ********************************************************
2025-05-08 19:53:20,015 kilosort.spikedetect DEBUG    CPU usage:    32.20 %
2025-05-08 19:53:20,015 kilosort.spikedetect DEBUG    Memory:       13.49 %     |    101.81   /   754.60 GB
2025-05-08 19:53:20,015 kilosort.spikedetect DEBUG    ------------------------------------------------------
2025-05-08 19:53:20,015 kilosort.spikedetect DEBUG    GPU usage:    `conda install pynvml` for GPU usage
2025-05-08 19:53:20,015 kilosort.spikedetect DEBUG    GPU memory:    2.56 %     |      1.01   /    39.50 GB
2025-05-08 19:53:20,016 kilosort.spikedetect DEBUG    Allocated:     0.02 %     |      0.01   /    39.50 GB
2025-05-08 19:53:20,016 kilosort.spikedetect DEBUG    Max alloc:     0.75 %     |      0.30   /    39.50 GB
2025-05-08 19:53:20,016 kilosort.spikedetect DEBUG    ********************************************************
2025-05-08 19:53:23,880 kilosort.spikedetect DEBUG     
2025-05-08 19:53:23,880 kilosort.spikedetect DEBUG    Batch 130
2025-05-08 19:53:23,880 kilosort.spikedetect DEBUG    ********************************************************
2025-05-08 19:53:23,880 kilosort.spikedetect DEBUG    CPU usage:    13.40 %
2025-05-08 19:53:23,881 kilosort.spikedetect DEBUG    Memory:       14.34 %     |    108.19   /   754.60 GB
2025-05-08 19:53:23,881 kilosort.spikedetect DEBUG    ------------------------------------------------------
2025-05-08 19:53:23,881 kilosort.spikedetect DEBUG    GPU usage:    `conda install pynvml` for GPU usage
2025-05-08 19:53:23,881 kilosort.spikedetect DEBUG    GPU memory:    2.56 %     |      1.01   /    39.50 GB
2025-05-08 19:53:23,881 kilosort.spikedetect DEBUG    Allocated:     0.04 %     |      0.02   /    39.50 GB
2025-05-08 19:53:23,881 kilosort.spikedetect DEBUG    Max alloc:     0.75 %     |      0.30   /    39.50 GB
2025-05-08 19:53:23,881 kilosort.spikedetect DEBUG    ********************************************************
2025-05-08 19:53:23,973 kilosort.run_kilosort INFO     drift computed in  4.17s; total  4.24s
2025-05-08 19:53:23,977 kilosort.run_kilosort DEBUG    st shape: (50072, 6)
2025-05-08 19:53:23,977 kilosort.run_kilosort DEBUG    yblk shape: (1,)
2025-05-08 19:53:23,977 kilosort.run_kilosort DEBUG    dshift shape: (131, 1)
2025-05-08 19:53:23,977 kilosort.run_kilosort DEBUG    iKxx shape: torch.Size([32, 32])
2025-05-08 19:53:23,977 kilosort.run_kilosort INFO      
2025-05-08 19:53:23,978 kilosort.run_kilosort INFO     Resource usage after drift correction
2025-05-08 19:53:23,978 kilosort.run_kilosort INFO     ********************************************************
2025-05-08 19:53:23,979 kilosort.run_kilosort INFO     CPU usage:    13.60 %
2025-05-08 19:53:23,979 kilosort.run_kilosort INFO     Memory:       14.36 %     |    108.34   /   754.60 GB
2025-05-08 19:53:23,979 kilosort.run_kilosort INFO     ------------------------------------------------------
2025-05-08 19:53:23,980 kilosort.run_kilosort INFO     GPU usage:    `conda install pynvml` for GPU usage
2025-05-08 19:53:23,980 kilosort.run_kilosort INFO     GPU memory:    2.56 %     |      1.01   /    39.50 GB
2025-05-08 19:53:23,981 kilosort.run_kilosort INFO     Allocated:     0.02 %     |      0.01   /    39.50 GB
2025-05-08 19:53:23,981 kilosort.run_kilosort INFO     Max alloc:     0.75 %     |      0.30   /    39.50 GB
2025-05-08 19:53:23,981 kilosort.run_kilosort INFO     ********************************************************
2025-05-08 19:53:23,982 kilosort.run_kilosort DEBUG    

|===========================================================================|
|                  PyTorch CUDA memory summary, device ID 0                 |
|---------------------------------------------------------------------------|
|            CUDA OOMs: 0            |        cudaMalloc retries: 0         |
|===========================================================================|
|        Metric         | Cur Usage  | Peak Usage | Tot Alloc  | Tot Freed  |
|---------------------------------------------------------------------------|
| Allocated memory      |   8867 KiB | 311339 KiB |   2397 GiB |   2397 GiB |
|---------------------------------------------------------------------------|
| Active memory         |   8867 KiB | 311339 KiB |   2397 GiB |   2397 GiB |
|---------------------------------------------------------------------------|
| Requested memory      |   8864 KiB | 310352 KiB |   2372 GiB |   2372 GiB |
|---------------------------------------------------------------------------|
| GPU reserved memory   | 479232 KiB | 479232 KiB | 479232 KiB |      0 B   |
|---------------------------------------------------------------------------|
| Non-releasable memory |  13660 KiB | 184425 KiB |   1336 GiB |   1336 GiB |
|---------------------------------------------------------------------------|
| Allocations           |      20    |      56    |  588260    |  588240    |
|---------------------------------------------------------------------------|
| Active allocs         |      20    |      56    |  588260    |  588240    |
|---------------------------------------------------------------------------|
| GPU reserved segments |      14    |      14    |      14    |       0    |
|---------------------------------------------------------------------------|
| Non-releasable allocs |      12    |      26    |  261204    |  261192    |
|---------------------------------------------------------------------------|
| Oversize allocations  |       0    |       0    |       0    |       0    |
|---------------------------------------------------------------------------|
| Oversize GPU segments |       0    |       0    |       0    |       0    |
|===========================================================================|


2025-05-08 19:53:23,989 kilosort.run_kilosort DEBUG    First batch min, max: (-20.590961, 13.992555)
2025-05-08 19:53:23,989 kilosort.run_kilosort INFO      
2025-05-08 19:53:23,989 kilosort.run_kilosort INFO     Extracting spikes using templates
2025-05-08 19:53:23,990 kilosort.run_kilosort INFO     ----------------------------------------
2025-05-08 19:53:23,990 kilosort.spikedetect INFO     Re-computing universal templates from data.
2025-05-08 19:53:24,195 kilosort.spikedetect INFO     Number of universal templates: 135
2025-05-08 19:53:24,197 kilosort.spikedetect INFO     Detecting spikes...
2025-05-08 19:53:24,199 kilosort.spikedetect DEBUG     
2025-05-08 19:53:24,199 kilosort.spikedetect DEBUG    Batch 0
2025-05-08 19:53:24,199 kilosort.spikedetect DEBUG    ********************************************************
2025-05-08 19:53:24,199 kilosort.spikedetect DEBUG    CPU usage:    30.70 %
2025-05-08 19:53:24,199 kilosort.spikedetect DEBUG    Memory:       14.40 %     |    108.70   /   754.60 GB
2025-05-08 19:53:24,199 kilosort.spikedetect DEBUG    ------------------------------------------------------
2025-05-08 19:53:24,199 kilosort.spikedetect DEBUG    GPU usage:    `conda install pynvml` for GPU usage
2025-05-08 19:53:24,199 kilosort.spikedetect DEBUG    GPU memory:    2.56 %     |      1.01   /    39.50 GB
2025-05-08 19:53:24,200 kilosort.spikedetect DEBUG    Allocated:     0.02 %     |      0.01   /    39.50 GB
2025-05-08 19:53:24,200 kilosort.spikedetect DEBUG    Max alloc:     0.75 %     |      0.30   /    39.50 GB
2025-05-08 19:53:24,200 kilosort.spikedetect DEBUG    ********************************************************
2025-05-08 19:53:27,997 kilosort.spikedetect DEBUG     
2025-05-08 19:53:27,997 kilosort.spikedetect DEBUG    Batch 130
2025-05-08 19:53:27,997 kilosort.spikedetect DEBUG    ********************************************************
2025-05-08 19:53:27,997 kilosort.spikedetect DEBUG    CPU usage:    13.40 %
2025-05-08 19:53:27,998 kilosort.spikedetect DEBUG    Memory:       15.00 %     |    113.17   /   754.60 GB
2025-05-08 19:53:27,998 kilosort.spikedetect DEBUG    ------------------------------------------------------
2025-05-08 19:53:27,998 kilosort.spikedetect DEBUG    GPU usage:    `conda install pynvml` for GPU usage
2025-05-08 19:53:27,998 kilosort.spikedetect DEBUG    GPU memory:    2.56 %     |      1.01   /    39.50 GB
2025-05-08 19:53:27,998 kilosort.spikedetect DEBUG    Allocated:     0.04 %     |      0.02   /    39.50 GB
2025-05-08 19:53:27,998 kilosort.spikedetect DEBUG    Max alloc:     0.75 %     |      0.30   /    39.50 GB
2025-05-08 19:53:27,998 kilosort.spikedetect DEBUG    ********************************************************
2025-05-08 19:53:27,998 kilosort.run_kilosort INFO     50117 spikes extracted in  4.01s; total  8.26s
2025-05-08 19:53:27,999 kilosort.run_kilosort DEBUG    st0 shape: (50117, 6)
2025-05-08 19:53:27,999 kilosort.run_kilosort DEBUG    tF shape: torch.Size([50117, 10, 6])
2025-05-08 19:53:27,999 kilosort.run_kilosort INFO      
2025-05-08 19:53:27,999 kilosort.run_kilosort INFO     First clustering
2025-05-08 19:53:27,999 kilosort.run_kilosort INFO     ----------------------------------------
2025-05-08 19:53:28,009 kilosort.clustering_qr DEBUG     
2025-05-08 19:53:28,009 kilosort.clustering_qr DEBUG    Cluster center: 0 of 12
2025-05-08 19:53:28,009 kilosort.clustering_qr DEBUG    ********************************************************
2025-05-08 19:53:28,009 kilosort.clustering_qr DEBUG    CPU usage:    21.40 %
2025-05-08 19:53:28,009 kilosort.clustering_qr DEBUG    Memory:       15.00 %     |    113.19   /   754.60 GB
2025-05-08 19:53:28,009 kilosort.clustering_qr DEBUG    ------------------------------------------------------
2025-05-08 19:53:28,010 kilosort.clustering_qr DEBUG    GPU usage:    `conda install pynvml` for GPU usage
2025-05-08 19:53:28,010 kilosort.clustering_qr DEBUG    GPU memory:    2.56 %     |      1.01   /    39.50 GB
2025-05-08 19:53:28,010 kilosort.clustering_qr DEBUG    Allocated:     0.02 %     |      0.01   /    39.50 GB
2025-05-08 19:53:28,010 kilosort.clustering_qr DEBUG    Max alloc:     0.75 %     |      0.30   /    39.50 GB
2025-05-08 19:53:28,010 kilosort.clustering_qr DEBUG    ********************************************************
2025-05-08 19:53:28,013 kilosort.clustering_qr DEBUG    Center 0 | nsp: 6236 | ntemp: 12
2025-05-08 19:53:28,340 kilosort.clustering_qr DEBUG    Center 1 | nsp: 6460 | ntemp: 12
2025-05-08 19:53:28,772 kilosort.clustering_qr DEBUG    Center 2 | nsp: 3959 | ntemp: 12
2025-05-08 19:53:29,140 kilosort.clustering_qr DEBUG    Center 3 | nsp: 6605 | ntemp: 12
2025-05-08 19:53:29,446 kilosort.clustering_qr DEBUG    Center 4 | nsp: 2042 | ntemp: 12
2025-05-08 19:53:29,697 kilosort.clustering_qr DEBUG    Center 5 | nsp: 3124 | ntemp: 12
2025-05-08 19:53:30,063 kilosort.clustering_qr DEBUG    Center 6 | nsp: 1646 | ntemp: 12
2025-05-08 19:53:30,413 kilosort.clustering_qr DEBUG    Center 7 | nsp: 5196 | ntemp: 12
2025-05-08 19:53:30,791 kilosort.clustering_qr DEBUG    Center 8 | nsp: 4570 | ntemp: 12
2025-05-08 19:53:31,179 kilosort.clustering_qr DEBUG    Center 9 | nsp: 3499 | ntemp: 12
2025-05-08 19:53:31,529 kilosort.clustering_qr DEBUG     
2025-05-08 19:53:31,529 kilosort.clustering_qr DEBUG    Cluster center: 10 of 12
2025-05-08 19:53:31,529 kilosort.clustering_qr DEBUG    ********************************************************
2025-05-08 19:53:31,529 kilosort.clustering_qr DEBUG    CPU usage:    22.80 %
2025-05-08 19:53:31,529 kilosort.clustering_qr DEBUG    Memory:       14.52 %     |    109.60   /   754.60 GB
2025-05-08 19:53:31,529 kilosort.clustering_qr DEBUG    ------------------------------------------------------
2025-05-08 19:53:31,529 kilosort.clustering_qr DEBUG    GPU usage:    `conda install pynvml` for GPU usage
2025-05-08 19:53:31,529 kilosort.clustering_qr DEBUG    GPU memory:    2.56 %     |      1.01   /    39.50 GB
2025-05-08 19:53:31,530 kilosort.clustering_qr DEBUG    Allocated:     0.02 %     |      0.01   /    39.50 GB
2025-05-08 19:53:31,530 kilosort.clustering_qr DEBUG    Max alloc:     0.75 %     |      0.30   /    39.50 GB
2025-05-08 19:53:31,530 kilosort.clustering_qr DEBUG    ********************************************************
2025-05-08 19:53:31,533 kilosort.clustering_qr DEBUG    Center 10 | nsp: 4083 | ntemp: 12
2025-05-08 19:53:31,943 kilosort.clustering_qr DEBUG    Center 11 | nsp: 2697 | ntemp: 3
2025-05-08 19:53:32,370 kilosort.run_kilosort INFO     87 clusters found, in  4.37s; total  12.63s
2025-05-08 19:53:32,370 kilosort.run_kilosort DEBUG    clu shape: (50117,)
2025-05-08 19:53:32,371 kilosort.run_kilosort DEBUG    Wall shape: torch.Size([87, 32, 6])
2025-05-08 19:53:32,371 kilosort.run_kilosort INFO      
2025-05-08 19:53:32,371 kilosort.run_kilosort INFO     Extracting spikes using cluster waveforms
2025-05-08 19:53:32,371 kilosort.run_kilosort INFO     ----------------------------------------
2025-05-08 19:53:32,387 kilosort.template_matching DEBUG     
2025-05-08 19:53:32,387 kilosort.template_matching DEBUG    Batch 0
2025-05-08 19:53:32,387 kilosort.template_matching DEBUG    ********************************************************
2025-05-08 19:53:32,388 kilosort.template_matching DEBUG    CPU usage:    22.40 %
2025-05-08 19:53:32,388 kilosort.template_matching DEBUG    Memory:       14.55 %     |    109.82   /   754.60 GB
2025-05-08 19:53:32,388 kilosort.template_matching DEBUG    ------------------------------------------------------
2025-05-08 19:53:32,388 kilosort.template_matching DEBUG    GPU usage:    `conda install pynvml` for GPU usage
2025-05-08 19:53:32,388 kilosort.template_matching DEBUG    GPU memory:    2.56 %     |      1.01   /    39.50 GB
2025-05-08 19:53:32,388 kilosort.template_matching DEBUG    Allocated:     0.03 %     |      0.01   /    39.50 GB
2025-05-08 19:53:32,388 kilosort.template_matching DEBUG    Max alloc:     0.75 %     |      0.30   /    39.50 GB
2025-05-08 19:53:32,388 kilosort.template_matching DEBUG    ********************************************************
2025-05-08 19:53:35,057 kilosort.template_matching DEBUG     
2025-05-08 19:53:35,057 kilosort.template_matching DEBUG    Batch 100
2025-05-08 19:53:35,057 kilosort.template_matching DEBUG    ********************************************************
2025-05-08 19:53:35,057 kilosort.template_matching DEBUG    CPU usage:    17.40 %
2025-05-08 19:53:35,057 kilosort.template_matching DEBUG    Memory:       14.98 %     |    113.01   /   754.60 GB
2025-05-08 19:53:35,057 kilosort.template_matching DEBUG    ------------------------------------------------------
2025-05-08 19:53:35,057 kilosort.template_matching DEBUG    GPU usage:    `conda install pynvml` for GPU usage
2025-05-08 19:53:35,057 kilosort.template_matching DEBUG    GPU memory:    2.56 %     |      1.01   /    39.50 GB
2025-05-08 19:53:35,058 kilosort.template_matching DEBUG    Allocated:     0.07 %     |      0.03   /    39.50 GB
2025-05-08 19:53:35,058 kilosort.template_matching DEBUG    Max alloc:     0.75 %     |      0.30   /    39.50 GB
2025-05-08 19:53:35,058 kilosort.template_matching DEBUG    ********************************************************
2025-05-08 19:53:35,850 kilosort.template_matching DEBUG     
2025-05-08 19:53:35,850 kilosort.template_matching DEBUG    Batch 130
2025-05-08 19:53:35,850 kilosort.template_matching DEBUG    ********************************************************
2025-05-08 19:53:35,850 kilosort.template_matching DEBUG    CPU usage:    17.70 %
2025-05-08 19:53:35,850 kilosort.template_matching DEBUG    Memory:       15.18 %     |    114.53   /   754.60 GB
2025-05-08 19:53:35,850 kilosort.template_matching DEBUG    ------------------------------------------------------
2025-05-08 19:53:35,850 kilosort.template_matching DEBUG    GPU usage:    `conda install pynvml` for GPU usage
2025-05-08 19:53:35,850 kilosort.template_matching DEBUG    GPU memory:    2.56 %     |      1.01   /    39.50 GB
2025-05-08 19:53:35,851 kilosort.template_matching DEBUG    Allocated:     0.07 %     |      0.03   /    39.50 GB
2025-05-08 19:53:35,851 kilosort.template_matching DEBUG    Max alloc:     0.75 %     |      0.30   /    39.50 GB
2025-05-08 19:53:35,851 kilosort.template_matching DEBUG    ********************************************************
2025-05-08 19:53:35,857 kilosort.run_kilosort INFO     109655 spikes extracted in  3.49s; total  16.12s
2025-05-08 19:53:35,858 kilosort.run_kilosort DEBUG    st shape: (109655, 3)
2025-05-08 19:53:35,858 kilosort.run_kilosort DEBUG    tF shape: torch.Size([109655, 10, 6])
2025-05-08 19:53:35,858 kilosort.run_kilosort DEBUG    iCC shape: torch.Size([10, 32])
2025-05-08 19:53:35,858 kilosort.run_kilosort DEBUG    iU shape: torch.Size([70])
2025-05-08 19:53:35,858 kilosort.run_kilosort INFO      
2025-05-08 19:53:35,858 kilosort.run_kilosort INFO     Resource usage after spike detection
2025-05-08 19:53:35,859 kilosort.run_kilosort INFO     ********************************************************
2025-05-08 19:53:35,859 kilosort.run_kilosort INFO     CPU usage:    30.30 %
2025-05-08 19:53:35,860 kilosort.run_kilosort INFO     Memory:       15.15 %     |    114.31   /   754.60 GB
2025-05-08 19:53:35,860 kilosort.run_kilosort INFO     ------------------------------------------------------
2025-05-08 19:53:35,861 kilosort.run_kilosort INFO     GPU usage:    `conda install pynvml` for GPU usage
2025-05-08 19:53:35,861 kilosort.run_kilosort INFO     GPU memory:    2.56 %     |      1.01   /    39.50 GB
2025-05-08 19:53:35,862 kilosort.run_kilosort INFO     Allocated:     0.02 %     |      0.01   /    39.50 GB
2025-05-08 19:53:35,862 kilosort.run_kilosort INFO     Max alloc:     0.75 %     |      0.30   /    39.50 GB
2025-05-08 19:53:35,862 kilosort.run_kilosort INFO     ********************************************************
2025-05-08 19:53:35,863 kilosort.run_kilosort DEBUG    

|===========================================================================|
|                  PyTorch CUDA memory summary, device ID 0                 |
|---------------------------------------------------------------------------|
|            CUDA OOMs: 0            |        cudaMalloc retries: 0         |
|===========================================================================|
|        Metric         | Cur Usage  | Peak Usage | Tot Alloc  | Tot Freed  |
|---------------------------------------------------------------------------|
| Allocated memory      |   8924 KiB | 311375 KiB |   3641 GiB |   3641 GiB |
|---------------------------------------------------------------------------|
| Active memory         |   8924 KiB | 311375 KiB |   3641 GiB |   3641 GiB |
|---------------------------------------------------------------------------|
| Requested memory      |   8920 KiB | 310444 KiB |   3603 GiB |   3603 GiB |
|---------------------------------------------------------------------------|
| GPU reserved memory   | 479232 KiB | 479232 KiB | 479232 KiB |      0 B   |
|---------------------------------------------------------------------------|
| Non-releasable memory |  13604 KiB | 184425 KiB |   2086 GiB |   2086 GiB |
|---------------------------------------------------------------------------|
| Allocations           |      24    |      56    |     933 K  |     933 K  |
|---------------------------------------------------------------------------|
| Active allocs         |      24    |      56    |     933 K  |     933 K  |
|---------------------------------------------------------------------------|
| GPU reserved segments |      14    |      14    |      14    |       0    |
|---------------------------------------------------------------------------|
| Non-releasable allocs |      10    |      27    |  402079    |  402069    |
|---------------------------------------------------------------------------|
| Oversize allocations  |       0    |       0    |       0    |       0    |
|---------------------------------------------------------------------------|
| Oversize GPU segments |       0    |       0    |       0    |       0    |
|===========================================================================|


2025-05-08 19:53:35,863 kilosort.run_kilosort INFO      
2025-05-08 19:53:35,864 kilosort.run_kilosort INFO     Final clustering
2025-05-08 19:53:35,864 kilosort.run_kilosort INFO     ----------------------------------------
2025-05-08 19:53:35,878 kilosort.clustering_qr DEBUG     
2025-05-08 19:53:35,878 kilosort.clustering_qr DEBUG    Cluster center: 0 of 12
2025-05-08 19:53:35,878 kilosort.clustering_qr DEBUG    ********************************************************
2025-05-08 19:53:35,879 kilosort.clustering_qr DEBUG    CPU usage:    25.70 %
2025-05-08 19:53:35,879 kilosort.clustering_qr DEBUG    Memory:       15.15 %     |    114.33   /   754.60 GB
2025-05-08 19:53:35,879 kilosort.clustering_qr DEBUG    ------------------------------------------------------
2025-05-08 19:53:35,879 kilosort.clustering_qr DEBUG    GPU usage:    `conda install pynvml` for GPU usage
2025-05-08 19:53:35,879 kilosort.clustering_qr DEBUG    GPU memory:    2.56 %     |      1.01   /    39.50 GB
2025-05-08 19:53:35,879 kilosort.clustering_qr DEBUG    Allocated:     0.02 %     |      0.01   /    39.50 GB
2025-05-08 19:53:35,879 kilosort.clustering_qr DEBUG    Max alloc:     0.75 %     |      0.30   /    39.50 GB
2025-05-08 19:53:35,879 kilosort.clustering_qr DEBUG    ********************************************************
2025-05-08 19:53:35,883 kilosort.clustering_qr DEBUG    Center 0 | nsp: 11064 | ntemp: 9
2025-05-08 19:53:36,192 kilosort.clustering_qr DEBUG    Center 1 | nsp: 10320 | ntemp: 7
2025-05-08 19:53:36,584 kilosort.clustering_qr DEBUG    Center 2 | nsp: 17538 | ntemp: 13
2025-05-08 19:53:37,114 kilosort.clustering_qr DEBUG    Center 3 | nsp: 9176 | ntemp: 7
2025-05-08 19:53:37,393 kilosort.clustering_qr DEBUG    Center 4 | nsp: 4667 | ntemp: 3
2025-05-08 19:53:37,747 kilosort.clustering_qr DEBUG    Center 5 | nsp: 6202 | ntemp: 6
2025-05-08 19:53:38,112 kilosort.clustering_qr DEBUG    Center 6 | nsp: 7967 | ntemp: 5
2025-05-08 19:53:38,489 kilosort.clustering_qr DEBUG    Center 7 | nsp: 6560 | ntemp: 5
2025-05-08 19:53:38,805 kilosort.clustering_qr DEBUG    Center 8 | nsp: 9284 | ntemp: 5
2025-05-08 19:53:39,298 kilosort.clustering_qr DEBUG    Center 9 | nsp: 10382 | ntemp: 4
2025-05-08 19:53:39,650 kilosort.clustering_qr DEBUG     
2025-05-08 19:53:39,650 kilosort.clustering_qr DEBUG    Cluster center: 10 of 12
2025-05-08 19:53:39,650 kilosort.clustering_qr DEBUG    ********************************************************
2025-05-08 19:53:39,650 kilosort.clustering_qr DEBUG    CPU usage:    22.10 %
2025-05-08 19:53:39,650 kilosort.clustering_qr DEBUG    Memory:       14.77 %     |    111.47   /   754.60 GB
2025-05-08 19:53:39,650 kilosort.clustering_qr DEBUG    ------------------------------------------------------
2025-05-08 19:53:39,650 kilosort.clustering_qr DEBUG    GPU usage:    `conda install pynvml` for GPU usage
2025-05-08 19:53:39,650 kilosort.clustering_qr DEBUG    GPU memory:    2.56 %     |      1.01   /    39.50 GB
2025-05-08 19:53:39,651 kilosort.clustering_qr DEBUG    Allocated:     0.02 %     |      0.01   /    39.50 GB
2025-05-08 19:53:39,651 kilosort.clustering_qr DEBUG    Max alloc:     0.75 %     |      0.30   /    39.50 GB
2025-05-08 19:53:39,651 kilosort.clustering_qr DEBUG    ********************************************************
2025-05-08 19:53:39,652 kilosort.clustering_qr DEBUG    Center 10 | nsp: 1617 | ntemp: 1
2025-05-08 19:53:39,890 kilosort.clustering_qr DEBUG    Center 11 | nsp: 14878 | ntemp: 5
2025-05-08 19:53:40,340 kilosort.run_kilosort INFO     77 clusters found, in  4.48s; total  20.60s
2025-05-08 19:53:40,341 kilosort.run_kilosort DEBUG    clu shape: (109655,)
2025-05-08 19:53:40,341 kilosort.run_kilosort DEBUG    Wall shape: torch.Size([77, 32, 6])
2025-05-08 19:53:40,341 kilosort.run_kilosort INFO      
2025-05-08 19:53:40,341 kilosort.run_kilosort INFO     Merging clusters
2025-05-08 19:53:40,342 kilosort.run_kilosort INFO     ----------------------------------------
2025-05-08 19:53:40,469 kilosort.run_kilosort INFO     76 units found, in  0.13s; total  20.73s
2025-05-08 19:53:40,469 kilosort.run_kilosort DEBUG    clu shape: (109655,)
2025-05-08 19:53:40,469 kilosort.run_kilosort DEBUG    Wall shape: torch.Size([76, 32, 6])
2025-05-08 19:53:40,469 kilosort.run_kilosort INFO      
2025-05-08 19:53:40,470 kilosort.run_kilosort INFO     Resource usage after clustering
2025-05-08 19:53:40,470 kilosort.run_kilosort INFO     ********************************************************
2025-05-08 19:53:40,470 kilosort.run_kilosort INFO     CPU usage:    17.10 %
2025-05-08 19:53:40,471 kilosort.run_kilosort INFO     Memory:       14.92 %     |    112.59   /   754.60 GB
2025-05-08 19:53:40,471 kilosort.run_kilosort INFO     ------------------------------------------------------
2025-05-08 19:53:40,472 kilosort.run_kilosort INFO     GPU usage:    `conda install pynvml` for GPU usage
2025-05-08 19:53:40,472 kilosort.run_kilosort INFO     GPU memory:    2.56 %     |      1.01   /    39.50 GB
2025-05-08 19:53:40,473 kilosort.run_kilosort INFO     Allocated:     0.02 %     |      0.01   /    39.50 GB
2025-05-08 19:53:40,473 kilosort.run_kilosort INFO     Max alloc:     0.75 %     |      0.30   /    39.50 GB
2025-05-08 19:53:40,473 kilosort.run_kilosort INFO     ********************************************************
2025-05-08 19:53:40,474 kilosort.run_kilosort DEBUG    

|===========================================================================|
|                  PyTorch CUDA memory summary, device ID 0                 |
|---------------------------------------------------------------------------|
|            CUDA OOMs: 0            |        cudaMalloc retries: 0         |
|===========================================================================|
|        Metric         | Cur Usage  | Peak Usage | Tot Alloc  | Tot Freed  |
|---------------------------------------------------------------------------|
| Allocated memory      |   8871 KiB | 311375 KiB |   3777 GiB |   3777 GiB |
|---------------------------------------------------------------------------|
| Active memory         |   8871 KiB | 311375 KiB |   3777 GiB |   3777 GiB |
|---------------------------------------------------------------------------|
| Requested memory      |   8868 KiB | 310444 KiB |   3738 GiB |   3738 GiB |
|---------------------------------------------------------------------------|
| GPU reserved memory   | 479232 KiB | 479232 KiB | 479232 KiB |      0 B   |
|---------------------------------------------------------------------------|
| Non-releasable memory |  13656 KiB | 184425 KiB |   2277 GiB |   2277 GiB |
|---------------------------------------------------------------------------|
| Allocations           |      23    |      56    |    1085 K  |    1085 K  |
|---------------------------------------------------------------------------|
| Active allocs         |      23    |      56    |    1085 K  |    1085 K  |
|---------------------------------------------------------------------------|
| GPU reserved segments |      14    |      14    |      14    |       0    |
|---------------------------------------------------------------------------|
| Non-releasable allocs |      10    |      27    |  475457    |  475447    |
|---------------------------------------------------------------------------|
| Oversize allocations  |       0    |       0    |       0    |       0    |
|---------------------------------------------------------------------------|
| Oversize GPU segments |       0    |       0    |       0    |       0    |
|===========================================================================|


2025-05-08 19:53:40,474 kilosort.run_kilosort INFO      
2025-05-08 19:53:40,474 kilosort.run_kilosort INFO     Saving to phy and computing refractory periods
2025-05-08 19:53:40,475 kilosort.run_kilosort INFO     ----------------------------------------
2025-05-08 19:53:41,256 kilosort.run_kilosort INFO     29 units found with good refractory periods
2025-05-08 19:53:41,257 kilosort.run_kilosort INFO     Total runtime: 21.52s = 00:00:22 h:m:s
2025-05-08 19:53:41,270 kilosort.run_kilosort INFO     Sorting output saved in: /home/lss72/palmer_scratch/spike_sort/kilosort4.
2025-05-08 19:53:41,271 kilosort.run_kilosort INFO      
2025-05-08 19:53:41,271 kilosort.run_kilosort INFO     Resource usage after saving
2025-05-08 19:53:41,271 kilosort.run_kilosort INFO     ********************************************************
2025-05-08 19:53:41,272 kilosort.run_kilosort INFO     CPU usage:    15.20 %
2025-05-08 19:53:41,273 kilosort.run_kilosort INFO     Memory:       14.78 %     |    111.55   /   754.60 GB
2025-05-08 19:53:41,273 kilosort.run_kilosort INFO     ------------------------------------------------------
2025-05-08 19:53:41,273 kilosort.run_kilosort INFO     GPU usage:    `conda install pynvml` for GPU usage
2025-05-08 19:53:41,274 kilosort.run_kilosort INFO     GPU memory:    2.56 %     |      1.01   /    39.50 GB
2025-05-08 19:53:41,274 kilosort.run_kilosort INFO     Allocated:     0.02 %     |      0.01   /    39.50 GB
2025-05-08 19:53:41,275 kilosort.run_kilosort INFO     Max alloc:     0.75 %     |      0.30   /    39.50 GB
2025-05-08 19:53:41,275 kilosort.run_kilosort INFO     ********************************************************
2025-05-08 19:53:41,276 kilosort.run_kilosort DEBUG    

|===========================================================================|
|                  PyTorch CUDA memory summary, device ID 0                 |
|---------------------------------------------------------------------------|
|            CUDA OOMs: 0            |        cudaMalloc retries: 0         |
|===========================================================================|
|        Metric         | Cur Usage  | Peak Usage | Tot Alloc  | Tot Freed  |
|---------------------------------------------------------------------------|
| Allocated memory      |   8871 KiB | 311375 KiB |   3777 GiB |   3777 GiB |
|---------------------------------------------------------------------------|
| Active memory         |   8871 KiB | 311375 KiB |   3777 GiB |   3777 GiB |
|---------------------------------------------------------------------------|
| Requested memory      |   8868 KiB | 310444 KiB |   3738 GiB |   3738 GiB |
|---------------------------------------------------------------------------|
| GPU reserved memory   | 479232 KiB | 479232 KiB | 479232 KiB |      0 B   |
|---------------------------------------------------------------------------|
| Non-releasable memory |  13656 KiB | 184425 KiB |   2277 GiB |   2277 GiB |
|---------------------------------------------------------------------------|
| Allocations           |      23    |      56    |    1087 K  |    1087 K  |
|---------------------------------------------------------------------------|
| Active allocs         |      23    |      56    |    1087 K  |    1087 K  |
|---------------------------------------------------------------------------|
| GPU reserved segments |      14    |      14    |      14    |       0    |
|---------------------------------------------------------------------------|
| Non-releasable allocs |      10    |      27    |  476002    |  475992    |
|---------------------------------------------------------------------------|
| Oversize allocations  |       0    |       0    |       0    |       0    |
|---------------------------------------------------------------------------|
| Oversize GPU segments |       0    |       0    |       0    |       0    |
|===========================================================================|


