2025-05-13 08:50:14,146 kilosort.run_kilosort INFO     Kilosort version 4.0.25
2025-05-13 08:50:14,150 kilosort.run_kilosort INFO     Python version 3.9.21
2025-05-13 08:50:14,151 kilosort.run_kilosort INFO     ----------------------------------------
2025-05-13 08:50:14,151 kilosort.run_kilosort INFO     System information:
2025-05-13 08:50:14,151 kilosort.run_kilosort INFO     Linux-4.18.0-477.74.1.el8_8.x86_64-x86_64-with-glibc2.28 x86_64
2025-05-13 08:50:14,152 kilosort.run_kilosort INFO     x86_64
2025-05-13 08:50:14,152 kilosort.run_kilosort INFO     Using CPU for PyTorch computations. Specify `device` to change this.
2025-05-13 08:50:14,152 kilosort.run_kilosort INFO     ----------------------------------------
2025-05-13 08:50:14,152 kilosort.run_kilosort INFO     Sorting /home/lss72/palmer_scratch/spike_sort/2014_03_26_Pair_2_0
2025-05-13 08:50:14,153 kilosort.run_kilosort DEBUG    Initial ops:

ops = {
    'n_chan_bin': 32,
    'fs': 30000,
    'batch_size': 60000,
    'nblocks': 1,
    'Th_universal': 9,
    'Th_learned': 8,
    'tmin': 0,
    'tmax': 5,
    'nt': 61,
    'shift': None,
    'scale': None,
    'artifact_threshold': inf,
    'nskip': 25,
    'whitening_range': 32,
    'highpass_cutoff': 300,
    'binning_depth': 5,
    'sig_interp': 20,
    'drift_smoothing': [0.5, 0.5, 0.5],
    'nt0min': 20,
    'dmin': None,
    'dminx': 32,
    'min_template_size': 10,
    'template_sizes': 5,
    'nearest_chans': 10,
    'nearest_templates': 100,
    'max_channel_distance': 32,
    'max_peels': 100,
    'templates_from_data': True,
    'n_templates': 6,
    'n_pcs': 6,
    'Th_single_ch': 6,
    'acg_threshold': 0.2,
    'ccg_threshold': 0.25,
    'cluster_downsampling': 20,
    'x_centers': None,
    'duplicate_spike_ms': 0.25,
    'position_limit': 100,
    'data_dir': PosixPath('/home/lss72/palmer_scratch/spike_sort'),
    'filename': PosixPath('/home/lss72/palmer_scratch/spike_sort/2014_03_26_Pair_2_0'),
    'data_dtype': dtype('float32'),
    'do_CAR': True,
    'invert_sign': False,
    'NTbuff': 60122,
    'Nchan': 32,
    'duplicate_spike_bins': 7,
    'torch_device': 'cpu',
    'save_preprocessed_copy': False
}

2025-05-13 08:50:14,156 kilosort.run_kilosort DEBUG    Probe dictionary:

probe = {
    'chanMap': np.array([ 0,  1,  2,  3,  4,  5,  6,  7,  8,  9, 10, 11, 12, 13, 14, 15, 16,
       17, 18, 19, 20, 21, 22, 23, 24, 25, 26, 27, 28, 29, 30, 31]),
    'xc': np.array([25.5, 25.5, 43.5, 43.5, 43.5, 43.5, 43.5, 43.5, 25.5, 25.5, 43.5,
       43.5, 43.5, 43.5, 25.5, 25.5, 25.5, 25.5,  7.5,  7.5,  7.5,  7.5,
       25.5, 25.5,  7.5,  7.5,  7.5,  7.5,  7.5,  7.5, 25.5, 25.5],
      dtype=np.float32),
    'yc': np.array([282.5, 232.5,  20. ,  45. ,  95. , 145. , 195. , 245. ,  82.5,
        32.5, 220. , 170. , 120. ,  70. , 132.5, 182.5, 157.5, 107.5,
        70. , 120. , 170. , 220. ,   7.5,  57.5, 245. , 195. , 145. ,
        95. ,  45. ,  20. , 207.5, 257.5], dtype=np.float32),
    'kcoords': np.array([0., 0., 0., 0., 0., 0., 0., 0., 0., 0., 0., 0., 0., 0., 0., 0., 0.,
       0., 0., 0., 0., 0., 0., 0., 0., 0., 0., 0., 0., 0., 0., 0.]),
    'n_chan': 32
}

2025-05-13 08:50:14,156 kilosort.run_kilosort INFO      
2025-05-13 08:50:14,156 kilosort.run_kilosort INFO     Computing preprocessing variables.
2025-05-13 08:50:14,156 kilosort.run_kilosort INFO     ----------------------------------------
2025-05-13 08:50:14,158 kilosort.run_kilosort INFO     N samples: 150000
2025-05-13 08:50:14,159 kilosort.run_kilosort INFO     N seconds: 5.0
2025-05-13 08:50:14,159 kilosort.run_kilosort INFO     N batches: 3
2025-05-13 08:50:14,196 kilosort.run_kilosort INFO     Preprocessing filters computed in  0.04s; total  0.04s
2025-05-13 08:50:14,200 kilosort.run_kilosort DEBUG    hp_filter shape: torch.Size([30122])
2025-05-13 08:50:14,200 kilosort.run_kilosort DEBUG    whiten_mat shape: torch.Size([32, 32])
2025-05-13 08:50:14,200 kilosort.run_kilosort INFO      
2025-05-13 08:50:14,201 kilosort.run_kilosort INFO     Resource usage after preprocessing
2025-05-13 08:50:14,201 kilosort.run_kilosort INFO     ********************************************************
2025-05-13 08:50:14,202 kilosort.run_kilosort INFO     CPU usage:     3.10 %
2025-05-13 08:50:14,202 kilosort.run_kilosort INFO     Memory:        5.44 %     |     41.04   /   754.60 GB
2025-05-13 08:50:14,203 kilosort.run_kilosort INFO     ------------------------------------------------------
2025-05-13 08:50:14,203 kilosort.run_kilosort INFO     GPU usage:    N/A
2025-05-13 08:50:14,203 kilosort.run_kilosort INFO     GPU memory:   N/A
2025-05-13 08:50:14,203 kilosort.run_kilosort INFO     ********************************************************
2025-05-13 08:50:14,217 kilosort.run_kilosort INFO      
2025-05-13 08:50:14,218 kilosort.run_kilosort INFO     Computing drift correction.
2025-05-13 08:50:14,218 kilosort.run_kilosort INFO     ----------------------------------------
2025-05-13 08:50:14,218 kilosort.spikedetect INFO     Re-computing universal templates from data.
2025-05-13 08:50:14,799 kilosort.spikedetect INFO     Number of universal templates: 135
2025-05-13 08:50:14,812 kilosort.spikedetect INFO     Detecting spikes...
2025-05-13 08:50:14,813 kilosort.spikedetect DEBUG     
2025-05-13 08:50:14,813 kilosort.spikedetect DEBUG    Batch 0
2025-05-13 08:50:14,813 kilosort.spikedetect DEBUG    ********************************************************
2025-05-13 08:50:14,814 kilosort.spikedetect DEBUG    CPU usage:    14.50 %
2025-05-13 08:50:14,814 kilosort.spikedetect DEBUG    Memory:        5.44 %     |     41.04   /   754.60 GB
2025-05-13 08:50:14,814 kilosort.spikedetect DEBUG    ------------------------------------------------------
2025-05-13 08:50:14,814 kilosort.spikedetect DEBUG    GPU usage:    N/A
2025-05-13 08:50:14,814 kilosort.spikedetect DEBUG    GPU memory:   N/A
2025-05-13 08:50:14,814 kilosort.spikedetect DEBUG    ********************************************************
2025-05-13 08:50:17,162 kilosort.spikedetect DEBUG     
2025-05-13 08:50:17,162 kilosort.spikedetect DEBUG    Batch 2
2025-05-13 08:50:17,162 kilosort.spikedetect DEBUG    ********************************************************
2025-05-13 08:50:17,162 kilosort.spikedetect DEBUG    CPU usage:    30.50 %
2025-05-13 08:50:17,162 kilosort.spikedetect DEBUG    Memory:        5.45 %     |     41.10   /   754.60 GB
2025-05-13 08:50:17,162 kilosort.spikedetect DEBUG    ------------------------------------------------------
2025-05-13 08:50:17,162 kilosort.spikedetect DEBUG    GPU usage:    N/A
2025-05-13 08:50:17,162 kilosort.spikedetect DEBUG    GPU memory:   N/A
2025-05-13 08:50:17,162 kilosort.spikedetect DEBUG    ********************************************************
2025-05-13 08:50:17,191 kilosort.run_kilosort INFO     drift computed in  2.97s; total  3.04s
2025-05-13 08:50:17,192 kilosort.run_kilosort DEBUG    st shape: (653, 6)
2025-05-13 08:50:17,192 kilosort.run_kilosort DEBUG    yblk shape: (1,)
2025-05-13 08:50:17,192 kilosort.run_kilosort DEBUG    dshift shape: (3, 1)
2025-05-13 08:50:17,192 kilosort.run_kilosort DEBUG    iKxx shape: torch.Size([32, 32])
2025-05-13 08:50:17,192 kilosort.run_kilosort INFO      
2025-05-13 08:50:17,193 kilosort.run_kilosort INFO     Resource usage after drift correction
2025-05-13 08:50:17,193 kilosort.run_kilosort INFO     ********************************************************
2025-05-13 08:50:17,194 kilosort.run_kilosort INFO     CPU usage:    28.70 %
2025-05-13 08:50:17,194 kilosort.run_kilosort INFO     Memory:        5.45 %     |     41.10   /   754.60 GB
2025-05-13 08:50:17,195 kilosort.run_kilosort INFO     ------------------------------------------------------
2025-05-13 08:50:17,195 kilosort.run_kilosort INFO     GPU usage:    N/A
2025-05-13 08:50:17,195 kilosort.run_kilosort INFO     GPU memory:   N/A
2025-05-13 08:50:17,196 kilosort.run_kilosort INFO     ********************************************************
2025-05-13 08:50:17,223 kilosort.run_kilosort DEBUG    First batch min, max: (-19.73768, 10.214557)
2025-05-13 08:50:17,223 kilosort.run_kilosort INFO      
2025-05-13 08:50:17,224 kilosort.run_kilosort INFO     Extracting spikes using templates
2025-05-13 08:50:17,225 kilosort.run_kilosort INFO     ----------------------------------------
2025-05-13 08:50:17,226 kilosort.spikedetect INFO     Re-computing universal templates from data.
2025-05-13 08:50:17,808 kilosort.spikedetect INFO     Number of universal templates: 135
2025-05-13 08:50:17,816 kilosort.spikedetect INFO     Detecting spikes...
2025-05-13 08:50:17,818 kilosort.spikedetect DEBUG     
2025-05-13 08:50:17,818 kilosort.spikedetect DEBUG    Batch 0
2025-05-13 08:50:17,818 kilosort.spikedetect DEBUG    ********************************************************
2025-05-13 08:50:17,818 kilosort.spikedetect DEBUG    CPU usage:    15.60 %
2025-05-13 08:50:17,818 kilosort.spikedetect DEBUG    Memory:        5.45 %     |     41.10   /   754.60 GB
2025-05-13 08:50:17,818 kilosort.spikedetect DEBUG    ------------------------------------------------------
2025-05-13 08:50:17,818 kilosort.spikedetect DEBUG    GPU usage:    N/A
2025-05-13 08:50:17,818 kilosort.spikedetect DEBUG    GPU memory:   N/A
2025-05-13 08:50:17,818 kilosort.spikedetect DEBUG    ********************************************************
2025-05-13 08:50:20,128 kilosort.spikedetect DEBUG     
2025-05-13 08:50:20,128 kilosort.spikedetect DEBUG    Batch 2
2025-05-13 08:50:20,128 kilosort.spikedetect DEBUG    ********************************************************
2025-05-13 08:50:20,128 kilosort.spikedetect DEBUG    CPU usage:    30.70 %
2025-05-13 08:50:20,128 kilosort.spikedetect DEBUG    Memory:        5.44 %     |     41.08   /   754.60 GB
2025-05-13 08:50:20,128 kilosort.spikedetect DEBUG    ------------------------------------------------------
2025-05-13 08:50:20,128 kilosort.spikedetect DEBUG    GPU usage:    N/A
2025-05-13 08:50:20,128 kilosort.spikedetect DEBUG    GPU memory:   N/A
2025-05-13 08:50:20,128 kilosort.spikedetect DEBUG    ********************************************************
2025-05-13 08:50:20,129 kilosort.run_kilosort INFO     637 spikes extracted in  2.91s; total  5.98s
2025-05-13 08:50:20,129 kilosort.run_kilosort DEBUG    st0 shape: (637, 6)
2025-05-13 08:50:20,129 kilosort.run_kilosort DEBUG    tF shape: torch.Size([637, 10, 6])
2025-05-13 08:50:20,129 kilosort.run_kilosort INFO      
2025-05-13 08:50:20,130 kilosort.run_kilosort INFO     First clustering
2025-05-13 08:50:20,130 kilosort.run_kilosort INFO     ----------------------------------------
2025-05-13 08:50:20,135 kilosort.clustering_qr DEBUG     
2025-05-13 08:50:20,135 kilosort.clustering_qr DEBUG    Cluster center: 0 of 12
2025-05-13 08:50:20,135 kilosort.clustering_qr DEBUG    ********************************************************
2025-05-13 08:50:20,136 kilosort.clustering_qr DEBUG    CPU usage:    18.50 %
2025-05-13 08:50:20,136 kilosort.clustering_qr DEBUG    Memory:        5.44 %     |     41.08   /   754.60 GB
2025-05-13 08:50:20,136 kilosort.clustering_qr DEBUG    ------------------------------------------------------
2025-05-13 08:50:20,136 kilosort.clustering_qr DEBUG    GPU usage:    N/A
2025-05-13 08:50:20,136 kilosort.clustering_qr DEBUG    GPU memory:   N/A
2025-05-13 08:50:20,136 kilosort.clustering_qr DEBUG    ********************************************************
2025-05-13 08:50:20,137 kilosort.clustering_qr DEBUG    Center 0 | nsp: 122 | ntemp: 12
2025-05-13 08:50:20,138 kilosort.clustering_qr DEBUG    Center 1 | nsp: 70 | ntemp: 12
2025-05-13 08:50:20,139 kilosort.clustering_qr DEBUG    Center 2 | nsp: 44 | ntemp: 12
2025-05-13 08:50:20,140 kilosort.clustering_qr DEBUG    Center 3 | nsp: 25 | ntemp: 12
2025-05-13 08:50:20,141 kilosort.clustering_qr DEBUG    Center 4 | nsp: 27 | ntemp: 12
2025-05-13 08:50:20,143 kilosort.clustering_qr DEBUG    Center 5 | nsp: 33 | ntemp: 12
2025-05-13 08:50:20,144 kilosort.clustering_qr DEBUG    Center 6 | nsp: 75 | ntemp: 12
2025-05-13 08:50:20,145 kilosort.clustering_qr DEBUG    Center 7 | nsp: 27 | ntemp: 12
2025-05-13 08:50:20,146 kilosort.clustering_qr DEBUG    Center 8 | nsp: 62 | ntemp: 12
2025-05-13 08:50:20,147 kilosort.clustering_qr DEBUG    Center 9 | nsp: 71 | ntemp: 12
2025-05-13 08:50:20,147 kilosort.clustering_qr DEBUG     
2025-05-13 08:50:20,147 kilosort.clustering_qr DEBUG    Cluster center: 10 of 12
2025-05-13 08:50:20,147 kilosort.clustering_qr DEBUG    ********************************************************
2025-05-13 08:50:20,148 kilosort.clustering_qr DEBUG    CPU usage:    28.60 %
2025-05-13 08:50:20,148 kilosort.clustering_qr DEBUG    Memory:        5.44 %     |     41.08   /   754.60 GB
2025-05-13 08:50:20,148 kilosort.clustering_qr DEBUG    ------------------------------------------------------
2025-05-13 08:50:20,148 kilosort.clustering_qr DEBUG    GPU usage:    N/A
2025-05-13 08:50:20,148 kilosort.clustering_qr DEBUG    GPU memory:   N/A
2025-05-13 08:50:20,148 kilosort.clustering_qr DEBUG    ********************************************************
2025-05-13 08:50:20,149 kilosort.clustering_qr DEBUG    Center 10 | nsp: 55 | ntemp: 12
2025-05-13 08:50:20,149 kilosort.clustering_qr DEBUG    Center 11 | nsp: 26 | ntemp: 3
2025-05-13 08:50:20,157 kilosort.run_kilosort INFO     12 clusters found, in  0.03s; total  6.00s
2025-05-13 08:50:20,157 kilosort.run_kilosort DEBUG    clu shape: (637,)
2025-05-13 08:50:20,157 kilosort.run_kilosort DEBUG    Wall shape: torch.Size([12, 32, 6])
2025-05-13 08:50:20,157 kilosort.run_kilosort INFO      
2025-05-13 08:50:20,158 kilosort.run_kilosort INFO     Extracting spikes using cluster waveforms
2025-05-13 08:50:20,158 kilosort.run_kilosort INFO     ----------------------------------------
2025-05-13 08:50:20,171 kilosort.template_matching DEBUG     
2025-05-13 08:50:20,171 kilosort.template_matching DEBUG    Batch 0
2025-05-13 08:50:20,171 kilosort.template_matching DEBUG    ********************************************************
2025-05-13 08:50:20,171 kilosort.template_matching DEBUG    CPU usage:    31.00 %
2025-05-13 08:50:20,171 kilosort.template_matching DEBUG    Memory:        5.47 %     |     41.30   /   754.60 GB
2025-05-13 08:50:20,171 kilosort.template_matching DEBUG    ------------------------------------------------------
2025-05-13 08:50:20,171 kilosort.template_matching DEBUG    GPU usage:    N/A
2025-05-13 08:50:20,171 kilosort.template_matching DEBUG    GPU memory:   N/A
2025-05-13 08:50:20,171 kilosort.template_matching DEBUG    ********************************************************
2025-05-13 08:50:20,387 kilosort.template_matching DEBUG     
2025-05-13 08:50:20,387 kilosort.template_matching DEBUG    Batch 2
2025-05-13 08:50:20,387 kilosort.template_matching DEBUG    ********************************************************
2025-05-13 08:50:20,388 kilosort.template_matching DEBUG    CPU usage:    30.40 %
2025-05-13 08:50:20,388 kilosort.template_matching DEBUG    Memory:        5.47 %     |     41.30   /   754.60 GB
2025-05-13 08:50:20,388 kilosort.template_matching DEBUG    ------------------------------------------------------
2025-05-13 08:50:20,388 kilosort.template_matching DEBUG    GPU usage:    N/A
2025-05-13 08:50:20,388 kilosort.template_matching DEBUG    GPU memory:   N/A
2025-05-13 08:50:20,388 kilosort.template_matching DEBUG    ********************************************************
2025-05-13 08:50:20,389 kilosort.run_kilosort INFO     796 spikes extracted in  0.23s; total  6.24s
2025-05-13 08:50:20,390 kilosort.run_kilosort DEBUG    st shape: (796, 3)
2025-05-13 08:50:20,390 kilosort.run_kilosort DEBUG    tF shape: torch.Size([796, 10, 6])
2025-05-13 08:50:20,390 kilosort.run_kilosort DEBUG    iCC shape: torch.Size([10, 32])
2025-05-13 08:50:20,390 kilosort.run_kilosort DEBUG    iU shape: torch.Size([12])
2025-05-13 08:50:20,390 kilosort.run_kilosort INFO      
2025-05-13 08:50:20,390 kilosort.run_kilosort INFO     Resource usage after spike detection
2025-05-13 08:50:20,391 kilosort.run_kilosort INFO     ********************************************************
2025-05-13 08:50:20,391 kilosort.run_kilosort INFO     CPU usage:    25.00 %
2025-05-13 08:50:20,392 kilosort.run_kilosort INFO     Memory:        5.44 %     |     41.08   /   754.60 GB
2025-05-13 08:50:20,392 kilosort.run_kilosort INFO     ------------------------------------------------------
2025-05-13 08:50:20,392 kilosort.run_kilosort INFO     GPU usage:    N/A
2025-05-13 08:50:20,393 kilosort.run_kilosort INFO     GPU memory:   N/A
2025-05-13 08:50:20,393 kilosort.run_kilosort INFO     ********************************************************
2025-05-13 08:50:20,393 kilosort.run_kilosort INFO      
2025-05-13 08:50:20,394 kilosort.run_kilosort INFO     Final clustering
2025-05-13 08:50:20,394 kilosort.run_kilosort INFO     ----------------------------------------
2025-05-13 08:50:20,409 kilosort.clustering_qr DEBUG     
2025-05-13 08:50:20,409 kilosort.clustering_qr DEBUG    Cluster center: 0 of 12
2025-05-13 08:50:20,409 kilosort.clustering_qr DEBUG    ********************************************************
2025-05-13 08:50:20,409 kilosort.clustering_qr DEBUG    CPU usage:    18.70 %
2025-05-13 08:50:20,409 kilosort.clustering_qr DEBUG    Memory:        5.44 %     |     41.08   /   754.60 GB
2025-05-13 08:50:20,409 kilosort.clustering_qr DEBUG    ------------------------------------------------------
2025-05-13 08:50:20,409 kilosort.clustering_qr DEBUG    GPU usage:    N/A
2025-05-13 08:50:20,409 kilosort.clustering_qr DEBUG    GPU memory:   N/A
2025-05-13 08:50:20,409 kilosort.clustering_qr DEBUG    ********************************************************
2025-05-13 08:50:20,410 kilosort.clustering_qr DEBUG    Center 0 | nsp: 143 | ntemp: 1
2025-05-13 08:50:20,410 kilosort.clustering_qr DEBUG    Center 1 | nsp: 43 | ntemp: 1
2025-05-13 08:50:20,411 kilosort.clustering_qr DEBUG    Center 2 | nsp: 25 | ntemp: 1
2025-05-13 08:50:20,412 kilosort.clustering_qr DEBUG    Center 3 | nsp: 60 | ntemp: 1
2025-05-13 08:50:20,412 kilosort.clustering_qr DEBUG    Center 4 | nsp: 30 | ntemp: 1
2025-05-13 08:50:20,413 kilosort.clustering_qr DEBUG    Center 5 | nsp: 60 | ntemp: 1
2025-05-13 08:50:20,413 kilosort.clustering_qr DEBUG    Center 6 | nsp: 80 | ntemp: 1
2025-05-13 08:50:20,414 kilosort.clustering_qr DEBUG    Center 7 | nsp: 37 | ntemp: 1
2025-05-13 08:50:20,415 kilosort.clustering_qr DEBUG    Center 8 | nsp: 64 | ntemp: 1
2025-05-13 08:50:20,415 kilosort.clustering_qr DEBUG    Center 9 | nsp: 64 | ntemp: 1
2025-05-13 08:50:20,415 kilosort.clustering_qr DEBUG     
2025-05-13 08:50:20,415 kilosort.clustering_qr DEBUG    Cluster center: 10 of 12
2025-05-13 08:50:20,415 kilosort.clustering_qr DEBUG    ********************************************************
2025-05-13 08:50:20,416 kilosort.clustering_qr DEBUG    CPU usage:    29.20 %
2025-05-13 08:50:20,416 kilosort.clustering_qr DEBUG    Memory:        5.44 %     |     41.08   /   754.60 GB
2025-05-13 08:50:20,416 kilosort.clustering_qr DEBUG    ------------------------------------------------------
2025-05-13 08:50:20,416 kilosort.clustering_qr DEBUG    GPU usage:    N/A
2025-05-13 08:50:20,416 kilosort.clustering_qr DEBUG    GPU memory:   N/A
2025-05-13 08:50:20,416 kilosort.clustering_qr DEBUG    ********************************************************
2025-05-13 08:50:20,416 kilosort.clustering_qr DEBUG    Center 10 | nsp: 0 | ntemp: 0
2025-05-13 08:50:20,416 kilosort.clustering_qr DEBUG    Center 11 | nsp: 190 | ntemp: 2
2025-05-13 08:50:20,418 kilosort.run_kilosort INFO     11 clusters found, in  0.02s; total  6.26s
2025-05-13 08:50:20,418 kilosort.run_kilosort DEBUG    clu shape: (796,)
2025-05-13 08:50:20,418 kilosort.run_kilosort DEBUG    Wall shape: torch.Size([11, 32, 6])
2025-05-13 08:50:20,418 kilosort.run_kilosort INFO      
2025-05-13 08:50:20,419 kilosort.run_kilosort INFO     Merging clusters
2025-05-13 08:50:20,419 kilosort.run_kilosort INFO     ----------------------------------------
2025-05-13 08:50:20,438 kilosort.run_kilosort INFO     11 units found, in  0.02s; total  6.28s
2025-05-13 08:50:20,438 kilosort.run_kilosort DEBUG    clu shape: (796,)
2025-05-13 08:50:20,438 kilosort.run_kilosort DEBUG    Wall shape: torch.Size([11, 32, 6])
2025-05-13 08:50:20,438 kilosort.run_kilosort INFO      
2025-05-13 08:50:20,439 kilosort.run_kilosort INFO     Resource usage after clustering
2025-05-13 08:50:20,439 kilosort.run_kilosort INFO     ********************************************************
2025-05-13 08:50:20,440 kilosort.run_kilosort INFO     CPU usage:    27.90 %
2025-05-13 08:50:20,440 kilosort.run_kilosort INFO     Memory:        5.44 %     |     41.08   /   754.60 GB
2025-05-13 08:50:20,441 kilosort.run_kilosort INFO     ------------------------------------------------------
2025-05-13 08:50:20,441 kilosort.run_kilosort INFO     GPU usage:    N/A
2025-05-13 08:50:20,441 kilosort.run_kilosort INFO     GPU memory:   N/A
2025-05-13 08:50:20,442 kilosort.run_kilosort INFO     ********************************************************
2025-05-13 08:50:20,442 kilosort.run_kilosort INFO      
2025-05-13 08:50:20,443 kilosort.run_kilosort INFO     Saving to phy and computing refractory periods
2025-05-13 08:50:20,443 kilosort.run_kilosort INFO     ----------------------------------------
2025-05-13 08:50:20,724 kilosort.run_kilosort INFO     2 units found with good refractory periods
2025-05-13 08:50:20,725 kilosort.run_kilosort INFO     Total runtime: 6.57s = 00:00:7 h:m:s
2025-05-13 08:50:20,742 kilosort.run_kilosort INFO     Sorting output saved in: /home/lss72/palmer_scratch/spike_sort/kilosort4.
2025-05-13 08:50:20,743 kilosort.run_kilosort INFO      
2025-05-13 08:50:20,743 kilosort.run_kilosort INFO     Resource usage after saving
2025-05-13 08:50:20,743 kilosort.run_kilosort INFO     ********************************************************
2025-05-13 08:50:20,744 kilosort.run_kilosort INFO     CPU usage:     5.00 %
2025-05-13 08:50:20,744 kilosort.run_kilosort INFO     Memory:        5.44 %     |     41.08   /   754.60 GB
2025-05-13 08:50:20,744 kilosort.run_kilosort INFO     ------------------------------------------------------
2025-05-13 08:50:20,745 kilosort.run_kilosort INFO     GPU usage:    N/A
2025-05-13 08:50:20,745 kilosort.run_kilosort INFO     GPU memory:   N/A
2025-05-13 08:50:20,745 kilosort.run_kilosort INFO     ********************************************************
