2025-02-26 22:02:30,254 kilosort.run_kilosort INFO     Kilosort version 4.0.25
2025-02-26 22:02:30,257 kilosort.run_kilosort INFO     Python version 3.9.21
2025-02-26 22:02:30,258 kilosort.run_kilosort INFO     ----------------------------------------
2025-02-26 22:02:30,258 kilosort.run_kilosort INFO     System information:
2025-02-26 22:02:30,259 kilosort.run_kilosort INFO     Linux-4.18.0-477.74.1.el8_8.x86_64-x86_64-with-glibc2.28 x86_64
2025-02-26 22:02:30,259 kilosort.run_kilosort INFO     x86_64
2025-02-26 22:02:30,259 kilosort.run_kilosort INFO     Using GPU for PyTorch computations. Specify `device` to change this.
2025-02-26 22:02:30,260 kilosort.run_kilosort INFO     Using CUDA device: NVIDIA A100-PCIE-40GB 39.50GB
2025-02-26 22:02:30,261 kilosort.run_kilosort INFO     ----------------------------------------
2025-02-26 22:02:30,261 kilosort.run_kilosort INFO     Sorting /home/lss72/palmer_scratch/spike_sort/neuropixels.bin
2025-02-26 22:02:30,262 kilosort.run_kilosort INFO     Interpreting binary file as default dtype='int16'. If data was saved in a different format, specify `data_dtype`.
2025-02-26 22:02:30,262 kilosort.run_kilosort DEBUG    Initial ops:

ops = {
    'n_chan_bin': 385,
    'fs': 30000,
    'batch_size': 60000,
    'nblocks': 1,
    'Th_universal': 9,
    'Th_learned': 8,
    'tmin': 0,
    'tmax': 10,
    'nt': 61,
    'shift': None,
    'scale': None,
    'artifact_threshold': inf,
    'nskip': 25,
    'whitening_range': 32,
    'highpass_cutoff': 300,
    'binning_depth': 5,
    'sig_interp': 20,
    'drift_smoothing': [0.5, 0.5, 0.5],
    'nt0min': 20,
    'dmin': None,
    'dminx': 32,
    'min_template_size': 10,
    'template_sizes': 5,
    'nearest_chans': 10,
    'nearest_templates': 100,
    'max_channel_distance': 32,
    'max_peels': 100,
    'templates_from_data': True,
    'n_templates': 6,
    'n_pcs': 6,
    'Th_single_ch': 6,
    'acg_threshold': 0.2,
    'ccg_threshold': 0.25,
    'cluster_downsampling': 20,
    'x_centers': None,
    'duplicate_spike_ms': 0.25,
    'position_limit': 100,
    'data_dir': PosixPath('/home/lss72/palmer_scratch/spike_sort'),
    'probe_path': 'forPRBimecP3opt3.mat',
    'filename': PosixPath('/home/lss72/palmer_scratch/spike_sort/neuropixels.bin'),
    'data_dtype': 'int16',
    'do_CAR': True,
    'invert_sign': False,
    'NTbuff': 60122,
    'Nchan': 374,
    'duplicate_spike_bins': 7,
    'torch_device': 'cuda',
    'save_preprocessed_copy': False
}

2025-02-26 22:02:30,273 kilosort.run_kilosort DEBUG    Probe dictionary:

probe = {
    'xc': np.array([41., 11., 59., 29., 41., 11., 59., 29., 41., 11., 59., 29., 41.,
       11., 59., 29., 41., 11., 59., 29., 41., 11., 59., 29., 41., 11.,
       59., 29., 41., 11., 59., 29., 41., 11., 59., 29., 11., 59., 29.,
       41., 11., 59., 29., 41., 11., 59., 29., 41., 11., 59., 29., 41.,
       11., 59., 29., 41., 11., 59., 29., 41., 11., 59., 29., 41., 11.,
       59., 29., 41., 11., 59., 29., 41., 11., 59., 41., 11., 59., 29.,
       41., 11., 59., 29., 41., 11., 59., 29., 41., 11., 59., 29., 41.,
       11., 59., 29., 41., 11., 59., 29., 41., 11., 59., 29., 41., 11.,
       59., 29., 41., 11., 59., 29., 11., 59., 29., 41., 11., 59., 29.,
       41., 11., 59., 29., 41., 11., 59., 29., 41., 11., 59., 29., 41.,
       11., 59., 29., 41., 11., 59., 29., 41., 11., 59., 29., 41., 11.,
       59., 29., 41., 11., 59., 41., 11., 59., 29., 41., 11., 59., 29.,
       41., 11., 59., 29., 41., 11., 59., 29., 41., 11., 59., 29., 41.,
       11., 59., 29., 41., 11., 59., 29., 41., 11., 59., 29., 41., 11.,
       59., 29., 11., 59., 29., 41., 11., 59., 29., 41., 11., 59., 29.,
       41., 11., 59., 29., 41., 11., 59., 29., 41., 11., 59., 29., 41.,
       11., 59., 29., 41., 11., 59., 29., 41., 11., 59., 29., 41., 11.,
       59., 41., 11., 59., 29., 41., 11., 59., 29., 41., 11., 59., 29.,
       41., 11., 59., 29., 41., 11., 59., 29., 41., 11., 59., 29., 41.,
       11., 59., 29., 41., 11., 59., 29., 41., 11., 59., 29., 11., 59.,
       29., 41., 11., 59., 29., 41., 11., 59., 29., 41., 11., 59., 29.,
       41., 11., 59., 29., 41., 11., 59., 29., 41., 11., 59., 29., 41.,
       11., 59., 29., 41., 11., 59., 29., 41., 11., 59., 41., 11., 59.,
       29., 41., 11., 59., 29., 41., 11., 59., 29., 41., 11., 59., 29.,
       41., 11., 59., 29., 41., 11., 59., 29., 41., 11., 59., 29., 41.,
       11., 59., 29., 41., 11., 59., 29., 11., 59., 29., 41., 11., 59.,
       29., 41., 11., 59., 29., 41., 11., 59., 29., 41., 11., 59., 29.,
       41., 11., 59., 29., 41., 11., 59., 29., 41., 11., 59., 29., 41.,
       11., 59., 29., 41., 11., 59., 41., 11., 59., 29.], dtype=np.float32),
    'yc': np.array([  20.,   20.,   40.,   40.,   60.,   60.,   80.,   80.,  100.,
        100.,  120.,  120.,  140.,  140.,  160.,  160.,  180.,  180.,
        200.,  200.,  220.,  220.,  240.,  240.,  260.,  260.,  280.,
        280.,  300.,  300.,  320.,  320.,  340.,  340.,  360.,  360.,
        380.,  400.,  400.,  420.,  420.,  440.,  440.,  460.,  460.,
        480.,  480.,  500.,  500.,  520.,  520.,  540.,  540.,  560.,
        560.,  580.,  580.,  600.,  600.,  620.,  620.,  640.,  640.,
        660.,  660.,  680.,  680.,  700.,  700.,  720.,  720.,  740.,
        740.,  760.,  780.,  780.,  800.,  800.,  820.,  820.,  840.,
        840.,  860.,  860.,  880.,  880.,  900.,  900.,  920.,  920.,
        940.,  940.,  960.,  960.,  980.,  980., 1000., 1000., 1020.,
       1020., 1040., 1040., 1060., 1060., 1080., 1080., 1100., 1100.,
       1120., 1120., 1140., 1160., 1160., 1180., 1180., 1200., 1200.,
       1220., 1220., 1240., 1240., 1260., 1260., 1280., 1280., 1300.,
       1300., 1320., 1320., 1340., 1340., 1360., 1360., 1380., 1380.,
       1400., 1400., 1420., 1420., 1440., 1440., 1460., 1460., 1480.,
       1480., 1500., 1500., 1520., 1540., 1540., 1560., 1560., 1580.,
       1580., 1600., 1600., 1620., 1620., 1640., 1640., 1660., 1660.,
       1680., 1680., 1700., 1700., 1720., 1720., 1740., 1740., 1760.,
       1760., 1780., 1780., 1800., 1800., 1820., 1820., 1840., 1840.,
       1860., 1860., 1880., 1880., 1900., 1920., 1920., 1940., 1940.,
       1960., 1960., 1980., 1980., 2000., 2000., 2020., 2020., 2040.,
       2040., 2060., 2060., 2080., 2080., 2100., 2100., 2120., 2120.,
       2140., 2140., 2160., 2160., 2180., 2180., 2200., 2200., 2220.,
       2220., 2240., 2240., 2260., 2260., 2280., 2300., 2300., 2320.,
       2320., 2340., 2340., 2360., 2360., 2380., 2380., 2400., 2400.,
       2420., 2420., 2440., 2440., 2460., 2460., 2480., 2480., 2500.,
       2500., 2520., 2520., 2540., 2540., 2560., 2560., 2580., 2580.,
       2600., 2600., 2620., 2620., 2640., 2640., 2660., 2680., 2680.,
       2700., 2700., 2720., 2720., 2740., 2740., 2760., 2760., 2780.,
       2780., 2800., 2800., 2820., 2820., 2840., 2840., 2860., 2860.,
       2880., 2880., 2900., 2900., 2920., 2920., 2940., 2940., 2960.,
       2960., 2980., 2980., 3000., 3000., 3020., 3020., 3040., 3060.,
       3060., 3080., 3080., 3100., 3100., 3120., 3120., 3140., 3140.,
       3160., 3160., 3180., 3180., 3200., 3200., 3220., 3220., 3240.,
       3240., 3260., 3260., 3280., 3280., 3300., 3300., 3320., 3320.,
       3340., 3340., 3360., 3360., 3380., 3380., 3400., 3400., 3420.,
       3440., 3440., 3460., 3460., 3480., 3480., 3500., 3500., 3520.,
       3520., 3540., 3540., 3560., 3560., 3580., 3580., 3600., 3600.,
       3620., 3620., 3640., 3640., 3660., 3660., 3680., 3680., 3700.,
       3700., 3720., 3720., 3740., 3740., 3760., 3760., 3780., 3780.,
       3800., 3820., 3820., 3840., 3840.], dtype=np.float32),
    'kcoords': np.array([0., 0., 0., 0., 0., 0., 0., 0., 0., 0., 0., 0., 0., 0., 0., 0., 0.,
       0., 0., 0., 0., 0., 0., 0., 0., 0., 0., 0., 0., 0., 0., 0., 0., 0.,
       0., 0., 0., 0., 0., 0., 0., 0., 0., 0., 0., 0., 0., 0., 0., 0., 0.,
       0., 0., 0., 0., 0., 0., 0., 0., 0., 0., 0., 0., 0., 0., 0., 0., 0.,
       0., 0., 0., 0., 0., 0., 0., 0., 0., 0., 0., 0., 0., 0., 0., 0., 0.,
       0., 0., 0., 0., 0., 0., 0., 0., 0., 0., 0., 0., 0., 0., 0., 0., 0.,
       0., 0., 0., 0., 0., 0., 0., 0., 0., 0., 0., 0., 0., 0., 0., 0., 0.,
       0., 0., 0., 0., 0., 0., 0., 0., 0., 0., 0., 0., 0., 0., 0., 0., 0.,
       0., 0., 0., 0., 0., 0., 0., 0., 0., 0., 0., 0., 0., 0., 0., 0., 0.,
       0., 0., 0., 0., 0., 0., 0., 0., 0., 0., 0., 0., 0., 0., 0., 0., 0.,
       0., 0., 0., 0., 0., 0., 0., 0., 0., 0., 0., 0., 0., 0., 0., 0., 0.,
       0., 0., 0., 0., 0., 0., 0., 0., 0., 0., 0., 0., 0., 0., 0., 0., 0.,
       0., 0., 0., 0., 0., 0., 0., 0., 0., 0., 0., 0., 0., 0., 0., 0., 0.,
       0., 0., 0., 0., 0., 0., 0., 0., 0., 0., 0., 0., 0., 0., 0., 0., 0.,
       0., 0., 0., 0., 0., 0., 0., 0., 0., 0., 0., 0., 0., 0., 0., 0., 0.,
       0., 0., 0., 0., 0., 0., 0., 0., 0., 0., 0., 0., 0., 0., 0., 0., 0.,
       0., 0., 0., 0., 0., 0., 0., 0., 0., 0., 0., 0., 0., 0., 0., 0., 0.,
       0., 0., 0., 0., 0., 0., 0., 0., 0., 0., 0., 0., 0., 0., 0., 0., 0.,
       0., 0., 0., 0., 0., 0., 0., 0., 0., 0., 0., 0., 0., 0., 0., 0., 0.,
       0., 0., 0., 0., 0., 0., 0., 0., 0., 0., 0., 0., 0., 0., 0., 0., 0.,
       0., 0., 0., 0., 0., 0., 0., 0., 0., 0., 0., 0., 0., 0., 0., 0., 0.,
       0., 0., 0., 0., 0., 0., 0., 0., 0., 0., 0., 0., 0., 0., 0., 0., 0.],
      dtype=np.float32),
    'chanMap': np.array([  0,   1,   2,   3,   4,   5,   6,   7,   8,   9,  10,  11,  12,
        13,  14,  15,  16,  17,  18,  19,  20,  21,  22,  23,  24,  25,
        26,  27,  28,  29,  30,  31,  32,  33,  34,  35,  37,  38,  39,
        40,  41,  42,  43,  44,  45,  46,  47,  48,  49,  50,  51,  52,
        53,  54,  55,  56,  57,  58,  59,  60,  61,  62,  63,  64,  65,
        66,  67,  68,  69,  70,  71,  72,  73,  74,  76,  77,  78,  79,
        80,  81,  82,  83,  84,  85,  86,  87,  88,  89,  90,  91,  92,
        93,  94,  95,  96,  97,  98,  99, 100, 101, 102, 103, 104, 105,
       106, 107, 108, 109, 110, 111, 113, 114, 115, 116, 117, 118, 119,
       120, 121, 122, 123, 124, 125, 126, 127, 128, 129, 130, 131, 132,
       133, 134, 135, 136, 137, 138, 139, 140, 141, 142, 143, 144, 145,
       146, 147, 148, 149, 150, 152, 153, 154, 155, 156, 157, 158, 159,
       160, 161, 162, 163, 164, 165, 166, 167, 168, 169, 170, 171, 172,
       173, 174, 175, 176, 177, 178, 179, 180, 181, 182, 183, 184, 185,
       186, 187, 189, 190, 191, 192, 193, 194, 195, 196, 197, 198, 199,
       200, 201, 202, 203, 204, 205, 206, 207, 208, 209, 210, 211, 212,
       213, 214, 215, 216, 217, 218, 219, 220, 221, 222, 223, 224, 225,
       226, 228, 229, 230, 231, 232, 233, 234, 235, 236, 237, 238, 239,
       240, 241, 242, 243, 244, 245, 246, 247, 248, 249, 250, 251, 252,
       253, 254, 255, 256, 257, 258, 259, 260, 261, 262, 263, 265, 266,
       267, 268, 269, 270, 271, 272, 273, 274, 275, 276, 277, 278, 279,
       280, 281, 282, 283, 284, 285, 286, 287, 288, 289, 290, 291, 292,
       293, 294, 295, 296, 297, 298, 299, 300, 301, 302, 304, 305, 306,
       307, 308, 309, 310, 311, 312, 313, 314, 315, 316, 317, 318, 319,
       320, 321, 322, 323, 324, 325, 326, 327, 328, 329, 330, 331, 332,
       333, 334, 335, 336, 337, 338, 339, 341, 342, 343, 344, 345, 346,
       347, 348, 349, 350, 351, 352, 353, 354, 355, 356, 357, 358, 359,
       360, 361, 362, 363, 364, 365, 366, 367, 368, 369, 370, 371, 372,
       373, 374, 375, 376, 377, 378, 380, 381, 382, 383], dtype=np.int32),
    'n_chan': 384
}

2025-02-26 22:02:30,273 kilosort.run_kilosort INFO      
2025-02-26 22:02:30,274 kilosort.run_kilosort INFO     Computing preprocessing variables.
2025-02-26 22:02:30,274 kilosort.run_kilosort INFO     ----------------------------------------
2025-02-26 22:02:30,277 kilosort.run_kilosort INFO     N samples: 300000
2025-02-26 22:02:30,277 kilosort.run_kilosort INFO     N seconds: 10.0
2025-02-26 22:02:30,278 kilosort.run_kilosort INFO     N batches: 5
2025-02-26 22:02:30,639 kilosort.run_kilosort INFO     Preprocessing filters computed in  0.37s; total  0.38s
2025-02-26 22:02:30,641 kilosort.run_kilosort DEBUG    hp_filter shape: torch.Size([30122])
2025-02-26 22:02:30,641 kilosort.run_kilosort DEBUG    whiten_mat shape: torch.Size([374, 374])
2025-02-26 22:02:30,641 kilosort.run_kilosort INFO      
2025-02-26 22:02:30,642 kilosort.run_kilosort INFO     Resource usage after preprocessing
2025-02-26 22:02:30,642 kilosort.run_kilosort INFO     ********************************************************
2025-02-26 22:02:30,643 kilosort.run_kilosort INFO     CPU usage:     8.70 %
2025-02-26 22:02:30,644 kilosort.run_kilosort INFO     Memory:        8.49 %     |     64.05   /   754.60 GB
2025-02-26 22:02:30,644 kilosort.run_kilosort INFO     ------------------------------------------------------
2025-02-26 22:02:30,644 kilosort.run_kilosort INFO     GPU usage:    `conda install pynvml` for GPU usage
2025-02-26 22:02:30,645 kilosort.run_kilosort INFO     GPU memory:   14.33 %     |      5.66   /    39.50 GB
2025-02-26 22:02:30,646 kilosort.run_kilosort INFO     Allocated:     0.02 %     |      0.01   /    39.50 GB
2025-02-26 22:02:30,647 kilosort.run_kilosort INFO     Max alloc:     8.34 %     |      3.30   /    39.50 GB
2025-02-26 22:02:30,647 kilosort.run_kilosort INFO     ********************************************************
2025-02-26 22:02:30,654 kilosort.run_kilosort INFO      
2025-02-26 22:02:30,654 kilosort.run_kilosort INFO     Computing drift correction.
2025-02-26 22:02:30,655 kilosort.run_kilosort INFO     ----------------------------------------
2025-02-26 22:02:30,656 kilosort.spikedetect INFO     Re-computing universal templates from data.
2025-02-26 22:02:33,073 kilosort.spikedetect INFO     Number of universal templates: 1532
2025-02-26 22:02:33,180 kilosort.spikedetect INFO     Detecting spikes...
2025-02-26 22:02:33,182 kilosort.spikedetect DEBUG     
2025-02-26 22:02:33,182 kilosort.spikedetect DEBUG    Batch 0
2025-02-26 22:02:33,182 kilosort.spikedetect DEBUG    ********************************************************
2025-02-26 22:02:33,183 kilosort.spikedetect DEBUG    CPU usage:    32.30 %
2025-02-26 22:02:33,183 kilosort.spikedetect DEBUG    Memory:        8.49 %     |     64.09   /   754.60 GB
2025-02-26 22:02:33,183 kilosort.spikedetect DEBUG    ------------------------------------------------------
2025-02-26 22:02:33,183 kilosort.spikedetect DEBUG    GPU usage:    `conda install pynvml` for GPU usage
2025-02-26 22:02:33,183 kilosort.spikedetect DEBUG    GPU memory:   14.33 %     |      5.66   /    39.50 GB
2025-02-26 22:02:33,183 kilosort.spikedetect DEBUG    Allocated:     0.03 %     |      0.01   /    39.50 GB
2025-02-26 22:02:33,183 kilosort.spikedetect DEBUG    Max alloc:     8.34 %     |      3.30   /    39.50 GB
2025-02-26 22:02:33,183 kilosort.spikedetect DEBUG    ********************************************************
2025-02-26 22:02:34,740 kilosort.spikedetect DEBUG     
2025-02-26 22:02:34,740 kilosort.spikedetect DEBUG    Batch 4
2025-02-26 22:02:34,740 kilosort.spikedetect DEBUG    ********************************************************
2025-02-26 22:02:34,741 kilosort.spikedetect DEBUG    CPU usage:    11.20 %
2025-02-26 22:02:34,741 kilosort.spikedetect DEBUG    Memory:        8.49 %     |     64.10   /   754.60 GB
2025-02-26 22:02:34,741 kilosort.spikedetect DEBUG    ------------------------------------------------------
2025-02-26 22:02:34,741 kilosort.spikedetect DEBUG    GPU usage:    `conda install pynvml` for GPU usage
2025-02-26 22:02:34,741 kilosort.spikedetect DEBUG    GPU memory:   14.33 %     |      5.66   /    39.50 GB
2025-02-26 22:02:34,742 kilosort.spikedetect DEBUG    Allocated:     0.27 %     |      0.11   /    39.50 GB
2025-02-26 22:02:34,742 kilosort.spikedetect DEBUG    Max alloc:     8.34 %     |      3.30   /    39.50 GB
2025-02-26 22:02:34,742 kilosort.spikedetect DEBUG    ********************************************************
2025-02-26 22:02:34,832 kilosort.run_kilosort INFO     drift computed in  4.18s; total  4.57s
2025-02-26 22:02:34,832 kilosort.run_kilosort DEBUG    st shape: (30082, 6)
2025-02-26 22:02:34,832 kilosort.run_kilosort DEBUG    yblk shape: (1,)
2025-02-26 22:02:34,832 kilosort.run_kilosort DEBUG    dshift shape: (5, 1)
2025-02-26 22:02:34,832 kilosort.run_kilosort DEBUG    iKxx shape: torch.Size([374, 374])
2025-02-26 22:02:34,833 kilosort.run_kilosort INFO      
2025-02-26 22:02:34,834 kilosort.run_kilosort INFO     Resource usage after drift correction
2025-02-26 22:02:34,835 kilosort.run_kilosort INFO     ********************************************************
2025-02-26 22:02:34,835 kilosort.run_kilosort INFO     CPU usage:    13.60 %
2025-02-26 22:02:34,836 kilosort.run_kilosort INFO     Memory:        8.49 %     |     64.09   /   754.60 GB
2025-02-26 22:02:34,836 kilosort.run_kilosort INFO     ------------------------------------------------------
2025-02-26 22:02:34,837 kilosort.run_kilosort INFO     GPU usage:    `conda install pynvml` for GPU usage
2025-02-26 22:02:34,837 kilosort.run_kilosort INFO     GPU memory:   14.33 %     |      5.66   /    39.50 GB
2025-02-26 22:02:34,838 kilosort.run_kilosort INFO     Allocated:     0.03 %     |      0.01   /    39.50 GB
2025-02-26 22:02:34,838 kilosort.run_kilosort INFO     Max alloc:     8.34 %     |      3.30   /    39.50 GB
2025-02-26 22:02:34,839 kilosort.run_kilosort INFO     ********************************************************
2025-02-26 22:02:34,840 kilosort.run_kilosort DEBUG    

|===========================================================================|
|                  PyTorch CUDA memory summary, device ID 0                 |
|---------------------------------------------------------------------------|
|            CUDA OOMs: 0            |        cudaMalloc retries: 0         |
|===========================================================================|
|        Metric         | Cur Usage  | Peak Usage | Tot Alloc  | Tot Freed  |
|---------------------------------------------------------------------------|
| Allocated memory      |  11150 KiB |   3374 MiB |    988 GiB |    988 GiB |
|---------------------------------------------------------------------------|
| Active memory         |  11150 KiB |   3374 MiB |    988 GiB |    988 GiB |
|---------------------------------------------------------------------------|
| Requested memory      |  11149 KiB |   3372 MiB |    987 GiB |    987 GiB |
|---------------------------------------------------------------------------|
| GPU reserved memory   |   5230 MiB |   5230 MiB |   5230 MiB |      0 B   |
|---------------------------------------------------------------------------|
| Non-releasable memory |  40049 KiB |   1751 MiB | 432045 MiB | 432006 MiB |
|---------------------------------------------------------------------------|
| Allocations           |       9    |      45    |   40215    |   40206    |
|---------------------------------------------------------------------------|
| Active allocs         |       9    |      45    |   40215    |   40206    |
|---------------------------------------------------------------------------|
| GPU reserved segments |      18    |      18    |      18    |       0    |
|---------------------------------------------------------------------------|
| Non-releasable allocs |       7    |      22    |   12347    |   12340    |
|---------------------------------------------------------------------------|
| Oversize allocations  |       0    |       0    |       0    |       0    |
|---------------------------------------------------------------------------|
| Oversize GPU segments |       0    |       0    |       0    |       0    |
|===========================================================================|


2025-02-26 22:02:34,908 kilosort.run_kilosort DEBUG    First batch min, max: (-36.11098, 17.50682)
2025-02-26 22:02:34,909 kilosort.run_kilosort INFO      
2025-02-26 22:02:34,909 kilosort.run_kilosort INFO     Extracting spikes using templates
2025-02-26 22:02:34,910 kilosort.run_kilosort INFO     ----------------------------------------
2025-02-26 22:02:34,911 kilosort.spikedetect INFO     Re-computing universal templates from data.
2025-02-26 22:02:37,393 kilosort.spikedetect INFO     Number of universal templates: 1532
2025-02-26 22:02:37,504 kilosort.spikedetect INFO     Detecting spikes...
2025-02-26 22:02:37,506 kilosort.spikedetect DEBUG     
2025-02-26 22:02:37,506 kilosort.spikedetect DEBUG    Batch 0
2025-02-26 22:02:37,506 kilosort.spikedetect DEBUG    ********************************************************
2025-02-26 22:02:37,506 kilosort.spikedetect DEBUG    CPU usage:    32.50 %
2025-02-26 22:02:37,506 kilosort.spikedetect DEBUG    Memory:        8.50 %     |     64.18   /   754.60 GB
2025-02-26 22:02:37,507 kilosort.spikedetect DEBUG    ------------------------------------------------------
2025-02-26 22:02:37,507 kilosort.spikedetect DEBUG    GPU usage:    `conda install pynvml` for GPU usage
2025-02-26 22:02:37,507 kilosort.spikedetect DEBUG    GPU memory:   14.33 %     |      5.66   /    39.50 GB
2025-02-26 22:02:37,507 kilosort.spikedetect DEBUG    Allocated:     0.03 %     |      0.01   /    39.50 GB
2025-02-26 22:02:37,507 kilosort.spikedetect DEBUG    Max alloc:     8.34 %     |      3.30   /    39.50 GB
2025-02-26 22:02:37,507 kilosort.spikedetect DEBUG    ********************************************************
2025-02-26 22:02:38,983 kilosort.spikedetect DEBUG     
2025-02-26 22:02:38,983 kilosort.spikedetect DEBUG    Batch 4
2025-02-26 22:02:38,983 kilosort.spikedetect DEBUG    ********************************************************
2025-02-26 22:02:38,983 kilosort.spikedetect DEBUG    CPU usage:    11.20 %
2025-02-26 22:02:38,983 kilosort.spikedetect DEBUG    Memory:        8.51 %     |     64.19   /   754.60 GB
2025-02-26 22:02:38,983 kilosort.spikedetect DEBUG    ------------------------------------------------------
2025-02-26 22:02:38,983 kilosort.spikedetect DEBUG    GPU usage:    `conda install pynvml` for GPU usage
2025-02-26 22:02:38,984 kilosort.spikedetect DEBUG    GPU memory:   14.33 %     |      5.66   /    39.50 GB
2025-02-26 22:02:38,984 kilosort.spikedetect DEBUG    Allocated:     0.28 %     |      0.11   /    39.50 GB
2025-02-26 22:02:38,984 kilosort.spikedetect DEBUG    Max alloc:     8.34 %     |      3.30   /    39.50 GB
2025-02-26 22:02:38,984 kilosort.spikedetect DEBUG    ********************************************************
2025-02-26 22:02:38,984 kilosort.run_kilosort INFO     29658 spikes extracted in  4.08s; total  8.72s
2025-02-26 22:02:38,984 kilosort.run_kilosort DEBUG    st0 shape: (29658, 6)
2025-02-26 22:02:38,985 kilosort.run_kilosort DEBUG    tF shape: torch.Size([29658, 10, 6])
2025-02-26 22:02:38,985 kilosort.run_kilosort INFO      
2025-02-26 22:02:38,985 kilosort.run_kilosort INFO     First clustering
2025-02-26 22:02:38,985 kilosort.run_kilosort INFO     ----------------------------------------
2025-02-26 22:02:38,998 kilosort.clustering_qr DEBUG     
2025-02-26 22:02:38,998 kilosort.clustering_qr DEBUG    Cluster center: 0 of 96
2025-02-26 22:02:38,998 kilosort.clustering_qr DEBUG    ********************************************************
2025-02-26 22:02:38,999 kilosort.clustering_qr DEBUG    CPU usage:    21.80 %
2025-02-26 22:02:38,999 kilosort.clustering_qr DEBUG    Memory:        8.51 %     |     64.19   /   754.60 GB
2025-02-26 22:02:38,999 kilosort.clustering_qr DEBUG    ------------------------------------------------------
2025-02-26 22:02:38,999 kilosort.clustering_qr DEBUG    GPU usage:    `conda install pynvml` for GPU usage
2025-02-26 22:02:38,999 kilosort.clustering_qr DEBUG    GPU memory:   14.33 %     |      5.66   /    39.50 GB
2025-02-26 22:02:38,999 kilosort.clustering_qr DEBUG    Allocated:     0.03 %     |      0.01   /    39.50 GB
2025-02-26 22:02:38,999 kilosort.clustering_qr DEBUG    Max alloc:     8.34 %     |      3.30   /    39.50 GB
2025-02-26 22:02:38,999 kilosort.clustering_qr DEBUG    ********************************************************
2025-02-26 22:02:39,002 kilosort.clustering_qr DEBUG    Center 0 | nsp: 1079 | ntemp: 16
2025-02-26 22:02:39,679 kilosort.clustering_qr DEBUG    Center 1 | nsp: 517 | ntemp: 16
2025-02-26 22:02:39,682 kilosort.clustering_qr DEBUG    Center 2 | nsp: 695 | ntemp: 16
2025-02-26 22:02:39,685 kilosort.clustering_qr DEBUG    Center 3 | nsp: 425 | ntemp: 16
2025-02-26 22:02:39,688 kilosort.clustering_qr DEBUG    Center 4 | nsp: 543 | ntemp: 16
2025-02-26 22:02:39,691 kilosort.clustering_qr DEBUG    Center 5 | nsp: 326 | ntemp: 16
2025-02-26 22:02:39,694 kilosort.clustering_qr DEBUG    Center 6 | nsp: 629 | ntemp: 16
2025-02-26 22:02:39,697 kilosort.clustering_qr DEBUG    Center 7 | nsp: 407 | ntemp: 16
2025-02-26 22:02:39,700 kilosort.clustering_qr DEBUG    Center 8 | nsp: 366 | ntemp: 16
2025-02-26 22:02:39,703 kilosort.clustering_qr DEBUG    Center 9 | nsp: 401 | ntemp: 16
2025-02-26 22:02:39,703 kilosort.clustering_qr DEBUG     
2025-02-26 22:02:39,703 kilosort.clustering_qr DEBUG    Cluster center: 10 of 96
2025-02-26 22:02:39,703 kilosort.clustering_qr DEBUG    ********************************************************
2025-02-26 22:02:39,703 kilosort.clustering_qr DEBUG    CPU usage:    17.70 %
2025-02-26 22:02:39,703 kilosort.clustering_qr DEBUG    Memory:        8.53 %     |     64.34   /   754.60 GB
2025-02-26 22:02:39,703 kilosort.clustering_qr DEBUG    ------------------------------------------------------
2025-02-26 22:02:39,703 kilosort.clustering_qr DEBUG    GPU usage:    `conda install pynvml` for GPU usage
2025-02-26 22:02:39,704 kilosort.clustering_qr DEBUG    GPU memory:   14.33 %     |      5.66   /    39.50 GB
2025-02-26 22:02:39,704 kilosort.clustering_qr DEBUG    Allocated:     0.03 %     |      0.01   /    39.50 GB
2025-02-26 22:02:39,704 kilosort.clustering_qr DEBUG    Max alloc:     8.34 %     |      3.30   /    39.50 GB
2025-02-26 22:02:39,704 kilosort.clustering_qr DEBUG    ********************************************************
2025-02-26 22:02:39,707 kilosort.clustering_qr DEBUG    Center 10 | nsp: 421 | ntemp: 16
2025-02-26 22:02:39,709 kilosort.clustering_qr DEBUG    Center 11 | nsp: 310 | ntemp: 16
2025-02-26 22:02:39,712 kilosort.clustering_qr DEBUG    Center 12 | nsp: 322 | ntemp: 16
2025-02-26 22:02:39,715 kilosort.clustering_qr DEBUG    Center 13 | nsp: 573 | ntemp: 16
2025-02-26 22:02:39,718 kilosort.clustering_qr DEBUG    Center 14 | nsp: 137 | ntemp: 16
2025-02-26 22:02:39,721 kilosort.clustering_qr DEBUG    Center 15 | nsp: 449 | ntemp: 16
2025-02-26 22:02:39,724 kilosort.clustering_qr DEBUG    Center 16 | nsp: 156 | ntemp: 16
2025-02-26 22:02:39,727 kilosort.clustering_qr DEBUG    Center 17 | nsp: 196 | ntemp: 16
2025-02-26 22:02:39,729 kilosort.clustering_qr DEBUG    Center 18 | nsp: 80 | ntemp: 16
2025-02-26 22:02:39,732 kilosort.clustering_qr DEBUG    Center 19 | nsp: 652 | ntemp: 16
2025-02-26 22:02:39,733 kilosort.clustering_qr DEBUG     
2025-02-26 22:02:39,733 kilosort.clustering_qr DEBUG    Cluster center: 20 of 96
2025-02-26 22:02:39,733 kilosort.clustering_qr DEBUG    ********************************************************
2025-02-26 22:02:39,733 kilosort.clustering_qr DEBUG    CPU usage:    35.50 %
2025-02-26 22:02:39,733 kilosort.clustering_qr DEBUG    Memory:        8.53 %     |     64.34   /   754.60 GB
2025-02-26 22:02:39,733 kilosort.clustering_qr DEBUG    ------------------------------------------------------
2025-02-26 22:02:39,733 kilosort.clustering_qr DEBUG    GPU usage:    `conda install pynvml` for GPU usage
2025-02-26 22:02:39,733 kilosort.clustering_qr DEBUG    GPU memory:   14.33 %     |      5.66   /    39.50 GB
2025-02-26 22:02:39,734 kilosort.clustering_qr DEBUG    Allocated:     0.03 %     |      0.01   /    39.50 GB
2025-02-26 22:02:39,734 kilosort.clustering_qr DEBUG    Max alloc:     8.34 %     |      3.30   /    39.50 GB
2025-02-26 22:02:39,734 kilosort.clustering_qr DEBUG    ********************************************************
2025-02-26 22:02:39,737 kilosort.clustering_qr DEBUG    Center 20 | nsp: 554 | ntemp: 16
2025-02-26 22:02:39,740 kilosort.clustering_qr DEBUG    Center 21 | nsp: 548 | ntemp: 16
2025-02-26 22:02:39,743 kilosort.clustering_qr DEBUG    Center 22 | nsp: 519 | ntemp: 16
2025-02-26 22:02:39,746 kilosort.clustering_qr DEBUG    Center 23 | nsp: 669 | ntemp: 16
2025-02-26 22:02:39,749 kilosort.clustering_qr DEBUG    Center 24 | nsp: 645 | ntemp: 16
2025-02-26 22:02:39,752 kilosort.clustering_qr DEBUG    Center 25 | nsp: 733 | ntemp: 16
2025-02-26 22:02:39,755 kilosort.clustering_qr DEBUG    Center 26 | nsp: 544 | ntemp: 16
2025-02-26 22:02:39,758 kilosort.clustering_qr DEBUG    Center 27 | nsp: 247 | ntemp: 16
2025-02-26 22:02:39,760 kilosort.clustering_qr DEBUG    Center 28 | nsp: 5 | ntemp: 16
2025-02-26 22:02:39,762 kilosort.clustering_qr DEBUG    Center 29 | nsp: 16 | ntemp: 16
2025-02-26 22:02:39,762 kilosort.clustering_qr DEBUG     
2025-02-26 22:02:39,762 kilosort.clustering_qr DEBUG    Cluster center: 30 of 96
2025-02-26 22:02:39,762 kilosort.clustering_qr DEBUG    ********************************************************
2025-02-26 22:02:39,763 kilosort.clustering_qr DEBUG    CPU usage:    37.00 %
2025-02-26 22:02:39,763 kilosort.clustering_qr DEBUG    Memory:        8.53 %     |     64.34   /   754.60 GB
2025-02-26 22:02:39,763 kilosort.clustering_qr DEBUG    ------------------------------------------------------
2025-02-26 22:02:39,763 kilosort.clustering_qr DEBUG    GPU usage:    `conda install pynvml` for GPU usage
2025-02-26 22:02:39,763 kilosort.clustering_qr DEBUG    GPU memory:   14.33 %     |      5.66   /    39.50 GB
2025-02-26 22:02:39,763 kilosort.clustering_qr DEBUG    Allocated:     0.03 %     |      0.01   /    39.50 GB
2025-02-26 22:02:39,763 kilosort.clustering_qr DEBUG    Max alloc:     8.34 %     |      3.30   /    39.50 GB
2025-02-26 22:02:39,763 kilosort.clustering_qr DEBUG    ********************************************************
2025-02-26 22:02:39,766 kilosort.clustering_qr DEBUG    Center 30 | nsp: 30 | ntemp: 16
2025-02-26 22:02:39,768 kilosort.clustering_qr DEBUG    Center 31 | nsp: 23 | ntemp: 16
2025-02-26 22:02:39,771 kilosort.clustering_qr DEBUG    Center 32 | nsp: 171 | ntemp: 16
2025-02-26 22:02:39,773 kilosort.clustering_qr DEBUG    Center 33 | nsp: 336 | ntemp: 16
2025-02-26 22:02:39,776 kilosort.clustering_qr DEBUG    Center 34 | nsp: 296 | ntemp: 16
2025-02-26 22:02:39,779 kilosort.clustering_qr DEBUG    Center 35 | nsp: 557 | ntemp: 16
2025-02-26 22:02:39,782 kilosort.clustering_qr DEBUG    Center 36 | nsp: 273 | ntemp: 16
2025-02-26 22:02:39,785 kilosort.clustering_qr DEBUG    Center 37 | nsp: 119 | ntemp: 16
2025-02-26 22:02:39,787 kilosort.clustering_qr DEBUG    Center 38 | nsp: 39 | ntemp: 16
2025-02-26 22:02:39,790 kilosort.clustering_qr DEBUG    Center 39 | nsp: 89 | ntemp: 16
2025-02-26 22:02:39,790 kilosort.clustering_qr DEBUG     
2025-02-26 22:02:39,790 kilosort.clustering_qr DEBUG    Cluster center: 40 of 96
2025-02-26 22:02:39,790 kilosort.clustering_qr DEBUG    ********************************************************
2025-02-26 22:02:39,790 kilosort.clustering_qr DEBUG    CPU usage:    36.40 %
2025-02-26 22:02:39,790 kilosort.clustering_qr DEBUG    Memory:        8.53 %     |     64.34   /   754.60 GB
2025-02-26 22:02:39,791 kilosort.clustering_qr DEBUG    ------------------------------------------------------
2025-02-26 22:02:39,791 kilosort.clustering_qr DEBUG    GPU usage:    `conda install pynvml` for GPU usage
2025-02-26 22:02:39,791 kilosort.clustering_qr DEBUG    GPU memory:   14.33 %     |      5.66   /    39.50 GB
2025-02-26 22:02:39,791 kilosort.clustering_qr DEBUG    Allocated:     0.03 %     |      0.01   /    39.50 GB
2025-02-26 22:02:39,791 kilosort.clustering_qr DEBUG    Max alloc:     8.34 %     |      3.30   /    39.50 GB
2025-02-26 22:02:39,791 kilosort.clustering_qr DEBUG    ********************************************************
2025-02-26 22:02:39,794 kilosort.clustering_qr DEBUG    Center 40 | nsp: 494 | ntemp: 16
2025-02-26 22:02:39,797 kilosort.clustering_qr DEBUG    Center 41 | nsp: 707 | ntemp: 16
2025-02-26 22:02:39,800 kilosort.clustering_qr DEBUG    Center 42 | nsp: 66 | ntemp: 16
2025-02-26 22:02:39,803 kilosort.clustering_qr DEBUG    Center 43 | nsp: 112 | ntemp: 16
2025-02-26 22:02:39,805 kilosort.clustering_qr DEBUG    Center 44 | nsp: 99 | ntemp: 16
2025-02-26 22:02:39,808 kilosort.clustering_qr DEBUG    Center 45 | nsp: 61 | ntemp: 16
2025-02-26 22:02:39,811 kilosort.clustering_qr DEBUG    Center 46 | nsp: 36 | ntemp: 16
2025-02-26 22:02:39,813 kilosort.clustering_qr DEBUG    Center 47 | nsp: 37 | ntemp: 16
2025-02-26 22:02:39,816 kilosort.clustering_qr DEBUG    Center 48 | nsp: 130 | ntemp: 16
2025-02-26 22:02:39,818 kilosort.clustering_qr DEBUG    Center 49 | nsp: 202 | ntemp: 16
2025-02-26 22:02:39,819 kilosort.clustering_qr DEBUG     
2025-02-26 22:02:39,819 kilosort.clustering_qr DEBUG    Cluster center: 50 of 96
2025-02-26 22:02:39,819 kilosort.clustering_qr DEBUG    ********************************************************
2025-02-26 22:02:39,819 kilosort.clustering_qr DEBUG    CPU usage:    35.60 %
2025-02-26 22:02:39,819 kilosort.clustering_qr DEBUG    Memory:        8.53 %     |     64.34   /   754.60 GB
2025-02-26 22:02:39,819 kilosort.clustering_qr DEBUG    ------------------------------------------------------
2025-02-26 22:02:39,819 kilosort.clustering_qr DEBUG    GPU usage:    `conda install pynvml` for GPU usage
2025-02-26 22:02:39,820 kilosort.clustering_qr DEBUG    GPU memory:   14.33 %     |      5.66   /    39.50 GB
2025-02-26 22:02:39,820 kilosort.clustering_qr DEBUG    Allocated:     0.03 %     |      0.01   /    39.50 GB
2025-02-26 22:02:39,820 kilosort.clustering_qr DEBUG    Max alloc:     8.34 %     |      3.30   /    39.50 GB
2025-02-26 22:02:39,820 kilosort.clustering_qr DEBUG    ********************************************************
2025-02-26 22:02:39,822 kilosort.clustering_qr DEBUG    Center 50 | nsp: 221 | ntemp: 16
2025-02-26 22:02:39,825 kilosort.clustering_qr DEBUG    Center 51 | nsp: 651 | ntemp: 16
2025-02-26 22:02:39,828 kilosort.clustering_qr DEBUG    Center 52 | nsp: 256 | ntemp: 16
2025-02-26 22:02:39,831 kilosort.clustering_qr DEBUG    Center 53 | nsp: 195 | ntemp: 16
2025-02-26 22:02:39,834 kilosort.clustering_qr DEBUG    Center 54 | nsp: 22 | ntemp: 16
2025-02-26 22:02:39,836 kilosort.clustering_qr DEBUG    Center 55 | nsp: 70 | ntemp: 16
2025-02-26 22:02:39,839 kilosort.clustering_qr DEBUG    Center 56 | nsp: 73 | ntemp: 16
2025-02-26 22:02:39,841 kilosort.clustering_qr DEBUG    Center 57 | nsp: 112 | ntemp: 16
2025-02-26 22:02:39,843 kilosort.clustering_qr DEBUG    Center 58 | nsp: 113 | ntemp: 16
2025-02-26 22:02:39,846 kilosort.clustering_qr DEBUG    Center 59 | nsp: 399 | ntemp: 16
2025-02-26 22:02:39,847 kilosort.clustering_qr DEBUG     
2025-02-26 22:02:39,847 kilosort.clustering_qr DEBUG    Cluster center: 60 of 96
2025-02-26 22:02:39,847 kilosort.clustering_qr DEBUG    ********************************************************
2025-02-26 22:02:39,847 kilosort.clustering_qr DEBUG    CPU usage:    36.40 %
2025-02-26 22:02:39,847 kilosort.clustering_qr DEBUG    Memory:        8.53 %     |     64.34   /   754.60 GB
2025-02-26 22:02:39,847 kilosort.clustering_qr DEBUG    ------------------------------------------------------
2025-02-26 22:02:39,847 kilosort.clustering_qr DEBUG    GPU usage:    `conda install pynvml` for GPU usage
2025-02-26 22:02:39,847 kilosort.clustering_qr DEBUG    GPU memory:   14.33 %     |      5.66   /    39.50 GB
2025-02-26 22:02:39,847 kilosort.clustering_qr DEBUG    Allocated:     0.03 %     |      0.01   /    39.50 GB
2025-02-26 22:02:39,848 kilosort.clustering_qr DEBUG    Max alloc:     8.34 %     |      3.30   /    39.50 GB
2025-02-26 22:02:39,848 kilosort.clustering_qr DEBUG    ********************************************************
2025-02-26 22:02:39,850 kilosort.clustering_qr DEBUG    Center 60 | nsp: 754 | ntemp: 16
2025-02-26 22:02:39,853 kilosort.clustering_qr DEBUG    Center 61 | nsp: 254 | ntemp: 16
2025-02-26 22:02:39,856 kilosort.clustering_qr DEBUG    Center 62 | nsp: 89 | ntemp: 16
2025-02-26 22:02:39,859 kilosort.clustering_qr DEBUG    Center 63 | nsp: 176 | ntemp: 16
2025-02-26 22:02:39,861 kilosort.clustering_qr DEBUG    Center 64 | nsp: 289 | ntemp: 16
2025-02-26 22:02:39,864 kilosort.clustering_qr DEBUG    Center 65 | nsp: 652 | ntemp: 16
2025-02-26 22:02:39,867 kilosort.clustering_qr DEBUG    Center 66 | nsp: 296 | ntemp: 16
2025-02-26 22:02:39,869 kilosort.clustering_qr DEBUG    Center 67 | nsp: 15 | ntemp: 16
2025-02-26 22:02:39,871 kilosort.clustering_qr DEBUG    Center 68 | nsp: 157 | ntemp: 16
2025-02-26 22:02:39,874 kilosort.clustering_qr DEBUG    Center 69 | nsp: 180 | ntemp: 16
2025-02-26 22:02:39,875 kilosort.clustering_qr DEBUG     
2025-02-26 22:02:39,875 kilosort.clustering_qr DEBUG    Cluster center: 70 of 96
2025-02-26 22:02:39,875 kilosort.clustering_qr DEBUG    ********************************************************
2025-02-26 22:02:39,875 kilosort.clustering_qr DEBUG    CPU usage:    37.30 %
2025-02-26 22:02:39,875 kilosort.clustering_qr DEBUG    Memory:        8.53 %     |     64.34   /   754.60 GB
2025-02-26 22:02:39,875 kilosort.clustering_qr DEBUG    ------------------------------------------------------
2025-02-26 22:02:39,875 kilosort.clustering_qr DEBUG    GPU usage:    `conda install pynvml` for GPU usage
2025-02-26 22:02:39,875 kilosort.clustering_qr DEBUG    GPU memory:   14.33 %     |      5.66   /    39.50 GB
2025-02-26 22:02:39,876 kilosort.clustering_qr DEBUG    Allocated:     0.03 %     |      0.01   /    39.50 GB
2025-02-26 22:02:39,876 kilosort.clustering_qr DEBUG    Max alloc:     8.34 %     |      3.30   /    39.50 GB
2025-02-26 22:02:39,876 kilosort.clustering_qr DEBUG    ********************************************************
2025-02-26 22:02:39,878 kilosort.clustering_qr DEBUG    Center 70 | nsp: 19 | ntemp: 16
2025-02-26 22:02:39,880 kilosort.clustering_qr DEBUG    Center 71 | nsp: 176 | ntemp: 16
2025-02-26 22:02:39,883 kilosort.clustering_qr DEBUG    Center 72 | nsp: 333 | ntemp: 16
2025-02-26 22:02:39,886 kilosort.clustering_qr DEBUG    Center 73 | nsp: 322 | ntemp: 16
2025-02-26 22:02:39,889 kilosort.clustering_qr DEBUG    Center 74 | nsp: 142 | ntemp: 16
2025-02-26 22:02:39,891 kilosort.clustering_qr DEBUG    Center 75 | nsp: 153 | ntemp: 16
2025-02-26 22:02:39,894 kilosort.clustering_qr DEBUG    Center 76 | nsp: 197 | ntemp: 16
2025-02-26 22:02:39,897 kilosort.clustering_qr DEBUG    Center 77 | nsp: 214 | ntemp: 16
2025-02-26 22:02:39,900 kilosort.clustering_qr DEBUG    Center 78 | nsp: 101 | ntemp: 16
2025-02-26 22:02:39,902 kilosort.clustering_qr DEBUG    Center 79 | nsp: 224 | ntemp: 16
2025-02-26 22:02:39,903 kilosort.clustering_qr DEBUG     
2025-02-26 22:02:39,903 kilosort.clustering_qr DEBUG    Cluster center: 80 of 96
2025-02-26 22:02:39,903 kilosort.clustering_qr DEBUG    ********************************************************
2025-02-26 22:02:39,903 kilosort.clustering_qr DEBUG    CPU usage:    36.30 %
2025-02-26 22:02:39,903 kilosort.clustering_qr DEBUG    Memory:        8.53 %     |     64.34   /   754.60 GB
2025-02-26 22:02:39,903 kilosort.clustering_qr DEBUG    ------------------------------------------------------
2025-02-26 22:02:39,903 kilosort.clustering_qr DEBUG    GPU usage:    `conda install pynvml` for GPU usage
2025-02-26 22:02:39,904 kilosort.clustering_qr DEBUG    GPU memory:   14.33 %     |      5.66   /    39.50 GB
2025-02-26 22:02:39,904 kilosort.clustering_qr DEBUG    Allocated:     0.03 %     |      0.01   /    39.50 GB
2025-02-26 22:02:39,904 kilosort.clustering_qr DEBUG    Max alloc:     8.34 %     |      3.30   /    39.50 GB
2025-02-26 22:02:39,904 kilosort.clustering_qr DEBUG    ********************************************************
2025-02-26 22:02:39,907 kilosort.clustering_qr DEBUG    Center 80 | nsp: 353 | ntemp: 16
2025-02-26 22:02:39,909 kilosort.clustering_qr DEBUG    Center 81 | nsp: 462 | ntemp: 16
2025-02-26 22:02:39,913 kilosort.clustering_qr DEBUG    Center 82 | nsp: 614 | ntemp: 16
2025-02-26 22:02:39,916 kilosort.clustering_qr DEBUG    Center 83 | nsp: 1102 | ntemp: 16
2025-02-26 22:02:40,244 kilosort.clustering_qr DEBUG    Center 84 | nsp: 603 | ntemp: 16
2025-02-26 22:02:40,247 kilosort.clustering_qr DEBUG    Center 85 | nsp: 415 | ntemp: 16
2025-02-26 22:02:40,250 kilosort.clustering_qr DEBUG    Center 86 | nsp: 302 | ntemp: 16
2025-02-26 22:02:40,253 kilosort.clustering_qr DEBUG    Center 87 | nsp: 276 | ntemp: 16
2025-02-26 22:02:40,256 kilosort.clustering_qr DEBUG    Center 88 | nsp: 316 | ntemp: 16
2025-02-26 22:02:40,259 kilosort.clustering_qr DEBUG    Center 89 | nsp: 295 | ntemp: 16
2025-02-26 22:02:40,260 kilosort.clustering_qr DEBUG     
2025-02-26 22:02:40,260 kilosort.clustering_qr DEBUG    Cluster center: 90 of 96
2025-02-26 22:02:40,260 kilosort.clustering_qr DEBUG    ********************************************************
2025-02-26 22:02:40,260 kilosort.clustering_qr DEBUG    CPU usage:    18.80 %
2025-02-26 22:02:40,260 kilosort.clustering_qr DEBUG    Memory:        8.53 %     |     64.35   /   754.60 GB
2025-02-26 22:02:40,260 kilosort.clustering_qr DEBUG    ------------------------------------------------------
2025-02-26 22:02:40,260 kilosort.clustering_qr DEBUG    GPU usage:    `conda install pynvml` for GPU usage
2025-02-26 22:02:40,260 kilosort.clustering_qr DEBUG    GPU memory:   14.33 %     |      5.66   /    39.50 GB
2025-02-26 22:02:40,261 kilosort.clustering_qr DEBUG    Allocated:     0.03 %     |      0.01   /    39.50 GB
2025-02-26 22:02:40,261 kilosort.clustering_qr DEBUG    Max alloc:     8.34 %     |      3.30   /    39.50 GB
2025-02-26 22:02:40,261 kilosort.clustering_qr DEBUG    ********************************************************
2025-02-26 22:02:40,281 kilosort.clustering_qr DEBUG    Center 90 | nsp: 286 | ntemp: 16
2025-02-26 22:02:40,319 kilosort.clustering_qr DEBUG    Center 91 | nsp: 212 | ntemp: 16
2025-02-26 22:02:40,390 kilosort.clustering_qr DEBUG    Center 92 | nsp: 288 | ntemp: 16
2025-02-26 22:02:40,425 kilosort.clustering_qr DEBUG    Center 93 | nsp: 172 | ntemp: 16
2025-02-26 22:02:40,460 kilosort.clustering_qr DEBUG    Center 94 | nsp: 52 | ntemp: 16
2025-02-26 22:02:40,486 kilosort.clustering_qr DEBUG    Center 95 | nsp: 14 | ntemp: 12
2025-02-26 22:02:40,557 kilosort.run_kilosort INFO     103 clusters found, in  1.57s; total  10.30s
2025-02-26 22:02:40,558 kilosort.run_kilosort DEBUG    clu shape: (29658,)
2025-02-26 22:02:40,558 kilosort.run_kilosort DEBUG    Wall shape: torch.Size([103, 374, 6])
2025-02-26 22:02:40,558 kilosort.run_kilosort INFO      
2025-02-26 22:02:40,558 kilosort.run_kilosort INFO     Extracting spikes using cluster waveforms
2025-02-26 22:02:40,559 kilosort.run_kilosort INFO     ----------------------------------------
2025-02-26 22:02:40,589 kilosort.template_matching DEBUG     
2025-02-26 22:02:40,589 kilosort.template_matching DEBUG    Batch 0
2025-02-26 22:02:40,589 kilosort.template_matching DEBUG    ********************************************************
2025-02-26 22:02:40,590 kilosort.template_matching DEBUG    CPU usage:    29.40 %
2025-02-26 22:02:40,590 kilosort.template_matching DEBUG    Memory:        8.56 %     |     64.58   /   754.60 GB
2025-02-26 22:02:40,590 kilosort.template_matching DEBUG    ------------------------------------------------------
2025-02-26 22:02:40,590 kilosort.template_matching DEBUG    GPU usage:    `conda install pynvml` for GPU usage
2025-02-26 22:02:40,590 kilosort.template_matching DEBUG    GPU memory:   14.33 %     |      5.66   /    39.50 GB
2025-02-26 22:02:40,590 kilosort.template_matching DEBUG    Allocated:     0.04 %     |      0.02   /    39.50 GB
2025-02-26 22:02:40,590 kilosort.template_matching DEBUG    Max alloc:     8.34 %     |      3.30   /    39.50 GB
2025-02-26 22:02:40,590 kilosort.template_matching DEBUG    ********************************************************
2025-02-26 22:02:41,013 kilosort.template_matching DEBUG     
2025-02-26 22:02:41,013 kilosort.template_matching DEBUG    Batch 4
2025-02-26 22:02:41,013 kilosort.template_matching DEBUG    ********************************************************
2025-02-26 22:02:41,013 kilosort.template_matching DEBUG    CPU usage:    13.10 %
2025-02-26 22:02:41,014 kilosort.template_matching DEBUG    Memory:        8.56 %     |     64.59   /   754.60 GB
2025-02-26 22:02:41,014 kilosort.template_matching DEBUG    ------------------------------------------------------
2025-02-26 22:02:41,014 kilosort.template_matching DEBUG    GPU usage:    `conda install pynvml` for GPU usage
2025-02-26 22:02:41,014 kilosort.template_matching DEBUG    GPU memory:   14.33 %     |      5.66   /    39.50 GB
2025-02-26 22:02:41,014 kilosort.template_matching DEBUG    Allocated:     0.47 %     |      0.19   /    39.50 GB
2025-02-26 22:02:41,014 kilosort.template_matching DEBUG    Max alloc:     8.34 %     |      3.30   /    39.50 GB
2025-02-26 22:02:41,014 kilosort.template_matching DEBUG    ********************************************************
2025-02-26 22:02:41,026 kilosort.run_kilosort INFO     33479 spikes extracted in  0.47s; total  10.76s
2025-02-26 22:02:41,026 kilosort.run_kilosort DEBUG    st shape: (33479, 3)
2025-02-26 22:02:41,027 kilosort.run_kilosort DEBUG    tF shape: torch.Size([33479, 10, 6])
2025-02-26 22:02:41,027 kilosort.run_kilosort DEBUG    iCC shape: torch.Size([10, 374])
2025-02-26 22:02:41,027 kilosort.run_kilosort DEBUG    iU shape: torch.Size([103])
2025-02-26 22:02:41,027 kilosort.run_kilosort INFO      
2025-02-26 22:02:41,027 kilosort.run_kilosort INFO     Resource usage after spike detection
2025-02-26 22:02:41,028 kilosort.run_kilosort INFO     ********************************************************
2025-02-26 22:02:41,029 kilosort.run_kilosort INFO     CPU usage:    26.30 %
2025-02-26 22:02:41,029 kilosort.run_kilosort INFO     Memory:        8.53 %     |     64.36   /   754.60 GB
2025-02-26 22:02:41,030 kilosort.run_kilosort INFO     ------------------------------------------------------
2025-02-26 22:02:41,030 kilosort.run_kilosort INFO     GPU usage:    `conda install pynvml` for GPU usage
2025-02-26 22:02:41,031 kilosort.run_kilosort INFO     GPU memory:   14.33 %     |      5.66   /    39.50 GB
2025-02-26 22:02:41,032 kilosort.run_kilosort INFO     Allocated:     0.03 %     |      0.01   /    39.50 GB
2025-02-26 22:02:41,032 kilosort.run_kilosort INFO     Max alloc:     8.34 %     |      3.30   /    39.50 GB
2025-02-26 22:02:41,033 kilosort.run_kilosort INFO     ********************************************************
2025-02-26 22:02:41,034 kilosort.run_kilosort DEBUG    

|===========================================================================|
|                  PyTorch CUDA memory summary, device ID 0                 |
|---------------------------------------------------------------------------|
|            CUDA OOMs: 0            |        cudaMalloc retries: 0         |
|===========================================================================|
|        Metric         | Cur Usage  | Peak Usage | Tot Alloc  | Tot Freed  |
|---------------------------------------------------------------------------|
| Allocated memory      |  12088 KiB |   3374 MiB |   1472 GiB |   1472 GiB |
|---------------------------------------------------------------------------|
| Active memory         |  12088 KiB |   3374 MiB |   1472 GiB |   1472 GiB |
|---------------------------------------------------------------------------|
| Requested memory      |  12085 KiB |   3372 MiB |   1471 GiB |   1471 GiB |
|---------------------------------------------------------------------------|
| GPU reserved memory   |   5230 MiB |   5230 MiB |   5230 MiB |      0 B   |
|---------------------------------------------------------------------------|
| Non-releasable memory |  41160 KiB |   1751 MiB | 664592 MiB | 664552 MiB |
|---------------------------------------------------------------------------|
| Allocations           |      13    |      45    |   81594    |   81581    |
|---------------------------------------------------------------------------|
| Active allocs         |      13    |      45    |   81594    |   81581    |
|---------------------------------------------------------------------------|
| GPU reserved segments |      18    |      18    |      18    |       0    |
|---------------------------------------------------------------------------|
| Non-releasable allocs |      11    |      23    |   28713    |   28702    |
|---------------------------------------------------------------------------|
| Oversize allocations  |       0    |       0    |       0    |       0    |
|---------------------------------------------------------------------------|
| Oversize GPU segments |       0    |       0    |       0    |       0    |
|===========================================================================|


2025-02-26 22:02:41,034 kilosort.run_kilosort INFO      
2025-02-26 22:02:41,035 kilosort.run_kilosort INFO     Final clustering
2025-02-26 22:02:41,035 kilosort.run_kilosort INFO     ----------------------------------------
2025-02-26 22:02:41,046 kilosort.clustering_qr DEBUG     
2025-02-26 22:02:41,046 kilosort.clustering_qr DEBUG    Cluster center: 0 of 96
2025-02-26 22:02:41,046 kilosort.clustering_qr DEBUG    ********************************************************
2025-02-26 22:02:41,046 kilosort.clustering_qr DEBUG    CPU usage:    17.70 %
2025-02-26 22:02:41,046 kilosort.clustering_qr DEBUG    Memory:        8.53 %     |     64.35   /   754.60 GB
2025-02-26 22:02:41,046 kilosort.clustering_qr DEBUG    ------------------------------------------------------
2025-02-26 22:02:41,046 kilosort.clustering_qr DEBUG    GPU usage:    `conda install pynvml` for GPU usage
2025-02-26 22:02:41,046 kilosort.clustering_qr DEBUG    GPU memory:   14.33 %     |      5.66   /    39.50 GB
2025-02-26 22:02:41,046 kilosort.clustering_qr DEBUG    Allocated:     0.03 %     |      0.01   /    39.50 GB
2025-02-26 22:02:41,047 kilosort.clustering_qr DEBUG    Max alloc:     8.34 %     |      3.30   /    39.50 GB
2025-02-26 22:02:41,047 kilosort.clustering_qr DEBUG    ********************************************************
2025-02-26 22:02:41,064 kilosort.clustering_qr DEBUG    Center 0 | nsp: 1759 | ntemp: 4
2025-02-26 22:02:41,497 kilosort.clustering_qr DEBUG    Center 1 | nsp: 686 | ntemp: 1
2025-02-26 22:02:41,498 kilosort.clustering_qr DEBUG    Center 2 | nsp: 807 | ntemp: 1
2025-02-26 22:02:41,499 kilosort.clustering_qr DEBUG    Center 3 | nsp: 0 | ntemp: 0
2025-02-26 22:02:41,500 kilosort.clustering_qr DEBUG    Center 4 | nsp: 1360 | ntemp: 2
2025-02-26 22:02:41,843 kilosort.clustering_qr DEBUG    Center 5 | nsp: 487 | ntemp: 1
2025-02-26 22:02:41,845 kilosort.clustering_qr DEBUG    Center 6 | nsp: 458 | ntemp: 1
2025-02-26 22:02:41,846 kilosort.clustering_qr DEBUG    Center 7 | nsp: 268 | ntemp: 1
2025-02-26 22:02:41,847 kilosort.clustering_qr DEBUG    Center 8 | nsp: 439 | ntemp: 1
2025-02-26 22:02:41,848 kilosort.clustering_qr DEBUG    Center 9 | nsp: 515 | ntemp: 1
2025-02-26 22:02:41,849 kilosort.clustering_qr DEBUG     
2025-02-26 22:02:41,849 kilosort.clustering_qr DEBUG    Cluster center: 10 of 96
2025-02-26 22:02:41,849 kilosort.clustering_qr DEBUG    ********************************************************
2025-02-26 22:02:41,849 kilosort.clustering_qr DEBUG    CPU usage:    19.90 %
2025-02-26 22:02:41,849 kilosort.clustering_qr DEBUG    Memory:        8.53 %     |     64.35   /   754.60 GB
2025-02-26 22:02:41,849 kilosort.clustering_qr DEBUG    ------------------------------------------------------
2025-02-26 22:02:41,849 kilosort.clustering_qr DEBUG    GPU usage:    `conda install pynvml` for GPU usage
2025-02-26 22:02:41,849 kilosort.clustering_qr DEBUG    GPU memory:   14.33 %     |      5.66   /    39.50 GB
2025-02-26 22:02:41,849 kilosort.clustering_qr DEBUG    Allocated:     0.03 %     |      0.01   /    39.50 GB
2025-02-26 22:02:41,850 kilosort.clustering_qr DEBUG    Max alloc:     8.34 %     |      3.30   /    39.50 GB
2025-02-26 22:02:41,850 kilosort.clustering_qr DEBUG    ********************************************************
2025-02-26 22:02:41,850 kilosort.clustering_qr DEBUG    Center 10 | nsp: 218 | ntemp: 1
2025-02-26 22:02:41,852 kilosort.clustering_qr DEBUG    Center 11 | nsp: 397 | ntemp: 1
2025-02-26 22:02:41,853 kilosort.clustering_qr DEBUG    Center 12 | nsp: 229 | ntemp: 1
2025-02-26 22:02:41,854 kilosort.clustering_qr DEBUG    Center 13 | nsp: 496 | ntemp: 1
2025-02-26 22:02:41,855 kilosort.clustering_qr DEBUG    Center 14 | nsp: 130 | ntemp: 1
2025-02-26 22:02:41,856 kilosort.clustering_qr DEBUG    Center 15 | nsp: 343 | ntemp: 1
2025-02-26 22:02:41,857 kilosort.clustering_qr DEBUG    Center 16 | nsp: 170 | ntemp: 1
2025-02-26 22:02:41,858 kilosort.clustering_qr DEBUG    Center 17 | nsp: 162 | ntemp: 1
2025-02-26 22:02:41,859 kilosort.clustering_qr DEBUG    Center 18 | nsp: 271 | ntemp: 1
2025-02-26 22:02:41,860 kilosort.clustering_qr DEBUG    Center 19 | nsp: 441 | ntemp: 1
2025-02-26 22:02:41,861 kilosort.clustering_qr DEBUG     
2025-02-26 22:02:41,861 kilosort.clustering_qr DEBUG    Cluster center: 20 of 96
2025-02-26 22:02:41,861 kilosort.clustering_qr DEBUG    ********************************************************
2025-02-26 22:02:41,861 kilosort.clustering_qr DEBUG    CPU usage:    36.40 %
2025-02-26 22:02:41,861 kilosort.clustering_qr DEBUG    Memory:        8.53 %     |     64.35   /   754.60 GB
2025-02-26 22:02:41,861 kilosort.clustering_qr DEBUG    ------------------------------------------------------
2025-02-26 22:02:41,861 kilosort.clustering_qr DEBUG    GPU usage:    `conda install pynvml` for GPU usage
2025-02-26 22:02:41,861 kilosort.clustering_qr DEBUG    GPU memory:   14.33 %     |      5.66   /    39.50 GB
2025-02-26 22:02:41,862 kilosort.clustering_qr DEBUG    Allocated:     0.03 %     |      0.01   /    39.50 GB
2025-02-26 22:02:41,862 kilosort.clustering_qr DEBUG    Max alloc:     8.34 %     |      3.30   /    39.50 GB
2025-02-26 22:02:41,862 kilosort.clustering_qr DEBUG    ********************************************************
2025-02-26 22:02:41,863 kilosort.clustering_qr DEBUG    Center 20 | nsp: 644 | ntemp: 1
2025-02-26 22:02:41,864 kilosort.clustering_qr DEBUG    Center 21 | nsp: 669 | ntemp: 1
2025-02-26 22:02:41,865 kilosort.clustering_qr DEBUG    Center 22 | nsp: 727 | ntemp: 1
2025-02-26 22:02:41,870 kilosort.clustering_qr DEBUG    Center 23 | nsp: 724 | ntemp: 1
2025-02-26 22:02:41,871 kilosort.clustering_qr DEBUG    Center 24 | nsp: 863 | ntemp: 1
2025-02-26 22:02:41,873 kilosort.clustering_qr DEBUG    Center 25 | nsp: 847 | ntemp: 1
2025-02-26 22:02:41,874 kilosort.clustering_qr DEBUG    Center 26 | nsp: 433 | ntemp: 1
2025-02-26 22:02:41,875 kilosort.clustering_qr DEBUG    Center 27 | nsp: 542 | ntemp: 1
2025-02-26 22:02:41,876 kilosort.clustering_qr DEBUG    Center 28 | nsp: 14 | ntemp: 1
2025-02-26 22:02:41,876 kilosort.clustering_qr DEBUG    Center 29 | nsp: 0 | ntemp: 0
2025-02-26 22:02:41,876 kilosort.clustering_qr DEBUG     
2025-02-26 22:02:41,876 kilosort.clustering_qr DEBUG    Cluster center: 30 of 96
2025-02-26 22:02:41,876 kilosort.clustering_qr DEBUG    ********************************************************
2025-02-26 22:02:41,877 kilosort.clustering_qr DEBUG    CPU usage:    35.20 %
2025-02-26 22:02:41,877 kilosort.clustering_qr DEBUG    Memory:        8.53 %     |     64.35   /   754.60 GB
2025-02-26 22:02:41,877 kilosort.clustering_qr DEBUG    ------------------------------------------------------
2025-02-26 22:02:41,877 kilosort.clustering_qr DEBUG    GPU usage:    `conda install pynvml` for GPU usage
2025-02-26 22:02:41,877 kilosort.clustering_qr DEBUG    GPU memory:   14.33 %     |      5.66   /    39.50 GB
2025-02-26 22:02:41,877 kilosort.clustering_qr DEBUG    Allocated:     0.03 %     |      0.01   /    39.50 GB
2025-02-26 22:02:41,877 kilosort.clustering_qr DEBUG    Max alloc:     8.34 %     |      3.30   /    39.50 GB
2025-02-26 22:02:41,877 kilosort.clustering_qr DEBUG    ********************************************************
2025-02-26 22:02:41,878 kilosort.clustering_qr DEBUG    Center 30 | nsp: 132 | ntemp: 2
2025-02-26 22:02:41,879 kilosort.clustering_qr DEBUG    Center 31 | nsp: 55 | ntemp: 1
2025-02-26 22:02:41,917 kilosort.clustering_qr DEBUG    Center 32 | nsp: 184 | ntemp: 1
2025-02-26 22:02:41,945 kilosort.clustering_qr DEBUG    Center 33 | nsp: 312 | ntemp: 1
2025-02-26 22:02:41,946 kilosort.clustering_qr DEBUG    Center 34 | nsp: 243 | ntemp: 1
2025-02-26 22:02:41,947 kilosort.clustering_qr DEBUG    Center 35 | nsp: 345 | ntemp: 1
2025-02-26 22:02:41,948 kilosort.clustering_qr DEBUG    Center 36 | nsp: 261 | ntemp: 1
2025-02-26 22:02:41,949 kilosort.clustering_qr DEBUG    Center 37 | nsp: 158 | ntemp: 1
2025-02-26 22:02:41,950 kilosort.clustering_qr DEBUG    Center 38 | nsp: 0 | ntemp: 0
2025-02-26 22:02:41,950 kilosort.clustering_qr DEBUG    Center 39 | nsp: 14 | ntemp: 1
2025-02-26 22:02:41,951 kilosort.clustering_qr DEBUG     
2025-02-26 22:02:41,951 kilosort.clustering_qr DEBUG    Cluster center: 40 of 96
2025-02-26 22:02:41,951 kilosort.clustering_qr DEBUG    ********************************************************
2025-02-26 22:02:41,951 kilosort.clustering_qr DEBUG    CPU usage:    36.20 %
2025-02-26 22:02:41,951 kilosort.clustering_qr DEBUG    Memory:        8.53 %     |     64.35   /   754.60 GB
2025-02-26 22:02:41,951 kilosort.clustering_qr DEBUG    ------------------------------------------------------
2025-02-26 22:02:41,951 kilosort.clustering_qr DEBUG    GPU usage:    `conda install pynvml` for GPU usage
2025-02-26 22:02:41,951 kilosort.clustering_qr DEBUG    GPU memory:   14.33 %     |      5.66   /    39.50 GB
2025-02-26 22:02:41,951 kilosort.clustering_qr DEBUG    Allocated:     0.03 %     |      0.01   /    39.50 GB
2025-02-26 22:02:41,952 kilosort.clustering_qr DEBUG    Max alloc:     8.34 %     |      3.30   /    39.50 GB
2025-02-26 22:02:41,952 kilosort.clustering_qr DEBUG    ********************************************************
2025-02-26 22:02:41,953 kilosort.clustering_qr DEBUG    Center 40 | nsp: 532 | ntemp: 2
2025-02-26 22:02:41,954 kilosort.clustering_qr DEBUG    Center 41 | nsp: 741 | ntemp: 1
2025-02-26 22:02:41,955 kilosort.clustering_qr DEBUG    Center 42 | nsp: 76 | ntemp: 1
2025-02-26 22:02:41,956 kilosort.clustering_qr DEBUG    Center 43 | nsp: 199 | ntemp: 2
2025-02-26 22:02:41,956 kilosort.clustering_qr DEBUG    Center 44 | nsp: 0 | ntemp: 0
2025-02-26 22:02:41,957 kilosort.clustering_qr DEBUG    Center 45 | nsp: 61 | ntemp: 2
2025-02-26 22:02:41,958 kilosort.clustering_qr DEBUG    Center 46 | nsp: 0 | ntemp: 0
2025-02-26 22:02:41,959 kilosort.clustering_qr DEBUG    Center 47 | nsp: 82 | ntemp: 1
2025-02-26 22:02:41,960 kilosort.clustering_qr DEBUG    Center 48 | nsp: 156 | ntemp: 1
2025-02-26 22:02:41,961 kilosort.clustering_qr DEBUG    Center 49 | nsp: 309 | ntemp: 1
2025-02-26 22:02:41,961 kilosort.clustering_qr DEBUG     
2025-02-26 22:02:41,961 kilosort.clustering_qr DEBUG    Cluster center: 50 of 96
2025-02-26 22:02:41,961 kilosort.clustering_qr DEBUG    ********************************************************
2025-02-26 22:02:41,961 kilosort.clustering_qr DEBUG    CPU usage:    36.80 %
2025-02-26 22:02:41,961 kilosort.clustering_qr DEBUG    Memory:        8.53 %     |     64.35   /   754.60 GB
2025-02-26 22:02:41,961 kilosort.clustering_qr DEBUG    ------------------------------------------------------
2025-02-26 22:02:41,962 kilosort.clustering_qr DEBUG    GPU usage:    `conda install pynvml` for GPU usage
2025-02-26 22:02:41,962 kilosort.clustering_qr DEBUG    GPU memory:   14.33 %     |      5.66   /    39.50 GB
2025-02-26 22:02:41,962 kilosort.clustering_qr DEBUG    Allocated:     0.03 %     |      0.01   /    39.50 GB
2025-02-26 22:02:41,962 kilosort.clustering_qr DEBUG    Max alloc:     8.34 %     |      3.30   /    39.50 GB
2025-02-26 22:02:41,962 kilosort.clustering_qr DEBUG    ********************************************************
2025-02-26 22:02:41,963 kilosort.clustering_qr DEBUG    Center 50 | nsp: 269 | ntemp: 1
2025-02-26 22:02:41,964 kilosort.clustering_qr DEBUG    Center 51 | nsp: 461 | ntemp: 1
2025-02-26 22:02:41,965 kilosort.clustering_qr DEBUG    Center 52 | nsp: 414 | ntemp: 1
2025-02-26 22:02:41,966 kilosort.clustering_qr DEBUG    Center 53 | nsp: 221 | ntemp: 1
2025-02-26 22:02:41,967 kilosort.clustering_qr DEBUG    Center 54 | nsp: 0 | ntemp: 0
2025-02-26 22:02:41,967 kilosort.clustering_qr DEBUG    Center 55 | nsp: 72 | ntemp: 2
2025-02-26 22:02:41,969 kilosort.clustering_qr DEBUG    Center 56 | nsp: 133 | ntemp: 1
2025-02-26 22:02:41,970 kilosort.clustering_qr DEBUG    Center 57 | nsp: 144 | ntemp: 1
2025-02-26 22:02:41,971 kilosort.clustering_qr DEBUG    Center 58 | nsp: 261 | ntemp: 1
2025-02-26 22:02:41,972 kilosort.clustering_qr DEBUG    Center 59 | nsp: 443 | ntemp: 1
2025-02-26 22:02:41,972 kilosort.clustering_qr DEBUG     
2025-02-26 22:02:41,972 kilosort.clustering_qr DEBUG    Cluster center: 60 of 96
2025-02-26 22:02:41,972 kilosort.clustering_qr DEBUG    ********************************************************
2025-02-26 22:02:41,973 kilosort.clustering_qr DEBUG    CPU usage:    35.00 %
2025-02-26 22:02:41,973 kilosort.clustering_qr DEBUG    Memory:        8.53 %     |     64.35   /   754.60 GB
2025-02-26 22:02:41,973 kilosort.clustering_qr DEBUG    ------------------------------------------------------
2025-02-26 22:02:41,973 kilosort.clustering_qr DEBUG    GPU usage:    `conda install pynvml` for GPU usage
2025-02-26 22:02:41,973 kilosort.clustering_qr DEBUG    GPU memory:   14.33 %     |      5.66   /    39.50 GB
2025-02-26 22:02:41,973 kilosort.clustering_qr DEBUG    Allocated:     0.03 %     |      0.01   /    39.50 GB
2025-02-26 22:02:41,973 kilosort.clustering_qr DEBUG    Max alloc:     8.34 %     |      3.30   /    39.50 GB
2025-02-26 22:02:41,973 kilosort.clustering_qr DEBUG    ********************************************************
2025-02-26 22:02:41,974 kilosort.clustering_qr DEBUG    Center 60 | nsp: 809 | ntemp: 1
2025-02-26 22:02:41,975 kilosort.clustering_qr DEBUG    Center 61 | nsp: 440 | ntemp: 1
2025-02-26 22:02:41,976 kilosort.clustering_qr DEBUG    Center 62 | nsp: 90 | ntemp: 1
2025-02-26 22:02:41,977 kilosort.clustering_qr DEBUG    Center 63 | nsp: 261 | ntemp: 1
2025-02-26 22:02:41,979 kilosort.clustering_qr DEBUG    Center 64 | nsp: 326 | ntemp: 1
2025-02-26 22:02:41,980 kilosort.clustering_qr DEBUG    Center 65 | nsp: 560 | ntemp: 1
2025-02-26 22:02:41,981 kilosort.clustering_qr DEBUG    Center 66 | nsp: 364 | ntemp: 1
2025-02-26 22:02:41,982 kilosort.clustering_qr DEBUG    Center 67 | nsp: 24 | ntemp: 1
2025-02-26 22:02:41,983 kilosort.clustering_qr DEBUG    Center 68 | nsp: 276 | ntemp: 1
2025-02-26 22:02:41,984 kilosort.clustering_qr DEBUG    Center 69 | nsp: 61 | ntemp: 1
2025-02-26 22:02:41,984 kilosort.clustering_qr DEBUG     
2025-02-26 22:02:41,985 kilosort.clustering_qr DEBUG    Cluster center: 70 of 96
2025-02-26 22:02:41,985 kilosort.clustering_qr DEBUG    ********************************************************
2025-02-26 22:02:41,985 kilosort.clustering_qr DEBUG    CPU usage:    36.40 %
2025-02-26 22:02:41,985 kilosort.clustering_qr DEBUG    Memory:        8.53 %     |     64.35   /   754.60 GB
2025-02-26 22:02:41,985 kilosort.clustering_qr DEBUG    ------------------------------------------------------
2025-02-26 22:02:41,985 kilosort.clustering_qr DEBUG    GPU usage:    `conda install pynvml` for GPU usage
2025-02-26 22:02:41,985 kilosort.clustering_qr DEBUG    GPU memory:   14.33 %     |      5.66   /    39.50 GB
2025-02-26 22:02:41,985 kilosort.clustering_qr DEBUG    Allocated:     0.03 %     |      0.01   /    39.50 GB
2025-02-26 22:02:41,985 kilosort.clustering_qr DEBUG    Max alloc:     8.34 %     |      3.30   /    39.50 GB
2025-02-26 22:02:41,985 kilosort.clustering_qr DEBUG    ********************************************************
2025-02-26 22:02:41,986 kilosort.clustering_qr DEBUG    Center 70 | nsp: 8 | ntemp: 1
2025-02-26 22:02:41,986 kilosort.clustering_qr DEBUG    Center 71 | nsp: 0 | ntemp: 0
2025-02-26 22:02:41,987 kilosort.clustering_qr DEBUG    Center 72 | nsp: 343 | ntemp: 2
2025-02-26 22:02:41,988 kilosort.clustering_qr DEBUG    Center 73 | nsp: 280 | ntemp: 1
2025-02-26 22:02:41,990 kilosort.clustering_qr DEBUG    Center 74 | nsp: 148 | ntemp: 1
2025-02-26 22:02:41,991 kilosort.clustering_qr DEBUG    Center 75 | nsp: 75 | ntemp: 1
2025-02-26 22:02:41,991 kilosort.clustering_qr DEBUG    Center 76 | nsp: 0 | ntemp: 0
2025-02-26 22:02:41,992 kilosort.clustering_qr DEBUG    Center 77 | nsp: 461 | ntemp: 2
2025-02-26 22:02:41,993 kilosort.clustering_qr DEBUG    Center 78 | nsp: 124 | ntemp: 1
2025-02-26 22:02:41,994 kilosort.clustering_qr DEBUG    Center 79 | nsp: 214 | ntemp: 1
2025-02-26 22:02:41,995 kilosort.clustering_qr DEBUG     
2025-02-26 22:02:41,995 kilosort.clustering_qr DEBUG    Cluster center: 80 of 96
2025-02-26 22:02:41,995 kilosort.clustering_qr DEBUG    ********************************************************
2025-02-26 22:02:41,995 kilosort.clustering_qr DEBUG    CPU usage:    36.10 %
2025-02-26 22:02:41,995 kilosort.clustering_qr DEBUG    Memory:        8.53 %     |     64.35   /   754.60 GB
2025-02-26 22:02:41,995 kilosort.clustering_qr DEBUG    ------------------------------------------------------
2025-02-26 22:02:41,995 kilosort.clustering_qr DEBUG    GPU usage:    `conda install pynvml` for GPU usage
2025-02-26 22:02:41,995 kilosort.clustering_qr DEBUG    GPU memory:   14.33 %     |      5.66   /    39.50 GB
2025-02-26 22:02:41,995 kilosort.clustering_qr DEBUG    Allocated:     0.03 %     |      0.01   /    39.50 GB
2025-02-26 22:02:41,995 kilosort.clustering_qr DEBUG    Max alloc:     8.34 %     |      3.30   /    39.50 GB
2025-02-26 22:02:41,995 kilosort.clustering_qr DEBUG    ********************************************************
2025-02-26 22:02:41,995 kilosort.clustering_qr DEBUG    Center 80 | nsp: 0 | ntemp: 0
2025-02-26 22:02:41,996 kilosort.clustering_qr DEBUG    Center 81 | nsp: 995 | ntemp: 2
2025-02-26 22:02:41,998 kilosort.clustering_qr DEBUG    Center 82 | nsp: 335 | ntemp: 1
2025-02-26 22:02:42,000 kilosort.clustering_qr DEBUG    Center 83 | nsp: 2500 | ntemp: 5
2025-02-26 22:02:42,271 kilosort.clustering_qr DEBUG    Center 84 | nsp: 352 | ntemp: 1
2025-02-26 22:02:42,272 kilosort.clustering_qr DEBUG    Center 85 | nsp: 482 | ntemp: 1
2025-02-26 22:02:42,273 kilosort.clustering_qr DEBUG    Center 86 | nsp: 282 | ntemp: 1
2025-02-26 22:02:42,274 kilosort.clustering_qr DEBUG    Center 87 | nsp: 335 | ntemp: 1
2025-02-26 22:02:42,276 kilosort.clustering_qr DEBUG    Center 88 | nsp: 198 | ntemp: 1
2025-02-26 22:02:42,277 kilosort.clustering_qr DEBUG    Center 89 | nsp: 470 | ntemp: 1
2025-02-26 22:02:42,277 kilosort.clustering_qr DEBUG     
2025-02-26 22:02:42,277 kilosort.clustering_qr DEBUG    Cluster center: 90 of 96
2025-02-26 22:02:42,277 kilosort.clustering_qr DEBUG    ********************************************************
2025-02-26 22:02:42,277 kilosort.clustering_qr DEBUG    CPU usage:    14.40 %
2025-02-26 22:02:42,278 kilosort.clustering_qr DEBUG    Memory:        8.53 %     |     64.35   /   754.60 GB
2025-02-26 22:02:42,278 kilosort.clustering_qr DEBUG    ------------------------------------------------------
2025-02-26 22:02:42,278 kilosort.clustering_qr DEBUG    GPU usage:    `conda install pynvml` for GPU usage
2025-02-26 22:02:42,278 kilosort.clustering_qr DEBUG    GPU memory:   14.33 %     |      5.66   /    39.50 GB
2025-02-26 22:02:42,278 kilosort.clustering_qr DEBUG    Allocated:     0.03 %     |      0.01   /    39.50 GB
2025-02-26 22:02:42,283 kilosort.clustering_qr DEBUG    Max alloc:     8.34 %     |      3.30   /    39.50 GB
2025-02-26 22:02:42,283 kilosort.clustering_qr DEBUG    ********************************************************
2025-02-26 22:02:42,284 kilosort.clustering_qr DEBUG    Center 90 | nsp: 334 | ntemp: 1
2025-02-26 22:02:42,302 kilosort.clustering_qr DEBUG    Center 91 | nsp: 268 | ntemp: 1
2025-02-26 22:02:42,371 kilosort.clustering_qr DEBUG    Center 92 | nsp: 265 | ntemp: 1
2025-02-26 22:02:42,372 kilosort.clustering_qr DEBUG    Center 93 | nsp: 371 | ntemp: 2
2025-02-26 22:02:42,373 kilosort.clustering_qr DEBUG    Center 94 | nsp: 0 | ntemp: 0
2025-02-26 22:02:42,374 kilosort.clustering_qr DEBUG    Center 95 | nsp: 51 | ntemp: 1
2025-02-26 22:02:42,376 kilosort.run_kilosort INFO     103 clusters found, in  1.34s; total  12.11s
2025-02-26 22:02:42,377 kilosort.run_kilosort DEBUG    clu shape: (33479,)
2025-02-26 22:02:42,377 kilosort.run_kilosort DEBUG    Wall shape: torch.Size([103, 374, 6])
2025-02-26 22:02:42,377 kilosort.run_kilosort INFO      
2025-02-26 22:02:42,377 kilosort.run_kilosort INFO     Merging clusters
2025-02-26 22:02:42,377 kilosort.run_kilosort INFO     ----------------------------------------
2025-02-26 22:02:42,422 kilosort.run_kilosort INFO     103 units found, in  0.05s; total  12.16s
2025-02-26 22:02:42,423 kilosort.run_kilosort DEBUG    clu shape: (33479,)
2025-02-26 22:02:42,423 kilosort.run_kilosort DEBUG    Wall shape: torch.Size([103, 374, 6])
2025-02-26 22:02:42,434 kilosort.run_kilosort INFO      
2025-02-26 22:02:42,434 kilosort.run_kilosort INFO     Resource usage after clustering
2025-02-26 22:02:42,435 kilosort.run_kilosort INFO     ********************************************************
2025-02-26 22:02:42,435 kilosort.run_kilosort INFO     CPU usage:    27.60 %
2025-02-26 22:02:42,436 kilosort.run_kilosort INFO     Memory:        8.53 %     |     64.35   /   754.60 GB
2025-02-26 22:02:42,436 kilosort.run_kilosort INFO     ------------------------------------------------------
2025-02-26 22:02:42,437 kilosort.run_kilosort INFO     GPU usage:    `conda install pynvml` for GPU usage
2025-02-26 22:02:42,437 kilosort.run_kilosort INFO     GPU memory:   14.33 %     |      5.66   /    39.50 GB
2025-02-26 22:02:42,438 kilosort.run_kilosort INFO     Allocated:     0.03 %     |      0.01   /    39.50 GB
2025-02-26 22:02:42,438 kilosort.run_kilosort INFO     Max alloc:     8.34 %     |      3.30   /    39.50 GB
2025-02-26 22:02:42,439 kilosort.run_kilosort INFO     ********************************************************
2025-02-26 22:02:42,439 kilosort.run_kilosort DEBUG    

|===========================================================================|
|                  PyTorch CUDA memory summary, device ID 0                 |
|---------------------------------------------------------------------------|
|            CUDA OOMs: 0            |        cudaMalloc retries: 0         |
|===========================================================================|
|        Metric         | Cur Usage  | Peak Usage | Tot Alloc  | Tot Freed  |
|---------------------------------------------------------------------------|
| Allocated memory      |  11185 KiB |   3374 MiB |   1478 GiB |   1478 GiB |
|---------------------------------------------------------------------------|
| Active memory         |  11185 KiB |   3374 MiB |   1478 GiB |   1478 GiB |
|---------------------------------------------------------------------------|
| Requested memory      |  11182 KiB |   3372 MiB |   1478 GiB |   1478 GiB |
|---------------------------------------------------------------------------|
| GPU reserved memory   |   5230 MiB |   5230 MiB |   5230 MiB |      0 B   |
|---------------------------------------------------------------------------|
| Non-releasable memory |  40015 KiB |   1751 MiB | 672075 MiB | 672036 MiB |
|---------------------------------------------------------------------------|
| Allocations           |      12    |      45    |  120121    |  120109    |
|---------------------------------------------------------------------------|
| Active allocs         |      12    |      45    |  120121    |  120109    |
|---------------------------------------------------------------------------|
| GPU reserved segments |      18    |      18    |      18    |       0    |
|---------------------------------------------------------------------------|
| Non-releasable allocs |      10    |      23    |   45754    |   45744    |
|---------------------------------------------------------------------------|
| Oversize allocations  |       0    |       0    |       0    |       0    |
|---------------------------------------------------------------------------|
| Oversize GPU segments |       0    |       0    |       0    |       0    |
|===========================================================================|


2025-02-26 22:02:42,439 kilosort.run_kilosort INFO      
2025-02-26 22:02:42,440 kilosort.run_kilosort INFO     Saving to phy and computing refractory periods
2025-02-26 22:02:42,440 kilosort.run_kilosort INFO     ----------------------------------------
2025-02-26 22:02:42,823 kilosort.run_kilosort INFO     19 units found with good refractory periods
2025-02-26 22:02:42,824 kilosort.run_kilosort INFO     Total runtime: 12.56s = 00:00:13 h:m:s
2025-02-26 22:02:42,838 kilosort.run_kilosort INFO     Sorting output saved in: /home/lss72/palmer_scratch/spike_sort/kilosort4.
2025-02-26 22:02:42,839 kilosort.run_kilosort INFO      
2025-02-26 22:02:42,839 kilosort.run_kilosort INFO     Resource usage after saving
2025-02-26 22:02:42,839 kilosort.run_kilosort INFO     ********************************************************
2025-02-26 22:02:42,840 kilosort.run_kilosort INFO     CPU usage:    19.60 %
2025-02-26 22:02:42,841 kilosort.run_kilosort INFO     Memory:        8.53 %     |     64.38   /   754.60 GB
2025-02-26 22:02:42,841 kilosort.run_kilosort INFO     ------------------------------------------------------
2025-02-26 22:02:42,841 kilosort.run_kilosort INFO     GPU usage:    `conda install pynvml` for GPU usage
2025-02-26 22:02:42,842 kilosort.run_kilosort INFO     GPU memory:   14.33 %     |      5.66   /    39.50 GB
2025-02-26 22:02:42,843 kilosort.run_kilosort INFO     Allocated:     0.03 %     |      0.01   /    39.50 GB
2025-02-26 22:02:42,843 kilosort.run_kilosort INFO     Max alloc:     8.34 %     |      3.30   /    39.50 GB
2025-02-26 22:02:42,844 kilosort.run_kilosort INFO     ********************************************************
2025-02-26 22:02:42,844 kilosort.run_kilosort DEBUG    

|===========================================================================|
|                  PyTorch CUDA memory summary, device ID 0                 |
|---------------------------------------------------------------------------|
|            CUDA OOMs: 0            |        cudaMalloc retries: 0         |
|===========================================================================|
|        Metric         | Cur Usage  | Peak Usage | Tot Alloc  | Tot Freed  |
|---------------------------------------------------------------------------|
| Allocated memory      |  11185 KiB |   3374 MiB |   1478 GiB |   1478 GiB |
|---------------------------------------------------------------------------|
| Active memory         |  11185 KiB |   3374 MiB |   1478 GiB |   1478 GiB |
|---------------------------------------------------------------------------|
| Requested memory      |  11182 KiB |   3372 MiB |   1478 GiB |   1478 GiB |
|---------------------------------------------------------------------------|
| GPU reserved memory   |   5230 MiB |   5230 MiB |   5230 MiB |      0 B   |
|---------------------------------------------------------------------------|
| Non-releasable memory |  40015 KiB |   1751 MiB | 672088 MiB | 672049 MiB |
|---------------------------------------------------------------------------|
| Allocations           |      12    |      45    |  121539    |  121527    |
|---------------------------------------------------------------------------|
| Active allocs         |      12    |      45    |  121539    |  121527    |
|---------------------------------------------------------------------------|
| GPU reserved segments |      18    |      18    |      18    |       0    |
|---------------------------------------------------------------------------|
| Non-releasable allocs |      10    |      23    |   46380    |   46370    |
|---------------------------------------------------------------------------|
| Oversize allocations  |       0    |       0    |       0    |       0    |
|---------------------------------------------------------------------------|
| Oversize GPU segments |       0    |       0    |       0    |       0    |
|===========================================================================|


