2025-03-31 23:31:05,673 kilosort.run_kilosort INFO     Kilosort version 4.0.25
2025-03-31 23:31:05,674 kilosort.run_kilosort INFO     Python version 3.9.21
2025-03-31 23:31:05,674 kilosort.run_kilosort INFO     ----------------------------------------
2025-03-31 23:31:05,674 kilosort.run_kilosort INFO     System information:
2025-03-31 23:31:05,675 kilosort.run_kilosort INFO     Linux-4.18.0-477.74.1.el8_8.x86_64-x86_64-with-glibc2.28 x86_64
2025-03-31 23:31:05,675 kilosort.run_kilosort INFO     x86_64
2025-03-31 23:31:05,831 kilosort.run_kilosort INFO     Using GPU for PyTorch computations. Specify `device` to change this.
2025-03-31 23:31:05,866 kilosort.run_kilosort INFO     Using CUDA device: NVIDIA A100-PCIE-40GB 39.50GB
2025-03-31 23:31:05,866 kilosort.run_kilosort INFO     ----------------------------------------
2025-03-31 23:31:05,867 kilosort.run_kilosort INFO     Sorting /home/lss72/palmer_scratch/spike_sort/neuropixels.bin
2025-03-31 23:31:05,867 kilosort.run_kilosort INFO     Interpreting binary file as default dtype='int16'. If data was saved in a different format, specify `data_dtype`.
2025-03-31 23:31:05,868 kilosort.run_kilosort DEBUG    Initial ops:

ops = {
    'n_chan_bin': 385,
    'fs': 30000,
    'batch_size': 60000,
    'nblocks': 1,
    'Th_universal': 9,
    'Th_learned': 8,
    'tmin': 0,
    'tmax': 300,
    'nt': 61,
    'shift': None,
    'scale': None,
    'artifact_threshold': inf,
    'nskip': 25,
    'whitening_range': 32,
    'highpass_cutoff': 300,
    'binning_depth': 5,
    'sig_interp': 20,
    'drift_smoothing': [0.5, 0.5, 0.5],
    'nt0min': 20,
    'dmin': None,
    'dminx': 32,
    'min_template_size': 10,
    'template_sizes': 5,
    'nearest_chans': 10,
    'nearest_templates': 100,
    'max_channel_distance': 32,
    'max_peels': 100,
    'templates_from_data': True,
    'n_templates': 6,
    'n_pcs': 6,
    'Th_single_ch': 6,
    'acg_threshold': 0.2,
    'ccg_threshold': 0.25,
    'cluster_downsampling': 20,
    'x_centers': None,
    'duplicate_spike_ms': 0.25,
    'position_limit': 100,
    'data_dir': PosixPath('/home/lss72/palmer_scratch/spike_sort'),
    'probe_path': 'forPRBimecP3opt3.mat',
    'filename': PosixPath('/home/lss72/palmer_scratch/spike_sort/neuropixels.bin'),
    'data_dtype': 'int16',
    'do_CAR': True,
    'invert_sign': False,
    'NTbuff': 60122,
    'Nchan': 374,
    'duplicate_spike_bins': 7,
    'torch_device': 'cuda',
    'save_preprocessed_copy': False
}

2025-03-31 23:31:05,879 kilosort.run_kilosort DEBUG    Probe dictionary:

probe = {
    'xc': np.array([41., 11., 59., 29., 41., 11., 59., 29., 41., 11., 59., 29., 41.,
       11., 59., 29., 41., 11., 59., 29., 41., 11., 59., 29., 41., 11.,
       59., 29., 41., 11., 59., 29., 41., 11., 59., 29., 11., 59., 29.,
       41., 11., 59., 29., 41., 11., 59., 29., 41., 11., 59., 29., 41.,
       11., 59., 29., 41., 11., 59., 29., 41., 11., 59., 29., 41., 11.,
       59., 29., 41., 11., 59., 29., 41., 11., 59., 41., 11., 59., 29.,
       41., 11., 59., 29., 41., 11., 59., 29., 41., 11., 59., 29., 41.,
       11., 59., 29., 41., 11., 59., 29., 41., 11., 59., 29., 41., 11.,
       59., 29., 41., 11., 59., 29., 11., 59., 29., 41., 11., 59., 29.,
       41., 11., 59., 29., 41., 11., 59., 29., 41., 11., 59., 29., 41.,
       11., 59., 29., 41., 11., 59., 29., 41., 11., 59., 29., 41., 11.,
       59., 29., 41., 11., 59., 41., 11., 59., 29., 41., 11., 59., 29.,
       41., 11., 59., 29., 41., 11., 59., 29., 41., 11., 59., 29., 41.,
       11., 59., 29., 41., 11., 59., 29., 41., 11., 59., 29., 41., 11.,
       59., 29., 11., 59., 29., 41., 11., 59., 29., 41., 11., 59., 29.,
       41., 11., 59., 29., 41., 11., 59., 29., 41., 11., 59., 29., 41.,
       11., 59., 29., 41., 11., 59., 29., 41., 11., 59., 29., 41., 11.,
       59., 41., 11., 59., 29., 41., 11., 59., 29., 41., 11., 59., 29.,
       41., 11., 59., 29., 41., 11., 59., 29., 41., 11., 59., 29., 41.,
       11., 59., 29., 41., 11., 59., 29., 41., 11., 59., 29., 11., 59.,
       29., 41., 11., 59., 29., 41., 11., 59., 29., 41., 11., 59., 29.,
       41., 11., 59., 29., 41., 11., 59., 29., 41., 11., 59., 29., 41.,
       11., 59., 29., 41., 11., 59., 29., 41., 11., 59., 41., 11., 59.,
       29., 41., 11., 59., 29., 41., 11., 59., 29., 41., 11., 59., 29.,
       41., 11., 59., 29., 41., 11., 59., 29., 41., 11., 59., 29., 41.,
       11., 59., 29., 41., 11., 59., 29., 11., 59., 29., 41., 11., 59.,
       29., 41., 11., 59., 29., 41., 11., 59., 29., 41., 11., 59., 29.,
       41., 11., 59., 29., 41., 11., 59., 29., 41., 11., 59., 29., 41.,
       11., 59., 29., 41., 11., 59., 41., 11., 59., 29.], dtype=np.float32),
    'yc': np.array([  20.,   20.,   40.,   40.,   60.,   60.,   80.,   80.,  100.,
        100.,  120.,  120.,  140.,  140.,  160.,  160.,  180.,  180.,
        200.,  200.,  220.,  220.,  240.,  240.,  260.,  260.,  280.,
        280.,  300.,  300.,  320.,  320.,  340.,  340.,  360.,  360.,
        380.,  400.,  400.,  420.,  420.,  440.,  440.,  460.,  460.,
        480.,  480.,  500.,  500.,  520.,  520.,  540.,  540.,  560.,
        560.,  580.,  580.,  600.,  600.,  620.,  620.,  640.,  640.,
        660.,  660.,  680.,  680.,  700.,  700.,  720.,  720.,  740.,
        740.,  760.,  780.,  780.,  800.,  800.,  820.,  820.,  840.,
        840.,  860.,  860.,  880.,  880.,  900.,  900.,  920.,  920.,
        940.,  940.,  960.,  960.,  980.,  980., 1000., 1000., 1020.,
       1020., 1040., 1040., 1060., 1060., 1080., 1080., 1100., 1100.,
       1120., 1120., 1140., 1160., 1160., 1180., 1180., 1200., 1200.,
       1220., 1220., 1240., 1240., 1260., 1260., 1280., 1280., 1300.,
       1300., 1320., 1320., 1340., 1340., 1360., 1360., 1380., 1380.,
       1400., 1400., 1420., 1420., 1440., 1440., 1460., 1460., 1480.,
       1480., 1500., 1500., 1520., 1540., 1540., 1560., 1560., 1580.,
       1580., 1600., 1600., 1620., 1620., 1640., 1640., 1660., 1660.,
       1680., 1680., 1700., 1700., 1720., 1720., 1740., 1740., 1760.,
       1760., 1780., 1780., 1800., 1800., 1820., 1820., 1840., 1840.,
       1860., 1860., 1880., 1880., 1900., 1920., 1920., 1940., 1940.,
       1960., 1960., 1980., 1980., 2000., 2000., 2020., 2020., 2040.,
       2040., 2060., 2060., 2080., 2080., 2100., 2100., 2120., 2120.,
       2140., 2140., 2160., 2160., 2180., 2180., 2200., 2200., 2220.,
       2220., 2240., 2240., 2260., 2260., 2280., 2300., 2300., 2320.,
       2320., 2340., 2340., 2360., 2360., 2380., 2380., 2400., 2400.,
       2420., 2420., 2440., 2440., 2460., 2460., 2480., 2480., 2500.,
       2500., 2520., 2520., 2540., 2540., 2560., 2560., 2580., 2580.,
       2600., 2600., 2620., 2620., 2640., 2640., 2660., 2680., 2680.,
       2700., 2700., 2720., 2720., 2740., 2740., 2760., 2760., 2780.,
       2780., 2800., 2800., 2820., 2820., 2840., 2840., 2860., 2860.,
       2880., 2880., 2900., 2900., 2920., 2920., 2940., 2940., 2960.,
       2960., 2980., 2980., 3000., 3000., 3020., 3020., 3040., 3060.,
       3060., 3080., 3080., 3100., 3100., 3120., 3120., 3140., 3140.,
       3160., 3160., 3180., 3180., 3200., 3200., 3220., 3220., 3240.,
       3240., 3260., 3260., 3280., 3280., 3300., 3300., 3320., 3320.,
       3340., 3340., 3360., 3360., 3380., 3380., 3400., 3400., 3420.,
       3440., 3440., 3460., 3460., 3480., 3480., 3500., 3500., 3520.,
       3520., 3540., 3540., 3560., 3560., 3580., 3580., 3600., 3600.,
       3620., 3620., 3640., 3640., 3660., 3660., 3680., 3680., 3700.,
       3700., 3720., 3720., 3740., 3740., 3760., 3760., 3780., 3780.,
       3800., 3820., 3820., 3840., 3840.], dtype=np.float32),
    'kcoords': np.array([0., 0., 0., 0., 0., 0., 0., 0., 0., 0., 0., 0., 0., 0., 0., 0., 0.,
       0., 0., 0., 0., 0., 0., 0., 0., 0., 0., 0., 0., 0., 0., 0., 0., 0.,
       0., 0., 0., 0., 0., 0., 0., 0., 0., 0., 0., 0., 0., 0., 0., 0., 0.,
       0., 0., 0., 0., 0., 0., 0., 0., 0., 0., 0., 0., 0., 0., 0., 0., 0.,
       0., 0., 0., 0., 0., 0., 0., 0., 0., 0., 0., 0., 0., 0., 0., 0., 0.,
       0., 0., 0., 0., 0., 0., 0., 0., 0., 0., 0., 0., 0., 0., 0., 0., 0.,
       0., 0., 0., 0., 0., 0., 0., 0., 0., 0., 0., 0., 0., 0., 0., 0., 0.,
       0., 0., 0., 0., 0., 0., 0., 0., 0., 0., 0., 0., 0., 0., 0., 0., 0.,
       0., 0., 0., 0., 0., 0., 0., 0., 0., 0., 0., 0., 0., 0., 0., 0., 0.,
       0., 0., 0., 0., 0., 0., 0., 0., 0., 0., 0., 0., 0., 0., 0., 0., 0.,
       0., 0., 0., 0., 0., 0., 0., 0., 0., 0., 0., 0., 0., 0., 0., 0., 0.,
       0., 0., 0., 0., 0., 0., 0., 0., 0., 0., 0., 0., 0., 0., 0., 0., 0.,
       0., 0., 0., 0., 0., 0., 0., 0., 0., 0., 0., 0., 0., 0., 0., 0., 0.,
       0., 0., 0., 0., 0., 0., 0., 0., 0., 0., 0., 0., 0., 0., 0., 0., 0.,
       0., 0., 0., 0., 0., 0., 0., 0., 0., 0., 0., 0., 0., 0., 0., 0., 0.,
       0., 0., 0., 0., 0., 0., 0., 0., 0., 0., 0., 0., 0., 0., 0., 0., 0.,
       0., 0., 0., 0., 0., 0., 0., 0., 0., 0., 0., 0., 0., 0., 0., 0., 0.,
       0., 0., 0., 0., 0., 0., 0., 0., 0., 0., 0., 0., 0., 0., 0., 0., 0.,
       0., 0., 0., 0., 0., 0., 0., 0., 0., 0., 0., 0., 0., 0., 0., 0., 0.,
       0., 0., 0., 0., 0., 0., 0., 0., 0., 0., 0., 0., 0., 0., 0., 0., 0.,
       0., 0., 0., 0., 0., 0., 0., 0., 0., 0., 0., 0., 0., 0., 0., 0., 0.,
       0., 0., 0., 0., 0., 0., 0., 0., 0., 0., 0., 0., 0., 0., 0., 0., 0.],
      dtype=np.float32),
    'chanMap': np.array([  0,   1,   2,   3,   4,   5,   6,   7,   8,   9,  10,  11,  12,
        13,  14,  15,  16,  17,  18,  19,  20,  21,  22,  23,  24,  25,
        26,  27,  28,  29,  30,  31,  32,  33,  34,  35,  37,  38,  39,
        40,  41,  42,  43,  44,  45,  46,  47,  48,  49,  50,  51,  52,
        53,  54,  55,  56,  57,  58,  59,  60,  61,  62,  63,  64,  65,
        66,  67,  68,  69,  70,  71,  72,  73,  74,  76,  77,  78,  79,
        80,  81,  82,  83,  84,  85,  86,  87,  88,  89,  90,  91,  92,
        93,  94,  95,  96,  97,  98,  99, 100, 101, 102, 103, 104, 105,
       106, 107, 108, 109, 110, 111, 113, 114, 115, 116, 117, 118, 119,
       120, 121, 122, 123, 124, 125, 126, 127, 128, 129, 130, 131, 132,
       133, 134, 135, 136, 137, 138, 139, 140, 141, 142, 143, 144, 145,
       146, 147, 148, 149, 150, 152, 153, 154, 155, 156, 157, 158, 159,
       160, 161, 162, 163, 164, 165, 166, 167, 168, 169, 170, 171, 172,
       173, 174, 175, 176, 177, 178, 179, 180, 181, 182, 183, 184, 185,
       186, 187, 189, 190, 191, 192, 193, 194, 195, 196, 197, 198, 199,
       200, 201, 202, 203, 204, 205, 206, 207, 208, 209, 210, 211, 212,
       213, 214, 215, 216, 217, 218, 219, 220, 221, 222, 223, 224, 225,
       226, 228, 229, 230, 231, 232, 233, 234, 235, 236, 237, 238, 239,
       240, 241, 242, 243, 244, 245, 246, 247, 248, 249, 250, 251, 252,
       253, 254, 255, 256, 257, 258, 259, 260, 261, 262, 263, 265, 266,
       267, 268, 269, 270, 271, 272, 273, 274, 275, 276, 277, 278, 279,
       280, 281, 282, 283, 284, 285, 286, 287, 288, 289, 290, 291, 292,
       293, 294, 295, 296, 297, 298, 299, 300, 301, 302, 304, 305, 306,
       307, 308, 309, 310, 311, 312, 313, 314, 315, 316, 317, 318, 319,
       320, 321, 322, 323, 324, 325, 326, 327, 328, 329, 330, 331, 332,
       333, 334, 335, 336, 337, 338, 339, 341, 342, 343, 344, 345, 346,
       347, 348, 349, 350, 351, 352, 353, 354, 355, 356, 357, 358, 359,
       360, 361, 362, 363, 364, 365, 366, 367, 368, 369, 370, 371, 372,
       373, 374, 375, 376, 377, 378, 380, 381, 382, 383], dtype=np.int32),
    'n_chan': 384
}

2025-03-31 23:31:05,879 kilosort.run_kilosort INFO      
2025-03-31 23:31:05,879 kilosort.run_kilosort INFO     Computing preprocessing variables.
2025-03-31 23:31:05,880 kilosort.run_kilosort INFO     ----------------------------------------
2025-03-31 23:31:06,128 kilosort.run_kilosort INFO     N samples: 9000000
2025-03-31 23:31:06,129 kilosort.run_kilosort INFO     N seconds: 300.0
2025-03-31 23:31:06,129 kilosort.run_kilosort INFO     N batches: 150
2025-03-31 23:31:06,889 kilosort.run_kilosort INFO     Preprocessing filters computed in  1.01s; total  1.02s
2025-03-31 23:31:06,890 kilosort.run_kilosort DEBUG    hp_filter shape: torch.Size([30122])
2025-03-31 23:31:06,890 kilosort.run_kilosort DEBUG    whiten_mat shape: torch.Size([374, 374])
2025-03-31 23:31:06,890 kilosort.run_kilosort INFO      
2025-03-31 23:31:06,891 kilosort.run_kilosort INFO     Resource usage after preprocessing
2025-03-31 23:31:06,891 kilosort.run_kilosort INFO     ********************************************************
2025-03-31 23:31:06,892 kilosort.run_kilosort INFO     CPU usage:    23.80 %
2025-03-31 23:31:06,893 kilosort.run_kilosort INFO     Memory:       13.24 %     |     99.89   /   754.60 GB
2025-03-31 23:31:06,893 kilosort.run_kilosort INFO     ------------------------------------------------------
2025-03-31 23:31:06,893 kilosort.run_kilosort INFO     GPU usage:    `conda install pynvml` for GPU usage
2025-03-31 23:31:06,894 kilosort.run_kilosort INFO     GPU memory:    5.39 %     |      2.13   /    39.50 GB
2025-03-31 23:31:06,895 kilosort.run_kilosort INFO     Allocated:     0.02 %     |      0.01   /    39.50 GB
2025-03-31 23:31:06,895 kilosort.run_kilosort INFO     Max alloc:     3.23 %     |      1.28   /    39.50 GB
2025-03-31 23:31:06,895 kilosort.run_kilosort INFO     ********************************************************
2025-03-31 23:31:06,898 kilosort.run_kilosort INFO      
2025-03-31 23:31:06,898 kilosort.run_kilosort INFO     Computing drift correction.
2025-03-31 23:31:06,899 kilosort.run_kilosort INFO     ----------------------------------------
2025-03-31 23:31:06,900 kilosort.spikedetect INFO     Re-computing universal templates from data.
2025-03-31 23:31:07,807 kilosort.spikedetect INFO     Number of universal templates: 1532
2025-03-31 23:31:07,927 kilosort.spikedetect INFO     Detecting spikes...
2025-03-31 23:31:07,930 kilosort.spikedetect DEBUG     
2025-03-31 23:31:07,930 kilosort.spikedetect DEBUG    Batch 0
2025-03-31 23:31:07,930 kilosort.spikedetect DEBUG    ********************************************************
2025-03-31 23:31:07,930 kilosort.spikedetect DEBUG    CPU usage:    36.20 %
2025-03-31 23:31:07,930 kilosort.spikedetect DEBUG    Memory:       13.26 %     |    100.09   /   754.60 GB
2025-03-31 23:31:07,930 kilosort.spikedetect DEBUG    ------------------------------------------------------
2025-03-31 23:31:07,930 kilosort.spikedetect DEBUG    GPU usage:    `conda install pynvml` for GPU usage
2025-03-31 23:31:07,930 kilosort.spikedetect DEBUG    GPU memory:    5.39 %     |      2.13   /    39.50 GB
2025-03-31 23:31:07,931 kilosort.spikedetect DEBUG    Allocated:     0.03 %     |      0.01   /    39.50 GB
2025-03-31 23:31:07,931 kilosort.spikedetect DEBUG    Max alloc:     3.23 %     |      1.28   /    39.50 GB
2025-03-31 23:31:07,931 kilosort.spikedetect DEBUG    ********************************************************
2025-03-31 23:31:51,025 kilosort.spikedetect DEBUG     
2025-03-31 23:31:51,026 kilosort.spikedetect DEBUG    Batch 149
2025-03-31 23:31:51,026 kilosort.spikedetect DEBUG    ********************************************************
2025-03-31 23:31:51,026 kilosort.spikedetect DEBUG    CPU usage:    27.00 %
2025-03-31 23:31:51,026 kilosort.spikedetect DEBUG    Memory:       13.30 %     |    100.38   /   754.60 GB
2025-03-31 23:31:51,026 kilosort.spikedetect DEBUG    ------------------------------------------------------
2025-03-31 23:31:51,026 kilosort.spikedetect DEBUG    GPU usage:    `conda install pynvml` for GPU usage
2025-03-31 23:31:51,027 kilosort.spikedetect DEBUG    GPU memory:   14.32 %     |      5.66   /    39.50 GB
2025-03-31 23:31:51,027 kilosort.spikedetect DEBUG    Allocated:     0.27 %     |      0.11   /    39.50 GB
2025-03-31 23:31:51,027 kilosort.spikedetect DEBUG    Max alloc:     8.35 %     |      3.30   /    39.50 GB
2025-03-31 23:31:51,027 kilosort.spikedetect DEBUG    ********************************************************
2025-03-31 23:31:51,584 kilosort.run_kilosort INFO     drift computed in  44.69s; total  45.72s
2025-03-31 23:31:51,585 kilosort.run_kilosort DEBUG    st shape: (895845, 6)
2025-03-31 23:31:51,585 kilosort.run_kilosort DEBUG    yblk shape: (1,)
2025-03-31 23:31:51,585 kilosort.run_kilosort DEBUG    dshift shape: (150, 1)
2025-03-31 23:31:51,585 kilosort.run_kilosort DEBUG    iKxx shape: torch.Size([374, 374])
2025-03-31 23:31:51,586 kilosort.run_kilosort INFO      
2025-03-31 23:31:51,586 kilosort.run_kilosort INFO     Resource usage after drift correction
2025-03-31 23:31:51,587 kilosort.run_kilosort INFO     ********************************************************
2025-03-31 23:31:51,587 kilosort.run_kilosort INFO     CPU usage:    29.20 %
2025-03-31 23:31:51,588 kilosort.run_kilosort INFO     Memory:       13.28 %     |    100.20   /   754.60 GB
2025-03-31 23:31:51,588 kilosort.run_kilosort INFO     ------------------------------------------------------
2025-03-31 23:31:51,589 kilosort.run_kilosort INFO     GPU usage:    `conda install pynvml` for GPU usage
2025-03-31 23:31:51,589 kilosort.run_kilosort INFO     GPU memory:   14.32 %     |      5.66   /    39.50 GB
2025-03-31 23:31:51,590 kilosort.run_kilosort INFO     Allocated:     0.03 %     |      0.01   /    39.50 GB
2025-03-31 23:31:51,590 kilosort.run_kilosort INFO     Max alloc:     8.35 %     |      3.30   /    39.50 GB
2025-03-31 23:31:51,591 kilosort.run_kilosort INFO     ********************************************************
2025-03-31 23:31:51,591 kilosort.run_kilosort DEBUG    

|===========================================================================|
|                  PyTorch CUDA memory summary, device ID 0                 |
|---------------------------------------------------------------------------|
|            CUDA OOMs: 0            |        cudaMalloc retries: 0         |
|===========================================================================|
|        Metric         | Cur Usage  | Peak Usage | Tot Alloc  | Tot Freed  |
|---------------------------------------------------------------------------|
| Allocated memory      |  11150 KiB |   3376 MiB |  12971 GiB |  12971 GiB |
|---------------------------------------------------------------------------|
| Active memory         |  11150 KiB |   3376 MiB |  12971 GiB |  12971 GiB |
|---------------------------------------------------------------------------|
| Requested memory      |  11149 KiB |   3375 MiB |  12968 GiB |  12968 GiB |
|---------------------------------------------------------------------------|
| GPU reserved memory   |   5226 MiB |   5226 MiB |   5226 MiB |      0 B   |
|---------------------------------------------------------------------------|
| Non-releasable memory |  40049 KiB |   2297 MiB |   5919 GiB |   5919 GiB |
|---------------------------------------------------------------------------|
| Allocations           |       9    |      37    |  110549    |  110540    |
|---------------------------------------------------------------------------|
| Active allocs         |       9    |      37    |  110549    |  110540    |
|---------------------------------------------------------------------------|
| GPU reserved segments |      16    |      16    |      16    |       0    |
|---------------------------------------------------------------------------|
| Non-releasable allocs |       7    |      24    |   41371    |   41364    |
|---------------------------------------------------------------------------|
| Oversize allocations  |       0    |       0    |       0    |       0    |
|---------------------------------------------------------------------------|
| Oversize GPU segments |       0    |       0    |       0    |       0    |
|===========================================================================|


2025-03-31 23:31:51,665 kilosort.run_kilosort DEBUG    First batch min, max: (-36.569805, 16.923208)
2025-03-31 23:31:51,666 kilosort.run_kilosort INFO      
2025-03-31 23:31:51,666 kilosort.run_kilosort INFO     Extracting spikes using templates
2025-03-31 23:31:51,666 kilosort.run_kilosort INFO     ----------------------------------------
2025-03-31 23:31:51,667 kilosort.spikedetect INFO     Re-computing universal templates from data.
2025-03-31 23:31:52,391 kilosort.spikedetect INFO     Number of universal templates: 1532
2025-03-31 23:31:52,497 kilosort.spikedetect INFO     Detecting spikes...
2025-03-31 23:31:52,499 kilosort.spikedetect DEBUG     
2025-03-31 23:31:52,499 kilosort.spikedetect DEBUG    Batch 0
2025-03-31 23:31:52,499 kilosort.spikedetect DEBUG    ********************************************************
2025-03-31 23:31:52,499 kilosort.spikedetect DEBUG    CPU usage:    37.20 %
2025-03-31 23:31:52,499 kilosort.spikedetect DEBUG    Memory:       13.29 %     |    100.32   /   754.60 GB
2025-03-31 23:31:52,499 kilosort.spikedetect DEBUG    ------------------------------------------------------
2025-03-31 23:31:52,499 kilosort.spikedetect DEBUG    GPU usage:    `conda install pynvml` for GPU usage
2025-03-31 23:31:52,499 kilosort.spikedetect DEBUG    GPU memory:   14.33 %     |      5.66   /    39.50 GB
2025-03-31 23:31:52,499 kilosort.spikedetect DEBUG    Allocated:     0.03 %     |      0.01   /    39.50 GB
2025-03-31 23:31:52,500 kilosort.spikedetect DEBUG    Max alloc:     8.35 %     |      3.30   /    39.50 GB
2025-03-31 23:31:52,500 kilosort.spikedetect DEBUG    ********************************************************
2025-03-31 23:32:35,704 kilosort.spikedetect DEBUG     
2025-03-31 23:32:35,704 kilosort.spikedetect DEBUG    Batch 149
2025-03-31 23:32:35,704 kilosort.spikedetect DEBUG    ********************************************************
2025-03-31 23:32:35,705 kilosort.spikedetect DEBUG    CPU usage:    28.40 %
2025-03-31 23:32:35,705 kilosort.spikedetect DEBUG    Memory:       13.31 %     |    100.46   /   754.60 GB
2025-03-31 23:32:35,705 kilosort.spikedetect DEBUG    ------------------------------------------------------
2025-03-31 23:32:35,705 kilosort.spikedetect DEBUG    GPU usage:    `conda install pynvml` for GPU usage
2025-03-31 23:32:35,705 kilosort.spikedetect DEBUG    GPU memory:   14.33 %     |      5.66   /    39.50 GB
2025-03-31 23:32:35,705 kilosort.spikedetect DEBUG    Allocated:     0.28 %     |      0.11   /    39.50 GB
2025-03-31 23:32:35,705 kilosort.spikedetect DEBUG    Max alloc:     8.35 %     |      3.30   /    39.50 GB
2025-03-31 23:32:35,705 kilosort.spikedetect DEBUG    ********************************************************
2025-03-31 23:32:35,706 kilosort.run_kilosort INFO     883443 spikes extracted in  44.04s; total  89.84s
2025-03-31 23:32:35,707 kilosort.run_kilosort DEBUG    st0 shape: (883443, 6)
2025-03-31 23:32:35,707 kilosort.run_kilosort DEBUG    tF shape: torch.Size([883443, 10, 6])
2025-03-31 23:32:35,707 kilosort.run_kilosort INFO      
2025-03-31 23:32:35,707 kilosort.run_kilosort INFO     First clustering
2025-03-31 23:32:35,708 kilosort.run_kilosort INFO     ----------------------------------------
2025-03-31 23:32:35,731 kilosort.clustering_qr DEBUG     
2025-03-31 23:32:35,731 kilosort.clustering_qr DEBUG    Cluster center: 0 of 96
2025-03-31 23:32:35,731 kilosort.clustering_qr DEBUG    ********************************************************
2025-03-31 23:32:35,732 kilosort.clustering_qr DEBUG    CPU usage:    48.00 %
2025-03-31 23:32:35,732 kilosort.clustering_qr DEBUG    Memory:       13.31 %     |    100.40   /   754.60 GB
2025-03-31 23:32:35,732 kilosort.clustering_qr DEBUG    ------------------------------------------------------
2025-03-31 23:32:35,732 kilosort.clustering_qr DEBUG    GPU usage:    `conda install pynvml` for GPU usage
2025-03-31 23:32:35,732 kilosort.clustering_qr DEBUG    GPU memory:   14.33 %     |      5.66   /    39.50 GB
2025-03-31 23:32:35,732 kilosort.clustering_qr DEBUG    Allocated:     0.03 %     |      0.01   /    39.50 GB
2025-03-31 23:32:35,733 kilosort.clustering_qr DEBUG    Max alloc:     8.35 %     |      3.30   /    39.50 GB
2025-03-31 23:32:35,733 kilosort.clustering_qr DEBUG    ********************************************************
2025-03-31 23:32:35,785 kilosort.clustering_qr DEBUG    Center 0 | nsp: 27751 | ntemp: 16
2025-03-31 23:32:36,424 kilosort.clustering_qr DEBUG    Center 1 | nsp: 13740 | ntemp: 16
2025-03-31 23:32:36,746 kilosort.clustering_qr DEBUG    Center 2 | nsp: 22341 | ntemp: 16
2025-03-31 23:32:37,435 kilosort.clustering_qr DEBUG    Center 3 | nsp: 14043 | ntemp: 16
2025-03-31 23:32:37,763 kilosort.clustering_qr DEBUG    Center 4 | nsp: 16783 | ntemp: 16
2025-03-31 23:32:38,488 kilosort.clustering_qr DEBUG    Center 5 | nsp: 12827 | ntemp: 16
2025-03-31 23:32:39,020 kilosort.clustering_qr DEBUG    Center 6 | nsp: 23125 | ntemp: 16
2025-03-31 23:32:39,459 kilosort.clustering_qr DEBUG    Center 7 | nsp: 11571 | ntemp: 16
2025-03-31 23:32:39,987 kilosort.clustering_qr DEBUG    Center 8 | nsp: 10638 | ntemp: 16
2025-03-31 23:32:40,384 kilosort.clustering_qr DEBUG    Center 9 | nsp: 11158 | ntemp: 16
2025-03-31 23:32:40,855 kilosort.clustering_qr DEBUG     
2025-03-31 23:32:40,855 kilosort.clustering_qr DEBUG    Cluster center: 10 of 96
2025-03-31 23:32:40,856 kilosort.clustering_qr DEBUG    ********************************************************
2025-03-31 23:32:40,856 kilosort.clustering_qr DEBUG    CPU usage:    42.50 %
2025-03-31 23:32:40,856 kilosort.clustering_qr DEBUG    Memory:       13.34 %     |    100.64   /   754.60 GB
2025-03-31 23:32:40,856 kilosort.clustering_qr DEBUG    ------------------------------------------------------
2025-03-31 23:32:40,856 kilosort.clustering_qr DEBUG    GPU usage:    `conda install pynvml` for GPU usage
2025-03-31 23:32:40,856 kilosort.clustering_qr DEBUG    GPU memory:   14.33 %     |      5.66   /    39.50 GB
2025-03-31 23:32:40,856 kilosort.clustering_qr DEBUG    Allocated:     0.03 %     |      0.01   /    39.50 GB
2025-03-31 23:32:40,857 kilosort.clustering_qr DEBUG    Max alloc:     8.35 %     |      3.30   /    39.50 GB
2025-03-31 23:32:40,857 kilosort.clustering_qr DEBUG    ********************************************************
2025-03-31 23:32:40,863 kilosort.clustering_qr DEBUG    Center 10 | nsp: 13069 | ntemp: 16
2025-03-31 23:32:41,305 kilosort.clustering_qr DEBUG    Center 11 | nsp: 8447 | ntemp: 16
2025-03-31 23:32:41,750 kilosort.clustering_qr DEBUG    Center 12 | nsp: 10714 | ntemp: 16
2025-03-31 23:32:42,152 kilosort.clustering_qr DEBUG    Center 13 | nsp: 16954 | ntemp: 16
2025-03-31 23:32:42,606 kilosort.clustering_qr DEBUG    Center 14 | nsp: 4044 | ntemp: 16
2025-03-31 23:32:42,991 kilosort.clustering_qr DEBUG    Center 15 | nsp: 12567 | ntemp: 16
2025-03-31 23:32:43,414 kilosort.clustering_qr DEBUG    Center 16 | nsp: 5152 | ntemp: 16
2025-03-31 23:32:43,858 kilosort.clustering_qr DEBUG    Center 17 | nsp: 6314 | ntemp: 16
2025-03-31 23:32:44,298 kilosort.clustering_qr DEBUG    Center 18 | nsp: 2491 | ntemp: 16
2025-03-31 23:32:44,793 kilosort.clustering_qr DEBUG    Center 19 | nsp: 21124 | ntemp: 16
2025-03-31 23:32:45,199 kilosort.clustering_qr DEBUG     
2025-03-31 23:32:45,199 kilosort.clustering_qr DEBUG    Cluster center: 20 of 96
2025-03-31 23:32:45,199 kilosort.clustering_qr DEBUG    ********************************************************
2025-03-31 23:32:45,199 kilosort.clustering_qr DEBUG    CPU usage:    42.20 %
2025-03-31 23:32:45,199 kilosort.clustering_qr DEBUG    Memory:       13.36 %     |    100.83   /   754.60 GB
2025-03-31 23:32:45,199 kilosort.clustering_qr DEBUG    ------------------------------------------------------
2025-03-31 23:32:45,199 kilosort.clustering_qr DEBUG    GPU usage:    `conda install pynvml` for GPU usage
2025-03-31 23:32:45,199 kilosort.clustering_qr DEBUG    GPU memory:   14.33 %     |      5.66   /    39.50 GB
2025-03-31 23:32:45,200 kilosort.clustering_qr DEBUG    Allocated:     0.03 %     |      0.01   /    39.50 GB
2025-03-31 23:32:45,200 kilosort.clustering_qr DEBUG    Max alloc:     8.35 %     |      3.30   /    39.50 GB
2025-03-31 23:32:45,200 kilosort.clustering_qr DEBUG    ********************************************************
2025-03-31 23:32:45,206 kilosort.clustering_qr DEBUG    Center 20 | nsp: 15763 | ntemp: 16
2025-03-31 23:32:45,943 kilosort.clustering_qr DEBUG    Center 21 | nsp: 18716 | ntemp: 16
2025-03-31 23:32:46,311 kilosort.clustering_qr DEBUG    Center 22 | nsp: 15771 | ntemp: 16
2025-03-31 23:32:46,907 kilosort.clustering_qr DEBUG    Center 23 | nsp: 18621 | ntemp: 16
2025-03-31 23:32:47,495 kilosort.clustering_qr DEBUG    Center 24 | nsp: 17789 | ntemp: 16
2025-03-31 23:32:47,848 kilosort.clustering_qr DEBUG    Center 25 | nsp: 19306 | ntemp: 16
2025-03-31 23:32:48,499 kilosort.clustering_qr DEBUG    Center 26 | nsp: 19358 | ntemp: 16
2025-03-31 23:32:49,257 kilosort.clustering_qr DEBUG    Center 27 | nsp: 6795 | ntemp: 16
2025-03-31 23:32:49,671 kilosort.clustering_qr DEBUG    Center 28 | nsp: 218 | ntemp: 16
2025-03-31 23:32:49,676 kilosort.clustering_qr DEBUG    Center 29 | nsp: 544 | ntemp: 16
2025-03-31 23:32:49,676 kilosort.clustering_qr DEBUG     
2025-03-31 23:32:49,676 kilosort.clustering_qr DEBUG    Cluster center: 30 of 96
2025-03-31 23:32:49,676 kilosort.clustering_qr DEBUG    ********************************************************
2025-03-31 23:32:49,677 kilosort.clustering_qr DEBUG    CPU usage:    44.50 %
2025-03-31 23:32:49,677 kilosort.clustering_qr DEBUG    Memory:       13.38 %     |    100.93   /   754.60 GB
2025-03-31 23:32:49,677 kilosort.clustering_qr DEBUG    ------------------------------------------------------
2025-03-31 23:32:49,677 kilosort.clustering_qr DEBUG    GPU usage:    `conda install pynvml` for GPU usage
2025-03-31 23:32:49,677 kilosort.clustering_qr DEBUG    GPU memory:   14.33 %     |      5.66   /    39.50 GB
2025-03-31 23:32:49,677 kilosort.clustering_qr DEBUG    Allocated:     0.03 %     |      0.01   /    39.50 GB
2025-03-31 23:32:49,678 kilosort.clustering_qr DEBUG    Max alloc:     8.35 %     |      3.30   /    39.50 GB
2025-03-31 23:32:49,678 kilosort.clustering_qr DEBUG    ********************************************************
2025-03-31 23:32:49,681 kilosort.clustering_qr DEBUG    Center 30 | nsp: 826 | ntemp: 16
2025-03-31 23:32:49,685 kilosort.clustering_qr DEBUG    Center 31 | nsp: 897 | ntemp: 16
2025-03-31 23:32:49,690 kilosort.clustering_qr DEBUG    Center 32 | nsp: 6112 | ntemp: 16
2025-03-31 23:32:50,125 kilosort.clustering_qr DEBUG    Center 33 | nsp: 10738 | ntemp: 16
2025-03-31 23:32:50,888 kilosort.clustering_qr DEBUG    Center 34 | nsp: 8255 | ntemp: 16
2025-03-31 23:32:51,253 kilosort.clustering_qr DEBUG    Center 35 | nsp: 17732 | ntemp: 16
2025-03-31 23:32:51,768 kilosort.clustering_qr DEBUG    Center 36 | nsp: 7310 | ntemp: 16
2025-03-31 23:32:52,069 kilosort.clustering_qr DEBUG    Center 37 | nsp: 2833 | ntemp: 16
2025-03-31 23:32:52,436 kilosort.clustering_qr DEBUG    Center 38 | nsp: 1012 | ntemp: 16
2025-03-31 23:32:52,687 kilosort.clustering_qr DEBUG    Center 39 | nsp: 2436 | ntemp: 16
2025-03-31 23:32:52,966 kilosort.clustering_qr DEBUG     
2025-03-31 23:32:52,967 kilosort.clustering_qr DEBUG    Cluster center: 40 of 96
2025-03-31 23:32:52,967 kilosort.clustering_qr DEBUG    ********************************************************
2025-03-31 23:32:52,967 kilosort.clustering_qr DEBUG    CPU usage:    42.00 %
2025-03-31 23:32:52,967 kilosort.clustering_qr DEBUG    Memory:       13.35 %     |    100.76   /   754.60 GB
2025-03-31 23:32:52,967 kilosort.clustering_qr DEBUG    ------------------------------------------------------
2025-03-31 23:32:52,967 kilosort.clustering_qr DEBUG    GPU usage:    `conda install pynvml` for GPU usage
2025-03-31 23:32:52,967 kilosort.clustering_qr DEBUG    GPU memory:   14.33 %     |      5.66   /    39.50 GB
2025-03-31 23:32:52,968 kilosort.clustering_qr DEBUG    Allocated:     0.03 %     |      0.01   /    39.50 GB
2025-03-31 23:32:52,968 kilosort.clustering_qr DEBUG    Max alloc:     8.35 %     |      3.30   /    39.50 GB
2025-03-31 23:32:52,968 kilosort.clustering_qr DEBUG    ********************************************************
2025-03-31 23:32:52,974 kilosort.clustering_qr DEBUG    Center 40 | nsp: 12560 | ntemp: 16
2025-03-31 23:32:53,367 kilosort.clustering_qr DEBUG    Center 41 | nsp: 17152 | ntemp: 16
2025-03-31 23:32:54,203 kilosort.clustering_qr DEBUG    Center 42 | nsp: 2493 | ntemp: 16
2025-03-31 23:32:54,640 kilosort.clustering_qr DEBUG    Center 43 | nsp: 2970 | ntemp: 16
2025-03-31 23:32:55,027 kilosort.clustering_qr DEBUG    Center 44 | nsp: 3352 | ntemp: 16
2025-03-31 23:32:55,426 kilosort.clustering_qr DEBUG    Center 45 | nsp: 1356 | ntemp: 16
2025-03-31 23:32:55,682 kilosort.clustering_qr DEBUG    Center 46 | nsp: 1070 | ntemp: 16
2025-03-31 23:32:55,936 kilosort.clustering_qr DEBUG    Center 47 | nsp: 1149 | ntemp: 16
2025-03-31 23:32:56,191 kilosort.clustering_qr DEBUG    Center 48 | nsp: 3861 | ntemp: 16
2025-03-31 23:32:56,569 kilosort.clustering_qr DEBUG    Center 49 | nsp: 6504 | ntemp: 16
2025-03-31 23:32:56,971 kilosort.clustering_qr DEBUG     
2025-03-31 23:32:56,972 kilosort.clustering_qr DEBUG    Cluster center: 50 of 96
2025-03-31 23:32:56,972 kilosort.clustering_qr DEBUG    ********************************************************
2025-03-31 23:32:56,972 kilosort.clustering_qr DEBUG    CPU usage:    41.00 %
2025-03-31 23:32:56,972 kilosort.clustering_qr DEBUG    Memory:       13.37 %     |    100.86   /   754.60 GB
2025-03-31 23:32:56,972 kilosort.clustering_qr DEBUG    ------------------------------------------------------
2025-03-31 23:32:56,972 kilosort.clustering_qr DEBUG    GPU usage:    `conda install pynvml` for GPU usage
2025-03-31 23:32:56,972 kilosort.clustering_qr DEBUG    GPU memory:   14.33 %     |      5.66   /    39.50 GB
2025-03-31 23:32:56,973 kilosort.clustering_qr DEBUG    Allocated:     0.03 %     |      0.01   /    39.50 GB
2025-03-31 23:32:56,973 kilosort.clustering_qr DEBUG    Max alloc:     8.35 %     |      3.30   /    39.50 GB
2025-03-31 23:32:56,973 kilosort.clustering_qr DEBUG    ********************************************************
2025-03-31 23:32:57,105 kilosort.clustering_qr DEBUG    Center 50 | nsp: 6194 | ntemp: 16
2025-03-31 23:32:57,563 kilosort.clustering_qr DEBUG    Center 51 | nsp: 16993 | ntemp: 16
2025-03-31 23:32:57,934 kilosort.clustering_qr DEBUG    Center 52 | nsp: 7298 | ntemp: 16
2025-03-31 23:32:58,390 kilosort.clustering_qr DEBUG    Center 53 | nsp: 5309 | ntemp: 16
2025-03-31 23:32:58,950 kilosort.clustering_qr DEBUG    Center 54 | nsp: 981 | ntemp: 16
2025-03-31 23:32:59,203 kilosort.clustering_qr DEBUG    Center 55 | nsp: 2164 | ntemp: 16
2025-03-31 23:32:59,598 kilosort.clustering_qr DEBUG    Center 56 | nsp: 2451 | ntemp: 16
2025-03-31 23:33:00,194 kilosort.clustering_qr DEBUG    Center 57 | nsp: 3390 | ntemp: 16
2025-03-31 23:33:00,925 kilosort.clustering_qr DEBUG    Center 58 | nsp: 4720 | ntemp: 16
2025-03-31 23:33:01,608 kilosort.clustering_qr DEBUG    Center 59 | nsp: 11145 | ntemp: 16
2025-03-31 23:33:01,928 kilosort.clustering_qr DEBUG     
2025-03-31 23:33:01,928 kilosort.clustering_qr DEBUG    Cluster center: 60 of 96
2025-03-31 23:33:01,928 kilosort.clustering_qr DEBUG    ********************************************************
2025-03-31 23:33:01,929 kilosort.clustering_qr DEBUG    CPU usage:    44.30 %
2025-03-31 23:33:01,929 kilosort.clustering_qr DEBUG    Memory:       13.37 %     |    100.86   /   754.60 GB
2025-03-31 23:33:01,929 kilosort.clustering_qr DEBUG    ------------------------------------------------------
2025-03-31 23:33:01,929 kilosort.clustering_qr DEBUG    GPU usage:    `conda install pynvml` for GPU usage
2025-03-31 23:33:01,929 kilosort.clustering_qr DEBUG    GPU memory:   14.33 %     |      5.66   /    39.50 GB
2025-03-31 23:33:01,929 kilosort.clustering_qr DEBUG    Allocated:     0.03 %     |      0.01   /    39.50 GB
2025-03-31 23:33:01,929 kilosort.clustering_qr DEBUG    Max alloc:     8.35 %     |      3.30   /    39.50 GB
2025-03-31 23:33:01,930 kilosort.clustering_qr DEBUG    ********************************************************
2025-03-31 23:33:01,937 kilosort.clustering_qr DEBUG    Center 60 | nsp: 21443 | ntemp: 16
2025-03-31 23:33:02,624 kilosort.clustering_qr DEBUG    Center 61 | nsp: 8535 | ntemp: 16
2025-03-31 23:33:03,070 kilosort.clustering_qr DEBUG    Center 62 | nsp: 2834 | ntemp: 16
2025-03-31 23:33:03,727 kilosort.clustering_qr DEBUG    Center 63 | nsp: 5742 | ntemp: 16
2025-03-31 23:33:04,232 kilosort.clustering_qr DEBUG    Center 64 | nsp: 7937 | ntemp: 16
2025-03-31 23:33:04,671 kilosort.clustering_qr DEBUG    Center 65 | nsp: 17387 | ntemp: 16
2025-03-31 23:33:05,142 kilosort.clustering_qr DEBUG    Center 66 | nsp: 10466 | ntemp: 16
2025-03-31 23:33:05,496 kilosort.clustering_qr DEBUG    Center 67 | nsp: 625 | ntemp: 16
2025-03-31 23:33:05,501 kilosort.clustering_qr DEBUG    Center 68 | nsp: 4339 | ntemp: 16
2025-03-31 23:33:06,048 kilosort.clustering_qr DEBUG    Center 69 | nsp: 5992 | ntemp: 16
2025-03-31 23:33:06,503 kilosort.clustering_qr DEBUG     
2025-03-31 23:33:06,503 kilosort.clustering_qr DEBUG    Cluster center: 70 of 96
2025-03-31 23:33:06,503 kilosort.clustering_qr DEBUG    ********************************************************
2025-03-31 23:33:06,504 kilosort.clustering_qr DEBUG    CPU usage:    42.40 %
2025-03-31 23:33:06,504 kilosort.clustering_qr DEBUG    Memory:       13.37 %     |    100.90   /   754.60 GB
2025-03-31 23:33:06,504 kilosort.clustering_qr DEBUG    ------------------------------------------------------
2025-03-31 23:33:06,504 kilosort.clustering_qr DEBUG    GPU usage:    `conda install pynvml` for GPU usage
2025-03-31 23:33:06,504 kilosort.clustering_qr DEBUG    GPU memory:   14.33 %     |      5.66   /    39.50 GB
2025-03-31 23:33:06,504 kilosort.clustering_qr DEBUG    Allocated:     0.03 %     |      0.01   /    39.50 GB
2025-03-31 23:33:06,505 kilosort.clustering_qr DEBUG    Max alloc:     8.35 %     |      3.30   /    39.50 GB
2025-03-31 23:33:06,505 kilosort.clustering_qr DEBUG    ********************************************************
2025-03-31 23:33:06,601 kilosort.clustering_qr DEBUG    Center 70 | nsp: 1069 | ntemp: 16
2025-03-31 23:33:06,989 kilosort.clustering_qr DEBUG    Center 71 | nsp: 5514 | ntemp: 16
2025-03-31 23:33:07,368 kilosort.clustering_qr DEBUG    Center 72 | nsp: 10151 | ntemp: 16
2025-03-31 23:33:07,721 kilosort.clustering_qr DEBUG    Center 73 | nsp: 9807 | ntemp: 16
2025-03-31 23:33:08,140 kilosort.clustering_qr DEBUG    Center 74 | nsp: 4251 | ntemp: 16
2025-03-31 23:33:08,516 kilosort.clustering_qr DEBUG    Center 75 | nsp: 5454 | ntemp: 16
2025-03-31 23:33:09,056 kilosort.clustering_qr DEBUG    Center 76 | nsp: 7343 | ntemp: 16
2025-03-31 23:33:09,469 kilosort.clustering_qr DEBUG    Center 77 | nsp: 7196 | ntemp: 16
2025-03-31 23:33:09,931 kilosort.clustering_qr DEBUG    Center 78 | nsp: 2888 | ntemp: 16
2025-03-31 23:33:10,353 kilosort.clustering_qr DEBUG    Center 79 | nsp: 6710 | ntemp: 16
2025-03-31 23:33:10,808 kilosort.clustering_qr DEBUG     
2025-03-31 23:33:10,808 kilosort.clustering_qr DEBUG    Cluster center: 80 of 96
2025-03-31 23:33:10,808 kilosort.clustering_qr DEBUG    ********************************************************
2025-03-31 23:33:10,808 kilosort.clustering_qr DEBUG    CPU usage:    40.80 %
2025-03-31 23:33:10,809 kilosort.clustering_qr DEBUG    Memory:       13.37 %     |    100.90   /   754.60 GB
2025-03-31 23:33:10,809 kilosort.clustering_qr DEBUG    ------------------------------------------------------
2025-03-31 23:33:10,809 kilosort.clustering_qr DEBUG    GPU usage:    `conda install pynvml` for GPU usage
2025-03-31 23:33:10,809 kilosort.clustering_qr DEBUG    GPU memory:   14.33 %     |      5.66   /    39.50 GB
2025-03-31 23:33:10,809 kilosort.clustering_qr DEBUG    Allocated:     0.03 %     |      0.01   /    39.50 GB
2025-03-31 23:33:10,809 kilosort.clustering_qr DEBUG    Max alloc:     8.35 %     |      3.30   /    39.50 GB
2025-03-31 23:33:10,809 kilosort.clustering_qr DEBUG    ********************************************************
2025-03-31 23:33:10,901 kilosort.clustering_qr DEBUG    Center 80 | nsp: 9386 | ntemp: 16
2025-03-31 23:33:11,238 kilosort.clustering_qr DEBUG    Center 81 | nsp: 15101 | ntemp: 16
2025-03-31 23:33:11,771 kilosort.clustering_qr DEBUG    Center 82 | nsp: 16726 | ntemp: 16
2025-03-31 23:33:12,391 kilosort.clustering_qr DEBUG    Center 83 | nsp: 32090 | ntemp: 16
2025-03-31 23:33:12,866 kilosort.clustering_qr DEBUG    Center 84 | nsp: 15852 | ntemp: 16
2025-03-31 23:33:13,389 kilosort.clustering_qr DEBUG    Center 85 | nsp: 13467 | ntemp: 16
2025-03-31 23:33:13,716 kilosort.clustering_qr DEBUG    Center 86 | nsp: 10188 | ntemp: 16
2025-03-31 23:33:14,501 kilosort.clustering_qr DEBUG    Center 87 | nsp: 8381 | ntemp: 16
2025-03-31 23:33:14,956 kilosort.clustering_qr DEBUG    Center 88 | nsp: 8787 | ntemp: 16
2025-03-31 23:33:15,302 kilosort.clustering_qr DEBUG    Center 89 | nsp: 8790 | ntemp: 16
2025-03-31 23:33:15,684 kilosort.clustering_qr DEBUG     
2025-03-31 23:33:15,684 kilosort.clustering_qr DEBUG    Cluster center: 90 of 96
2025-03-31 23:33:15,685 kilosort.clustering_qr DEBUG    ********************************************************
2025-03-31 23:33:15,685 kilosort.clustering_qr DEBUG    CPU usage:    41.50 %
2025-03-31 23:33:15,685 kilosort.clustering_qr DEBUG    Memory:       13.37 %     |    100.92   /   754.60 GB
2025-03-31 23:33:15,685 kilosort.clustering_qr DEBUG    ------------------------------------------------------
2025-03-31 23:33:15,685 kilosort.clustering_qr DEBUG    GPU usage:    `conda install pynvml` for GPU usage
2025-03-31 23:33:15,685 kilosort.clustering_qr DEBUG    GPU memory:   14.33 %     |      5.66   /    39.50 GB
2025-03-31 23:33:15,685 kilosort.clustering_qr DEBUG    Allocated:     0.03 %     |      0.01   /    39.50 GB
2025-03-31 23:33:15,686 kilosort.clustering_qr DEBUG    Max alloc:     8.35 %     |      3.30   /    39.50 GB
2025-03-31 23:33:15,686 kilosort.clustering_qr DEBUG    ********************************************************
2025-03-31 23:33:15,691 kilosort.clustering_qr DEBUG    Center 90 | nsp: 8103 | ntemp: 16
2025-03-31 23:33:16,301 kilosort.clustering_qr DEBUG    Center 91 | nsp: 7571 | ntemp: 16
2025-03-31 23:33:16,861 kilosort.clustering_qr DEBUG    Center 92 | nsp: 8374 | ntemp: 16
2025-03-31 23:33:17,393 kilosort.clustering_qr DEBUG    Center 93 | nsp: 3975 | ntemp: 16
2025-03-31 23:33:17,771 kilosort.clustering_qr DEBUG    Center 94 | nsp: 1596 | ntemp: 16
2025-03-31 23:33:18,173 kilosort.clustering_qr DEBUG    Center 95 | nsp: 376 | ntemp: 12
2025-03-31 23:33:18,717 kilosort.run_kilosort INFO     760 clusters found, in  43.01s; total  132.85s
2025-03-31 23:33:18,718 kilosort.run_kilosort DEBUG    clu shape: (883443,)
2025-03-31 23:33:18,718 kilosort.run_kilosort DEBUG    Wall shape: torch.Size([760, 374, 6])
2025-03-31 23:33:18,718 kilosort.run_kilosort INFO      
2025-03-31 23:33:18,719 kilosort.run_kilosort INFO     Extracting spikes using cluster waveforms
2025-03-31 23:33:18,719 kilosort.run_kilosort INFO     ----------------------------------------
2025-03-31 23:33:18,736 kilosort.template_matching DEBUG     
2025-03-31 23:33:18,736 kilosort.template_matching DEBUG    Batch 0
2025-03-31 23:33:18,737 kilosort.template_matching DEBUG    ********************************************************
2025-03-31 23:33:18,737 kilosort.template_matching DEBUG    CPU usage:    40.80 %
2025-03-31 23:33:18,737 kilosort.template_matching DEBUG    Memory:       13.40 %     |    101.13   /   754.60 GB
2025-03-31 23:33:18,737 kilosort.template_matching DEBUG    ------------------------------------------------------
2025-03-31 23:33:18,737 kilosort.template_matching DEBUG    GPU usage:    `conda install pynvml` for GPU usage
2025-03-31 23:33:18,737 kilosort.template_matching DEBUG    GPU memory:   14.33 %     |      5.66   /    39.50 GB
2025-03-31 23:33:18,737 kilosort.template_matching DEBUG    Allocated:     0.49 %     |      0.19   /    39.50 GB
2025-03-31 23:33:18,738 kilosort.template_matching DEBUG    Max alloc:     8.35 %     |      3.30   /    39.50 GB
2025-03-31 23:33:18,738 kilosort.template_matching DEBUG    ********************************************************
2025-03-31 23:33:40,127 kilosort.template_matching DEBUG     
2025-03-31 23:33:40,127 kilosort.template_matching DEBUG    Batch 100
2025-03-31 23:33:40,127 kilosort.template_matching DEBUG    ********************************************************
2025-03-31 23:33:40,127 kilosort.template_matching DEBUG    CPU usage:    31.90 %
2025-03-31 23:33:40,128 kilosort.template_matching DEBUG    Memory:       13.41 %     |    101.17   /   754.60 GB
2025-03-31 23:33:40,128 kilosort.template_matching DEBUG    ------------------------------------------------------
2025-03-31 23:33:40,128 kilosort.template_matching DEBUG    GPU usage:    `conda install pynvml` for GPU usage
2025-03-31 23:33:40,128 kilosort.template_matching DEBUG    GPU memory:   14.33 %     |      5.66   /    39.50 GB
2025-03-31 23:33:40,128 kilosort.template_matching DEBUG    Allocated:     0.93 %     |      0.37   /    39.50 GB
2025-03-31 23:33:40,128 kilosort.template_matching DEBUG    Max alloc:     8.35 %     |      3.30   /    39.50 GB
2025-03-31 23:33:40,128 kilosort.template_matching DEBUG    ********************************************************
2025-03-31 23:33:50,717 kilosort.template_matching DEBUG     
2025-03-31 23:33:50,718 kilosort.template_matching DEBUG    Batch 149
2025-03-31 23:33:50,718 kilosort.template_matching DEBUG    ********************************************************
2025-03-31 23:33:50,718 kilosort.template_matching DEBUG    CPU usage:    30.60 %
2025-03-31 23:33:50,718 kilosort.template_matching DEBUG    Memory:       13.41 %     |    101.19   /   754.60 GB
2025-03-31 23:33:50,718 kilosort.template_matching DEBUG    ------------------------------------------------------
2025-03-31 23:33:50,718 kilosort.template_matching DEBUG    GPU usage:    `conda install pynvml` for GPU usage
2025-03-31 23:33:50,718 kilosort.template_matching DEBUG    GPU memory:   14.33 %     |      5.66   /    39.50 GB
2025-03-31 23:33:50,719 kilosort.template_matching DEBUG    Allocated:     0.92 %     |      0.36   /    39.50 GB
2025-03-31 23:33:50,719 kilosort.template_matching DEBUG    Max alloc:     8.35 %     |      3.30   /    39.50 GB
2025-03-31 23:33:50,719 kilosort.template_matching DEBUG    ********************************************************
2025-03-31 23:33:50,848 kilosort.run_kilosort INFO     1756958 spikes extracted in  32.13s; total  164.98s
2025-03-31 23:33:50,848 kilosort.run_kilosort DEBUG    st shape: (1756958, 3)
2025-03-31 23:33:50,849 kilosort.run_kilosort DEBUG    tF shape: torch.Size([1756958, 10, 6])
2025-03-31 23:33:50,849 kilosort.run_kilosort DEBUG    iCC shape: torch.Size([10, 374])
2025-03-31 23:33:50,849 kilosort.run_kilosort DEBUG    iU shape: torch.Size([623])
2025-03-31 23:33:50,849 kilosort.run_kilosort INFO      
2025-03-31 23:33:50,851 kilosort.run_kilosort INFO     Resource usage after spike detection
2025-03-31 23:33:50,851 kilosort.run_kilosort INFO     ********************************************************
2025-03-31 23:33:50,852 kilosort.run_kilosort INFO     CPU usage:    36.00 %
2025-03-31 23:33:50,853 kilosort.run_kilosort INFO     Memory:       13.38 %     |    100.94   /   754.60 GB
2025-03-31 23:33:50,853 kilosort.run_kilosort INFO     ------------------------------------------------------
2025-03-31 23:33:50,853 kilosort.run_kilosort INFO     GPU usage:    `conda install pynvml` for GPU usage
2025-03-31 23:33:50,854 kilosort.run_kilosort INFO     GPU memory:   14.33 %     |      5.66   /    39.50 GB
2025-03-31 23:33:50,855 kilosort.run_kilosort INFO     Allocated:     0.04 %     |      0.02   /    39.50 GB
2025-03-31 23:33:50,855 kilosort.run_kilosort INFO     Max alloc:     8.35 %     |      3.30   /    39.50 GB
2025-03-31 23:33:50,856 kilosort.run_kilosort INFO     ********************************************************
2025-03-31 23:33:50,856 kilosort.run_kilosort DEBUG    

|===========================================================================|
|                  PyTorch CUDA memory summary, device ID 0                 |
|---------------------------------------------------------------------------|
|            CUDA OOMs: 0            |        cudaMalloc retries: 0         |
|===========================================================================|
|        Metric         | Cur Usage  | Peak Usage | Tot Alloc  | Tot Freed  |
|---------------------------------------------------------------------------|
| Allocated memory      |  16650 KiB |   3378 MiB |  34227 GiB |  34227 GiB |
|---------------------------------------------------------------------------|
| Active memory         |  16650 KiB |   3378 MiB |  34227 GiB |  34227 GiB |
|---------------------------------------------------------------------------|
| Requested memory      |  16647 KiB |   3377 MiB |  34213 GiB |  34213 GiB |
|---------------------------------------------------------------------------|
| GPU reserved memory   |   5230 MiB |   5230 MiB |   5230 MiB |      0 B   |
|---------------------------------------------------------------------------|
| Non-releasable memory | 122614 KiB |   2297 MiB |  22046 GiB |  22046 GiB |
|---------------------------------------------------------------------------|
| Allocations           |      13    |      45    |    1833 K  |    1833 K  |
|---------------------------------------------------------------------------|
| Active allocs         |      13    |      45    |    1833 K  |    1833 K  |
|---------------------------------------------------------------------------|
| GPU reserved segments |      18    |      18    |      18    |       0    |
|---------------------------------------------------------------------------|
| Non-releasable allocs |      11    |      24    |  723685    |  723674    |
|---------------------------------------------------------------------------|
| Oversize allocations  |       0    |       0    |       0    |       0    |
|---------------------------------------------------------------------------|
| Oversize GPU segments |       0    |       0    |       0    |       0    |
|===========================================================================|


2025-03-31 23:33:50,857 kilosort.run_kilosort INFO      
2025-03-31 23:33:50,857 kilosort.run_kilosort INFO     Final clustering
2025-03-31 23:33:50,858 kilosort.run_kilosort INFO     ----------------------------------------
2025-03-31 23:33:50,874 kilosort.clustering_qr DEBUG     
2025-03-31 23:33:50,874 kilosort.clustering_qr DEBUG    Cluster center: 0 of 96
2025-03-31 23:33:50,874 kilosort.clustering_qr DEBUG    ********************************************************
2025-03-31 23:33:50,874 kilosort.clustering_qr DEBUG    CPU usage:    38.60 %
2025-03-31 23:33:50,875 kilosort.clustering_qr DEBUG    Memory:       13.37 %     |    100.90   /   754.60 GB
2025-03-31 23:33:50,875 kilosort.clustering_qr DEBUG    ------------------------------------------------------
2025-03-31 23:33:50,875 kilosort.clustering_qr DEBUG    GPU usage:    `conda install pynvml` for GPU usage
2025-03-31 23:33:50,875 kilosort.clustering_qr DEBUG    GPU memory:   14.33 %     |      5.66   /    39.50 GB
2025-03-31 23:33:50,875 kilosort.clustering_qr DEBUG    Allocated:     0.03 %     |      0.01   /    39.50 GB
2025-03-31 23:33:50,875 kilosort.clustering_qr DEBUG    Max alloc:     8.35 %     |      3.30   /    39.50 GB
2025-03-31 23:33:50,875 kilosort.clustering_qr DEBUG    ********************************************************
2025-03-31 23:33:50,888 kilosort.clustering_qr DEBUG    Center 0 | nsp: 54689 | ntemp: 8
2025-03-31 23:33:54,176 kilosort.clustering_qr DEBUG    Center 1 | nsp: 27255 | ntemp: 6
2025-03-31 23:33:54,734 kilosort.clustering_qr DEBUG    Center 2 | nsp: 38483 | ntemp: 5
2025-03-31 23:33:55,197 kilosort.clustering_qr DEBUG    Center 3 | nsp: 24807 | ntemp: 8
2025-03-31 23:33:55,857 kilosort.clustering_qr DEBUG    Center 4 | nsp: 64056 | ntemp: 10
2025-03-31 23:33:56,837 kilosort.clustering_qr DEBUG    Center 5 | nsp: 20718 | ntemp: 6
2025-03-31 23:33:57,315 kilosort.clustering_qr DEBUG    Center 6 | nsp: 42121 | ntemp: 8
2025-03-31 23:33:57,959 kilosort.clustering_qr DEBUG    Center 7 | nsp: 29561 | ntemp: 7
2025-03-31 23:33:58,545 kilosort.clustering_qr DEBUG    Center 8 | nsp: 23432 | ntemp: 6
2025-03-31 23:33:58,910 kilosort.clustering_qr DEBUG    Center 9 | nsp: 23580 | ntemp: 5
2025-03-31 23:33:59,296 kilosort.clustering_qr DEBUG     
2025-03-31 23:33:59,296 kilosort.clustering_qr DEBUG    Cluster center: 10 of 96
2025-03-31 23:33:59,296 kilosort.clustering_qr DEBUG    ********************************************************
2025-03-31 23:33:59,297 kilosort.clustering_qr DEBUG    CPU usage:    39.20 %
2025-03-31 23:33:59,297 kilosort.clustering_qr DEBUG    Memory:       13.40 %     |    101.10   /   754.60 GB
2025-03-31 23:33:59,297 kilosort.clustering_qr DEBUG    ------------------------------------------------------
2025-03-31 23:33:59,297 kilosort.clustering_qr DEBUG    GPU usage:    `conda install pynvml` for GPU usage
2025-03-31 23:33:59,297 kilosort.clustering_qr DEBUG    GPU memory:   14.33 %     |      5.66   /    39.50 GB
2025-03-31 23:33:59,297 kilosort.clustering_qr DEBUG    Allocated:     0.03 %     |      0.01   /    39.50 GB
2025-03-31 23:33:59,297 kilosort.clustering_qr DEBUG    Max alloc:     8.35 %     |      3.30   /    39.50 GB
2025-03-31 23:33:59,297 kilosort.clustering_qr DEBUG    ********************************************************
2025-03-31 23:33:59,304 kilosort.clustering_qr DEBUG    Center 10 | nsp: 21094 | ntemp: 5
2025-03-31 23:34:00,071 kilosort.clustering_qr DEBUG    Center 11 | nsp: 19100 | ntemp: 5
2025-03-31 23:34:00,494 kilosort.clustering_qr DEBUG    Center 12 | nsp: 20518 | ntemp: 5
2025-03-31 23:34:00,966 kilosort.clustering_qr DEBUG    Center 13 | nsp: 25004 | ntemp: 4
2025-03-31 23:34:01,365 kilosort.clustering_qr DEBUG    Center 14 | nsp: 8062 | ntemp: 3
2025-03-31 23:34:01,791 kilosort.clustering_qr DEBUG    Center 15 | nsp: 20581 | ntemp: 8
2025-03-31 23:34:02,153 kilosort.clustering_qr DEBUG    Center 16 | nsp: 7395 | ntemp: 5
2025-03-31 23:34:02,573 kilosort.clustering_qr DEBUG    Center 17 | nsp: 6888 | ntemp: 3
2025-03-31 23:34:02,844 kilosort.clustering_qr DEBUG    Center 18 | nsp: 19250 | ntemp: 5
2025-03-31 23:34:03,273 kilosort.clustering_qr DEBUG    Center 19 | nsp: 28527 | ntemp: 6
2025-03-31 23:34:03,797 kilosort.clustering_qr DEBUG     
2025-03-31 23:34:03,797 kilosort.clustering_qr DEBUG    Cluster center: 20 of 96
2025-03-31 23:34:03,797 kilosort.clustering_qr DEBUG    ********************************************************
2025-03-31 23:34:03,797 kilosort.clustering_qr DEBUG    CPU usage:    40.90 %
2025-03-31 23:34:03,797 kilosort.clustering_qr DEBUG    Memory:       13.39 %     |    101.04   /   754.60 GB
2025-03-31 23:34:03,797 kilosort.clustering_qr DEBUG    ------------------------------------------------------
2025-03-31 23:34:03,797 kilosort.clustering_qr DEBUG    GPU usage:    `conda install pynvml` for GPU usage
2025-03-31 23:34:03,797 kilosort.clustering_qr DEBUG    GPU memory:   14.33 %     |      5.66   /    39.50 GB
2025-03-31 23:34:03,798 kilosort.clustering_qr DEBUG    Allocated:     0.03 %     |      0.01   /    39.50 GB
2025-03-31 23:34:03,798 kilosort.clustering_qr DEBUG    Max alloc:     8.35 %     |      3.30   /    39.50 GB
2025-03-31 23:34:03,798 kilosort.clustering_qr DEBUG    ********************************************************
2025-03-31 23:34:03,855 kilosort.clustering_qr DEBUG    Center 20 | nsp: 30725 | ntemp: 8
2025-03-31 23:34:04,425 kilosort.clustering_qr DEBUG    Center 21 | nsp: 33707 | ntemp: 12
2025-03-31 23:34:05,154 kilosort.clustering_qr DEBUG    Center 22 | nsp: 31217 | ntemp: 14
2025-03-31 23:34:05,739 kilosort.clustering_qr DEBUG    Center 23 | nsp: 37843 | ntemp: 7
2025-03-31 23:34:06,347 kilosort.clustering_qr DEBUG    Center 24 | nsp: 27163 | ntemp: 9
2025-03-31 23:34:06,727 kilosort.clustering_qr DEBUG    Center 25 | nsp: 48037 | ntemp: 11
2025-03-31 23:34:07,511 kilosort.clustering_qr DEBUG    Center 26 | nsp: 38287 | ntemp: 9
2025-03-31 23:34:08,147 kilosort.clustering_qr DEBUG    Center 27 | nsp: 16033 | ntemp: 3
2025-03-31 23:34:08,600 kilosort.clustering_qr DEBUG    Center 28 | nsp: 952 | ntemp: 1
2025-03-31 23:34:08,700 kilosort.clustering_qr DEBUG    Center 29 | nsp: 2116 | ntemp: 1
2025-03-31 23:34:08,991 kilosort.clustering_qr DEBUG     
2025-03-31 23:34:08,991 kilosort.clustering_qr DEBUG    Cluster center: 30 of 96
2025-03-31 23:34:08,991 kilosort.clustering_qr DEBUG    ********************************************************
2025-03-31 23:34:08,991 kilosort.clustering_qr DEBUG    CPU usage:    42.60 %
2025-03-31 23:34:08,991 kilosort.clustering_qr DEBUG    Memory:       13.38 %     |    100.93   /   754.60 GB
2025-03-31 23:34:08,991 kilosort.clustering_qr DEBUG    ------------------------------------------------------
2025-03-31 23:34:08,991 kilosort.clustering_qr DEBUG    GPU usage:    `conda install pynvml` for GPU usage
2025-03-31 23:34:08,992 kilosort.clustering_qr DEBUG    GPU memory:   14.33 %     |      5.66   /    39.50 GB
2025-03-31 23:34:08,992 kilosort.clustering_qr DEBUG    Allocated:     0.03 %     |      0.01   /    39.50 GB
2025-03-31 23:34:08,992 kilosort.clustering_qr DEBUG    Max alloc:     8.35 %     |      3.30   /    39.50 GB
2025-03-31 23:34:08,992 kilosort.clustering_qr DEBUG    ********************************************************
2025-03-31 23:34:09,068 kilosort.clustering_qr DEBUG    Center 30 | nsp: 2550 | ntemp: 1
2025-03-31 23:34:09,363 kilosort.clustering_qr DEBUG    Center 31 | nsp: 1053 | ntemp: 1
2025-03-31 23:34:09,768 kilosort.clustering_qr DEBUG    Center 32 | nsp: 7867 | ntemp: 4
2025-03-31 23:34:10,186 kilosort.clustering_qr DEBUG    Center 33 | nsp: 12246 | ntemp: 7
2025-03-31 23:34:10,836 kilosort.clustering_qr DEBUG    Center 34 | nsp: 14011 | ntemp: 10
2025-03-31 23:34:11,645 kilosort.clustering_qr DEBUG    Center 35 | nsp: 25825 | ntemp: 10
2025-03-31 23:34:12,312 kilosort.clustering_qr DEBUG    Center 36 | nsp: 18656 | ntemp: 8
2025-03-31 23:34:12,869 kilosort.clustering_qr DEBUG    Center 37 | nsp: 4622 | ntemp: 3
2025-03-31 23:34:13,131 kilosort.clustering_qr DEBUG    Center 38 | nsp: 3116 | ntemp: 2
2025-03-31 23:34:13,387 kilosort.clustering_qr DEBUG    Center 39 | nsp: 2311 | ntemp: 2
2025-03-31 23:34:13,638 kilosort.clustering_qr DEBUG     
2025-03-31 23:34:13,638 kilosort.clustering_qr DEBUG    Cluster center: 40 of 96
2025-03-31 23:34:13,638 kilosort.clustering_qr DEBUG    ********************************************************
2025-03-31 23:34:13,638 kilosort.clustering_qr DEBUG    CPU usage:    41.40 %
2025-03-31 23:34:13,638 kilosort.clustering_qr DEBUG    Memory:       13.38 %     |    100.96   /   754.60 GB
2025-03-31 23:34:13,638 kilosort.clustering_qr DEBUG    ------------------------------------------------------
2025-03-31 23:34:13,639 kilosort.clustering_qr DEBUG    GPU usage:    `conda install pynvml` for GPU usage
2025-03-31 23:34:13,639 kilosort.clustering_qr DEBUG    GPU memory:   14.33 %     |      5.66   /    39.50 GB
2025-03-31 23:34:13,639 kilosort.clustering_qr DEBUG    Allocated:     0.03 %     |      0.01   /    39.50 GB
2025-03-31 23:34:13,639 kilosort.clustering_qr DEBUG    Max alloc:     8.35 %     |      3.30   /    39.50 GB
2025-03-31 23:34:13,639 kilosort.clustering_qr DEBUG    ********************************************************
2025-03-31 23:34:13,649 kilosort.clustering_qr DEBUG    Center 40 | nsp: 27030 | ntemp: 13
2025-03-31 23:34:14,179 kilosort.clustering_qr DEBUG    Center 41 | nsp: 23918 | ntemp: 5
2025-03-31 23:34:14,793 kilosort.clustering_qr DEBUG    Center 42 | nsp: 6744 | ntemp: 4
2025-03-31 23:34:15,233 kilosort.clustering_qr DEBUG    Center 43 | nsp: 7296 | ntemp: 5
2025-03-31 23:34:15,675 kilosort.clustering_qr DEBUG    Center 44 | nsp: 6851 | ntemp: 5
2025-03-31 23:34:15,944 kilosort.clustering_qr DEBUG    Center 45 | nsp: 2805 | ntemp: 2
2025-03-31 23:34:16,200 kilosort.clustering_qr DEBUG    Center 46 | nsp: 2710 | ntemp: 2
2025-03-31 23:34:16,454 kilosort.clustering_qr DEBUG    Center 47 | nsp: 3541 | ntemp: 2
2025-03-31 23:34:16,844 kilosort.clustering_qr DEBUG    Center 48 | nsp: 5611 | ntemp: 2
2025-03-31 23:34:17,109 kilosort.clustering_qr DEBUG    Center 49 | nsp: 9321 | ntemp: 2
2025-03-31 23:34:17,501 kilosort.clustering_qr DEBUG     
2025-03-31 23:34:17,502 kilosort.clustering_qr DEBUG    Cluster center: 50 of 96
2025-03-31 23:34:17,502 kilosort.clustering_qr DEBUG    ********************************************************
2025-03-31 23:34:17,502 kilosort.clustering_qr DEBUG    CPU usage:    39.20 %
2025-03-31 23:34:17,502 kilosort.clustering_qr DEBUG    Memory:       13.38 %     |    100.97   /   754.60 GB
2025-03-31 23:34:17,502 kilosort.clustering_qr DEBUG    ------------------------------------------------------
2025-03-31 23:34:17,502 kilosort.clustering_qr DEBUG    GPU usage:    `conda install pynvml` for GPU usage
2025-03-31 23:34:17,502 kilosort.clustering_qr DEBUG    GPU memory:   14.33 %     |      5.66   /    39.50 GB
2025-03-31 23:34:17,503 kilosort.clustering_qr DEBUG    Allocated:     0.03 %     |      0.01   /    39.50 GB
2025-03-31 23:34:17,503 kilosort.clustering_qr DEBUG    Max alloc:     8.35 %     |      3.30   /    39.50 GB
2025-03-31 23:34:17,503 kilosort.clustering_qr DEBUG    ********************************************************
2025-03-31 23:34:17,520 kilosort.clustering_qr DEBUG    Center 50 | nsp: 11712 | ntemp: 5
2025-03-31 23:34:17,808 kilosort.clustering_qr DEBUG    Center 51 | nsp: 30484 | ntemp: 11
2025-03-31 23:34:18,513 kilosort.clustering_qr DEBUG    Center 52 | nsp: 13258 | ntemp: 5
2025-03-31 23:34:18,797 kilosort.clustering_qr DEBUG    Center 53 | nsp: 5477 | ntemp: 1
2025-03-31 23:34:19,160 kilosort.clustering_qr DEBUG    Center 54 | nsp: 1067 | ntemp: 1
2025-03-31 23:34:19,412 kilosort.clustering_qr DEBUG    Center 55 | nsp: 5146 | ntemp: 6
2025-03-31 23:34:19,828 kilosort.clustering_qr DEBUG    Center 56 | nsp: 6065 | ntemp: 5
2025-03-31 23:34:20,238 kilosort.clustering_qr DEBUG    Center 57 | nsp: 1405 | ntemp: 2
2025-03-31 23:34:20,776 kilosort.clustering_qr DEBUG    Center 58 | nsp: 11824 | ntemp: 8
2025-03-31 23:34:21,250 kilosort.clustering_qr DEBUG    Center 59 | nsp: 21324 | ntemp: 13
2025-03-31 23:34:21,777 kilosort.clustering_qr DEBUG     
2025-03-31 23:34:21,777 kilosort.clustering_qr DEBUG    Cluster center: 60 of 96
2025-03-31 23:34:21,777 kilosort.clustering_qr DEBUG    ********************************************************
2025-03-31 23:34:21,778 kilosort.clustering_qr DEBUG    CPU usage:    40.00 %
2025-03-31 23:34:21,778 kilosort.clustering_qr DEBUG    Memory:       13.38 %     |    100.97   /   754.60 GB
2025-03-31 23:34:21,778 kilosort.clustering_qr DEBUG    ------------------------------------------------------
2025-03-31 23:34:21,778 kilosort.clustering_qr DEBUG    GPU usage:    `conda install pynvml` for GPU usage
2025-03-31 23:34:21,778 kilosort.clustering_qr DEBUG    GPU memory:   14.33 %     |      5.66   /    39.50 GB
2025-03-31 23:34:21,778 kilosort.clustering_qr DEBUG    Allocated:     0.03 %     |      0.01   /    39.50 GB
2025-03-31 23:34:21,778 kilosort.clustering_qr DEBUG    Max alloc:     8.35 %     |      3.30   /    39.50 GB
2025-03-31 23:34:21,779 kilosort.clustering_qr DEBUG    ********************************************************
2025-03-31 23:34:21,789 kilosort.clustering_qr DEBUG    Center 60 | nsp: 31433 | ntemp: 15
2025-03-31 23:34:22,330 kilosort.clustering_qr DEBUG    Center 61 | nsp: 10408 | ntemp: 8
2025-03-31 23:34:22,754 kilosort.clustering_qr DEBUG    Center 62 | nsp: 18062 | ntemp: 9
2025-03-31 23:34:23,193 kilosort.clustering_qr DEBUG    Center 63 | nsp: 10879 | ntemp: 6
2025-03-31 23:34:23,728 kilosort.clustering_qr DEBUG    Center 64 | nsp: 11233 | ntemp: 4
2025-03-31 23:34:24,426 kilosort.clustering_qr DEBUG    Center 65 | nsp: 34492 | ntemp: 6
2025-03-31 23:34:25,483 kilosort.clustering_qr DEBUG    Center 66 | nsp: 12004 | ntemp: 5
2025-03-31 23:34:26,041 kilosort.clustering_qr DEBUG    Center 67 | nsp: 387 | ntemp: 1
2025-03-31 23:34:26,216 kilosort.clustering_qr DEBUG    Center 68 | nsp: 12350 | ntemp: 5
2025-03-31 23:34:26,717 kilosort.clustering_qr DEBUG    Center 69 | nsp: 10505 | ntemp: 4
2025-03-31 23:34:27,092 kilosort.clustering_qr DEBUG     
2025-03-31 23:34:27,092 kilosort.clustering_qr DEBUG    Cluster center: 70 of 96
2025-03-31 23:34:27,092 kilosort.clustering_qr DEBUG    ********************************************************
2025-03-31 23:34:27,092 kilosort.clustering_qr DEBUG    CPU usage:    45.20 %
2025-03-31 23:34:27,092 kilosort.clustering_qr DEBUG    Memory:       13.40 %     |    101.12   /   754.60 GB
2025-03-31 23:34:27,092 kilosort.clustering_qr DEBUG    ------------------------------------------------------
2025-03-31 23:34:27,093 kilosort.clustering_qr DEBUG    GPU usage:    `conda install pynvml` for GPU usage
2025-03-31 23:34:27,093 kilosort.clustering_qr DEBUG    GPU memory:   14.33 %     |      5.66   /    39.50 GB
2025-03-31 23:34:27,093 kilosort.clustering_qr DEBUG    Allocated:     0.03 %     |      0.01   /    39.50 GB
2025-03-31 23:34:27,093 kilosort.clustering_qr DEBUG    Max alloc:     8.35 %     |      3.30   /    39.50 GB
2025-03-31 23:34:27,093 kilosort.clustering_qr DEBUG    ********************************************************
2025-03-31 23:34:27,215 kilosort.clustering_qr DEBUG    Center 70 | nsp: 2793 | ntemp: 4
2025-03-31 23:34:27,706 kilosort.clustering_qr DEBUG    Center 71 | nsp: 8653 | ntemp: 5
2025-03-31 23:34:28,385 kilosort.clustering_qr DEBUG    Center 72 | nsp: 13436 | ntemp: 12
2025-03-31 23:34:29,120 kilosort.clustering_qr DEBUG    Center 73 | nsp: 14766 | ntemp: 6
2025-03-31 23:34:29,845 kilosort.clustering_qr DEBUG    Center 74 | nsp: 10603 | ntemp: 9
2025-03-31 23:34:30,553 kilosort.clustering_qr DEBUG    Center 75 | nsp: 9273 | ntemp: 8
2025-03-31 23:34:31,017 kilosort.clustering_qr DEBUG    Center 76 | nsp: 5129 | ntemp: 5
2025-03-31 23:34:31,481 kilosort.clustering_qr DEBUG    Center 77 | nsp: 20905 | ntemp: 10
2025-03-31 23:34:31,957 kilosort.clustering_qr DEBUG    Center 78 | nsp: 9219 | ntemp: 6
2025-03-31 23:34:32,450 kilosort.clustering_qr DEBUG    Center 79 | nsp: 9717 | ntemp: 5
2025-03-31 23:34:32,860 kilosort.clustering_qr DEBUG     
2025-03-31 23:34:32,860 kilosort.clustering_qr DEBUG    Cluster center: 80 of 96
2025-03-31 23:34:32,860 kilosort.clustering_qr DEBUG    ********************************************************
2025-03-31 23:34:32,860 kilosort.clustering_qr DEBUG    CPU usage:    46.30 %
2025-03-31 23:34:32,860 kilosort.clustering_qr DEBUG    Memory:       13.43 %     |    101.36   /   754.60 GB
2025-03-31 23:34:32,860 kilosort.clustering_qr DEBUG    ------------------------------------------------------
2025-03-31 23:34:32,860 kilosort.clustering_qr DEBUG    GPU usage:    `conda install pynvml` for GPU usage
2025-03-31 23:34:32,861 kilosort.clustering_qr DEBUG    GPU memory:   14.33 %     |      5.66   /    39.50 GB
2025-03-31 23:34:32,861 kilosort.clustering_qr DEBUG    Allocated:     0.03 %     |      0.01   /    39.50 GB
2025-03-31 23:34:32,861 kilosort.clustering_qr DEBUG    Max alloc:     8.35 %     |      3.30   /    39.50 GB
2025-03-31 23:34:32,861 kilosort.clustering_qr DEBUG    ********************************************************
2025-03-31 23:34:32,916 kilosort.clustering_qr DEBUG    Center 80 | nsp: 19617 | ntemp: 6
2025-03-31 23:34:33,389 kilosort.clustering_qr DEBUG    Center 81 | nsp: 31123 | ntemp: 7
2025-03-31 23:34:34,524 kilosort.clustering_qr DEBUG    Center 82 | nsp: 38978 | ntemp: 9
2025-03-31 23:34:35,425 kilosort.clustering_qr DEBUG    Center 83 | nsp: 70619 | ntemp: 13
2025-03-31 23:34:36,571 kilosort.clustering_qr DEBUG    Center 84 | nsp: 66770 | ntemp: 18
2025-03-31 23:34:37,745 kilosort.clustering_qr DEBUG    Center 85 | nsp: 22939 | ntemp: 10
2025-03-31 23:34:38,426 kilosort.clustering_qr DEBUG    Center 86 | nsp: 31076 | ntemp: 13
2025-03-31 23:34:39,008 kilosort.clustering_qr DEBUG    Center 87 | nsp: 14713 | ntemp: 8
2025-03-31 23:34:39,445 kilosort.clustering_qr DEBUG    Center 88 | nsp: 19398 | ntemp: 9
2025-03-31 23:34:39,906 kilosort.clustering_qr DEBUG    Center 89 | nsp: 26999 | ntemp: 16
2025-03-31 23:34:40,606 kilosort.clustering_qr DEBUG     
2025-03-31 23:34:40,606 kilosort.clustering_qr DEBUG    Cluster center: 90 of 96
2025-03-31 23:34:40,607 kilosort.clustering_qr DEBUG    ********************************************************
2025-03-31 23:34:40,607 kilosort.clustering_qr DEBUG    CPU usage:    46.00 %
2025-03-31 23:34:40,607 kilosort.clustering_qr DEBUG    Memory:       13.47 %     |    101.65   /   754.60 GB
2025-03-31 23:34:40,607 kilosort.clustering_qr DEBUG    ------------------------------------------------------
2025-03-31 23:34:40,607 kilosort.clustering_qr DEBUG    GPU usage:    `conda install pynvml` for GPU usage
2025-03-31 23:34:40,607 kilosort.clustering_qr DEBUG    GPU memory:   14.33 %     |      5.66   /    39.50 GB
2025-03-31 23:34:40,608 kilosort.clustering_qr DEBUG    Allocated:     0.03 %     |      0.01   /    39.50 GB
2025-03-31 23:34:40,608 kilosort.clustering_qr DEBUG    Max alloc:     8.35 %     |      3.30   /    39.50 GB
2025-03-31 23:34:40,608 kilosort.clustering_qr DEBUG    ********************************************************
2025-03-31 23:34:40,616 kilosort.clustering_qr DEBUG    Center 90 | nsp: 25388 | ntemp: 9
2025-03-31 23:34:41,449 kilosort.clustering_qr DEBUG    Center 91 | nsp: 16384 | ntemp: 13
2025-03-31 23:34:42,266 kilosort.clustering_qr DEBUG    Center 92 | nsp: 15781 | ntemp: 13
2025-03-31 23:34:42,692 kilosort.clustering_qr DEBUG    Center 93 | nsp: 5612 | ntemp: 3
2025-03-31 23:34:43,177 kilosort.clustering_qr DEBUG    Center 94 | nsp: 6986 | ntemp: 2
2025-03-31 23:34:43,586 kilosort.clustering_qr DEBUG    Center 95 | nsp: 1281 | ntemp: 1
2025-03-31 23:34:43,855 kilosort.run_kilosort INFO     666 clusters found, in  53.00s; total  217.99s
2025-03-31 23:34:43,858 kilosort.run_kilosort DEBUG    clu shape: (1756958,)
2025-03-31 23:34:43,858 kilosort.run_kilosort DEBUG    Wall shape: torch.Size([666, 374, 6])
2025-03-31 23:34:43,858 kilosort.run_kilosort INFO      
2025-03-31 23:34:43,859 kilosort.run_kilosort INFO     Merging clusters
2025-03-31 23:34:43,859 kilosort.run_kilosort INFO     ----------------------------------------
2025-03-31 23:34:47,525 kilosort.run_kilosort INFO     640 units found, in  3.67s; total  221.66s
2025-03-31 23:34:47,526 kilosort.run_kilosort DEBUG    clu shape: (1756958,)
2025-03-31 23:34:47,526 kilosort.run_kilosort DEBUG    Wall shape: torch.Size([640, 374, 6])
2025-03-31 23:34:47,720 kilosort.run_kilosort INFO      
2025-03-31 23:34:47,721 kilosort.run_kilosort INFO     Resource usage after clustering
2025-03-31 23:34:47,721 kilosort.run_kilosort INFO     ********************************************************
2025-03-31 23:34:47,722 kilosort.run_kilosort INFO     CPU usage:    38.50 %
2025-03-31 23:34:47,722 kilosort.run_kilosort INFO     Memory:       13.50 %     |    101.85   /   754.60 GB
2025-03-31 23:34:47,723 kilosort.run_kilosort INFO     ------------------------------------------------------
2025-03-31 23:34:47,723 kilosort.run_kilosort INFO     GPU usage:    `conda install pynvml` for GPU usage
2025-03-31 23:34:47,724 kilosort.run_kilosort INFO     GPU memory:   14.33 %     |      5.66   /    39.50 GB
2025-03-31 23:34:47,725 kilosort.run_kilosort INFO     Allocated:     0.03 %     |      0.01   /    39.50 GB
2025-03-31 23:34:47,725 kilosort.run_kilosort INFO     Max alloc:     8.35 %     |      3.30   /    39.50 GB
2025-03-31 23:34:47,726 kilosort.run_kilosort INFO     ********************************************************
2025-03-31 23:34:47,726 kilosort.run_kilosort DEBUG    

|===========================================================================|
|                  PyTorch CUDA memory summary, device ID 0                 |
|---------------------------------------------------------------------------|
|            CUDA OOMs: 0            |        cudaMalloc retries: 0         |
|===========================================================================|
|        Metric         | Cur Usage  | Peak Usage | Tot Alloc  | Tot Freed  |
|---------------------------------------------------------------------------|
| Allocated memory      |  11189 KiB |   3378 MiB |  36253 GiB |  36253 GiB |
|---------------------------------------------------------------------------|
| Active memory         |  11189 KiB |   3378 MiB |  36253 GiB |  36253 GiB |
|---------------------------------------------------------------------------|
| Requested memory      |  11186 KiB |   3377 MiB |  36234 GiB |  36234 GiB |
|---------------------------------------------------------------------------|
| GPU reserved memory   |   5230 MiB |   5230 MiB |   5230 MiB |      0 B   |
|---------------------------------------------------------------------------|
| Non-releasable memory |  40011 KiB |   2297 MiB |  25234 GiB |  25234 GiB |
|---------------------------------------------------------------------------|
| Allocations           |      12    |      45    |    3096 K  |    3096 K  |
|---------------------------------------------------------------------------|
| Active allocs         |      12    |      45    |    3096 K  |    3096 K  |
|---------------------------------------------------------------------------|
| GPU reserved segments |      18    |      18    |      18    |       0    |
|---------------------------------------------------------------------------|
| Non-releasable allocs |       9    |      24    |    1271 K  |    1271 K  |
|---------------------------------------------------------------------------|
| Oversize allocations  |       0    |       0    |       0    |       0    |
|---------------------------------------------------------------------------|
| Oversize GPU segments |       0    |       0    |       0    |       0    |
|===========================================================================|


2025-03-31 23:34:47,726 kilosort.run_kilosort INFO      
2025-03-31 23:34:47,727 kilosort.run_kilosort INFO     Saving to phy and computing refractory periods
2025-03-31 23:34:47,727 kilosort.run_kilosort INFO     ----------------------------------------
2025-03-31 23:34:57,050 kilosort.run_kilosort INFO     347 units found with good refractory periods
2025-03-31 23:34:57,052 kilosort.run_kilosort INFO     Total runtime: 231.18s = 00:03:51 h:m:s
2025-03-31 23:34:57,067 kilosort.run_kilosort INFO     Sorting output saved in: /home/lss72/palmer_scratch/spike_sort/kilosort4.
2025-03-31 23:34:57,068 kilosort.run_kilosort INFO      
2025-03-31 23:34:57,068 kilosort.run_kilosort INFO     Resource usage after saving
2025-03-31 23:34:57,068 kilosort.run_kilosort INFO     ********************************************************
2025-03-31 23:34:57,069 kilosort.run_kilosort INFO     CPU usage:    43.30 %
2025-03-31 23:34:57,070 kilosort.run_kilosort INFO     Memory:       13.51 %     |    101.97   /   754.60 GB
2025-03-31 23:34:57,070 kilosort.run_kilosort INFO     ------------------------------------------------------
2025-03-31 23:34:57,071 kilosort.run_kilosort INFO     GPU usage:    `conda install pynvml` for GPU usage
2025-03-31 23:34:57,071 kilosort.run_kilosort INFO     GPU memory:   14.33 %     |      5.66   /    39.50 GB
2025-03-31 23:34:57,072 kilosort.run_kilosort INFO     Allocated:     0.03 %     |      0.01   /    39.50 GB
2025-03-31 23:34:57,073 kilosort.run_kilosort INFO     Max alloc:     8.35 %     |      3.30   /    39.50 GB
2025-03-31 23:34:57,073 kilosort.run_kilosort INFO     ********************************************************
2025-03-31 23:34:57,074 kilosort.run_kilosort DEBUG    

|===========================================================================|
|                  PyTorch CUDA memory summary, device ID 0                 |
|---------------------------------------------------------------------------|
|            CUDA OOMs: 0            |        cudaMalloc retries: 0         |
|===========================================================================|
|        Metric         | Cur Usage  | Peak Usage | Tot Alloc  | Tot Freed  |
|---------------------------------------------------------------------------|
| Allocated memory      |  11189 KiB |   3378 MiB |  36253 GiB |  36253 GiB |
|---------------------------------------------------------------------------|
| Active memory         |  11189 KiB |   3378 MiB |  36253 GiB |  36253 GiB |
|---------------------------------------------------------------------------|
| Requested memory      |  11186 KiB |   3377 MiB |  36234 GiB |  36234 GiB |
|---------------------------------------------------------------------------|
| GPU reserved memory   |   5230 MiB |   5230 MiB |   5230 MiB |      0 B   |
|---------------------------------------------------------------------------|
| Non-releasable memory |  40011 KiB |   2297 MiB |  25235 GiB |  25234 GiB |
|---------------------------------------------------------------------------|
| Allocations           |      12    |      45    |    3107 K  |    3107 K  |
|---------------------------------------------------------------------------|
| Active allocs         |      12    |      45    |    3107 K  |    3107 K  |
|---------------------------------------------------------------------------|
| GPU reserved segments |      18    |      18    |      18    |       0    |
|---------------------------------------------------------------------------|
| Non-releasable allocs |       9    |      24    |    1276 K  |    1276 K  |
|---------------------------------------------------------------------------|
| Oversize allocations  |       0    |       0    |       0    |       0    |
|---------------------------------------------------------------------------|
| Oversize GPU segments |       0    |       0    |       0    |       0    |
|===========================================================================|


