2025-05-08 19:51:49,162 kilosort.run_kilosort INFO     Kilosort version 4.0.25
2025-05-08 19:51:49,167 kilosort.run_kilosort INFO     Python version 3.9.21
2025-05-08 19:51:49,167 kilosort.run_kilosort INFO     ----------------------------------------
2025-05-08 19:51:49,167 kilosort.run_kilosort INFO     System information:
2025-05-08 19:51:49,168 kilosort.run_kilosort INFO     Linux-4.18.0-477.74.1.el8_8.x86_64-x86_64-with-glibc2.28 x86_64
2025-05-08 19:51:49,168 kilosort.run_kilosort INFO     x86_64
2025-05-08 19:51:49,168 kilosort.run_kilosort INFO     Using GPU for PyTorch computations. Specify `device` to change this.
2025-05-08 19:51:49,169 kilosort.run_kilosort INFO     Using CUDA device: NVIDIA A100-PCIE-40GB 39.50GB
2025-05-08 19:51:49,169 kilosort.run_kilosort INFO     ----------------------------------------
2025-05-08 19:51:49,169 kilosort.run_kilosort INFO     Sorting /home/lss72/palmer_scratch/spike_sort/2014_11_13_Pair_3_0
2025-05-08 19:51:49,170 kilosort.run_kilosort DEBUG    Initial ops:

ops = {
    'n_chan_bin': 32,
    'fs': 30000,
    'batch_size': 60000,
    'nblocks': 1,
    'Th_universal': 9,
    'Th_learned': 8,
    'tmin': 0,
    'tmax': 15,
    'nt': 61,
    'shift': None,
    'scale': None,
    'artifact_threshold': inf,
    'nskip': 25,
    'whitening_range': 32,
    'highpass_cutoff': 300,
    'binning_depth': 5,
    'sig_interp': 20,
    'drift_smoothing': [0.5, 0.5, 0.5],
    'nt0min': 20,
    'dmin': None,
    'dminx': 32,
    'min_template_size': 10,
    'template_sizes': 5,
    'nearest_chans': 10,
    'nearest_templates': 100,
    'max_channel_distance': 32,
    'max_peels': 100,
    'templates_from_data': True,
    'n_templates': 6,
    'n_pcs': 6,
    'Th_single_ch': 6,
    'acg_threshold': 0.2,
    'ccg_threshold': 0.25,
    'cluster_downsampling': 20,
    'x_centers': None,
    'duplicate_spike_ms': 0.25,
    'position_limit': 100,
    'data_dir': PosixPath('/home/lss72/palmer_scratch/spike_sort'),
    'filename': PosixPath('/home/lss72/palmer_scratch/spike_sort/2014_11_13_Pair_3_0'),
    'data_dtype': dtype('uint16'),
    'do_CAR': True,
    'invert_sign': False,
    'NTbuff': 60122,
    'Nchan': 32,
    'duplicate_spike_bins': 7,
    'torch_device': 'cuda',
    'save_preprocessed_copy': False
}

2025-05-08 19:51:49,172 kilosort.run_kilosort DEBUG    Probe dictionary:

probe = {
    'chanMap': np.array([ 0,  1,  2,  3,  4,  5,  6,  7,  8,  9, 10, 11, 12, 13, 14, 15, 16,
       17, 18, 19, 20, 21, 22, 23, 24, 25, 26, 27, 28, 29, 30, 31]),
    'xc': np.array([25.5, 25.5, 43.5, 43.5, 43.5, 43.5, 43.5, 43.5, 25.5, 25.5, 43.5,
       43.5, 43.5, 43.5, 25.5, 25.5, 25.5, 25.5,  7.5,  7.5,  7.5,  7.5,
       25.5, 25.5,  7.5,  7.5,  7.5,  7.5,  7.5,  7.5, 25.5, 25.5],
      dtype=np.float32),
    'yc': np.array([282.5, 232.5,  20. ,  45. ,  95. , 145. , 195. , 245. ,  82.5,
        32.5, 220. , 170. , 120. ,  70. , 132.5, 182.5, 157.5, 107.5,
        70. , 120. , 170. , 220. ,   7.5,  57.5, 245. , 195. , 145. ,
        95. ,  45. ,  20. , 207.5, 257.5], dtype=np.float32),
    'kcoords': np.array([0., 0., 0., 0., 0., 0., 0., 0., 0., 0., 0., 0., 0., 0., 0., 0., 0.,
       0., 0., 0., 0., 0., 0., 0., 0., 0., 0., 0., 0., 0., 0., 0.]),
    'n_chan': 32
}

2025-05-08 19:51:49,172 kilosort.run_kilosort INFO      
2025-05-08 19:51:49,173 kilosort.run_kilosort INFO     Computing preprocessing variables.
2025-05-08 19:51:49,173 kilosort.run_kilosort INFO     ----------------------------------------
2025-05-08 19:51:49,175 kilosort.run_kilosort INFO     N samples: 450000
2025-05-08 19:51:49,175 kilosort.run_kilosort INFO     N seconds: 15.0
2025-05-08 19:51:49,175 kilosort.run_kilosort INFO     N batches: 8
2025-05-08 19:51:49,212 kilosort.run_kilosort INFO     Preprocessing filters computed in  0.04s; total  0.04s
2025-05-08 19:51:49,213 kilosort.run_kilosort DEBUG    hp_filter shape: torch.Size([30122])
2025-05-08 19:51:49,213 kilosort.run_kilosort DEBUG    whiten_mat shape: torch.Size([32, 32])
2025-05-08 19:51:49,213 kilosort.run_kilosort INFO      
2025-05-08 19:51:49,213 kilosort.run_kilosort INFO     Resource usage after preprocessing
2025-05-08 19:51:49,213 kilosort.run_kilosort INFO     ********************************************************
2025-05-08 19:51:49,214 kilosort.run_kilosort INFO     CPU usage:    10.70 %
2025-05-08 19:51:49,214 kilosort.run_kilosort INFO     Memory:       18.79 %     |    141.78   /   754.60 GB
2025-05-08 19:51:49,215 kilosort.run_kilosort INFO     ------------------------------------------------------
2025-05-08 19:51:49,215 kilosort.run_kilosort INFO     GPU usage:    `conda install pynvml` for GPU usage
2025-05-08 19:51:49,216 kilosort.run_kilosort INFO     GPU memory:    2.56 %     |      1.01   /    39.50 GB
2025-05-08 19:51:49,216 kilosort.run_kilosort INFO     Allocated:     0.02 %     |      0.01   /    39.50 GB
2025-05-08 19:51:49,216 kilosort.run_kilosort INFO     Max alloc:     0.75 %     |      0.30   /    39.50 GB
2025-05-08 19:51:49,217 kilosort.run_kilosort INFO     ********************************************************
2025-05-08 19:51:49,235 kilosort.run_kilosort INFO      
2025-05-08 19:51:49,235 kilosort.run_kilosort INFO     Computing drift correction.
2025-05-08 19:51:49,236 kilosort.run_kilosort INFO     ----------------------------------------
2025-05-08 19:51:49,236 kilosort.spikedetect INFO     Re-computing universal templates from data.
2025-05-08 19:51:49,275 kilosort.spikedetect INFO     Number of universal templates: 135
2025-05-08 19:51:49,277 kilosort.spikedetect INFO     Detecting spikes...
2025-05-08 19:51:49,279 kilosort.spikedetect DEBUG     
2025-05-08 19:51:49,279 kilosort.spikedetect DEBUG    Batch 0
2025-05-08 19:51:49,279 kilosort.spikedetect DEBUG    ********************************************************
2025-05-08 19:51:49,279 kilosort.spikedetect DEBUG    CPU usage:    19.20 %
2025-05-08 19:51:49,279 kilosort.spikedetect DEBUG    Memory:       18.80 %     |    141.87   /   754.60 GB
2025-05-08 19:51:49,279 kilosort.spikedetect DEBUG    ------------------------------------------------------
2025-05-08 19:51:49,279 kilosort.spikedetect DEBUG    GPU usage:    `conda install pynvml` for GPU usage
2025-05-08 19:51:49,279 kilosort.spikedetect DEBUG    GPU memory:    2.56 %     |      1.01   /    39.50 GB
2025-05-08 19:51:49,280 kilosort.spikedetect DEBUG    Allocated:     0.02 %     |      0.01   /    39.50 GB
2025-05-08 19:51:49,280 kilosort.spikedetect DEBUG    Max alloc:     0.75 %     |      0.30   /    39.50 GB
2025-05-08 19:51:49,280 kilosort.spikedetect DEBUG    ********************************************************
2025-05-08 19:51:49,572 kilosort.spikedetect DEBUG     
2025-05-08 19:51:49,572 kilosort.spikedetect DEBUG    Batch 7
2025-05-08 19:51:49,572 kilosort.spikedetect DEBUG    ********************************************************
2025-05-08 19:51:49,572 kilosort.spikedetect DEBUG    CPU usage:    10.80 %
2025-05-08 19:51:49,572 kilosort.spikedetect DEBUG    Memory:       18.86 %     |    142.33   /   754.60 GB
2025-05-08 19:51:49,572 kilosort.spikedetect DEBUG    ------------------------------------------------------
2025-05-08 19:51:49,572 kilosort.spikedetect DEBUG    GPU usage:    `conda install pynvml` for GPU usage
2025-05-08 19:51:49,572 kilosort.spikedetect DEBUG    GPU memory:    2.56 %     |      1.01   /    39.50 GB
2025-05-08 19:51:49,573 kilosort.spikedetect DEBUG    Allocated:     0.04 %     |      0.02   /    39.50 GB
2025-05-08 19:51:49,573 kilosort.spikedetect DEBUG    Max alloc:     0.75 %     |      0.30   /    39.50 GB
2025-05-08 19:51:49,573 kilosort.spikedetect DEBUG    ********************************************************
2025-05-08 19:51:49,641 kilosort.run_kilosort INFO     drift computed in  0.41s; total  0.47s
2025-05-08 19:51:49,642 kilosort.run_kilosort DEBUG    st shape: (2936, 6)
2025-05-08 19:51:49,642 kilosort.run_kilosort DEBUG    yblk shape: (1,)
2025-05-08 19:51:49,643 kilosort.run_kilosort DEBUG    dshift shape: (8, 1)
2025-05-08 19:51:49,643 kilosort.run_kilosort DEBUG    iKxx shape: torch.Size([32, 32])
2025-05-08 19:51:49,643 kilosort.run_kilosort INFO      
2025-05-08 19:51:49,643 kilosort.run_kilosort INFO     Resource usage after drift correction
2025-05-08 19:51:49,643 kilosort.run_kilosort INFO     ********************************************************
2025-05-08 19:51:49,644 kilosort.run_kilosort INFO     CPU usage:    11.70 %
2025-05-08 19:51:49,644 kilosort.run_kilosort INFO     Memory:       18.88 %     |    142.45   /   754.60 GB
2025-05-08 19:51:49,645 kilosort.run_kilosort INFO     ------------------------------------------------------
2025-05-08 19:51:49,645 kilosort.run_kilosort INFO     GPU usage:    `conda install pynvml` for GPU usage
2025-05-08 19:51:49,646 kilosort.run_kilosort INFO     GPU memory:    2.56 %     |      1.01   /    39.50 GB
2025-05-08 19:51:49,646 kilosort.run_kilosort INFO     Allocated:     0.02 %     |      0.01   /    39.50 GB
2025-05-08 19:51:49,647 kilosort.run_kilosort INFO     Max alloc:     0.75 %     |      0.30   /    39.50 GB
2025-05-08 19:51:49,647 kilosort.run_kilosort INFO     ********************************************************
2025-05-08 19:51:49,647 kilosort.run_kilosort DEBUG    

|===========================================================================|
|                  PyTorch CUDA memory summary, device ID 0                 |
|---------------------------------------------------------------------------|
|            CUDA OOMs: 0            |        cudaMalloc retries: 0         |
|===========================================================================|
|        Metric         | Cur Usage  | Peak Usage | Tot Alloc  | Tot Freed  |
|---------------------------------------------------------------------------|
| Allocated memory      |   8867 KiB | 310536 KiB | 194570 MiB | 194562 MiB |
|---------------------------------------------------------------------------|
| Active memory         |   8867 KiB | 310536 KiB | 194570 MiB | 194562 MiB |
|---------------------------------------------------------------------------|
| Requested memory      |   8864 KiB | 310266 KiB | 192454 MiB | 192445 MiB |
|---------------------------------------------------------------------------|
| GPU reserved memory   | 479232 KiB | 479232 KiB | 479232 KiB |      0 B   |
|---------------------------------------------------------------------------|
| Non-releasable memory |  13660 KiB | 184425 KiB | 100513 MiB | 100500 MiB |
|---------------------------------------------------------------------------|
| Allocations           |      20    |      56    |   36116    |   36096    |
|---------------------------------------------------------------------------|
| Active allocs         |      20    |      56    |   36116    |   36096    |
|---------------------------------------------------------------------------|
| GPU reserved segments |      14    |      14    |      14    |       0    |
|---------------------------------------------------------------------------|
| Non-releasable allocs |      11    |      25    |   12368    |   12357    |
|---------------------------------------------------------------------------|
| Oversize allocations  |       0    |       0    |       0    |       0    |
|---------------------------------------------------------------------------|
| Oversize GPU segments |       0    |       0    |       0    |       0    |
|===========================================================================|


2025-05-08 19:51:49,654 kilosort.run_kilosort DEBUG    First batch min, max: (-20.231596, 13.883576)
2025-05-08 19:51:49,654 kilosort.run_kilosort INFO      
2025-05-08 19:51:49,655 kilosort.run_kilosort INFO     Extracting spikes using templates
2025-05-08 19:51:49,655 kilosort.run_kilosort INFO     ----------------------------------------
2025-05-08 19:51:49,656 kilosort.spikedetect INFO     Re-computing universal templates from data.
2025-05-08 19:51:49,694 kilosort.spikedetect INFO     Number of universal templates: 135
2025-05-08 19:51:49,697 kilosort.spikedetect INFO     Detecting spikes...
2025-05-08 19:51:49,699 kilosort.spikedetect DEBUG     
2025-05-08 19:51:49,699 kilosort.spikedetect DEBUG    Batch 0
2025-05-08 19:51:49,699 kilosort.spikedetect DEBUG    ********************************************************
2025-05-08 19:51:49,700 kilosort.spikedetect DEBUG    CPU usage:    22.80 %
2025-05-08 19:51:49,700 kilosort.spikedetect DEBUG    Memory:       18.89 %     |    142.54   /   754.60 GB
2025-05-08 19:51:49,700 kilosort.spikedetect DEBUG    ------------------------------------------------------
2025-05-08 19:51:49,700 kilosort.spikedetect DEBUG    GPU usage:    `conda install pynvml` for GPU usage
2025-05-08 19:51:49,700 kilosort.spikedetect DEBUG    GPU memory:    2.56 %     |      1.01   /    39.50 GB
2025-05-08 19:51:49,700 kilosort.spikedetect DEBUG    Allocated:     0.02 %     |      0.01   /    39.50 GB
2025-05-08 19:51:49,700 kilosort.spikedetect DEBUG    Max alloc:     0.75 %     |      0.30   /    39.50 GB
2025-05-08 19:51:49,700 kilosort.spikedetect DEBUG    ********************************************************
2025-05-08 19:51:49,934 kilosort.spikedetect DEBUG     
2025-05-08 19:51:49,934 kilosort.spikedetect DEBUG    Batch 7
2025-05-08 19:51:49,934 kilosort.spikedetect DEBUG    ********************************************************
2025-05-08 19:51:49,934 kilosort.spikedetect DEBUG    CPU usage:    11.00 %
2025-05-08 19:51:49,934 kilosort.spikedetect DEBUG    Memory:       18.94 %     |    142.90   /   754.60 GB
2025-05-08 19:51:49,934 kilosort.spikedetect DEBUG    ------------------------------------------------------
2025-05-08 19:51:49,934 kilosort.spikedetect DEBUG    GPU usage:    `conda install pynvml` for GPU usage
2025-05-08 19:51:49,934 kilosort.spikedetect DEBUG    GPU memory:    2.56 %     |      1.01   /    39.50 GB
2025-05-08 19:51:49,935 kilosort.spikedetect DEBUG    Allocated:     0.04 %     |      0.02   /    39.50 GB
2025-05-08 19:51:49,935 kilosort.spikedetect DEBUG    Max alloc:     0.75 %     |      0.30   /    39.50 GB
2025-05-08 19:51:49,935 kilosort.spikedetect DEBUG    ********************************************************
2025-05-08 19:51:49,935 kilosort.run_kilosort INFO     2859 spikes extracted in  0.28s; total  0.77s
2025-05-08 19:51:49,935 kilosort.run_kilosort DEBUG    st0 shape: (2859, 6)
2025-05-08 19:51:49,935 kilosort.run_kilosort DEBUG    tF shape: torch.Size([2859, 10, 6])
2025-05-08 19:51:49,935 kilosort.run_kilosort INFO      
2025-05-08 19:51:49,935 kilosort.run_kilosort INFO     First clustering
2025-05-08 19:51:49,936 kilosort.run_kilosort INFO     ----------------------------------------
2025-05-08 19:51:49,945 kilosort.clustering_qr DEBUG     
2025-05-08 19:51:49,945 kilosort.clustering_qr DEBUG    Cluster center: 0 of 12
2025-05-08 19:51:49,945 kilosort.clustering_qr DEBUG    ********************************************************
2025-05-08 19:51:49,946 kilosort.clustering_qr DEBUG    CPU usage:    19.50 %
2025-05-08 19:51:49,946 kilosort.clustering_qr DEBUG    Memory:       18.94 %     |    142.92   /   754.60 GB
2025-05-08 19:51:49,946 kilosort.clustering_qr DEBUG    ------------------------------------------------------
2025-05-08 19:51:49,946 kilosort.clustering_qr DEBUG    GPU usage:    `conda install pynvml` for GPU usage
2025-05-08 19:51:49,946 kilosort.clustering_qr DEBUG    GPU memory:    2.56 %     |      1.01   /    39.50 GB
2025-05-08 19:51:49,946 kilosort.clustering_qr DEBUG    Allocated:     0.02 %     |      0.01   /    39.50 GB
2025-05-08 19:51:49,946 kilosort.clustering_qr DEBUG    Max alloc:     0.75 %     |      0.30   /    39.50 GB
2025-05-08 19:51:49,946 kilosort.clustering_qr DEBUG    ********************************************************
2025-05-08 19:51:49,948 kilosort.clustering_qr DEBUG    Center 0 | nsp: 348 | ntemp: 12
2025-05-08 19:51:49,950 kilosort.clustering_qr DEBUG    Center 1 | nsp: 373 | ntemp: 12
2025-05-08 19:51:49,953 kilosort.clustering_qr DEBUG    Center 2 | nsp: 247 | ntemp: 12
2025-05-08 19:51:49,955 kilosort.clustering_qr DEBUG    Center 3 | nsp: 403 | ntemp: 12
2025-05-08 19:51:49,957 kilosort.clustering_qr DEBUG    Center 4 | nsp: 100 | ntemp: 12
2025-05-08 19:51:49,959 kilosort.clustering_qr DEBUG    Center 5 | nsp: 193 | ntemp: 12
2025-05-08 19:51:49,961 kilosort.clustering_qr DEBUG    Center 6 | nsp: 89 | ntemp: 12
2025-05-08 19:51:49,963 kilosort.clustering_qr DEBUG    Center 7 | nsp: 300 | ntemp: 12
2025-05-08 19:51:49,965 kilosort.clustering_qr DEBUG    Center 8 | nsp: 224 | ntemp: 12
2025-05-08 19:51:49,968 kilosort.clustering_qr DEBUG    Center 9 | nsp: 217 | ntemp: 12
2025-05-08 19:51:49,968 kilosort.clustering_qr DEBUG     
2025-05-08 19:51:49,968 kilosort.clustering_qr DEBUG    Cluster center: 10 of 12
2025-05-08 19:51:49,968 kilosort.clustering_qr DEBUG    ********************************************************
2025-05-08 19:51:49,968 kilosort.clustering_qr DEBUG    CPU usage:    34.60 %
2025-05-08 19:51:49,968 kilosort.clustering_qr DEBUG    Memory:       18.94 %     |    142.95   /   754.60 GB
2025-05-08 19:51:49,968 kilosort.clustering_qr DEBUG    ------------------------------------------------------
2025-05-08 19:51:49,968 kilosort.clustering_qr DEBUG    GPU usage:    `conda install pynvml` for GPU usage
2025-05-08 19:51:49,968 kilosort.clustering_qr DEBUG    GPU memory:    2.56 %     |      1.01   /    39.50 GB
2025-05-08 19:51:49,968 kilosort.clustering_qr DEBUG    Allocated:     0.02 %     |      0.01   /    39.50 GB
2025-05-08 19:51:49,969 kilosort.clustering_qr DEBUG    Max alloc:     0.75 %     |      0.30   /    39.50 GB
2025-05-08 19:51:49,969 kilosort.clustering_qr DEBUG    ********************************************************
2025-05-08 19:51:49,971 kilosort.clustering_qr DEBUG    Center 10 | nsp: 217 | ntemp: 12
2025-05-08 19:51:49,972 kilosort.clustering_qr DEBUG    Center 11 | nsp: 148 | ntemp: 3
2025-05-08 19:51:49,986 kilosort.run_kilosort INFO     12 clusters found, in  0.05s; total  0.82s
2025-05-08 19:51:49,986 kilosort.run_kilosort DEBUG    clu shape: (2859,)
2025-05-08 19:51:49,986 kilosort.run_kilosort DEBUG    Wall shape: torch.Size([12, 32, 6])
2025-05-08 19:51:49,986 kilosort.run_kilosort INFO      
2025-05-08 19:51:49,987 kilosort.run_kilosort INFO     Extracting spikes using cluster waveforms
2025-05-08 19:51:49,987 kilosort.run_kilosort INFO     ----------------------------------------
2025-05-08 19:51:50,000 kilosort.template_matching DEBUG     
2025-05-08 19:51:50,000 kilosort.template_matching DEBUG    Batch 0
2025-05-08 19:51:50,000 kilosort.template_matching DEBUG    ********************************************************
2025-05-08 19:51:50,000 kilosort.template_matching DEBUG    CPU usage:    23.10 %
2025-05-08 19:51:50,000 kilosort.template_matching DEBUG    Memory:       18.98 %     |    143.23   /   754.60 GB
2025-05-08 19:51:50,000 kilosort.template_matching DEBUG    ------------------------------------------------------
2025-05-08 19:51:50,000 kilosort.template_matching DEBUG    GPU usage:    `conda install pynvml` for GPU usage
2025-05-08 19:51:50,000 kilosort.template_matching DEBUG    GPU memory:    2.56 %     |      1.01   /    39.50 GB
2025-05-08 19:51:50,001 kilosort.template_matching DEBUG    Allocated:     0.02 %     |      0.01   /    39.50 GB
2025-05-08 19:51:50,001 kilosort.template_matching DEBUG    Max alloc:     0.75 %     |      0.30   /    39.50 GB
2025-05-08 19:51:50,002 kilosort.template_matching DEBUG    ********************************************************
2025-05-08 19:51:50,156 kilosort.template_matching DEBUG     
2025-05-08 19:51:50,156 kilosort.template_matching DEBUG    Batch 7
2025-05-08 19:51:50,156 kilosort.template_matching DEBUG    ********************************************************
2025-05-08 19:51:50,157 kilosort.template_matching DEBUG    CPU usage:    10.30 %
2025-05-08 19:51:50,157 kilosort.template_matching DEBUG    Memory:       19.02 %     |    143.49   /   754.60 GB
2025-05-08 19:51:50,157 kilosort.template_matching DEBUG    ------------------------------------------------------
2025-05-08 19:51:50,157 kilosort.template_matching DEBUG    GPU usage:    `conda install pynvml` for GPU usage
2025-05-08 19:51:50,157 kilosort.template_matching DEBUG    GPU memory:    2.56 %     |      1.01   /    39.50 GB
2025-05-08 19:51:50,157 kilosort.template_matching DEBUG    Allocated:     0.06 %     |      0.02   /    39.50 GB
2025-05-08 19:51:50,157 kilosort.template_matching DEBUG    Max alloc:     0.75 %     |      0.30   /    39.50 GB
2025-05-08 19:51:50,157 kilosort.template_matching DEBUG    ********************************************************
2025-05-08 19:51:50,158 kilosort.run_kilosort INFO     3667 spikes extracted in  0.17s; total  0.99s
2025-05-08 19:51:50,159 kilosort.run_kilosort DEBUG    st shape: (3667, 3)
2025-05-08 19:51:50,159 kilosort.run_kilosort DEBUG    tF shape: torch.Size([3667, 10, 6])
2025-05-08 19:51:50,159 kilosort.run_kilosort DEBUG    iCC shape: torch.Size([10, 32])
2025-05-08 19:51:50,160 kilosort.run_kilosort DEBUG    iU shape: torch.Size([12])
2025-05-08 19:51:50,160 kilosort.run_kilosort INFO      
2025-05-08 19:51:50,160 kilosort.run_kilosort INFO     Resource usage after spike detection
2025-05-08 19:51:50,160 kilosort.run_kilosort INFO     ********************************************************
2025-05-08 19:51:50,161 kilosort.run_kilosort INFO     CPU usage:    26.70 %
2025-05-08 19:51:50,161 kilosort.run_kilosort INFO     Memory:       18.99 %     |    143.27   /   754.60 GB
2025-05-08 19:51:50,162 kilosort.run_kilosort INFO     ------------------------------------------------------
2025-05-08 19:51:50,162 kilosort.run_kilosort INFO     GPU usage:    `conda install pynvml` for GPU usage
2025-05-08 19:51:50,163 kilosort.run_kilosort INFO     GPU memory:    2.56 %     |      1.01   /    39.50 GB
2025-05-08 19:51:50,163 kilosort.run_kilosort INFO     Allocated:     0.02 %     |      0.01   /    39.50 GB
2025-05-08 19:51:50,164 kilosort.run_kilosort INFO     Max alloc:     0.75 %     |      0.30   /    39.50 GB
2025-05-08 19:51:50,164 kilosort.run_kilosort INFO     ********************************************************
2025-05-08 19:51:50,164 kilosort.run_kilosort DEBUG    

|===========================================================================|
|                  PyTorch CUDA memory summary, device ID 0                 |
|---------------------------------------------------------------------------|
|            CUDA OOMs: 0            |        cudaMalloc retries: 0         |
|===========================================================================|
|        Metric         | Cur Usage  | Peak Usage | Tot Alloc  | Tot Freed  |
|---------------------------------------------------------------------------|
| Allocated memory      |   8880 KiB | 310536 KiB | 261581 MiB | 261572 MiB |
|---------------------------------------------------------------------------|
| Active memory         |   8880 KiB | 310536 KiB | 261581 MiB | 261572 MiB |
|---------------------------------------------------------------------------|
| Requested memory      |   8876 KiB | 310296 KiB | 258710 MiB | 258701 MiB |
|---------------------------------------------------------------------------|
| GPU reserved memory   | 479232 KiB | 479232 KiB | 479232 KiB |      0 B   |
|---------------------------------------------------------------------------|
| Non-releasable memory |  13648 KiB | 184425 KiB | 134450 MiB | 134437 MiB |
|---------------------------------------------------------------------------|
| Allocations           |      24    |      56    |   47016    |   46992    |
|---------------------------------------------------------------------------|
| Active allocs         |      24    |      56    |   47016    |   46992    |
|---------------------------------------------------------------------------|
| GPU reserved segments |      14    |      14    |      14    |       0    |
|---------------------------------------------------------------------------|
| Non-releasable allocs |      12    |      25    |   16379    |   16367    |
|---------------------------------------------------------------------------|
| Oversize allocations  |       0    |       0    |       0    |       0    |
|---------------------------------------------------------------------------|
| Oversize GPU segments |       0    |       0    |       0    |       0    |
|===========================================================================|


2025-05-08 19:51:50,165 kilosort.run_kilosort INFO      
2025-05-08 19:51:50,165 kilosort.run_kilosort INFO     Final clustering
2025-05-08 19:51:50,165 kilosort.run_kilosort INFO     ----------------------------------------
2025-05-08 19:51:50,172 kilosort.clustering_qr DEBUG     
2025-05-08 19:51:50,172 kilosort.clustering_qr DEBUG    Cluster center: 0 of 12
2025-05-08 19:51:50,172 kilosort.clustering_qr DEBUG    ********************************************************
2025-05-08 19:51:50,172 kilosort.clustering_qr DEBUG    CPU usage:    15.00 %
2025-05-08 19:51:50,172 kilosort.clustering_qr DEBUG    Memory:       18.99 %     |    143.29   /   754.60 GB
2025-05-08 19:51:50,172 kilosort.clustering_qr DEBUG    ------------------------------------------------------
2025-05-08 19:51:50,172 kilosort.clustering_qr DEBUG    GPU usage:    `conda install pynvml` for GPU usage
2025-05-08 19:51:50,172 kilosort.clustering_qr DEBUG    GPU memory:    2.56 %     |      1.01   /    39.50 GB
2025-05-08 19:51:50,172 kilosort.clustering_qr DEBUG    Allocated:     0.02 %     |      0.01   /    39.50 GB
2025-05-08 19:51:50,173 kilosort.clustering_qr DEBUG    Max alloc:     0.75 %     |      0.30   /    39.50 GB
2025-05-08 19:51:50,173 kilosort.clustering_qr DEBUG    ********************************************************
2025-05-08 19:51:50,173 kilosort.clustering_qr DEBUG    Center 0 | nsp: 515 | ntemp: 1
2025-05-08 19:51:50,174 kilosort.clustering_qr DEBUG    Center 1 | nsp: 424 | ntemp: 1
2025-05-08 19:51:50,175 kilosort.clustering_qr DEBUG    Center 2 | nsp: 774 | ntemp: 2
2025-05-08 19:51:50,176 kilosort.clustering_qr DEBUG    Center 3 | nsp: 0 | ntemp: 0
2025-05-08 19:51:50,177 kilosort.clustering_qr DEBUG    Center 4 | nsp: 205 | ntemp: 1
2025-05-08 19:51:50,177 kilosort.clustering_qr DEBUG    Center 5 | nsp: 284 | ntemp: 1
2025-05-08 19:51:50,178 kilosort.clustering_qr DEBUG    Center 6 | nsp: 112 | ntemp: 1
2025-05-08 19:51:50,179 kilosort.clustering_qr DEBUG    Center 7 | nsp: 0 | ntemp: 0
2025-05-08 19:51:50,180 kilosort.clustering_qr DEBUG    Center 8 | nsp: 580 | ntemp: 2
2025-05-08 19:51:50,181 kilosort.clustering_qr DEBUG    Center 9 | nsp: 273 | ntemp: 1
2025-05-08 19:51:50,181 kilosort.clustering_qr DEBUG     
2025-05-08 19:51:50,181 kilosort.clustering_qr DEBUG    Cluster center: 10 of 12
2025-05-08 19:51:50,181 kilosort.clustering_qr DEBUG    ********************************************************
2025-05-08 19:51:50,181 kilosort.clustering_qr DEBUG    CPU usage:    37.10 %
2025-05-08 19:51:50,181 kilosort.clustering_qr DEBUG    Memory:       18.99 %     |    143.30   /   754.60 GB
2025-05-08 19:51:50,181 kilosort.clustering_qr DEBUG    ------------------------------------------------------
2025-05-08 19:51:50,181 kilosort.clustering_qr DEBUG    GPU usage:    `conda install pynvml` for GPU usage
2025-05-08 19:51:50,181 kilosort.clustering_qr DEBUG    GPU memory:    2.56 %     |      1.01   /    39.50 GB
2025-05-08 19:51:50,182 kilosort.clustering_qr DEBUG    Allocated:     0.02 %     |      0.01   /    39.50 GB
2025-05-08 19:51:50,182 kilosort.clustering_qr DEBUG    Max alloc:     0.75 %     |      0.30   /    39.50 GB
2025-05-08 19:51:50,182 kilosort.clustering_qr DEBUG    ********************************************************
2025-05-08 19:51:50,182 kilosort.clustering_qr DEBUG    Center 10 | nsp: 223 | ntemp: 1
2025-05-08 19:51:50,183 kilosort.clustering_qr DEBUG    Center 11 | nsp: 277 | ntemp: 1
2025-05-08 19:51:50,185 kilosort.run_kilosort INFO     10 clusters found, in  0.02s; total  1.02s
2025-05-08 19:51:50,185 kilosort.run_kilosort DEBUG    clu shape: (3667,)
2025-05-08 19:51:50,185 kilosort.run_kilosort DEBUG    Wall shape: torch.Size([10, 32, 6])
2025-05-08 19:51:50,185 kilosort.run_kilosort INFO      
2025-05-08 19:51:50,186 kilosort.run_kilosort INFO     Merging clusters
2025-05-08 19:51:50,186 kilosort.run_kilosort INFO     ----------------------------------------
2025-05-08 19:51:50,190 kilosort.run_kilosort INFO     10 units found, in  0.00s; total  1.02s
2025-05-08 19:51:50,190 kilosort.run_kilosort DEBUG    clu shape: (3667,)
2025-05-08 19:51:50,190 kilosort.run_kilosort DEBUG    Wall shape: torch.Size([10, 32, 6])
2025-05-08 19:51:50,190 kilosort.run_kilosort INFO      
2025-05-08 19:51:50,191 kilosort.run_kilosort INFO     Resource usage after clustering
2025-05-08 19:51:50,191 kilosort.run_kilosort INFO     ********************************************************
2025-05-08 19:51:50,192 kilosort.run_kilosort INFO     CPU usage:    24.30 %
2025-05-08 19:51:50,192 kilosort.run_kilosort INFO     Memory:       18.99 %     |    143.32   /   754.60 GB
2025-05-08 19:51:50,192 kilosort.run_kilosort INFO     ------------------------------------------------------
2025-05-08 19:51:50,193 kilosort.run_kilosort INFO     GPU usage:    `conda install pynvml` for GPU usage
2025-05-08 19:51:50,193 kilosort.run_kilosort INFO     GPU memory:    2.56 %     |      1.01   /    39.50 GB
2025-05-08 19:51:50,194 kilosort.run_kilosort INFO     Allocated:     0.02 %     |      0.01   /    39.50 GB
2025-05-08 19:51:50,194 kilosort.run_kilosort INFO     Max alloc:     0.75 %     |      0.30   /    39.50 GB
2025-05-08 19:51:50,195 kilosort.run_kilosort INFO     ********************************************************
2025-05-08 19:51:50,195 kilosort.run_kilosort DEBUG    

|===========================================================================|
|                  PyTorch CUDA memory summary, device ID 0                 |
|---------------------------------------------------------------------------|
|            CUDA OOMs: 0            |        cudaMalloc retries: 0         |
|===========================================================================|
|        Metric         | Cur Usage  | Peak Usage | Tot Alloc  | Tot Freed  |
|---------------------------------------------------------------------------|
| Allocated memory      |   8871 KiB | 310536 KiB | 261581 MiB | 261573 MiB |
|---------------------------------------------------------------------------|
| Active memory         |   8871 KiB | 310536 KiB | 261581 MiB | 261573 MiB |
|---------------------------------------------------------------------------|
| Requested memory      |   8867 KiB | 310296 KiB | 258710 MiB | 258702 MiB |
|---------------------------------------------------------------------------|
| GPU reserved memory   | 479232 KiB | 479232 KiB | 479232 KiB |      0 B   |
|---------------------------------------------------------------------------|
| Non-releasable memory |  13657 KiB | 184425 KiB | 134450 MiB | 134437 MiB |
|---------------------------------------------------------------------------|
| Allocations           |      23    |      56    |   47162    |   47139    |
|---------------------------------------------------------------------------|
| Active allocs         |      23    |      56    |   47162    |   47139    |
|---------------------------------------------------------------------------|
| GPU reserved segments |      14    |      14    |      14    |       0    |
|---------------------------------------------------------------------------|
| Non-releasable allocs |      11    |      25    |   16446    |   16435    |
|---------------------------------------------------------------------------|
| Oversize allocations  |       0    |       0    |       0    |       0    |
|---------------------------------------------------------------------------|
| Oversize GPU segments |       0    |       0    |       0    |       0    |
|===========================================================================|


2025-05-08 19:51:50,195 kilosort.run_kilosort INFO      
2025-05-08 19:51:50,196 kilosort.run_kilosort INFO     Saving to phy and computing refractory periods
2025-05-08 19:51:50,196 kilosort.run_kilosort INFO     ----------------------------------------
2025-05-08 19:51:50,481 kilosort.run_kilosort INFO     0 units found with good refractory periods
2025-05-08 19:51:50,482 kilosort.run_kilosort INFO     Total runtime: 1.31s = 00:00:1 h:m:s
2025-05-08 19:51:50,488 kilosort.run_kilosort INFO     Sorting output saved in: /home/lss72/palmer_scratch/spike_sort/kilosort4.
2025-05-08 19:51:50,489 kilosort.run_kilosort INFO      
2025-05-08 19:51:50,489 kilosort.run_kilosort INFO     Resource usage after saving
2025-05-08 19:51:50,489 kilosort.run_kilosort INFO     ********************************************************
2025-05-08 19:51:50,490 kilosort.run_kilosort INFO     CPU usage:    12.10 %
2025-05-08 19:51:50,490 kilosort.run_kilosort INFO     Memory:       19.06 %     |    143.79   /   754.60 GB
2025-05-08 19:51:50,491 kilosort.run_kilosort INFO     ------------------------------------------------------
2025-05-08 19:51:50,491 kilosort.run_kilosort INFO     GPU usage:    `conda install pynvml` for GPU usage
2025-05-08 19:51:50,491 kilosort.run_kilosort INFO     GPU memory:    2.56 %     |      1.01   /    39.50 GB
2025-05-08 19:51:50,492 kilosort.run_kilosort INFO     Allocated:     0.02 %     |      0.01   /    39.50 GB
2025-05-08 19:51:50,492 kilosort.run_kilosort INFO     Max alloc:     0.75 %     |      0.30   /    39.50 GB
2025-05-08 19:51:50,493 kilosort.run_kilosort INFO     ********************************************************
2025-05-08 19:51:50,493 kilosort.run_kilosort DEBUG    

|===========================================================================|
|                  PyTorch CUDA memory summary, device ID 0                 |
|---------------------------------------------------------------------------|
|            CUDA OOMs: 0            |        cudaMalloc retries: 0         |
|===========================================================================|
|        Metric         | Cur Usage  | Peak Usage | Tot Alloc  | Tot Freed  |
|---------------------------------------------------------------------------|
| Allocated memory      |   8871 KiB | 310536 KiB | 261582 MiB | 261574 MiB |
|---------------------------------------------------------------------------|
| Active memory         |   8871 KiB | 310536 KiB | 261582 MiB | 261574 MiB |
|---------------------------------------------------------------------------|
| Requested memory      |   8867 KiB | 310296 KiB | 258711 MiB | 258703 MiB |
|---------------------------------------------------------------------------|
| GPU reserved memory   | 479232 KiB | 479232 KiB | 479232 KiB |      0 B   |
|---------------------------------------------------------------------------|
| Non-releasable memory |  13657 KiB | 184425 KiB | 134451 MiB | 134438 MiB |
|---------------------------------------------------------------------------|
| Allocations           |      23    |      56    |   47323    |   47300    |
|---------------------------------------------------------------------------|
| Active allocs         |      23    |      56    |   47323    |   47300    |
|---------------------------------------------------------------------------|
| GPU reserved segments |      14    |      14    |      14    |       0    |
|---------------------------------------------------------------------------|
| Non-releasable allocs |      11    |      25    |   16517    |   16506    |
|---------------------------------------------------------------------------|
| Oversize allocations  |       0    |       0    |       0    |       0    |
|---------------------------------------------------------------------------|
| Oversize GPU segments |       0    |       0    |       0    |       0    |
|===========================================================================|


