2025-05-13 08:43:12,506 kilosort.run_kilosort INFO     Kilosort version 4.0.25
2025-05-13 08:43:12,520 kilosort.run_kilosort INFO     Python version 3.9.21
2025-05-13 08:43:12,520 kilosort.run_kilosort INFO     ----------------------------------------
2025-05-13 08:43:12,521 kilosort.run_kilosort INFO     System information:
2025-05-13 08:43:12,521 kilosort.run_kilosort INFO     Linux-4.18.0-477.74.1.el8_8.x86_64-x86_64-with-glibc2.28 x86_64
2025-05-13 08:43:12,521 kilosort.run_kilosort INFO     x86_64
2025-05-13 08:43:12,521 kilosort.run_kilosort INFO     Using CPU for PyTorch computations. Specify `device` to change this.
2025-05-13 08:43:12,522 kilosort.run_kilosort INFO     ----------------------------------------
2025-05-13 08:43:12,522 kilosort.run_kilosort INFO     Sorting /home/lss72/palmer_scratch/spike_sort/2014_03_26_Pair_2_0
2025-05-13 08:43:12,523 kilosort.run_kilosort DEBUG    Initial ops:

ops = {
    'n_chan_bin': 32,
    'fs': 30000,
    'batch_size': 60000,
    'nblocks': 1,
    'Th_universal': 9,
    'Th_learned': 8,
    'tmin': 0,
    'tmax': 60,
    'nt': 61,
    'shift': None,
    'scale': None,
    'artifact_threshold': inf,
    'nskip': 25,
    'whitening_range': 32,
    'highpass_cutoff': 300,
    'binning_depth': 5,
    'sig_interp': 20,
    'drift_smoothing': [0.5, 0.5, 0.5],
    'nt0min': 20,
    'dmin': None,
    'dminx': 32,
    'min_template_size': 10,
    'template_sizes': 5,
    'nearest_chans': 10,
    'nearest_templates': 100,
    'max_channel_distance': 32,
    'max_peels': 100,
    'templates_from_data': True,
    'n_templates': 6,
    'n_pcs': 6,
    'Th_single_ch': 6,
    'acg_threshold': 0.2,
    'ccg_threshold': 0.25,
    'cluster_downsampling': 20,
    'x_centers': None,
    'duplicate_spike_ms': 0.25,
    'position_limit': 100,
    'data_dir': PosixPath('/home/lss72/palmer_scratch/spike_sort'),
    'filename': PosixPath('/home/lss72/palmer_scratch/spike_sort/2014_03_26_Pair_2_0'),
    'data_dtype': dtype('float32'),
    'do_CAR': True,
    'invert_sign': False,
    'NTbuff': 60122,
    'Nchan': 32,
    'duplicate_spike_bins': 7,
    'torch_device': 'cpu',
    'save_preprocessed_copy': False
}

2025-05-13 08:43:12,525 kilosort.run_kilosort DEBUG    Probe dictionary:

probe = {
    'chanMap': np.array([ 0,  1,  2,  3,  4,  5,  6,  7,  8,  9, 10, 11, 12, 13, 14, 15, 16,
       17, 18, 19, 20, 21, 22, 23, 24, 25, 26, 27, 28, 29, 30, 31]),
    'xc': np.array([25.5, 25.5, 43.5, 43.5, 43.5, 43.5, 43.5, 43.5, 25.5, 25.5, 43.5,
       43.5, 43.5, 43.5, 25.5, 25.5, 25.5, 25.5,  7.5,  7.5,  7.5,  7.5,
       25.5, 25.5,  7.5,  7.5,  7.5,  7.5,  7.5,  7.5, 25.5, 25.5],
      dtype=np.float32),
    'yc': np.array([282.5, 232.5,  20. ,  45. ,  95. , 145. , 195. , 245. ,  82.5,
        32.5, 220. , 170. , 120. ,  70. , 132.5, 182.5, 157.5, 107.5,
        70. , 120. , 170. , 220. ,   7.5,  57.5, 245. , 195. , 145. ,
        95. ,  45. ,  20. , 207.5, 257.5], dtype=np.float32),
    'kcoords': np.array([0., 0., 0., 0., 0., 0., 0., 0., 0., 0., 0., 0., 0., 0., 0., 0., 0.,
       0., 0., 0., 0., 0., 0., 0., 0., 0., 0., 0., 0., 0., 0., 0.]),
    'n_chan': 32
}

2025-05-13 08:43:12,525 kilosort.run_kilosort INFO      
2025-05-13 08:43:12,526 kilosort.run_kilosort INFO     Computing preprocessing variables.
2025-05-13 08:43:12,526 kilosort.run_kilosort INFO     ----------------------------------------
2025-05-13 08:43:12,528 kilosort.run_kilosort INFO     N samples: 1800000
2025-05-13 08:43:12,528 kilosort.run_kilosort INFO     N seconds: 60.0
2025-05-13 08:43:12,529 kilosort.run_kilosort INFO     N batches: 30
2025-05-13 08:43:12,592 kilosort.run_kilosort INFO     Preprocessing filters computed in  0.07s; total  0.07s
2025-05-13 08:43:12,597 kilosort.run_kilosort DEBUG    hp_filter shape: torch.Size([30122])
2025-05-13 08:43:12,597 kilosort.run_kilosort DEBUG    whiten_mat shape: torch.Size([32, 32])
2025-05-13 08:43:12,597 kilosort.run_kilosort INFO      
2025-05-13 08:43:12,598 kilosort.run_kilosort INFO     Resource usage after preprocessing
2025-05-13 08:43:12,599 kilosort.run_kilosort INFO     ********************************************************
2025-05-13 08:43:12,599 kilosort.run_kilosort INFO     CPU usage:     4.10 %
2025-05-13 08:43:12,600 kilosort.run_kilosort INFO     Memory:        6.18 %     |     46.66   /   754.60 GB
2025-05-13 08:43:12,600 kilosort.run_kilosort INFO     ------------------------------------------------------
2025-05-13 08:43:12,601 kilosort.run_kilosort INFO     GPU usage:    N/A
2025-05-13 08:43:12,601 kilosort.run_kilosort INFO     GPU memory:   N/A
2025-05-13 08:43:12,601 kilosort.run_kilosort INFO     ********************************************************
2025-05-13 08:43:12,612 kilosort.run_kilosort INFO      
2025-05-13 08:43:12,612 kilosort.run_kilosort INFO     Computing drift correction.
2025-05-13 08:43:12,612 kilosort.run_kilosort INFO     ----------------------------------------
2025-05-13 08:43:12,613 kilosort.spikedetect INFO     Re-computing universal templates from data.
2025-05-13 08:43:13,778 kilosort.spikedetect INFO     Number of universal templates: 135
2025-05-13 08:43:13,787 kilosort.spikedetect INFO     Detecting spikes...
2025-05-13 08:43:13,788 kilosort.spikedetect DEBUG     
2025-05-13 08:43:13,789 kilosort.spikedetect DEBUG    Batch 0
2025-05-13 08:43:13,789 kilosort.spikedetect DEBUG    ********************************************************
2025-05-13 08:43:13,789 kilosort.spikedetect DEBUG    CPU usage:    16.10 %
2025-05-13 08:43:13,789 kilosort.spikedetect DEBUG    Memory:        6.21 %     |     46.86   /   754.60 GB
2025-05-13 08:43:13,789 kilosort.spikedetect DEBUG    ------------------------------------------------------
2025-05-13 08:43:13,789 kilosort.spikedetect DEBUG    GPU usage:    N/A
2025-05-13 08:43:13,789 kilosort.spikedetect DEBUG    GPU memory:   N/A
2025-05-13 08:43:13,789 kilosort.spikedetect DEBUG    ********************************************************
2025-05-13 08:43:35,992 kilosort.spikedetect DEBUG     
2025-05-13 08:43:35,993 kilosort.spikedetect DEBUG    Batch 29
2025-05-13 08:43:35,993 kilosort.spikedetect DEBUG    ********************************************************
2025-05-13 08:43:35,993 kilosort.spikedetect DEBUG    CPU usage:    30.80 %
2025-05-13 08:43:35,993 kilosort.spikedetect DEBUG    Memory:        6.19 %     |     46.69   /   754.60 GB
2025-05-13 08:43:35,993 kilosort.spikedetect DEBUG    ------------------------------------------------------
2025-05-13 08:43:35,993 kilosort.spikedetect DEBUG    GPU usage:    N/A
2025-05-13 08:43:35,993 kilosort.spikedetect DEBUG    GPU memory:   N/A
2025-05-13 08:43:35,993 kilosort.spikedetect DEBUG    ********************************************************
2025-05-13 08:43:36,038 kilosort.run_kilosort INFO     drift computed in  23.43s; total  23.52s
2025-05-13 08:43:36,039 kilosort.run_kilosort DEBUG    st shape: (7846, 6)
2025-05-13 08:43:36,039 kilosort.run_kilosort DEBUG    yblk shape: (1,)
2025-05-13 08:43:36,039 kilosort.run_kilosort DEBUG    dshift shape: (30, 1)
2025-05-13 08:43:36,039 kilosort.run_kilosort DEBUG    iKxx shape: torch.Size([32, 32])
2025-05-13 08:43:36,039 kilosort.run_kilosort INFO      
2025-05-13 08:43:36,040 kilosort.run_kilosort INFO     Resource usage after drift correction
2025-05-13 08:43:36,041 kilosort.run_kilosort INFO     ********************************************************
2025-05-13 08:43:36,042 kilosort.run_kilosort INFO     CPU usage:    28.30 %
2025-05-13 08:43:36,043 kilosort.run_kilosort INFO     Memory:        6.19 %     |     46.68   /   754.60 GB
2025-05-13 08:43:36,043 kilosort.run_kilosort INFO     ------------------------------------------------------
2025-05-13 08:43:36,044 kilosort.run_kilosort INFO     GPU usage:    N/A
2025-05-13 08:43:36,044 kilosort.run_kilosort INFO     GPU memory:   N/A
2025-05-13 08:43:36,044 kilosort.run_kilosort INFO     ********************************************************
2025-05-13 08:43:36,072 kilosort.run_kilosort DEBUG    First batch min, max: (-19.062624, 10.45392)
2025-05-13 08:43:36,072 kilosort.run_kilosort INFO      
2025-05-13 08:43:36,074 kilosort.run_kilosort INFO     Extracting spikes using templates
2025-05-13 08:43:36,075 kilosort.run_kilosort INFO     ----------------------------------------
2025-05-13 08:43:36,076 kilosort.spikedetect INFO     Re-computing universal templates from data.
2025-05-13 08:43:37,234 kilosort.spikedetect INFO     Number of universal templates: 135
2025-05-13 08:43:37,244 kilosort.spikedetect INFO     Detecting spikes...
2025-05-13 08:43:37,245 kilosort.spikedetect DEBUG     
2025-05-13 08:43:37,246 kilosort.spikedetect DEBUG    Batch 0
2025-05-13 08:43:37,246 kilosort.spikedetect DEBUG    ********************************************************
2025-05-13 08:43:37,246 kilosort.spikedetect DEBUG    CPU usage:    15.10 %
2025-05-13 08:43:37,246 kilosort.spikedetect DEBUG    Memory:        6.19 %     |     46.68   /   754.60 GB
2025-05-13 08:43:37,246 kilosort.spikedetect DEBUG    ------------------------------------------------------
2025-05-13 08:43:37,246 kilosort.spikedetect DEBUG    GPU usage:    N/A
2025-05-13 08:43:37,246 kilosort.spikedetect DEBUG    GPU memory:   N/A
2025-05-13 08:43:37,246 kilosort.spikedetect DEBUG    ********************************************************
2025-05-13 08:43:59,831 kilosort.spikedetect DEBUG     
2025-05-13 08:43:59,831 kilosort.spikedetect DEBUG    Batch 29
2025-05-13 08:43:59,831 kilosort.spikedetect DEBUG    ********************************************************
2025-05-13 08:43:59,832 kilosort.spikedetect DEBUG    CPU usage:    30.80 %
2025-05-13 08:43:59,832 kilosort.spikedetect DEBUG    Memory:        6.18 %     |     46.66   /   754.60 GB
2025-05-13 08:43:59,832 kilosort.spikedetect DEBUG    ------------------------------------------------------
2025-05-13 08:43:59,832 kilosort.spikedetect DEBUG    GPU usage:    N/A
2025-05-13 08:43:59,832 kilosort.spikedetect DEBUG    GPU memory:   N/A
2025-05-13 08:43:59,832 kilosort.spikedetect DEBUG    ********************************************************
2025-05-13 08:43:59,832 kilosort.run_kilosort INFO     7661 spikes extracted in  23.76s; total  47.31s
2025-05-13 08:43:59,832 kilosort.run_kilosort DEBUG    st0 shape: (7661, 6)
2025-05-13 08:43:59,833 kilosort.run_kilosort DEBUG    tF shape: torch.Size([7661, 10, 6])
2025-05-13 08:43:59,833 kilosort.run_kilosort INFO      
2025-05-13 08:43:59,833 kilosort.run_kilosort INFO     First clustering
2025-05-13 08:43:59,833 kilosort.run_kilosort INFO     ----------------------------------------
2025-05-13 08:43:59,844 kilosort.clustering_qr DEBUG     
2025-05-13 08:43:59,844 kilosort.clustering_qr DEBUG    Cluster center: 0 of 12
2025-05-13 08:43:59,844 kilosort.clustering_qr DEBUG    ********************************************************
2025-05-13 08:43:59,844 kilosort.clustering_qr DEBUG    CPU usage:    23.90 %
2025-05-13 08:43:59,844 kilosort.clustering_qr DEBUG    Memory:        6.18 %     |     46.66   /   754.60 GB
2025-05-13 08:43:59,844 kilosort.clustering_qr DEBUG    ------------------------------------------------------
2025-05-13 08:43:59,844 kilosort.clustering_qr DEBUG    GPU usage:    N/A
2025-05-13 08:43:59,844 kilosort.clustering_qr DEBUG    GPU memory:   N/A
2025-05-13 08:43:59,844 kilosort.clustering_qr DEBUG    ********************************************************
2025-05-13 08:43:59,885 kilosort.clustering_qr DEBUG    Center 0 | nsp: 1355 | ntemp: 12
2025-05-13 08:44:00,475 kilosort.clustering_qr DEBUG    Center 1 | nsp: 934 | ntemp: 12
2025-05-13 08:44:00,477 kilosort.clustering_qr DEBUG    Center 2 | nsp: 467 | ntemp: 12
2025-05-13 08:44:00,478 kilosort.clustering_qr DEBUG    Center 3 | nsp: 305 | ntemp: 12
2025-05-13 08:44:00,479 kilosort.clustering_qr DEBUG    Center 4 | nsp: 450 | ntemp: 12
2025-05-13 08:44:00,481 kilosort.clustering_qr DEBUG    Center 5 | nsp: 301 | ntemp: 12
2025-05-13 08:44:00,482 kilosort.clustering_qr DEBUG    Center 6 | nsp: 824 | ntemp: 12
2025-05-13 08:44:00,483 kilosort.clustering_qr DEBUG    Center 7 | nsp: 354 | ntemp: 12
2025-05-13 08:44:00,485 kilosort.clustering_qr DEBUG    Center 8 | nsp: 807 | ntemp: 12
2025-05-13 08:44:00,486 kilosort.clustering_qr DEBUG    Center 9 | nsp: 974 | ntemp: 12
2025-05-13 08:44:00,487 kilosort.clustering_qr DEBUG     
2025-05-13 08:44:00,487 kilosort.clustering_qr DEBUG    Cluster center: 10 of 12
2025-05-13 08:44:00,487 kilosort.clustering_qr DEBUG    ********************************************************
2025-05-13 08:44:00,487 kilosort.clustering_qr DEBUG    CPU usage:    30.50 %
2025-05-13 08:44:00,487 kilosort.clustering_qr DEBUG    Memory:        6.18 %     |     46.66   /   754.60 GB
2025-05-13 08:44:00,487 kilosort.clustering_qr DEBUG    ------------------------------------------------------
2025-05-13 08:44:00,487 kilosort.clustering_qr DEBUG    GPU usage:    N/A
2025-05-13 08:44:00,487 kilosort.clustering_qr DEBUG    GPU memory:   N/A
2025-05-13 08:44:00,487 kilosort.clustering_qr DEBUG    ********************************************************
2025-05-13 08:44:00,488 kilosort.clustering_qr DEBUG    Center 10 | nsp: 620 | ntemp: 12
2025-05-13 08:44:00,489 kilosort.clustering_qr DEBUG    Center 11 | nsp: 270 | ntemp: 3
2025-05-13 08:44:00,497 kilosort.run_kilosort INFO     13 clusters found, in  0.66s; total  47.97s
2025-05-13 08:44:00,498 kilosort.run_kilosort DEBUG    clu shape: (7661,)
2025-05-13 08:44:00,498 kilosort.run_kilosort DEBUG    Wall shape: torch.Size([13, 32, 6])
2025-05-13 08:44:00,498 kilosort.run_kilosort INFO      
2025-05-13 08:44:00,499 kilosort.run_kilosort INFO     Extracting spikes using cluster waveforms
2025-05-13 08:44:00,499 kilosort.run_kilosort INFO     ----------------------------------------
2025-05-13 08:44:00,512 kilosort.template_matching DEBUG     
2025-05-13 08:44:00,512 kilosort.template_matching DEBUG    Batch 0
2025-05-13 08:44:00,512 kilosort.template_matching DEBUG    ********************************************************
2025-05-13 08:44:00,512 kilosort.template_matching DEBUG    CPU usage:    30.80 %
2025-05-13 08:44:00,512 kilosort.template_matching DEBUG    Memory:        6.21 %     |     46.89   /   754.60 GB
2025-05-13 08:44:00,512 kilosort.template_matching DEBUG    ------------------------------------------------------
2025-05-13 08:44:00,512 kilosort.template_matching DEBUG    GPU usage:    N/A
2025-05-13 08:44:00,512 kilosort.template_matching DEBUG    GPU memory:   N/A
2025-05-13 08:44:00,512 kilosort.template_matching DEBUG    ********************************************************
2025-05-13 08:44:02,738 kilosort.template_matching DEBUG     
2025-05-13 08:44:02,738 kilosort.template_matching DEBUG    Batch 29
2025-05-13 08:44:02,738 kilosort.template_matching DEBUG    ********************************************************
2025-05-13 08:44:02,738 kilosort.template_matching DEBUG    CPU usage:    30.80 %
2025-05-13 08:44:02,738 kilosort.template_matching DEBUG    Memory:        6.21 %     |     46.89   /   754.60 GB
2025-05-13 08:44:02,738 kilosort.template_matching DEBUG    ------------------------------------------------------
2025-05-13 08:44:02,738 kilosort.template_matching DEBUG    GPU usage:    N/A
2025-05-13 08:44:02,738 kilosort.template_matching DEBUG    GPU memory:   N/A
2025-05-13 08:44:02,738 kilosort.template_matching DEBUG    ********************************************************
2025-05-13 08:44:02,740 kilosort.run_kilosort INFO     10847 spikes extracted in  2.24s; total  50.22s
2025-05-13 08:44:02,740 kilosort.run_kilosort DEBUG    st shape: (10847, 3)
2025-05-13 08:44:02,740 kilosort.run_kilosort DEBUG    tF shape: torch.Size([10847, 10, 6])
2025-05-13 08:44:02,740 kilosort.run_kilosort DEBUG    iCC shape: torch.Size([10, 32])
2025-05-13 08:44:02,740 kilosort.run_kilosort DEBUG    iU shape: torch.Size([13])
2025-05-13 08:44:02,741 kilosort.run_kilosort INFO      
2025-05-13 08:44:02,741 kilosort.run_kilosort INFO     Resource usage after spike detection
2025-05-13 08:44:02,741 kilosort.run_kilosort INFO     ********************************************************
2025-05-13 08:44:02,742 kilosort.run_kilosort INFO     CPU usage:    28.60 %
2025-05-13 08:44:02,743 kilosort.run_kilosort INFO     Memory:        6.18 %     |     46.66   /   754.60 GB
2025-05-13 08:44:02,743 kilosort.run_kilosort INFO     ------------------------------------------------------
2025-05-13 08:44:02,743 kilosort.run_kilosort INFO     GPU usage:    N/A
2025-05-13 08:44:02,744 kilosort.run_kilosort INFO     GPU memory:   N/A
2025-05-13 08:44:02,744 kilosort.run_kilosort INFO     ********************************************************
2025-05-13 08:44:02,745 kilosort.run_kilosort INFO      
2025-05-13 08:44:02,745 kilosort.run_kilosort INFO     Final clustering
2025-05-13 08:44:02,745 kilosort.run_kilosort INFO     ----------------------------------------
2025-05-13 08:44:02,756 kilosort.clustering_qr DEBUG     
2025-05-13 08:44:02,756 kilosort.clustering_qr DEBUG    Cluster center: 0 of 12
2025-05-13 08:44:02,756 kilosort.clustering_qr DEBUG    ********************************************************
2025-05-13 08:44:02,756 kilosort.clustering_qr DEBUG    CPU usage:    18.00 %
2025-05-13 08:44:02,756 kilosort.clustering_qr DEBUG    Memory:        6.18 %     |     46.66   /   754.60 GB
2025-05-13 08:44:02,756 kilosort.clustering_qr DEBUG    ------------------------------------------------------
2025-05-13 08:44:02,756 kilosort.clustering_qr DEBUG    GPU usage:    N/A
2025-05-13 08:44:02,756 kilosort.clustering_qr DEBUG    GPU memory:   N/A
2025-05-13 08:44:02,756 kilosort.clustering_qr DEBUG    ********************************************************
2025-05-13 08:44:02,757 kilosort.clustering_qr DEBUG    Center 0 | nsp: 2497 | ntemp: 2
2025-05-13 08:44:03,650 kilosort.clustering_qr DEBUG    Center 1 | nsp: 625 | ntemp: 1
2025-05-13 08:44:03,651 kilosort.clustering_qr DEBUG    Center 2 | nsp: 331 | ntemp: 1
2025-05-13 08:44:03,652 kilosort.clustering_qr DEBUG    Center 3 | nsp: 666 | ntemp: 1
2025-05-13 08:44:03,652 kilosort.clustering_qr DEBUG    Center 4 | nsp: 436 | ntemp: 1
2025-05-13 08:44:03,653 kilosort.clustering_qr DEBUG    Center 5 | nsp: 481 | ntemp: 1
2025-05-13 08:44:03,654 kilosort.clustering_qr DEBUG    Center 6 | nsp: 879 | ntemp: 1
2025-05-13 08:44:03,655 kilosort.clustering_qr DEBUG    Center 7 | nsp: 579 | ntemp: 1
2025-05-13 08:44:03,655 kilosort.clustering_qr DEBUG    Center 8 | nsp: 880 | ntemp: 1
2025-05-13 08:44:03,656 kilosort.clustering_qr DEBUG    Center 9 | nsp: 821 | ntemp: 1
2025-05-13 08:44:03,657 kilosort.clustering_qr DEBUG     
2025-05-13 08:44:03,657 kilosort.clustering_qr DEBUG    Cluster center: 10 of 12
2025-05-13 08:44:03,657 kilosort.clustering_qr DEBUG    ********************************************************
2025-05-13 08:44:03,657 kilosort.clustering_qr DEBUG    CPU usage:    30.70 %
2025-05-13 08:44:03,657 kilosort.clustering_qr DEBUG    Memory:        6.18 %     |     46.66   /   754.60 GB
2025-05-13 08:44:03,657 kilosort.clustering_qr DEBUG    ------------------------------------------------------
2025-05-13 08:44:03,657 kilosort.clustering_qr DEBUG    GPU usage:    N/A
2025-05-13 08:44:03,657 kilosort.clustering_qr DEBUG    GPU memory:   N/A
2025-05-13 08:44:03,657 kilosort.clustering_qr DEBUG    ********************************************************
2025-05-13 08:44:03,657 kilosort.clustering_qr DEBUG    Center 10 | nsp: 0 | ntemp: 0
2025-05-13 08:44:03,658 kilosort.clustering_qr DEBUG    Center 11 | nsp: 2652 | ntemp: 2
2025-05-13 08:44:04,497 kilosort.run_kilosort INFO     12 clusters found, in  1.75s; total  51.97s
2025-05-13 08:44:04,497 kilosort.run_kilosort DEBUG    clu shape: (10847,)
2025-05-13 08:44:04,497 kilosort.run_kilosort DEBUG    Wall shape: torch.Size([12, 32, 6])
2025-05-13 08:44:04,497 kilosort.run_kilosort INFO      
2025-05-13 08:44:04,498 kilosort.run_kilosort INFO     Merging clusters
2025-05-13 08:44:04,498 kilosort.run_kilosort INFO     ----------------------------------------
2025-05-13 08:44:04,538 kilosort.run_kilosort INFO     12 units found, in  0.04s; total  52.02s
2025-05-13 08:44:04,545 kilosort.run_kilosort DEBUG    clu shape: (10847,)
2025-05-13 08:44:04,545 kilosort.run_kilosort DEBUG    Wall shape: torch.Size([12, 32, 6])
2025-05-13 08:44:04,545 kilosort.run_kilosort INFO      
2025-05-13 08:44:04,546 kilosort.run_kilosort INFO     Resource usage after clustering
2025-05-13 08:44:04,546 kilosort.run_kilosort INFO     ********************************************************
2025-05-13 08:44:04,547 kilosort.run_kilosort INFO     CPU usage:    30.40 %
2025-05-13 08:44:04,547 kilosort.run_kilosort INFO     Memory:        6.18 %     |     46.66   /   754.60 GB
2025-05-13 08:44:04,548 kilosort.run_kilosort INFO     ------------------------------------------------------
2025-05-13 08:44:04,548 kilosort.run_kilosort INFO     GPU usage:    N/A
2025-05-13 08:44:04,548 kilosort.run_kilosort INFO     GPU memory:   N/A
2025-05-13 08:44:04,549 kilosort.run_kilosort INFO     ********************************************************
2025-05-13 08:44:04,549 kilosort.run_kilosort INFO      
2025-05-13 08:44:04,550 kilosort.run_kilosort INFO     Saving to phy and computing refractory periods
2025-05-13 08:44:04,550 kilosort.run_kilosort INFO     ----------------------------------------
2025-05-13 08:44:04,798 kilosort.run_kilosort INFO     0 units found with good refractory periods
2025-05-13 08:44:04,798 kilosort.run_kilosort INFO     Total runtime: 52.28s = 00:00:52 h:m:s
2025-05-13 08:44:04,815 kilosort.run_kilosort INFO     Sorting output saved in: /home/lss72/palmer_scratch/spike_sort/kilosort4.
2025-05-13 08:44:04,815 kilosort.run_kilosort INFO      
2025-05-13 08:44:04,816 kilosort.run_kilosort INFO     Resource usage after saving
2025-05-13 08:44:04,816 kilosort.run_kilosort INFO     ********************************************************
2025-05-13 08:44:04,816 kilosort.run_kilosort INFO     CPU usage:     7.80 %
2025-05-13 08:44:04,817 kilosort.run_kilosort INFO     Memory:        6.18 %     |     46.66   /   754.60 GB
2025-05-13 08:44:04,817 kilosort.run_kilosort INFO     ------------------------------------------------------
2025-05-13 08:44:04,818 kilosort.run_kilosort INFO     GPU usage:    N/A
2025-05-13 08:44:04,818 kilosort.run_kilosort INFO     GPU memory:   N/A
2025-05-13 08:44:04,818 kilosort.run_kilosort INFO     ********************************************************
