2025-05-15 02:56:47,198 kilosort.run_kilosort INFO     Kilosort version 4.0.25
2025-05-15 02:56:47,199 kilosort.run_kilosort INFO     Python version 3.9.21
2025-05-15 02:56:47,199 kilosort.run_kilosort INFO     ----------------------------------------
2025-05-15 02:56:47,200 kilosort.run_kilosort INFO     System information:
2025-05-15 02:56:47,200 kilosort.run_kilosort INFO     Linux-4.18.0-477.74.1.el8_8.x86_64-x86_64-with-glibc2.28 x86_64
2025-05-15 02:56:47,200 kilosort.run_kilosort INFO     x86_64
2025-05-15 02:56:47,237 kilosort.run_kilosort INFO     Using CPU for PyTorch computations. Specify `device` to change this.
2025-05-15 02:56:47,237 kilosort.run_kilosort INFO     ----------------------------------------
2025-05-15 02:56:47,238 kilosort.run_kilosort INFO     Sorting /home/lss72/palmer_scratch/spike_sort/c42/c42_npx_raw.bin
2025-05-15 02:56:47,238 kilosort.run_kilosort INFO     Interpreting binary file as default dtype='int16'. If data was saved in a different format, specify `data_dtype`.
2025-05-15 02:56:47,239 kilosort.run_kilosort DEBUG    Initial ops:

ops = {
    'n_chan_bin': 384,
    'fs': 30000,
    'batch_size': 60000,
    'nblocks': 1,
    'Th_universal': 9,
    'Th_learned': 8,
    'tmin': 0,
    'tmax': 60,
    'nt': 61,
    'shift': None,
    'scale': None,
    'artifact_threshold': inf,
    'nskip': 25,
    'whitening_range': 32,
    'highpass_cutoff': 300,
    'binning_depth': 5,
    'sig_interp': 20,
    'drift_smoothing': [0.5, 0.5, 0.5],
    'nt0min': 20,
    'dmin': None,
    'dminx': 32,
    'min_template_size': 10,
    'template_sizes': 5,
    'nearest_chans': 10,
    'nearest_templates': 100,
    'max_channel_distance': 32,
    'max_peels': 100,
    'templates_from_data': True,
    'n_templates': 6,
    'n_pcs': 6,
    'Th_single_ch': 6,
    'acg_threshold': 0.2,
    'ccg_threshold': 0.25,
    'cluster_downsampling': 20,
    'x_centers': None,
    'duplicate_spike_ms': 0.25,
    'position_limit': 100,
    'data_dir': PosixPath('/home/lss72/palmer_scratch/spike_sort/c42'),
    'probe_path': 'neuropixPhase3A_kilosortChanMap.mat',
    'filename': PosixPath('/home/lss72/palmer_scratch/spike_sort/c42/c42_npx_raw.bin'),
    'data_dtype': 'int16',
    'do_CAR': True,
    'invert_sign': False,
    'NTbuff': 60122,
    'Nchan': 374,
    'duplicate_spike_bins': 7,
    'torch_device': 'cpu',
    'save_preprocessed_copy': False
}

2025-05-15 02:56:47,250 kilosort.run_kilosort DEBUG    Probe dictionary:

probe = {
    'xc': np.array([43., 11., 59., 27., 43., 11., 59., 27., 43., 11., 59., 27., 43.,
       11., 59., 27., 43., 11., 59., 27., 43., 11., 59., 27., 43., 11.,
       59., 27., 43., 11., 59., 27., 43., 11., 59., 27., 11., 59., 27.,
       43., 11., 59., 27., 43., 11., 59., 27., 43., 11., 59., 27., 43.,
       11., 59., 27., 43., 11., 59., 27., 43., 11., 59., 27., 43., 11.,
       59., 27., 43., 11., 59., 27., 43., 11., 59., 43., 11., 59., 27.,
       43., 11., 59., 27., 43., 11., 59., 27., 43., 11., 59., 27., 43.,
       11., 59., 27., 43., 11., 59., 27., 43., 11., 59., 27., 43., 11.,
       59., 27., 43., 11., 59., 27., 11., 59., 27., 43., 11., 59., 27.,
       43., 11., 59., 27., 43., 11., 59., 27., 43., 11., 59., 27., 43.,
       11., 59., 27., 43., 11., 59., 27., 43., 11., 59., 27., 43., 11.,
       59., 27., 43., 11., 59., 43., 11., 59., 27., 43., 11., 59., 27.,
       43., 11., 59., 27., 43., 11., 59., 27., 43., 11., 59., 27., 43.,
       11., 59., 27., 43., 11., 59., 27., 43., 11., 59., 27., 43., 11.,
       59., 27., 11., 59., 27., 43., 11., 59., 27., 43., 11., 59., 27.,
       43., 11., 59., 27., 43., 11., 59., 27., 43., 11., 59., 27., 43.,
       11., 59., 27., 43., 11., 59., 27., 43., 11., 59., 27., 43., 11.,
       59., 43., 11., 59., 27., 43., 11., 59., 27., 43., 11., 59., 27.,
       43., 11., 59., 27., 43., 11., 59., 27., 43., 11., 59., 27., 43.,
       11., 59., 27., 43., 11., 59., 27., 43., 11., 59., 27., 11., 59.,
       27., 43., 11., 59., 27., 43., 11., 59., 27., 43., 11., 59., 27.,
       43., 11., 59., 27., 43., 11., 59., 27., 43., 11., 59., 27., 43.,
       11., 59., 27., 43., 11., 59., 27., 43., 11., 59., 43., 11., 59.,
       27., 43., 11., 59., 27., 43., 11., 59., 27., 43., 11., 59., 27.,
       43., 11., 59., 27., 43., 11., 59., 27., 43., 11., 59., 27., 43.,
       11., 59., 27., 43., 11., 59., 27., 11., 59., 27., 43., 11., 59.,
       27., 43., 11., 59., 27., 43., 11., 59., 27., 43., 11., 59., 27.,
       43., 11., 59., 27., 43., 11., 59., 27., 43., 11., 59., 27., 43.,
       11., 59., 27., 43., 11., 59., 43., 11., 59., 27.], dtype=np.float32),
    'yc': np.array([  20.,   20.,   40.,   40.,   60.,   60.,   80.,   80.,  100.,
        100.,  120.,  120.,  140.,  140.,  160.,  160.,  180.,  180.,
        200.,  200.,  220.,  220.,  240.,  240.,  260.,  260.,  280.,
        280.,  300.,  300.,  320.,  320.,  340.,  340.,  360.,  360.,
        380.,  400.,  400.,  420.,  420.,  440.,  440.,  460.,  460.,
        480.,  480.,  500.,  500.,  520.,  520.,  540.,  540.,  560.,
        560.,  580.,  580.,  600.,  600.,  620.,  620.,  640.,  640.,
        660.,  660.,  680.,  680.,  700.,  700.,  720.,  720.,  740.,
        740.,  760.,  780.,  780.,  800.,  800.,  820.,  820.,  840.,
        840.,  860.,  860.,  880.,  880.,  900.,  900.,  920.,  920.,
        940.,  940.,  960.,  960.,  980.,  980., 1000., 1000., 1020.,
       1020., 1040., 1040., 1060., 1060., 1080., 1080., 1100., 1100.,
       1120., 1120., 1140., 1160., 1160., 1180., 1180., 1200., 1200.,
       1220., 1220., 1240., 1240., 1260., 1260., 1280., 1280., 1300.,
       1300., 1320., 1320., 1340., 1340., 1360., 1360., 1380., 1380.,
       1400., 1400., 1420., 1420., 1440., 1440., 1460., 1460., 1480.,
       1480., 1500., 1500., 1520., 1540., 1540., 1560., 1560., 1580.,
       1580., 1600., 1600., 1620., 1620., 1640., 1640., 1660., 1660.,
       1680., 1680., 1700., 1700., 1720., 1720., 1740., 1740., 1760.,
       1760., 1780., 1780., 1800., 1800., 1820., 1820., 1840., 1840.,
       1860., 1860., 1880., 1880., 1900., 1920., 1920., 1940., 1940.,
       1960., 1960., 1980., 1980., 2000., 2000., 2020., 2020., 2040.,
       2040., 2060., 2060., 2080., 2080., 2100., 2100., 2120., 2120.,
       2140., 2140., 2160., 2160., 2180., 2180., 2200., 2200., 2220.,
       2220., 2240., 2240., 2260., 2260., 2280., 2300., 2300., 2320.,
       2320., 2340., 2340., 2360., 2360., 2380., 2380., 2400., 2400.,
       2420., 2420., 2440., 2440., 2460., 2460., 2480., 2480., 2500.,
       2500., 2520., 2520., 2540., 2540., 2560., 2560., 2580., 2580.,
       2600., 2600., 2620., 2620., 2640., 2640., 2660., 2680., 2680.,
       2700., 2700., 2720., 2720., 2740., 2740., 2760., 2760., 2780.,
       2780., 2800., 2800., 2820., 2820., 2840., 2840., 2860., 2860.,
       2880., 2880., 2900., 2900., 2920., 2920., 2940., 2940., 2960.,
       2960., 2980., 2980., 3000., 3000., 3020., 3020., 3040., 3060.,
       3060., 3080., 3080., 3100., 3100., 3120., 3120., 3140., 3140.,
       3160., 3160., 3180., 3180., 3200., 3200., 3220., 3220., 3240.,
       3240., 3260., 3260., 3280., 3280., 3300., 3300., 3320., 3320.,
       3340., 3340., 3360., 3360., 3380., 3380., 3400., 3400., 3420.,
       3440., 3440., 3460., 3460., 3480., 3480., 3500., 3500., 3520.,
       3520., 3540., 3540., 3560., 3560., 3580., 3580., 3600., 3600.,
       3620., 3620., 3640., 3640., 3660., 3660., 3680., 3680., 3700.,
       3700., 3720., 3720., 3740., 3740., 3760., 3760., 3780., 3780.,
       3800., 3820., 3820., 3840., 3840.], dtype=np.float32),
    'kcoords': np.array([0., 0., 0., 0., 0., 0., 0., 0., 0., 0., 0., 0., 0., 0., 0., 0., 0.,
       0., 0., 0., 0., 0., 0., 0., 0., 0., 0., 0., 0., 0., 0., 0., 0., 0.,
       0., 0., 0., 0., 0., 0., 0., 0., 0., 0., 0., 0., 0., 0., 0., 0., 0.,
       0., 0., 0., 0., 0., 0., 0., 0., 0., 0., 0., 0., 0., 0., 0., 0., 0.,
       0., 0., 0., 0., 0., 0., 0., 0., 0., 0., 0., 0., 0., 0., 0., 0., 0.,
       0., 0., 0., 0., 0., 0., 0., 0., 0., 0., 0., 0., 0., 0., 0., 0., 0.,
       0., 0., 0., 0., 0., 0., 0., 0., 0., 0., 0., 0., 0., 0., 0., 0., 0.,
       0., 0., 0., 0., 0., 0., 0., 0., 0., 0., 0., 0., 0., 0., 0., 0., 0.,
       0., 0., 0., 0., 0., 0., 0., 0., 0., 0., 0., 0., 0., 0., 0., 0., 0.,
       0., 0., 0., 0., 0., 0., 0., 0., 0., 0., 0., 0., 0., 0., 0., 0., 0.,
       0., 0., 0., 0., 0., 0., 0., 0., 0., 0., 0., 0., 0., 0., 0., 0., 0.,
       0., 0., 0., 0., 0., 0., 0., 0., 0., 0., 0., 0., 0., 0., 0., 0., 0.,
       0., 0., 0., 0., 0., 0., 0., 0., 0., 0., 0., 0., 0., 0., 0., 0., 0.,
       0., 0., 0., 0., 0., 0., 0., 0., 0., 0., 0., 0., 0., 0., 0., 0., 0.,
       0., 0., 0., 0., 0., 0., 0., 0., 0., 0., 0., 0., 0., 0., 0., 0., 0.,
       0., 0., 0., 0., 0., 0., 0., 0., 0., 0., 0., 0., 0., 0., 0., 0., 0.,
       0., 0., 0., 0., 0., 0., 0., 0., 0., 0., 0., 0., 0., 0., 0., 0., 0.,
       0., 0., 0., 0., 0., 0., 0., 0., 0., 0., 0., 0., 0., 0., 0., 0., 0.,
       0., 0., 0., 0., 0., 0., 0., 0., 0., 0., 0., 0., 0., 0., 0., 0., 0.,
       0., 0., 0., 0., 0., 0., 0., 0., 0., 0., 0., 0., 0., 0., 0., 0., 0.,
       0., 0., 0., 0., 0., 0., 0., 0., 0., 0., 0., 0., 0., 0., 0., 0., 0.,
       0., 0., 0., 0., 0., 0., 0., 0., 0., 0., 0., 0., 0., 0., 0., 0., 0.],
      dtype=np.float32),
    'chanMap': np.array([  0,   1,   2,   3,   4,   5,   6,   7,   8,   9,  10,  11,  12,
        13,  14,  15,  16,  17,  18,  19,  20,  21,  22,  23,  24,  25,
        26,  27,  28,  29,  30,  31,  32,  33,  34,  35,  37,  38,  39,
        40,  41,  42,  43,  44,  45,  46,  47,  48,  49,  50,  51,  52,
        53,  54,  55,  56,  57,  58,  59,  60,  61,  62,  63,  64,  65,
        66,  67,  68,  69,  70,  71,  72,  73,  74,  76,  77,  78,  79,
        80,  81,  82,  83,  84,  85,  86,  87,  88,  89,  90,  91,  92,
        93,  94,  95,  96,  97,  98,  99, 100, 101, 102, 103, 104, 105,
       106, 107, 108, 109, 110, 111, 113, 114, 115, 116, 117, 118, 119,
       120, 121, 122, 123, 124, 125, 126, 127, 128, 129, 130, 131, 132,
       133, 134, 135, 136, 137, 138, 139, 140, 141, 142, 143, 144, 145,
       146, 147, 148, 149, 150, 152, 153, 154, 155, 156, 157, 158, 159,
       160, 161, 162, 163, 164, 165, 166, 167, 168, 169, 170, 171, 172,
       173, 174, 175, 176, 177, 178, 179, 180, 181, 182, 183, 184, 185,
       186, 187, 189, 190, 191, 192, 193, 194, 195, 196, 197, 198, 199,
       200, 201, 202, 203, 204, 205, 206, 207, 208, 209, 210, 211, 212,
       213, 214, 215, 216, 217, 218, 219, 220, 221, 222, 223, 224, 225,
       226, 228, 229, 230, 231, 232, 233, 234, 235, 236, 237, 238, 239,
       240, 241, 242, 243, 244, 245, 246, 247, 248, 249, 250, 251, 252,
       253, 254, 255, 256, 257, 258, 259, 260, 261, 262, 263, 265, 266,
       267, 268, 269, 270, 271, 272, 273, 274, 275, 276, 277, 278, 279,
       280, 281, 282, 283, 284, 285, 286, 287, 288, 289, 290, 291, 292,
       293, 294, 295, 296, 297, 298, 299, 300, 301, 302, 304, 305, 306,
       307, 308, 309, 310, 311, 312, 313, 314, 315, 316, 317, 318, 319,
       320, 321, 322, 323, 324, 325, 326, 327, 328, 329, 330, 331, 332,
       333, 334, 335, 336, 337, 338, 339, 341, 342, 343, 344, 345, 346,
       347, 348, 349, 350, 351, 352, 353, 354, 355, 356, 357, 358, 359,
       360, 361, 362, 363, 364, 365, 366, 367, 368, 369, 370, 371, 372,
       373, 374, 375, 376, 377, 378, 380, 381, 382, 383], dtype=np.int32),
    'n_chan': 384
}

2025-05-15 02:56:47,250 kilosort.run_kilosort INFO      
2025-05-15 02:56:47,250 kilosort.run_kilosort INFO     Computing preprocessing variables.
2025-05-15 02:56:47,251 kilosort.run_kilosort INFO     ----------------------------------------
2025-05-15 02:56:47,272 kilosort.run_kilosort INFO     N samples: 1800000
2025-05-15 02:56:47,273 kilosort.run_kilosort INFO     N seconds: 60.0
2025-05-15 02:56:47,273 kilosort.run_kilosort INFO     N batches: 30
2025-05-15 02:56:48,119 kilosort.run_kilosort INFO     Preprocessing filters computed in  0.87s; total  0.88s
2025-05-15 02:56:48,120 kilosort.run_kilosort DEBUG    hp_filter shape: torch.Size([30122])
2025-05-15 02:56:48,120 kilosort.run_kilosort DEBUG    whiten_mat shape: torch.Size([374, 374])
2025-05-15 02:56:48,120 kilosort.run_kilosort INFO      
2025-05-15 02:56:48,120 kilosort.run_kilosort INFO     Resource usage after preprocessing
2025-05-15 02:56:48,121 kilosort.run_kilosort INFO     ********************************************************
2025-05-15 02:56:48,121 kilosort.run_kilosort INFO     CPU usage:    33.90 %
2025-05-15 02:56:48,122 kilosort.run_kilosort INFO     Memory:        4.54 %     |     34.25   /   754.60 GB
2025-05-15 02:56:48,122 kilosort.run_kilosort INFO     ------------------------------------------------------
2025-05-15 02:56:48,122 kilosort.run_kilosort INFO     GPU usage:    N/A
2025-05-15 02:56:48,123 kilosort.run_kilosort INFO     GPU memory:   N/A
2025-05-15 02:56:48,123 kilosort.run_kilosort INFO     ********************************************************
2025-05-15 02:56:48,140 kilosort.run_kilosort INFO      
2025-05-15 02:56:48,140 kilosort.run_kilosort INFO     Computing drift correction.
2025-05-15 02:56:48,140 kilosort.run_kilosort INFO     ----------------------------------------
2025-05-15 02:56:48,141 kilosort.spikedetect INFO     Re-computing universal templates from data.
2025-05-15 02:57:01,634 kilosort.spikedetect INFO     Number of universal templates: 1532
2025-05-15 02:57:01,751 kilosort.spikedetect INFO     Detecting spikes...
2025-05-15 02:57:01,758 kilosort.spikedetect DEBUG     
2025-05-15 02:57:01,758 kilosort.spikedetect DEBUG    Batch 0
2025-05-15 02:57:01,758 kilosort.spikedetect DEBUG    ********************************************************
2025-05-15 02:57:01,758 kilosort.spikedetect DEBUG    CPU usage:    72.60 %
2025-05-15 02:57:01,759 kilosort.spikedetect DEBUG    Memory:        4.55 %     |     34.32   /   754.60 GB
2025-05-15 02:57:01,759 kilosort.spikedetect DEBUG    ------------------------------------------------------
2025-05-15 02:57:01,759 kilosort.spikedetect DEBUG    GPU usage:    N/A
2025-05-15 02:57:01,759 kilosort.spikedetect DEBUG    GPU memory:   N/A
2025-05-15 02:57:01,759 kilosort.spikedetect DEBUG    ********************************************************
2025-05-15 03:02:06,494 kilosort.spikedetect DEBUG     
2025-05-15 03:02:06,495 kilosort.spikedetect DEBUG    Batch 29
2025-05-15 03:02:06,495 kilosort.spikedetect DEBUG    ********************************************************
2025-05-15 03:02:06,495 kilosort.spikedetect DEBUG    CPU usage:    48.60 %
2025-05-15 03:02:06,495 kilosort.spikedetect DEBUG    Memory:        4.22 %     |     31.88   /   754.60 GB
2025-05-15 03:02:06,495 kilosort.spikedetect DEBUG    ------------------------------------------------------
2025-05-15 03:02:06,495 kilosort.spikedetect DEBUG    GPU usage:    N/A
2025-05-15 03:02:06,495 kilosort.spikedetect DEBUG    GPU memory:   N/A
2025-05-15 03:02:06,495 kilosort.spikedetect DEBUG    ********************************************************
2025-05-15 03:02:06,654 kilosort.run_kilosort INFO     drift computed in  318.51s; total  319.42s
2025-05-15 03:02:06,655 kilosort.run_kilosort DEBUG    st shape: (35969, 6)
2025-05-15 03:02:06,655 kilosort.run_kilosort DEBUG    yblk shape: (1,)
2025-05-15 03:02:06,655 kilosort.run_kilosort DEBUG    dshift shape: (30, 1)
2025-05-15 03:02:06,655 kilosort.run_kilosort DEBUG    iKxx shape: torch.Size([374, 374])
2025-05-15 03:02:06,657 kilosort.run_kilosort INFO      
2025-05-15 03:02:06,658 kilosort.run_kilosort INFO     Resource usage after drift correction
2025-05-15 03:02:06,658 kilosort.run_kilosort INFO     ********************************************************
2025-05-15 03:02:06,659 kilosort.run_kilosort INFO     CPU usage:    29.80 %
2025-05-15 03:02:06,659 kilosort.run_kilosort INFO     Memory:        4.21 %     |     31.78   /   754.60 GB
2025-05-15 03:02:06,659 kilosort.run_kilosort INFO     ------------------------------------------------------
2025-05-15 03:02:06,660 kilosort.run_kilosort INFO     GPU usage:    N/A
2025-05-15 03:02:06,660 kilosort.run_kilosort INFO     GPU memory:   N/A
2025-05-15 03:02:06,660 kilosort.run_kilosort INFO     ********************************************************
2025-05-15 03:02:06,917 kilosort.run_kilosort DEBUG    First batch min, max: (-18.063166, 9.677161)
2025-05-15 03:02:06,917 kilosort.run_kilosort INFO      
2025-05-15 03:02:06,917 kilosort.run_kilosort INFO     Extracting spikes using templates
2025-05-15 03:02:06,918 kilosort.run_kilosort INFO     ----------------------------------------
2025-05-15 03:02:06,918 kilosort.spikedetect INFO     Re-computing universal templates from data.
2025-05-15 03:02:21,002 kilosort.spikedetect INFO     Number of universal templates: 1532
2025-05-15 03:02:21,105 kilosort.spikedetect INFO     Detecting spikes...
2025-05-15 03:02:21,109 kilosort.spikedetect DEBUG     
2025-05-15 03:02:21,109 kilosort.spikedetect DEBUG    Batch 0
2025-05-15 03:02:21,109 kilosort.spikedetect DEBUG    ********************************************************
2025-05-15 03:02:21,109 kilosort.spikedetect DEBUG    CPU usage:    23.60 %
2025-05-15 03:02:21,109 kilosort.spikedetect DEBUG    Memory:        4.24 %     |     31.96   /   754.60 GB
2025-05-15 03:02:21,109 kilosort.spikedetect DEBUG    ------------------------------------------------------
2025-05-15 03:02:21,109 kilosort.spikedetect DEBUG    GPU usage:    N/A
2025-05-15 03:02:21,109 kilosort.spikedetect DEBUG    GPU memory:   N/A
2025-05-15 03:02:21,109 kilosort.spikedetect DEBUG    ********************************************************
2025-05-15 03:07:31,248 kilosort.spikedetect DEBUG     
2025-05-15 03:07:31,249 kilosort.spikedetect DEBUG    Batch 29
2025-05-15 03:07:31,249 kilosort.spikedetect DEBUG    ********************************************************
2025-05-15 03:07:31,249 kilosort.spikedetect DEBUG    CPU usage:    38.50 %
2025-05-15 03:07:31,249 kilosort.spikedetect DEBUG    Memory:        4.27 %     |     32.24   /   754.60 GB
2025-05-15 03:07:31,249 kilosort.spikedetect DEBUG    ------------------------------------------------------
2025-05-15 03:07:31,249 kilosort.spikedetect DEBUG    GPU usage:    N/A
2025-05-15 03:07:31,249 kilosort.spikedetect DEBUG    GPU memory:   N/A
2025-05-15 03:07:31,249 kilosort.spikedetect DEBUG    ********************************************************
2025-05-15 03:07:31,250 kilosort.run_kilosort INFO     34691 spikes extracted in  324.33s; total  644.01s
2025-05-15 03:07:31,250 kilosort.run_kilosort DEBUG    st0 shape: (34691, 6)
2025-05-15 03:07:31,250 kilosort.run_kilosort DEBUG    tF shape: torch.Size([34691, 10, 6])
2025-05-15 03:07:31,250 kilosort.run_kilosort INFO      
2025-05-15 03:07:31,251 kilosort.run_kilosort INFO     First clustering
2025-05-15 03:07:31,251 kilosort.run_kilosort INFO     ----------------------------------------
2025-05-15 03:07:31,261 kilosort.clustering_qr DEBUG     
2025-05-15 03:07:31,261 kilosort.clustering_qr DEBUG    Cluster center: 0 of 96
2025-05-15 03:07:31,261 kilosort.clustering_qr DEBUG    ********************************************************
2025-05-15 03:07:31,262 kilosort.clustering_qr DEBUG    CPU usage:    23.90 %
2025-05-15 03:07:31,262 kilosort.clustering_qr DEBUG    Memory:        4.26 %     |     32.15   /   754.60 GB
2025-05-15 03:07:31,262 kilosort.clustering_qr DEBUG    ------------------------------------------------------
2025-05-15 03:07:31,262 kilosort.clustering_qr DEBUG    GPU usage:    N/A
2025-05-15 03:07:31,262 kilosort.clustering_qr DEBUG    GPU memory:   N/A
2025-05-15 03:07:31,262 kilosort.clustering_qr DEBUG    ********************************************************
2025-05-15 03:07:31,264 kilosort.clustering_qr DEBUG    Center 0 | nsp: 1020 | ntemp: 16
2025-05-15 03:07:31,771 kilosort.clustering_qr DEBUG    Center 1 | nsp: 205 | ntemp: 16
2025-05-15 03:07:31,803 kilosort.clustering_qr DEBUG    Center 2 | nsp: 292 | ntemp: 16
2025-05-15 03:07:31,805 kilosort.clustering_qr DEBUG    Center 3 | nsp: 397 | ntemp: 16
2025-05-15 03:07:31,807 kilosort.clustering_qr DEBUG    Center 4 | nsp: 518 | ntemp: 16
2025-05-15 03:07:31,809 kilosort.clustering_qr DEBUG    Center 5 | nsp: 508 | ntemp: 16
2025-05-15 03:07:31,811 kilosort.clustering_qr DEBUG    Center 6 | nsp: 376 | ntemp: 16
2025-05-15 03:07:31,813 kilosort.clustering_qr DEBUG    Center 7 | nsp: 483 | ntemp: 16
2025-05-15 03:07:31,815 kilosort.clustering_qr DEBUG    Center 8 | nsp: 318 | ntemp: 16
2025-05-15 03:07:31,817 kilosort.clustering_qr DEBUG    Center 9 | nsp: 388 | ntemp: 16
2025-05-15 03:07:31,818 kilosort.clustering_qr DEBUG     
2025-05-15 03:07:31,818 kilosort.clustering_qr DEBUG    Cluster center: 10 of 96
2025-05-15 03:07:31,818 kilosort.clustering_qr DEBUG    ********************************************************
2025-05-15 03:07:31,818 kilosort.clustering_qr DEBUG    CPU usage:    38.90 %
2025-05-15 03:07:31,818 kilosort.clustering_qr DEBUG    Memory:        4.27 %     |     32.20   /   754.60 GB
2025-05-15 03:07:31,818 kilosort.clustering_qr DEBUG    ------------------------------------------------------
2025-05-15 03:07:31,818 kilosort.clustering_qr DEBUG    GPU usage:    N/A
2025-05-15 03:07:31,818 kilosort.clustering_qr DEBUG    GPU memory:   N/A
2025-05-15 03:07:31,818 kilosort.clustering_qr DEBUG    ********************************************************
2025-05-15 03:07:31,820 kilosort.clustering_qr DEBUG    Center 10 | nsp: 621 | ntemp: 16
2025-05-15 03:07:31,822 kilosort.clustering_qr DEBUG    Center 11 | nsp: 401 | ntemp: 16
2025-05-15 03:07:31,824 kilosort.clustering_qr DEBUG    Center 12 | nsp: 615 | ntemp: 16
2025-05-15 03:07:31,826 kilosort.clustering_qr DEBUG    Center 13 | nsp: 571 | ntemp: 16
2025-05-15 03:07:31,827 kilosort.clustering_qr DEBUG    Center 14 | nsp: 389 | ntemp: 16
2025-05-15 03:07:31,830 kilosort.clustering_qr DEBUG    Center 15 | nsp: 639 | ntemp: 16
2025-05-15 03:07:31,831 kilosort.clustering_qr DEBUG    Center 16 | nsp: 360 | ntemp: 16
2025-05-15 03:07:31,833 kilosort.clustering_qr DEBUG    Center 17 | nsp: 526 | ntemp: 16
2025-05-15 03:07:31,835 kilosort.clustering_qr DEBUG    Center 18 | nsp: 347 | ntemp: 16
2025-05-15 03:07:31,837 kilosort.clustering_qr DEBUG    Center 19 | nsp: 574 | ntemp: 16
2025-05-15 03:07:31,837 kilosort.clustering_qr DEBUG     
2025-05-15 03:07:31,837 kilosort.clustering_qr DEBUG    Cluster center: 20 of 96
2025-05-15 03:07:31,837 kilosort.clustering_qr DEBUG    ********************************************************
2025-05-15 03:07:31,837 kilosort.clustering_qr DEBUG    CPU usage:    43.10 %
2025-05-15 03:07:31,837 kilosort.clustering_qr DEBUG    Memory:        4.27 %     |     32.21   /   754.60 GB
2025-05-15 03:07:31,837 kilosort.clustering_qr DEBUG    ------------------------------------------------------
2025-05-15 03:07:31,837 kilosort.clustering_qr DEBUG    GPU usage:    N/A
2025-05-15 03:07:31,837 kilosort.clustering_qr DEBUG    GPU memory:   N/A
2025-05-15 03:07:31,837 kilosort.clustering_qr DEBUG    ********************************************************
2025-05-15 03:07:31,839 kilosort.clustering_qr DEBUG    Center 20 | nsp: 646 | ntemp: 16
2025-05-15 03:07:31,841 kilosort.clustering_qr DEBUG    Center 21 | nsp: 713 | ntemp: 16
2025-05-15 03:07:31,842 kilosort.clustering_qr DEBUG    Center 22 | nsp: 732 | ntemp: 16
2025-05-15 03:07:31,844 kilosort.clustering_qr DEBUG    Center 23 | nsp: 281 | ntemp: 16
2025-05-15 03:07:31,846 kilosort.clustering_qr DEBUG    Center 24 | nsp: 656 | ntemp: 16
2025-05-15 03:07:31,847 kilosort.clustering_qr DEBUG    Center 25 | nsp: 550 | ntemp: 16
2025-05-15 03:07:31,849 kilosort.clustering_qr DEBUG    Center 26 | nsp: 622 | ntemp: 16
2025-05-15 03:07:31,851 kilosort.clustering_qr DEBUG    Center 27 | nsp: 429 | ntemp: 16
2025-05-15 03:07:31,852 kilosort.clustering_qr DEBUG    Center 28 | nsp: 420 | ntemp: 16
2025-05-15 03:07:31,854 kilosort.clustering_qr DEBUG    Center 29 | nsp: 496 | ntemp: 16
2025-05-15 03:07:31,854 kilosort.clustering_qr DEBUG     
2025-05-15 03:07:31,854 kilosort.clustering_qr DEBUG    Cluster center: 30 of 96
2025-05-15 03:07:31,854 kilosort.clustering_qr DEBUG    ********************************************************
2025-05-15 03:07:31,855 kilosort.clustering_qr DEBUG    CPU usage:    37.70 %
2025-05-15 03:07:31,855 kilosort.clustering_qr DEBUG    Memory:        4.27 %     |     32.21   /   754.60 GB
2025-05-15 03:07:31,855 kilosort.clustering_qr DEBUG    ------------------------------------------------------
2025-05-15 03:07:31,855 kilosort.clustering_qr DEBUG    GPU usage:    N/A
2025-05-15 03:07:31,855 kilosort.clustering_qr DEBUG    GPU memory:   N/A
2025-05-15 03:07:31,855 kilosort.clustering_qr DEBUG    ********************************************************
2025-05-15 03:07:31,856 kilosort.clustering_qr DEBUG    Center 30 | nsp: 446 | ntemp: 16
2025-05-15 03:07:31,858 kilosort.clustering_qr DEBUG    Center 31 | nsp: 508 | ntemp: 16
2025-05-15 03:07:31,859 kilosort.clustering_qr DEBUG    Center 32 | nsp: 642 | ntemp: 16
2025-05-15 03:07:31,861 kilosort.clustering_qr DEBUG    Center 33 | nsp: 713 | ntemp: 16
2025-05-15 03:07:31,863 kilosort.clustering_qr DEBUG    Center 34 | nsp: 482 | ntemp: 16
2025-05-15 03:07:31,865 kilosort.clustering_qr DEBUG    Center 35 | nsp: 578 | ntemp: 16
2025-05-15 03:07:31,866 kilosort.clustering_qr DEBUG    Center 36 | nsp: 349 | ntemp: 16
2025-05-15 03:07:31,868 kilosort.clustering_qr DEBUG    Center 37 | nsp: 364 | ntemp: 16
2025-05-15 03:07:31,869 kilosort.clustering_qr DEBUG    Center 38 | nsp: 304 | ntemp: 16
2025-05-15 03:07:31,871 kilosort.clustering_qr DEBUG    Center 39 | nsp: 475 | ntemp: 16
2025-05-15 03:07:31,871 kilosort.clustering_qr DEBUG     
2025-05-15 03:07:31,871 kilosort.clustering_qr DEBUG    Cluster center: 40 of 96
2025-05-15 03:07:31,871 kilosort.clustering_qr DEBUG    ********************************************************
2025-05-15 03:07:31,872 kilosort.clustering_qr DEBUG    CPU usage:    44.40 %
2025-05-15 03:07:31,872 kilosort.clustering_qr DEBUG    Memory:        4.26 %     |     32.18   /   754.60 GB
2025-05-15 03:07:31,872 kilosort.clustering_qr DEBUG    ------------------------------------------------------
2025-05-15 03:07:31,872 kilosort.clustering_qr DEBUG    GPU usage:    N/A
2025-05-15 03:07:31,872 kilosort.clustering_qr DEBUG    GPU memory:   N/A
2025-05-15 03:07:31,872 kilosort.clustering_qr DEBUG    ********************************************************
2025-05-15 03:07:31,873 kilosort.clustering_qr DEBUG    Center 40 | nsp: 279 | ntemp: 16
2025-05-15 03:07:31,875 kilosort.clustering_qr DEBUG    Center 41 | nsp: 279 | ntemp: 16
2025-05-15 03:07:31,876 kilosort.clustering_qr DEBUG    Center 42 | nsp: 278 | ntemp: 16
2025-05-15 03:07:31,878 kilosort.clustering_qr DEBUG    Center 43 | nsp: 388 | ntemp: 16
2025-05-15 03:07:31,880 kilosort.clustering_qr DEBUG    Center 44 | nsp: 478 | ntemp: 16
2025-05-15 03:07:31,881 kilosort.clustering_qr DEBUG    Center 45 | nsp: 223 | ntemp: 16
2025-05-15 03:07:31,883 kilosort.clustering_qr DEBUG    Center 46 | nsp: 262 | ntemp: 16
2025-05-15 03:07:31,884 kilosort.clustering_qr DEBUG    Center 47 | nsp: 215 | ntemp: 16
2025-05-15 03:07:31,886 kilosort.clustering_qr DEBUG    Center 48 | nsp: 203 | ntemp: 16
2025-05-15 03:07:31,887 kilosort.clustering_qr DEBUG    Center 49 | nsp: 124 | ntemp: 16
2025-05-15 03:07:31,888 kilosort.clustering_qr DEBUG     
2025-05-15 03:07:31,888 kilosort.clustering_qr DEBUG    Cluster center: 50 of 96
2025-05-15 03:07:31,888 kilosort.clustering_qr DEBUG    ********************************************************
2025-05-15 03:07:31,888 kilosort.clustering_qr DEBUG    CPU usage:    35.70 %
2025-05-15 03:07:31,888 kilosort.clustering_qr DEBUG    Memory:        4.26 %     |     32.16   /   754.60 GB
2025-05-15 03:07:31,888 kilosort.clustering_qr DEBUG    ------------------------------------------------------
2025-05-15 03:07:31,888 kilosort.clustering_qr DEBUG    GPU usage:    N/A
2025-05-15 03:07:31,888 kilosort.clustering_qr DEBUG    GPU memory:   N/A
2025-05-15 03:07:31,888 kilosort.clustering_qr DEBUG    ********************************************************
2025-05-15 03:07:31,889 kilosort.clustering_qr DEBUG    Center 50 | nsp: 92 | ntemp: 16
2025-05-15 03:07:31,891 kilosort.clustering_qr DEBUG    Center 51 | nsp: 86 | ntemp: 16
2025-05-15 03:07:31,892 kilosort.clustering_qr DEBUG    Center 52 | nsp: 103 | ntemp: 16
2025-05-15 03:07:31,894 kilosort.clustering_qr DEBUG    Center 53 | nsp: 150 | ntemp: 16
2025-05-15 03:07:31,895 kilosort.clustering_qr DEBUG    Center 54 | nsp: 222 | ntemp: 16
2025-05-15 03:07:31,897 kilosort.clustering_qr DEBUG    Center 55 | nsp: 252 | ntemp: 16
2025-05-15 03:07:31,898 kilosort.clustering_qr DEBUG    Center 56 | nsp: 169 | ntemp: 16
2025-05-15 03:07:31,900 kilosort.clustering_qr DEBUG    Center 57 | nsp: 176 | ntemp: 16
2025-05-15 03:07:31,902 kilosort.clustering_qr DEBUG    Center 58 | nsp: 407 | ntemp: 16
2025-05-15 03:07:31,903 kilosort.clustering_qr DEBUG    Center 59 | nsp: 173 | ntemp: 16
2025-05-15 03:07:31,903 kilosort.clustering_qr DEBUG     
2025-05-15 03:07:31,903 kilosort.clustering_qr DEBUG    Cluster center: 60 of 96
2025-05-15 03:07:31,903 kilosort.clustering_qr DEBUG    ********************************************************
2025-05-15 03:07:31,904 kilosort.clustering_qr DEBUG    CPU usage:    37.30 %
2025-05-15 03:07:31,904 kilosort.clustering_qr DEBUG    Memory:        4.26 %     |     32.16   /   754.60 GB
2025-05-15 03:07:31,904 kilosort.clustering_qr DEBUG    ------------------------------------------------------
2025-05-15 03:07:31,904 kilosort.clustering_qr DEBUG    GPU usage:    N/A
2025-05-15 03:07:31,904 kilosort.clustering_qr DEBUG    GPU memory:   N/A
2025-05-15 03:07:31,904 kilosort.clustering_qr DEBUG    ********************************************************
2025-05-15 03:07:31,905 kilosort.clustering_qr DEBUG    Center 60 | nsp: 36 | ntemp: 16
2025-05-15 03:07:31,906 kilosort.clustering_qr DEBUG    Center 61 | nsp: 29 | ntemp: 16
2025-05-15 03:07:31,908 kilosort.clustering_qr DEBUG    Center 62 | nsp: 47 | ntemp: 16
2025-05-15 03:07:31,909 kilosort.clustering_qr DEBUG    Center 63 | nsp: 167 | ntemp: 16
2025-05-15 03:07:31,911 kilosort.clustering_qr DEBUG    Center 64 | nsp: 253 | ntemp: 16
2025-05-15 03:07:31,912 kilosort.clustering_qr DEBUG    Center 65 | nsp: 125 | ntemp: 16
2025-05-15 03:07:31,914 kilosort.clustering_qr DEBUG    Center 66 | nsp: 150 | ntemp: 16
2025-05-15 03:07:31,916 kilosort.clustering_qr DEBUG    Center 67 | nsp: 277 | ntemp: 16
2025-05-15 03:07:31,918 kilosort.clustering_qr DEBUG    Center 68 | nsp: 294 | ntemp: 16
2025-05-15 03:07:31,920 kilosort.clustering_qr DEBUG    Center 69 | nsp: 371 | ntemp: 16
2025-05-15 03:07:31,920 kilosort.clustering_qr DEBUG     
2025-05-15 03:07:31,920 kilosort.clustering_qr DEBUG    Cluster center: 70 of 96
2025-05-15 03:07:31,920 kilosort.clustering_qr DEBUG    ********************************************************
2025-05-15 03:07:31,920 kilosort.clustering_qr DEBUG    CPU usage:    36.70 %
2025-05-15 03:07:31,921 kilosort.clustering_qr DEBUG    Memory:        4.26 %     |     32.16   /   754.60 GB
2025-05-15 03:07:31,921 kilosort.clustering_qr DEBUG    ------------------------------------------------------
2025-05-15 03:07:31,921 kilosort.clustering_qr DEBUG    GPU usage:    N/A
2025-05-15 03:07:31,921 kilosort.clustering_qr DEBUG    GPU memory:   N/A
2025-05-15 03:07:31,921 kilosort.clustering_qr DEBUG    ********************************************************
2025-05-15 03:07:31,922 kilosort.clustering_qr DEBUG    Center 70 | nsp: 351 | ntemp: 16
2025-05-15 03:07:31,924 kilosort.clustering_qr DEBUG    Center 71 | nsp: 269 | ntemp: 16
2025-05-15 03:07:31,925 kilosort.clustering_qr DEBUG    Center 72 | nsp: 333 | ntemp: 16
2025-05-15 03:07:31,927 kilosort.clustering_qr DEBUG    Center 73 | nsp: 566 | ntemp: 16
2025-05-15 03:07:31,929 kilosort.clustering_qr DEBUG    Center 74 | nsp: 1052 | ntemp: 16
2025-05-15 03:07:32,348 kilosort.clustering_qr DEBUG    Center 75 | nsp: 791 | ntemp: 16
2025-05-15 03:07:32,350 kilosort.clustering_qr DEBUG    Center 76 | nsp: 617 | ntemp: 16
2025-05-15 03:07:32,352 kilosort.clustering_qr DEBUG    Center 77 | nsp: 476 | ntemp: 16
2025-05-15 03:07:32,354 kilosort.clustering_qr DEBUG    Center 78 | nsp: 485 | ntemp: 16
2025-05-15 03:07:32,355 kilosort.clustering_qr DEBUG    Center 79 | nsp: 301 | ntemp: 16
2025-05-15 03:07:32,356 kilosort.clustering_qr DEBUG     
2025-05-15 03:07:32,356 kilosort.clustering_qr DEBUG    Cluster center: 80 of 96
2025-05-15 03:07:32,356 kilosort.clustering_qr DEBUG    ********************************************************
2025-05-15 03:07:32,356 kilosort.clustering_qr DEBUG    CPU usage:    36.80 %
2025-05-15 03:07:32,356 kilosort.clustering_qr DEBUG    Memory:        4.26 %     |     32.13   /   754.60 GB
2025-05-15 03:07:32,356 kilosort.clustering_qr DEBUG    ------------------------------------------------------
2025-05-15 03:07:32,356 kilosort.clustering_qr DEBUG    GPU usage:    N/A
2025-05-15 03:07:32,356 kilosort.clustering_qr DEBUG    GPU memory:   N/A
2025-05-15 03:07:32,356 kilosort.clustering_qr DEBUG    ********************************************************
2025-05-15 03:07:32,357 kilosort.clustering_qr DEBUG    Center 80 | nsp: 215 | ntemp: 16
2025-05-15 03:07:32,359 kilosort.clustering_qr DEBUG    Center 81 | nsp: 185 | ntemp: 16
2025-05-15 03:07:32,361 kilosort.clustering_qr DEBUG    Center 82 | nsp: 231 | ntemp: 16
2025-05-15 03:07:32,362 kilosort.clustering_qr DEBUG    Center 83 | nsp: 187 | ntemp: 16
2025-05-15 03:07:32,364 kilosort.clustering_qr DEBUG    Center 84 | nsp: 69 | ntemp: 16
2025-05-15 03:07:32,365 kilosort.clustering_qr DEBUG    Center 85 | nsp: 101 | ntemp: 16
2025-05-15 03:07:32,367 kilosort.clustering_qr DEBUG    Center 86 | nsp: 281 | ntemp: 16
2025-05-15 03:07:32,368 kilosort.clustering_qr DEBUG    Center 87 | nsp: 362 | ntemp: 16
2025-05-15 03:07:32,370 kilosort.clustering_qr DEBUG    Center 88 | nsp: 418 | ntemp: 16
2025-05-15 03:07:32,372 kilosort.clustering_qr DEBUG    Center 89 | nsp: 259 | ntemp: 16
2025-05-15 03:07:32,372 kilosort.clustering_qr DEBUG     
2025-05-15 03:07:32,372 kilosort.clustering_qr DEBUG    Cluster center: 90 of 96
2025-05-15 03:07:32,372 kilosort.clustering_qr DEBUG    ********************************************************
2025-05-15 03:07:32,372 kilosort.clustering_qr DEBUG    CPU usage:    37.30 %
2025-05-15 03:07:32,372 kilosort.clustering_qr DEBUG    Memory:        4.26 %     |     32.13   /   754.60 GB
2025-05-15 03:07:32,372 kilosort.clustering_qr DEBUG    ------------------------------------------------------
2025-05-15 03:07:32,372 kilosort.clustering_qr DEBUG    GPU usage:    N/A
2025-05-15 03:07:32,372 kilosort.clustering_qr DEBUG    GPU memory:   N/A
2025-05-15 03:07:32,372 kilosort.clustering_qr DEBUG    ********************************************************
2025-05-15 03:07:32,374 kilosort.clustering_qr DEBUG    Center 90 | nsp: 221 | ntemp: 16
2025-05-15 03:07:32,375 kilosort.clustering_qr DEBUG    Center 91 | nsp: 201 | ntemp: 16
2025-05-15 03:07:32,377 kilosort.clustering_qr DEBUG    Center 92 | nsp: 208 | ntemp: 16
2025-05-15 03:07:32,378 kilosort.clustering_qr DEBUG    Center 93 | nsp: 105 | ntemp: 16
2025-05-15 03:07:32,380 kilosort.clustering_qr DEBUG    Center 94 | nsp: 93 | ntemp: 16
2025-05-15 03:07:32,381 kilosort.clustering_qr DEBUG    Center 95 | nsp: 52 | ntemp: 12
2025-05-15 03:07:32,450 kilosort.run_kilosort INFO     98 clusters found, in  1.20s; total  645.21s
2025-05-15 03:07:32,451 kilosort.run_kilosort DEBUG    clu shape: (34691,)
2025-05-15 03:07:32,451 kilosort.run_kilosort DEBUG    Wall shape: torch.Size([98, 374, 6])
2025-05-15 03:07:32,451 kilosort.run_kilosort INFO      
2025-05-15 03:07:32,451 kilosort.run_kilosort INFO     Extracting spikes using cluster waveforms
2025-05-15 03:07:32,452 kilosort.run_kilosort INFO     ----------------------------------------
2025-05-15 03:07:32,469 kilosort.template_matching DEBUG     
2025-05-15 03:07:32,469 kilosort.template_matching DEBUG    Batch 0
2025-05-15 03:07:32,469 kilosort.template_matching DEBUG    ********************************************************
2025-05-15 03:07:32,469 kilosort.template_matching DEBUG    CPU usage:    35.90 %
2025-05-15 03:07:32,469 kilosort.template_matching DEBUG    Memory:        4.28 %     |     32.30   /   754.60 GB
2025-05-15 03:07:32,469 kilosort.template_matching DEBUG    ------------------------------------------------------
2025-05-15 03:07:32,469 kilosort.template_matching DEBUG    GPU usage:    N/A
2025-05-15 03:07:32,469 kilosort.template_matching DEBUG    GPU memory:   N/A
2025-05-15 03:07:32,469 kilosort.template_matching DEBUG    ********************************************************
2025-05-15 03:08:05,865 kilosort.template_matching DEBUG     
2025-05-15 03:08:05,865 kilosort.template_matching DEBUG    Batch 29
2025-05-15 03:08:05,865 kilosort.template_matching DEBUG    ********************************************************
2025-05-15 03:08:05,865 kilosort.template_matching DEBUG    CPU usage:    36.20 %
2025-05-15 03:08:05,866 kilosort.template_matching DEBUG    Memory:        4.31 %     |     32.54   /   754.60 GB
2025-05-15 03:08:05,866 kilosort.template_matching DEBUG    ------------------------------------------------------
2025-05-15 03:08:05,866 kilosort.template_matching DEBUG    GPU usage:    N/A
2025-05-15 03:08:05,866 kilosort.template_matching DEBUG    GPU memory:   N/A
2025-05-15 03:08:05,866 kilosort.template_matching DEBUG    ********************************************************
2025-05-15 03:08:05,870 kilosort.run_kilosort INFO     56011 spikes extracted in  33.42s; total  678.63s
2025-05-15 03:08:05,871 kilosort.run_kilosort DEBUG    st shape: (56011, 3)
2025-05-15 03:08:05,871 kilosort.run_kilosort DEBUG    tF shape: torch.Size([56011, 10, 6])
2025-05-15 03:08:05,871 kilosort.run_kilosort DEBUG    iCC shape: torch.Size([10, 374])
2025-05-15 03:08:05,871 kilosort.run_kilosort DEBUG    iU shape: torch.Size([98])
2025-05-15 03:08:05,871 kilosort.run_kilosort INFO      
2025-05-15 03:08:05,871 kilosort.run_kilosort INFO     Resource usage after spike detection
2025-05-15 03:08:05,872 kilosort.run_kilosort INFO     ********************************************************
2025-05-15 03:08:05,873 kilosort.run_kilosort INFO     CPU usage:    36.00 %
2025-05-15 03:08:05,873 kilosort.run_kilosort INFO     Memory:        4.26 %     |     32.14   /   754.60 GB
2025-05-15 03:08:05,873 kilosort.run_kilosort INFO     ------------------------------------------------------
2025-05-15 03:08:05,874 kilosort.run_kilosort INFO     GPU usage:    N/A
2025-05-15 03:08:05,874 kilosort.run_kilosort INFO     GPU memory:   N/A
2025-05-15 03:08:05,875 kilosort.run_kilosort INFO     ********************************************************
2025-05-15 03:08:05,875 kilosort.run_kilosort INFO      
2025-05-15 03:08:05,876 kilosort.run_kilosort INFO     Final clustering
2025-05-15 03:08:05,876 kilosort.run_kilosort INFO     ----------------------------------------
2025-05-15 03:08:05,888 kilosort.clustering_qr DEBUG     
2025-05-15 03:08:05,888 kilosort.clustering_qr DEBUG    Cluster center: 0 of 96
2025-05-15 03:08:05,888 kilosort.clustering_qr DEBUG    ********************************************************
2025-05-15 03:08:05,888 kilosort.clustering_qr DEBUG    CPU usage:    25.50 %
2025-05-15 03:08:05,888 kilosort.clustering_qr DEBUG    Memory:        4.26 %     |     32.14   /   754.60 GB
2025-05-15 03:08:05,888 kilosort.clustering_qr DEBUG    ------------------------------------------------------
2025-05-15 03:08:05,888 kilosort.clustering_qr DEBUG    GPU usage:    N/A
2025-05-15 03:08:05,888 kilosort.clustering_qr DEBUG    GPU memory:   N/A
2025-05-15 03:08:05,888 kilosort.clustering_qr DEBUG    ********************************************************
2025-05-15 03:08:05,889 kilosort.clustering_qr DEBUG    Center 0 | nsp: 3193 | ntemp: 4
2025-05-15 03:08:06,788 kilosort.clustering_qr DEBUG    Center 1 | nsp: 0 | ntemp: 0
2025-05-15 03:08:06,789 kilosort.clustering_qr DEBUG    Center 2 | nsp: 88 | ntemp: 1
2025-05-15 03:08:06,789 kilosort.clustering_qr DEBUG    Center 3 | nsp: 166 | ntemp: 1
2025-05-15 03:08:06,790 kilosort.clustering_qr DEBUG    Center 4 | nsp: 346 | ntemp: 1
2025-05-15 03:08:06,791 kilosort.clustering_qr DEBUG    Center 5 | nsp: 361 | ntemp: 1
2025-05-15 03:08:06,791 kilosort.clustering_qr DEBUG    Center 6 | nsp: 0 | ntemp: 0
2025-05-15 03:08:06,792 kilosort.clustering_qr DEBUG    Center 7 | nsp: 509 | ntemp: 2
2025-05-15 03:08:06,792 kilosort.clustering_qr DEBUG    Center 8 | nsp: 0 | ntemp: 0
2025-05-15 03:08:06,793 kilosort.clustering_qr DEBUG    Center 9 | nsp: 677 | ntemp: 2
2025-05-15 03:08:06,793 kilosort.clustering_qr DEBUG     
2025-05-15 03:08:06,793 kilosort.clustering_qr DEBUG    Cluster center: 10 of 96
2025-05-15 03:08:06,793 kilosort.clustering_qr DEBUG    ********************************************************
2025-05-15 03:08:06,794 kilosort.clustering_qr DEBUG    CPU usage:    38.90 %
2025-05-15 03:08:06,794 kilosort.clustering_qr DEBUG    Memory:        4.26 %     |     32.14   /   754.60 GB
2025-05-15 03:08:06,794 kilosort.clustering_qr DEBUG    ------------------------------------------------------
2025-05-15 03:08:06,794 kilosort.clustering_qr DEBUG    GPU usage:    N/A
2025-05-15 03:08:06,794 kilosort.clustering_qr DEBUG    GPU memory:   N/A
2025-05-15 03:08:06,794 kilosort.clustering_qr DEBUG    ********************************************************
2025-05-15 03:08:06,794 kilosort.clustering_qr DEBUG    Center 10 | nsp: 85 | ntemp: 1
2025-05-15 03:08:06,795 kilosort.clustering_qr DEBUG    Center 11 | nsp: 677 | ntemp: 1
2025-05-15 03:08:06,796 kilosort.clustering_qr DEBUG    Center 12 | nsp: 458 | ntemp: 1
2025-05-15 03:08:06,797 kilosort.clustering_qr DEBUG    Center 13 | nsp: 394 | ntemp: 1
2025-05-15 03:08:06,797 kilosort.clustering_qr DEBUG    Center 14 | nsp: 207 | ntemp: 1
2025-05-15 03:08:06,798 kilosort.clustering_qr DEBUG    Center 15 | nsp: 920 | ntemp: 1
2025-05-15 03:08:06,799 kilosort.clustering_qr DEBUG    Center 16 | nsp: 304 | ntemp: 1
2025-05-15 03:08:06,800 kilosort.clustering_qr DEBUG    Center 17 | nsp: 847 | ntemp: 1
2025-05-15 03:08:06,800 kilosort.clustering_qr DEBUG    Center 18 | nsp: 0 | ntemp: 0
2025-05-15 03:08:06,801 kilosort.clustering_qr DEBUG    Center 19 | nsp: 1217 | ntemp: 2
2025-05-15 03:08:09,734 kilosort.clustering_qr DEBUG     
2025-05-15 03:08:09,734 kilosort.clustering_qr DEBUG    Cluster center: 20 of 96
2025-05-15 03:08:09,734 kilosort.clustering_qr DEBUG    ********************************************************
2025-05-15 03:08:09,734 kilosort.clustering_qr DEBUG    CPU usage:    18.20 %
2025-05-15 03:08:09,734 kilosort.clustering_qr DEBUG    Memory:        4.26 %     |     32.15   /   754.60 GB
2025-05-15 03:08:09,735 kilosort.clustering_qr DEBUG    ------------------------------------------------------
2025-05-15 03:08:09,735 kilosort.clustering_qr DEBUG    GPU usage:    N/A
2025-05-15 03:08:09,735 kilosort.clustering_qr DEBUG    GPU memory:   N/A
2025-05-15 03:08:09,735 kilosort.clustering_qr DEBUG    ********************************************************
2025-05-15 03:08:09,806 kilosort.clustering_qr DEBUG    Center 20 | nsp: 905 | ntemp: 1
2025-05-15 03:08:09,807 kilosort.clustering_qr DEBUG    Center 21 | nsp: 1103 | ntemp: 1
2025-05-15 03:08:10,336 kilosort.clustering_qr DEBUG    Center 22 | nsp: 1169 | ntemp: 1
2025-05-15 03:08:10,818 kilosort.clustering_qr DEBUG    Center 23 | nsp: 0 | ntemp: 0
2025-05-15 03:08:10,889 kilosort.clustering_qr DEBUG    Center 24 | nsp: 1815 | ntemp: 2
2025-05-15 03:08:11,601 kilosort.clustering_qr DEBUG    Center 25 | nsp: 1135 | ntemp: 1
2025-05-15 03:08:12,158 kilosort.clustering_qr DEBUG    Center 26 | nsp: 878 | ntemp: 1
2025-05-15 03:08:12,159 kilosort.clustering_qr DEBUG    Center 27 | nsp: 537 | ntemp: 1
2025-05-15 03:08:12,160 kilosort.clustering_qr DEBUG    Center 28 | nsp: 701 | ntemp: 1
2025-05-15 03:08:12,161 kilosort.clustering_qr DEBUG    Center 29 | nsp: 977 | ntemp: 1
2025-05-15 03:08:12,162 kilosort.clustering_qr DEBUG     
2025-05-15 03:08:12,162 kilosort.clustering_qr DEBUG    Cluster center: 30 of 96
2025-05-15 03:08:12,162 kilosort.clustering_qr DEBUG    ********************************************************
2025-05-15 03:08:12,162 kilosort.clustering_qr DEBUG    CPU usage:    38.50 %
2025-05-15 03:08:12,162 kilosort.clustering_qr DEBUG    Memory:        4.26 %     |     32.16   /   754.60 GB
2025-05-15 03:08:12,162 kilosort.clustering_qr DEBUG    ------------------------------------------------------
2025-05-15 03:08:12,162 kilosort.clustering_qr DEBUG    GPU usage:    N/A
2025-05-15 03:08:12,162 kilosort.clustering_qr DEBUG    GPU memory:   N/A
2025-05-15 03:08:12,162 kilosort.clustering_qr DEBUG    ********************************************************
2025-05-15 03:08:12,163 kilosort.clustering_qr DEBUG    Center 30 | nsp: 668 | ntemp: 1
2025-05-15 03:08:12,164 kilosort.clustering_qr DEBUG    Center 31 | nsp: 1071 | ntemp: 1
2025-05-15 03:08:12,689 kilosort.clustering_qr DEBUG    Center 32 | nsp: 945 | ntemp: 1
2025-05-15 03:08:12,695 kilosort.clustering_qr DEBUG    Center 33 | nsp: 910 | ntemp: 1
2025-05-15 03:08:12,696 kilosort.clustering_qr DEBUG    Center 34 | nsp: 855 | ntemp: 1
2025-05-15 03:08:12,697 kilosort.clustering_qr DEBUG    Center 35 | nsp: 1177 | ntemp: 1
2025-05-15 03:08:13,241 kilosort.clustering_qr DEBUG    Center 36 | nsp: 518 | ntemp: 1
2025-05-15 03:08:13,250 kilosort.clustering_qr DEBUG    Center 37 | nsp: 681 | ntemp: 1
2025-05-15 03:08:13,251 kilosort.clustering_qr DEBUG    Center 38 | nsp: 498 | ntemp: 1
2025-05-15 03:08:13,252 kilosort.clustering_qr DEBUG    Center 39 | nsp: 632 | ntemp: 1
2025-05-15 03:08:13,252 kilosort.clustering_qr DEBUG     
2025-05-15 03:08:13,252 kilosort.clustering_qr DEBUG    Cluster center: 40 of 96
2025-05-15 03:08:13,252 kilosort.clustering_qr DEBUG    ********************************************************
2025-05-15 03:08:13,252 kilosort.clustering_qr DEBUG    CPU usage:    38.70 %
2025-05-15 03:08:13,253 kilosort.clustering_qr DEBUG    Memory:        4.25 %     |     32.10   /   754.60 GB
2025-05-15 03:08:13,253 kilosort.clustering_qr DEBUG    ------------------------------------------------------
2025-05-15 03:08:13,253 kilosort.clustering_qr DEBUG    GPU usage:    N/A
2025-05-15 03:08:13,253 kilosort.clustering_qr DEBUG    GPU memory:   N/A
2025-05-15 03:08:13,253 kilosort.clustering_qr DEBUG    ********************************************************
2025-05-15 03:08:13,253 kilosort.clustering_qr DEBUG    Center 40 | nsp: 455 | ntemp: 1
2025-05-15 03:08:13,254 kilosort.clustering_qr DEBUG    Center 41 | nsp: 0 | ntemp: 0
2025-05-15 03:08:13,254 kilosort.clustering_qr DEBUG    Center 42 | nsp: 732 | ntemp: 1
2025-05-15 03:08:13,255 kilosort.clustering_qr DEBUG    Center 43 | nsp: 736 | ntemp: 2
2025-05-15 03:08:13,256 kilosort.clustering_qr DEBUG    Center 44 | nsp: 770 | ntemp: 2
2025-05-15 03:08:13,256 kilosort.clustering_qr DEBUG    Center 45 | nsp: 0 | ntemp: 0
2025-05-15 03:08:13,257 kilosort.clustering_qr DEBUG    Center 46 | nsp: 92 | ntemp: 1
2025-05-15 03:08:13,258 kilosort.clustering_qr DEBUG    Center 47 | nsp: 800 | ntemp: 1
2025-05-15 03:08:13,258 kilosort.clustering_qr DEBUG    Center 48 | nsp: 56 | ntemp: 1
2025-05-15 03:08:13,259 kilosort.clustering_qr DEBUG    Center 49 | nsp: 857 | ntemp: 1
2025-05-15 03:08:13,259 kilosort.clustering_qr DEBUG     
2025-05-15 03:08:13,260 kilosort.clustering_qr DEBUG    Cluster center: 50 of 96
2025-05-15 03:08:13,260 kilosort.clustering_qr DEBUG    ********************************************************
2025-05-15 03:08:13,260 kilosort.clustering_qr DEBUG    CPU usage:    38.50 %
2025-05-15 03:08:13,260 kilosort.clustering_qr DEBUG    Memory:        4.25 %     |     32.10   /   754.60 GB
2025-05-15 03:08:13,260 kilosort.clustering_qr DEBUG    ------------------------------------------------------
2025-05-15 03:08:13,260 kilosort.clustering_qr DEBUG    GPU usage:    N/A
2025-05-15 03:08:13,260 kilosort.clustering_qr DEBUG    GPU memory:   N/A
2025-05-15 03:08:13,260 kilosort.clustering_qr DEBUG    ********************************************************
2025-05-15 03:08:13,260 kilosort.clustering_qr DEBUG    Center 50 | nsp: 0 | ntemp: 0
2025-05-15 03:08:13,261 kilosort.clustering_qr DEBUG    Center 51 | nsp: 676 | ntemp: 2
2025-05-15 03:08:13,261 kilosort.clustering_qr DEBUG    Center 52 | nsp: 363 | ntemp: 1
2025-05-15 03:08:13,262 kilosort.clustering_qr DEBUG    Center 53 | nsp: 104 | ntemp: 1
2025-05-15 03:08:13,263 kilosort.clustering_qr DEBUG    Center 54 | nsp: 1214 | ntemp: 1
2025-05-15 03:08:13,710 kilosort.clustering_qr DEBUG    Center 55 | nsp: 3305 | ntemp: 1
2025-05-15 03:08:14,618 kilosort.clustering_qr DEBUG    Center 56 | nsp: 803 | ntemp: 1
2025-05-15 03:08:14,618 kilosort.clustering_qr DEBUG    Center 57 | nsp: 0 | ntemp: 0
2025-05-15 03:08:14,619 kilosort.clustering_qr DEBUG    Center 58 | nsp: 4987 | ntemp: 2
2025-05-15 03:08:15,947 kilosort.clustering_qr DEBUG    Center 59 | nsp: 1107 | ntemp: 2
2025-05-15 03:08:16,411 kilosort.clustering_qr DEBUG     
2025-05-15 03:08:16,411 kilosort.clustering_qr DEBUG    Cluster center: 60 of 96
2025-05-15 03:08:16,411 kilosort.clustering_qr DEBUG    ********************************************************
2025-05-15 03:08:16,411 kilosort.clustering_qr DEBUG    CPU usage:    38.90 %
2025-05-15 03:08:16,411 kilosort.clustering_qr DEBUG    Memory:        4.25 %     |     32.10   /   754.60 GB
2025-05-15 03:08:16,411 kilosort.clustering_qr DEBUG    ------------------------------------------------------
2025-05-15 03:08:16,411 kilosort.clustering_qr DEBUG    GPU usage:    N/A
2025-05-15 03:08:16,411 kilosort.clustering_qr DEBUG    GPU memory:   N/A
2025-05-15 03:08:16,411 kilosort.clustering_qr DEBUG    ********************************************************
2025-05-15 03:08:16,411 kilosort.clustering_qr DEBUG    Center 60 | nsp: 0 | ntemp: 0
2025-05-15 03:08:16,412 kilosort.clustering_qr DEBUG    Center 61 | nsp: 21 | ntemp: 1
2025-05-15 03:08:16,413 kilosort.clustering_qr DEBUG    Center 62 | nsp: 41 | ntemp: 1
2025-05-15 03:08:16,413 kilosort.clustering_qr DEBUG    Center 63 | nsp: 144 | ntemp: 1
2025-05-15 03:08:16,414 kilosort.clustering_qr DEBUG    Center 64 | nsp: 331 | ntemp: 1
2025-05-15 03:08:16,415 kilosort.clustering_qr DEBUG    Center 65 | nsp: 253 | ntemp: 1
2025-05-15 03:08:16,416 kilosort.clustering_qr DEBUG    Center 66 | nsp: 303 | ntemp: 1
2025-05-15 03:08:16,417 kilosort.clustering_qr DEBUG    Center 67 | nsp: 436 | ntemp: 1
2025-05-15 03:08:16,418 kilosort.clustering_qr DEBUG    Center 68 | nsp: 465 | ntemp: 1
2025-05-15 03:08:16,418 kilosort.clustering_qr DEBUG    Center 69 | nsp: 539 | ntemp: 1
2025-05-15 03:08:16,419 kilosort.clustering_qr DEBUG     
2025-05-15 03:08:16,419 kilosort.clustering_qr DEBUG    Cluster center: 70 of 96
2025-05-15 03:08:16,419 kilosort.clustering_qr DEBUG    ********************************************************
2025-05-15 03:08:16,419 kilosort.clustering_qr DEBUG    CPU usage:    35.70 %
2025-05-15 03:08:16,419 kilosort.clustering_qr DEBUG    Memory:        4.25 %     |     32.10   /   754.60 GB
2025-05-15 03:08:16,419 kilosort.clustering_qr DEBUG    ------------------------------------------------------
2025-05-15 03:08:16,419 kilosort.clustering_qr DEBUG    GPU usage:    N/A
2025-05-15 03:08:16,419 kilosort.clustering_qr DEBUG    GPU memory:   N/A
2025-05-15 03:08:16,419 kilosort.clustering_qr DEBUG    ********************************************************
2025-05-15 03:08:16,420 kilosort.clustering_qr DEBUG    Center 70 | nsp: 417 | ntemp: 1
2025-05-15 03:08:16,421 kilosort.clustering_qr DEBUG    Center 71 | nsp: 402 | ntemp: 1
2025-05-15 03:08:16,421 kilosort.clustering_qr DEBUG    Center 72 | nsp: 435 | ntemp: 1
2025-05-15 03:08:16,422 kilosort.clustering_qr DEBUG    Center 73 | nsp: 625 | ntemp: 1
2025-05-15 03:08:16,423 kilosort.clustering_qr DEBUG    Center 74 | nsp: 578 | ntemp: 1
2025-05-15 03:08:16,423 kilosort.clustering_qr DEBUG    Center 75 | nsp: 0 | ntemp: 0
2025-05-15 03:08:16,424 kilosort.clustering_qr DEBUG    Center 76 | nsp: 966 | ntemp: 2
2025-05-15 03:08:16,425 kilosort.clustering_qr DEBUG    Center 77 | nsp: 470 | ntemp: 1
2025-05-15 03:08:16,426 kilosort.clustering_qr DEBUG    Center 78 | nsp: 458 | ntemp: 1
2025-05-15 03:08:16,427 kilosort.clustering_qr DEBUG    Center 79 | nsp: 398 | ntemp: 1
2025-05-15 03:08:16,427 kilosort.clustering_qr DEBUG     
2025-05-15 03:08:16,427 kilosort.clustering_qr DEBUG    Cluster center: 80 of 96
2025-05-15 03:08:16,427 kilosort.clustering_qr DEBUG    ********************************************************
2025-05-15 03:08:16,427 kilosort.clustering_qr DEBUG    CPU usage:    41.90 %
2025-05-15 03:08:16,427 kilosort.clustering_qr DEBUG    Memory:        4.25 %     |     32.10   /   754.60 GB
2025-05-15 03:08:16,427 kilosort.clustering_qr DEBUG    ------------------------------------------------------
2025-05-15 03:08:16,427 kilosort.clustering_qr DEBUG    GPU usage:    N/A
2025-05-15 03:08:16,427 kilosort.clustering_qr DEBUG    GPU memory:   N/A
2025-05-15 03:08:16,427 kilosort.clustering_qr DEBUG    ********************************************************
2025-05-15 03:08:16,428 kilosort.clustering_qr DEBUG    Center 80 | nsp: 371 | ntemp: 1
2025-05-15 03:08:16,429 kilosort.clustering_qr DEBUG    Center 81 | nsp: 261 | ntemp: 1
2025-05-15 03:08:16,430 kilosort.clustering_qr DEBUG    Center 82 | nsp: 271 | ntemp: 1
2025-05-15 03:08:16,430 kilosort.clustering_qr DEBUG    Center 83 | nsp: 266 | ntemp: 1
2025-05-15 03:08:16,431 kilosort.clustering_qr DEBUG    Center 84 | nsp: 93 | ntemp: 1
2025-05-15 03:08:16,432 kilosort.clustering_qr DEBUG    Center 85 | nsp: 104 | ntemp: 1
2025-05-15 03:08:16,433 kilosort.clustering_qr DEBUG    Center 86 | nsp: 264 | ntemp: 1
2025-05-15 03:08:16,434 kilosort.clustering_qr DEBUG    Center 87 | nsp: 423 | ntemp: 1
2025-05-15 03:08:16,434 kilosort.clustering_qr DEBUG    Center 88 | nsp: 402 | ntemp: 1
2025-05-15 03:08:16,435 kilosort.clustering_qr DEBUG    Center 89 | nsp: 329 | ntemp: 1
2025-05-15 03:08:16,435 kilosort.clustering_qr DEBUG     
2025-05-15 03:08:16,435 kilosort.clustering_qr DEBUG    Cluster center: 90 of 96
2025-05-15 03:08:16,436 kilosort.clustering_qr DEBUG    ********************************************************
2025-05-15 03:08:16,436 kilosort.clustering_qr DEBUG    CPU usage:    36.70 %
2025-05-15 03:08:16,436 kilosort.clustering_qr DEBUG    Memory:        4.25 %     |     32.10   /   754.60 GB
2025-05-15 03:08:16,436 kilosort.clustering_qr DEBUG    ------------------------------------------------------
2025-05-15 03:08:16,436 kilosort.clustering_qr DEBUG    GPU usage:    N/A
2025-05-15 03:08:16,436 kilosort.clustering_qr DEBUG    GPU memory:   N/A
2025-05-15 03:08:16,436 kilosort.clustering_qr DEBUG    ********************************************************
2025-05-15 03:08:16,436 kilosort.clustering_qr DEBUG    Center 90 | nsp: 301 | ntemp: 1
2025-05-15 03:08:16,437 kilosort.clustering_qr DEBUG    Center 91 | nsp: 256 | ntemp: 1
2025-05-15 03:08:16,438 kilosort.clustering_qr DEBUG    Center 92 | nsp: 335 | ntemp: 1
2025-05-15 03:08:16,439 kilosort.clustering_qr DEBUG    Center 93 | nsp: 132 | ntemp: 1
2025-05-15 03:08:16,440 kilosort.clustering_qr DEBUG    Center 94 | nsp: 162 | ntemp: 1
2025-05-15 03:08:16,440 kilosort.clustering_qr DEBUG    Center 95 | nsp: 78 | ntemp: 1
2025-05-15 03:08:16,443 kilosort.run_kilosort INFO     99 clusters found, in  10.57s; total  689.20s
2025-05-15 03:08:16,443 kilosort.run_kilosort DEBUG    clu shape: (56011,)
2025-05-15 03:08:16,444 kilosort.run_kilosort DEBUG    Wall shape: torch.Size([99, 374, 6])
2025-05-15 03:08:16,444 kilosort.run_kilosort INFO      
2025-05-15 03:08:16,444 kilosort.run_kilosort INFO     Merging clusters
2025-05-15 03:08:16,444 kilosort.run_kilosort INFO     ----------------------------------------
2025-05-15 03:08:16,511 kilosort.run_kilosort INFO     94 units found, in  0.07s; total  689.27s
2025-05-15 03:08:16,511 kilosort.run_kilosort DEBUG    clu shape: (56011,)
2025-05-15 03:08:16,511 kilosort.run_kilosort DEBUG    Wall shape: torch.Size([94, 374, 6])
2025-05-15 03:08:16,605 kilosort.run_kilosort INFO      
2025-05-15 03:08:16,606 kilosort.run_kilosort INFO     Resource usage after clustering
2025-05-15 03:08:16,606 kilosort.run_kilosort INFO     ********************************************************
2025-05-15 03:08:16,607 kilosort.run_kilosort INFO     CPU usage:    21.60 %
2025-05-15 03:08:16,607 kilosort.run_kilosort INFO     Memory:        4.25 %     |     32.10   /   754.60 GB
2025-05-15 03:08:16,607 kilosort.run_kilosort INFO     ------------------------------------------------------
2025-05-15 03:08:16,608 kilosort.run_kilosort INFO     GPU usage:    N/A
2025-05-15 03:08:16,608 kilosort.run_kilosort INFO     GPU memory:   N/A
2025-05-15 03:08:16,609 kilosort.run_kilosort INFO     ********************************************************
2025-05-15 03:08:16,609 kilosort.run_kilosort INFO      
2025-05-15 03:08:16,609 kilosort.run_kilosort INFO     Saving to phy and computing refractory periods
2025-05-15 03:08:16,610 kilosort.run_kilosort INFO     ----------------------------------------
2025-05-15 03:08:17,013 kilosort.run_kilosort INFO     32 units found with good refractory periods
2025-05-15 03:08:17,014 kilosort.run_kilosort INFO     Total runtime: 689.78s = 00:11:30 h:m:s
2025-05-15 03:08:17,030 kilosort.run_kilosort INFO     Sorting output saved in: /home/lss72/palmer_scratch/spike_sort/c42/kilosort4.
2025-05-15 03:08:17,030 kilosort.run_kilosort INFO      
2025-05-15 03:08:17,030 kilosort.run_kilosort INFO     Resource usage after saving
2025-05-15 03:08:17,031 kilosort.run_kilosort INFO     ********************************************************
2025-05-15 03:08:17,031 kilosort.run_kilosort INFO     CPU usage:    19.60 %
2025-05-15 03:08:17,032 kilosort.run_kilosort INFO     Memory:        4.25 %     |     32.10   /   754.60 GB
2025-05-15 03:08:17,032 kilosort.run_kilosort INFO     ------------------------------------------------------
2025-05-15 03:08:17,033 kilosort.run_kilosort INFO     GPU usage:    N/A
2025-05-15 03:08:17,033 kilosort.run_kilosort INFO     GPU memory:   N/A
2025-05-15 03:08:17,033 kilosort.run_kilosort INFO     ********************************************************
