2025-05-13 08:50:44,254 kilosort.run_kilosort INFO     Kilosort version 4.0.25
2025-05-13 08:50:44,259 kilosort.run_kilosort INFO     Python version 3.9.21
2025-05-13 08:50:44,259 kilosort.run_kilosort INFO     ----------------------------------------
2025-05-13 08:50:44,259 kilosort.run_kilosort INFO     System information:
2025-05-13 08:50:44,260 kilosort.run_kilosort INFO     Linux-4.18.0-477.74.1.el8_8.x86_64-x86_64-with-glibc2.28 x86_64
2025-05-13 08:50:44,260 kilosort.run_kilosort INFO     x86_64
2025-05-13 08:50:44,260 kilosort.run_kilosort INFO     Using CPU for PyTorch computations. Specify `device` to change this.
2025-05-13 08:50:44,260 kilosort.run_kilosort INFO     ----------------------------------------
2025-05-13 08:50:44,261 kilosort.run_kilosort INFO     Sorting /home/lss72/palmer_scratch/spike_sort/2014_03_26_Pair_2_0
2025-05-13 08:50:44,262 kilosort.run_kilosort DEBUG    Initial ops:

ops = {
    'n_chan_bin': 32,
    'fs': 30000,
    'batch_size': 60000,
    'nblocks': 1,
    'Th_universal': 9,
    'Th_learned': 8,
    'tmin': 0,
    'tmax': 10,
    'nt': 61,
    'shift': None,
    'scale': None,
    'artifact_threshold': inf,
    'nskip': 25,
    'whitening_range': 32,
    'highpass_cutoff': 300,
    'binning_depth': 5,
    'sig_interp': 20,
    'drift_smoothing': [0.5, 0.5, 0.5],
    'nt0min': 20,
    'dmin': None,
    'dminx': 32,
    'min_template_size': 10,
    'template_sizes': 5,
    'nearest_chans': 10,
    'nearest_templates': 100,
    'max_channel_distance': 32,
    'max_peels': 100,
    'templates_from_data': True,
    'n_templates': 6,
    'n_pcs': 6,
    'Th_single_ch': 6,
    'acg_threshold': 0.2,
    'ccg_threshold': 0.25,
    'cluster_downsampling': 20,
    'x_centers': None,
    'duplicate_spike_ms': 0.25,
    'position_limit': 100,
    'data_dir': PosixPath('/home/lss72/palmer_scratch/spike_sort'),
    'filename': PosixPath('/home/lss72/palmer_scratch/spike_sort/2014_03_26_Pair_2_0'),
    'data_dtype': dtype('float32'),
    'do_CAR': True,
    'invert_sign': False,
    'NTbuff': 60122,
    'Nchan': 32,
    'duplicate_spike_bins': 7,
    'torch_device': 'cpu',
    'save_preprocessed_copy': False
}

2025-05-13 08:50:44,263 kilosort.run_kilosort DEBUG    Probe dictionary:

probe = {
    'chanMap': np.array([ 0,  1,  2,  3,  4,  5,  6,  7,  8,  9, 10, 11, 12, 13, 14, 15, 16,
       17, 18, 19, 20, 21, 22, 23, 24, 25, 26, 27, 28, 29, 30, 31]),
    'xc': np.array([25.5, 25.5, 43.5, 43.5, 43.5, 43.5, 43.5, 43.5, 25.5, 25.5, 43.5,
       43.5, 43.5, 43.5, 25.5, 25.5, 25.5, 25.5,  7.5,  7.5,  7.5,  7.5,
       25.5, 25.5,  7.5,  7.5,  7.5,  7.5,  7.5,  7.5, 25.5, 25.5],
      dtype=np.float32),
    'yc': np.array([282.5, 232.5,  20. ,  45. ,  95. , 145. , 195. , 245. ,  82.5,
        32.5, 220. , 170. , 120. ,  70. , 132.5, 182.5, 157.5, 107.5,
        70. , 120. , 170. , 220. ,   7.5,  57.5, 245. , 195. , 145. ,
        95. ,  45. ,  20. , 207.5, 257.5], dtype=np.float32),
    'kcoords': np.array([0., 0., 0., 0., 0., 0., 0., 0., 0., 0., 0., 0., 0., 0., 0., 0., 0.,
       0., 0., 0., 0., 0., 0., 0., 0., 0., 0., 0., 0., 0., 0., 0.]),
    'n_chan': 32
}

2025-05-13 08:50:44,264 kilosort.run_kilosort INFO      
2025-05-13 08:50:44,264 kilosort.run_kilosort INFO     Computing preprocessing variables.
2025-05-13 08:50:44,265 kilosort.run_kilosort INFO     ----------------------------------------
2025-05-13 08:50:44,267 kilosort.run_kilosort INFO     N samples: 300000
2025-05-13 08:50:44,267 kilosort.run_kilosort INFO     N seconds: 10.0
2025-05-13 08:50:44,267 kilosort.run_kilosort INFO     N batches: 5
2025-05-13 08:50:44,304 kilosort.run_kilosort INFO     Preprocessing filters computed in  0.04s; total  0.04s
2025-05-13 08:50:44,306 kilosort.run_kilosort DEBUG    hp_filter shape: torch.Size([30122])
2025-05-13 08:50:44,306 kilosort.run_kilosort DEBUG    whiten_mat shape: torch.Size([32, 32])
2025-05-13 08:50:44,306 kilosort.run_kilosort INFO      
2025-05-13 08:50:44,309 kilosort.run_kilosort INFO     Resource usage after preprocessing
2025-05-13 08:50:44,309 kilosort.run_kilosort INFO     ********************************************************
2025-05-13 08:50:44,310 kilosort.run_kilosort INFO     CPU usage:     3.00 %
2025-05-13 08:50:44,311 kilosort.run_kilosort INFO     Memory:        5.45 %     |     41.09   /   754.60 GB
2025-05-13 08:50:44,311 kilosort.run_kilosort INFO     ------------------------------------------------------
2025-05-13 08:50:44,311 kilosort.run_kilosort INFO     GPU usage:    N/A
2025-05-13 08:50:44,312 kilosort.run_kilosort INFO     GPU memory:   N/A
2025-05-13 08:50:44,312 kilosort.run_kilosort INFO     ********************************************************
2025-05-13 08:50:44,313 kilosort.run_kilosort INFO      
2025-05-13 08:50:44,314 kilosort.run_kilosort INFO     Computing drift correction.
2025-05-13 08:50:44,314 kilosort.run_kilosort INFO     ----------------------------------------
2025-05-13 08:50:44,314 kilosort.spikedetect INFO     Re-computing universal templates from data.
2025-05-13 08:50:44,914 kilosort.spikedetect INFO     Number of universal templates: 135
2025-05-13 08:50:44,926 kilosort.spikedetect INFO     Detecting spikes...
2025-05-13 08:50:44,927 kilosort.spikedetect DEBUG     
2025-05-13 08:50:44,928 kilosort.spikedetect DEBUG    Batch 0
2025-05-13 08:50:44,928 kilosort.spikedetect DEBUG    ********************************************************
2025-05-13 08:50:44,928 kilosort.spikedetect DEBUG    CPU usage:    14.50 %
2025-05-13 08:50:44,928 kilosort.spikedetect DEBUG    Memory:        5.45 %     |     41.09   /   754.60 GB
2025-05-13 08:50:44,928 kilosort.spikedetect DEBUG    ------------------------------------------------------
2025-05-13 08:50:44,928 kilosort.spikedetect DEBUG    GPU usage:    N/A
2025-05-13 08:50:44,928 kilosort.spikedetect DEBUG    GPU memory:   N/A
2025-05-13 08:50:44,928 kilosort.spikedetect DEBUG    ********************************************************
2025-05-13 08:50:48,605 kilosort.spikedetect DEBUG     
2025-05-13 08:50:48,606 kilosort.spikedetect DEBUG    Batch 4
2025-05-13 08:50:48,606 kilosort.spikedetect DEBUG    ********************************************************
2025-05-13 08:50:48,606 kilosort.spikedetect DEBUG    CPU usage:    30.90 %
2025-05-13 08:50:48,606 kilosort.spikedetect DEBUG    Memory:        5.45 %     |     41.14   /   754.60 GB
2025-05-13 08:50:48,606 kilosort.spikedetect DEBUG    ------------------------------------------------------
2025-05-13 08:50:48,606 kilosort.spikedetect DEBUG    GPU usage:    N/A
2025-05-13 08:50:48,606 kilosort.spikedetect DEBUG    GPU memory:   N/A
2025-05-13 08:50:48,606 kilosort.spikedetect DEBUG    ********************************************************
2025-05-13 08:50:48,638 kilosort.run_kilosort INFO     drift computed in  4.32s; total  4.38s
2025-05-13 08:50:48,638 kilosort.run_kilosort DEBUG    st shape: (1320, 6)
2025-05-13 08:50:48,638 kilosort.run_kilosort DEBUG    yblk shape: (1,)
2025-05-13 08:50:48,638 kilosort.run_kilosort DEBUG    dshift shape: (5, 1)
2025-05-13 08:50:48,638 kilosort.run_kilosort DEBUG    iKxx shape: torch.Size([32, 32])
2025-05-13 08:50:48,638 kilosort.run_kilosort INFO      
2025-05-13 08:50:48,639 kilosort.run_kilosort INFO     Resource usage after drift correction
2025-05-13 08:50:48,639 kilosort.run_kilosort INFO     ********************************************************
2025-05-13 08:50:48,640 kilosort.run_kilosort INFO     CPU usage:    29.50 %
2025-05-13 08:50:48,640 kilosort.run_kilosort INFO     Memory:        5.44 %     |     41.06   /   754.60 GB
2025-05-13 08:50:48,641 kilosort.run_kilosort INFO     ------------------------------------------------------
2025-05-13 08:50:48,641 kilosort.run_kilosort INFO     GPU usage:    N/A
2025-05-13 08:50:48,641 kilosort.run_kilosort INFO     GPU memory:   N/A
2025-05-13 08:50:48,642 kilosort.run_kilosort INFO     ********************************************************
2025-05-13 08:50:48,669 kilosort.run_kilosort DEBUG    First batch min, max: (-19.73768, 10.214557)
2025-05-13 08:50:48,669 kilosort.run_kilosort INFO      
2025-05-13 08:50:48,670 kilosort.run_kilosort INFO     Extracting spikes using templates
2025-05-13 08:50:48,671 kilosort.run_kilosort INFO     ----------------------------------------
2025-05-13 08:50:48,671 kilosort.spikedetect INFO     Re-computing universal templates from data.
2025-05-13 08:50:49,267 kilosort.spikedetect INFO     Number of universal templates: 135
2025-05-13 08:50:49,276 kilosort.spikedetect INFO     Detecting spikes...
2025-05-13 08:50:49,277 kilosort.spikedetect DEBUG     
2025-05-13 08:50:49,278 kilosort.spikedetect DEBUG    Batch 0
2025-05-13 08:50:49,278 kilosort.spikedetect DEBUG    ********************************************************
2025-05-13 08:50:49,278 kilosort.spikedetect DEBUG    CPU usage:    15.40 %
2025-05-13 08:50:49,278 kilosort.spikedetect DEBUG    Memory:        5.44 %     |     41.06   /   754.60 GB
2025-05-13 08:50:49,278 kilosort.spikedetect DEBUG    ------------------------------------------------------
2025-05-13 08:50:49,278 kilosort.spikedetect DEBUG    GPU usage:    N/A
2025-05-13 08:50:49,278 kilosort.spikedetect DEBUG    GPU memory:   N/A
2025-05-13 08:50:49,278 kilosort.spikedetect DEBUG    ********************************************************
2025-05-13 08:50:53,077 kilosort.spikedetect DEBUG     
2025-05-13 08:50:53,078 kilosort.spikedetect DEBUG    Batch 4
2025-05-13 08:50:53,078 kilosort.spikedetect DEBUG    ********************************************************
2025-05-13 08:50:53,078 kilosort.spikedetect DEBUG    CPU usage:    30.70 %
2025-05-13 08:50:53,078 kilosort.spikedetect DEBUG    Memory:        5.45 %     |     41.13   /   754.60 GB
2025-05-13 08:50:53,078 kilosort.spikedetect DEBUG    ------------------------------------------------------
2025-05-13 08:50:53,078 kilosort.spikedetect DEBUG    GPU usage:    N/A
2025-05-13 08:50:53,078 kilosort.spikedetect DEBUG    GPU memory:   N/A
2025-05-13 08:50:53,078 kilosort.spikedetect DEBUG    ********************************************************
2025-05-13 08:50:53,079 kilosort.run_kilosort INFO     1295 spikes extracted in  4.41s; total  8.82s
2025-05-13 08:50:53,080 kilosort.run_kilosort DEBUG    st0 shape: (1295, 6)
2025-05-13 08:50:53,080 kilosort.run_kilosort DEBUG    tF shape: torch.Size([1295, 10, 6])
2025-05-13 08:50:53,080 kilosort.run_kilosort INFO      
2025-05-13 08:50:53,081 kilosort.run_kilosort INFO     First clustering
2025-05-13 08:50:53,081 kilosort.run_kilosort INFO     ----------------------------------------
2025-05-13 08:50:53,087 kilosort.clustering_qr DEBUG     
2025-05-13 08:50:53,087 kilosort.clustering_qr DEBUG    Cluster center: 0 of 12
2025-05-13 08:50:53,087 kilosort.clustering_qr DEBUG    ********************************************************
2025-05-13 08:50:53,087 kilosort.clustering_qr DEBUG    CPU usage:    22.20 %
2025-05-13 08:50:53,088 kilosort.clustering_qr DEBUG    Memory:        5.44 %     |     41.06   /   754.60 GB
2025-05-13 08:50:53,088 kilosort.clustering_qr DEBUG    ------------------------------------------------------
2025-05-13 08:50:53,088 kilosort.clustering_qr DEBUG    GPU usage:    N/A
2025-05-13 08:50:53,088 kilosort.clustering_qr DEBUG    GPU memory:   N/A
2025-05-13 08:50:53,088 kilosort.clustering_qr DEBUG    ********************************************************
2025-05-13 08:50:53,089 kilosort.clustering_qr DEBUG    Center 0 | nsp: 218 | ntemp: 12
2025-05-13 08:50:53,090 kilosort.clustering_qr DEBUG    Center 1 | nsp: 141 | ntemp: 12
2025-05-13 08:50:53,091 kilosort.clustering_qr DEBUG    Center 2 | nsp: 85 | ntemp: 12
2025-05-13 08:50:53,092 kilosort.clustering_qr DEBUG    Center 3 | nsp: 48 | ntemp: 12
2025-05-13 08:50:53,094 kilosort.clustering_qr DEBUG    Center 4 | nsp: 64 | ntemp: 12
2025-05-13 08:50:53,095 kilosort.clustering_qr DEBUG    Center 5 | nsp: 68 | ntemp: 12
2025-05-13 08:50:53,096 kilosort.clustering_qr DEBUG    Center 6 | nsp: 163 | ntemp: 12
2025-05-13 08:50:53,097 kilosort.clustering_qr DEBUG    Center 7 | nsp: 56 | ntemp: 12
2025-05-13 08:50:53,098 kilosort.clustering_qr DEBUG    Center 8 | nsp: 143 | ntemp: 12
2025-05-13 08:50:53,099 kilosort.clustering_qr DEBUG    Center 9 | nsp: 152 | ntemp: 12
2025-05-13 08:50:53,100 kilosort.clustering_qr DEBUG     
2025-05-13 08:50:53,100 kilosort.clustering_qr DEBUG    Cluster center: 10 of 12
2025-05-13 08:50:53,100 kilosort.clustering_qr DEBUG    ********************************************************
2025-05-13 08:50:53,100 kilosort.clustering_qr DEBUG    CPU usage:    35.60 %
2025-05-13 08:50:53,100 kilosort.clustering_qr DEBUG    Memory:        5.44 %     |     41.06   /   754.60 GB
2025-05-13 08:50:53,100 kilosort.clustering_qr DEBUG    ------------------------------------------------------
2025-05-13 08:50:53,100 kilosort.clustering_qr DEBUG    GPU usage:    N/A
2025-05-13 08:50:53,100 kilosort.clustering_qr DEBUG    GPU memory:   N/A
2025-05-13 08:50:53,100 kilosort.clustering_qr DEBUG    ********************************************************
2025-05-13 08:50:53,101 kilosort.clustering_qr DEBUG    Center 10 | nsp: 101 | ntemp: 12
2025-05-13 08:50:53,102 kilosort.clustering_qr DEBUG    Center 11 | nsp: 56 | ntemp: 3
2025-05-13 08:50:53,111 kilosort.run_kilosort INFO     12 clusters found, in  0.03s; total  8.85s
2025-05-13 08:50:53,112 kilosort.run_kilosort DEBUG    clu shape: (1295,)
2025-05-13 08:50:53,112 kilosort.run_kilosort DEBUG    Wall shape: torch.Size([12, 32, 6])
2025-05-13 08:50:53,112 kilosort.run_kilosort INFO      
2025-05-13 08:50:53,113 kilosort.run_kilosort INFO     Extracting spikes using cluster waveforms
2025-05-13 08:50:53,114 kilosort.run_kilosort INFO     ----------------------------------------
2025-05-13 08:50:53,127 kilosort.template_matching DEBUG     
2025-05-13 08:50:53,128 kilosort.template_matching DEBUG    Batch 0
2025-05-13 08:50:53,128 kilosort.template_matching DEBUG    ********************************************************
2025-05-13 08:50:53,128 kilosort.template_matching DEBUG    CPU usage:    34.30 %
2025-05-13 08:50:53,128 kilosort.template_matching DEBUG    Memory:        5.47 %     |     41.28   /   754.60 GB
2025-05-13 08:50:53,128 kilosort.template_matching DEBUG    ------------------------------------------------------
2025-05-13 08:50:53,128 kilosort.template_matching DEBUG    GPU usage:    N/A
2025-05-13 08:50:53,128 kilosort.template_matching DEBUG    GPU memory:   N/A
2025-05-13 08:50:53,128 kilosort.template_matching DEBUG    ********************************************************
2025-05-13 08:50:53,484 kilosort.template_matching DEBUG     
2025-05-13 08:50:53,484 kilosort.template_matching DEBUG    Batch 4
2025-05-13 08:50:53,484 kilosort.template_matching DEBUG    ********************************************************
2025-05-13 08:50:53,484 kilosort.template_matching DEBUG    CPU usage:    31.60 %
2025-05-13 08:50:53,484 kilosort.template_matching DEBUG    Memory:        5.47 %     |     41.28   /   754.60 GB
2025-05-13 08:50:53,484 kilosort.template_matching DEBUG    ------------------------------------------------------
2025-05-13 08:50:53,485 kilosort.template_matching DEBUG    GPU usage:    N/A
2025-05-13 08:50:53,485 kilosort.template_matching DEBUG    GPU memory:   N/A
2025-05-13 08:50:53,485 kilosort.template_matching DEBUG    ********************************************************
2025-05-13 08:50:53,486 kilosort.run_kilosort INFO     1628 spikes extracted in  0.37s; total  9.22s
2025-05-13 08:50:53,487 kilosort.run_kilosort DEBUG    st shape: (1628, 3)
2025-05-13 08:50:53,487 kilosort.run_kilosort DEBUG    tF shape: torch.Size([1628, 10, 6])
2025-05-13 08:50:53,487 kilosort.run_kilosort DEBUG    iCC shape: torch.Size([10, 32])
2025-05-13 08:50:53,487 kilosort.run_kilosort DEBUG    iU shape: torch.Size([12])
2025-05-13 08:50:53,487 kilosort.run_kilosort INFO      
2025-05-13 08:50:53,488 kilosort.run_kilosort INFO     Resource usage after spike detection
2025-05-13 08:50:53,489 kilosort.run_kilosort INFO     ********************************************************
2025-05-13 08:50:53,489 kilosort.run_kilosort INFO     CPU usage:    31.60 %
2025-05-13 08:50:53,490 kilosort.run_kilosort INFO     Memory:        5.44 %     |     41.06   /   754.60 GB
2025-05-13 08:50:53,490 kilosort.run_kilosort INFO     ------------------------------------------------------
2025-05-13 08:50:53,491 kilosort.run_kilosort INFO     GPU usage:    N/A
2025-05-13 08:50:53,491 kilosort.run_kilosort INFO     GPU memory:   N/A
2025-05-13 08:50:53,491 kilosort.run_kilosort INFO     ********************************************************
2025-05-13 08:50:53,492 kilosort.run_kilosort INFO      
2025-05-13 08:50:53,492 kilosort.run_kilosort INFO     Final clustering
2025-05-13 08:50:53,493 kilosort.run_kilosort INFO     ----------------------------------------
2025-05-13 08:50:53,502 kilosort.clustering_qr DEBUG     
2025-05-13 08:50:53,502 kilosort.clustering_qr DEBUG    Cluster center: 0 of 12
2025-05-13 08:50:53,502 kilosort.clustering_qr DEBUG    ********************************************************
2025-05-13 08:50:53,503 kilosort.clustering_qr DEBUG    CPU usage:    14.90 %
2025-05-13 08:50:53,503 kilosort.clustering_qr DEBUG    Memory:        5.44 %     |     41.06   /   754.60 GB
2025-05-13 08:50:53,503 kilosort.clustering_qr DEBUG    ------------------------------------------------------
2025-05-13 08:50:53,503 kilosort.clustering_qr DEBUG    GPU usage:    N/A
2025-05-13 08:50:53,503 kilosort.clustering_qr DEBUG    GPU memory:   N/A
2025-05-13 08:50:53,503 kilosort.clustering_qr DEBUG    ********************************************************
2025-05-13 08:50:53,503 kilosort.clustering_qr DEBUG    Center 0 | nsp: 264 | ntemp: 1
2025-05-13 08:50:53,504 kilosort.clustering_qr DEBUG    Center 1 | nsp: 99 | ntemp: 1
2025-05-13 08:50:53,505 kilosort.clustering_qr DEBUG    Center 2 | nsp: 52 | ntemp: 1
2025-05-13 08:50:53,505 kilosort.clustering_qr DEBUG    Center 3 | nsp: 112 | ntemp: 1
2025-05-13 08:50:53,506 kilosort.clustering_qr DEBUG    Center 4 | nsp: 65 | ntemp: 1
2025-05-13 08:50:53,506 kilosort.clustering_qr DEBUG    Center 5 | nsp: 88 | ntemp: 1
2025-05-13 08:50:53,507 kilosort.clustering_qr DEBUG    Center 6 | nsp: 159 | ntemp: 1
2025-05-13 08:50:53,508 kilosort.clustering_qr DEBUG    Center 7 | nsp: 86 | ntemp: 1
2025-05-13 08:50:53,508 kilosort.clustering_qr DEBUG    Center 8 | nsp: 146 | ntemp: 1
2025-05-13 08:50:53,509 kilosort.clustering_qr DEBUG    Center 9 | nsp: 139 | ntemp: 1
2025-05-13 08:50:53,509 kilosort.clustering_qr DEBUG     
2025-05-13 08:50:53,509 kilosort.clustering_qr DEBUG    Cluster center: 10 of 12
2025-05-13 08:50:53,509 kilosort.clustering_qr DEBUG    ********************************************************
2025-05-13 08:50:53,509 kilosort.clustering_qr DEBUG    CPU usage:    32.00 %
2025-05-13 08:50:53,509 kilosort.clustering_qr DEBUG    Memory:        5.44 %     |     41.06   /   754.60 GB
2025-05-13 08:50:53,509 kilosort.clustering_qr DEBUG    ------------------------------------------------------
2025-05-13 08:50:53,509 kilosort.clustering_qr DEBUG    GPU usage:    N/A
2025-05-13 08:50:53,510 kilosort.clustering_qr DEBUG    GPU memory:   N/A
2025-05-13 08:50:53,510 kilosort.clustering_qr DEBUG    ********************************************************
2025-05-13 08:50:53,510 kilosort.clustering_qr DEBUG    Center 10 | nsp: 0 | ntemp: 0
2025-05-13 08:50:53,510 kilosort.clustering_qr DEBUG    Center 11 | nsp: 418 | ntemp: 2
2025-05-13 08:50:53,511 kilosort.run_kilosort INFO     11 clusters found, in  0.02s; total  9.25s
2025-05-13 08:50:53,512 kilosort.run_kilosort DEBUG    clu shape: (1628,)
2025-05-13 08:50:53,512 kilosort.run_kilosort DEBUG    Wall shape: torch.Size([11, 32, 6])
2025-05-13 08:50:53,512 kilosort.run_kilosort INFO      
2025-05-13 08:50:53,513 kilosort.run_kilosort INFO     Merging clusters
2025-05-13 08:50:53,513 kilosort.run_kilosort INFO     ----------------------------------------
2025-05-13 08:50:53,519 kilosort.run_kilosort INFO     11 units found, in  0.01s; total  9.26s
2025-05-13 08:50:53,520 kilosort.run_kilosort DEBUG    clu shape: (1628,)
2025-05-13 08:50:53,520 kilosort.run_kilosort DEBUG    Wall shape: torch.Size([11, 32, 6])
2025-05-13 08:50:53,520 kilosort.run_kilosort INFO      
2025-05-13 08:50:53,521 kilosort.run_kilosort INFO     Resource usage after clustering
2025-05-13 08:50:53,521 kilosort.run_kilosort INFO     ********************************************************
2025-05-13 08:50:53,522 kilosort.run_kilosort INFO     CPU usage:    29.50 %
2025-05-13 08:50:53,522 kilosort.run_kilosort INFO     Memory:        5.44 %     |     41.06   /   754.60 GB
2025-05-13 08:50:53,523 kilosort.run_kilosort INFO     ------------------------------------------------------
2025-05-13 08:50:53,523 kilosort.run_kilosort INFO     GPU usage:    N/A
2025-05-13 08:50:53,523 kilosort.run_kilosort INFO     GPU memory:   N/A
2025-05-13 08:50:53,524 kilosort.run_kilosort INFO     ********************************************************
2025-05-13 08:50:53,524 kilosort.run_kilosort INFO      
2025-05-13 08:50:53,524 kilosort.run_kilosort INFO     Saving to phy and computing refractory periods
2025-05-13 08:50:53,525 kilosort.run_kilosort INFO     ----------------------------------------
2025-05-13 08:50:53,683 kilosort.run_kilosort INFO     2 units found with good refractory periods
2025-05-13 08:50:53,684 kilosort.run_kilosort INFO     Total runtime: 9.42s = 00:00:9 h:m:s
2025-05-13 08:50:53,691 kilosort.run_kilosort INFO     Sorting output saved in: /home/lss72/palmer_scratch/spike_sort/kilosort4.
2025-05-13 08:50:53,692 kilosort.run_kilosort INFO      
2025-05-13 08:50:53,692 kilosort.run_kilosort INFO     Resource usage after saving
2025-05-13 08:50:53,692 kilosort.run_kilosort INFO     ********************************************************
2025-05-13 08:50:53,693 kilosort.run_kilosort INFO     CPU usage:     6.70 %
2025-05-13 08:50:53,693 kilosort.run_kilosort INFO     Memory:        5.44 %     |     41.06   /   754.60 GB
2025-05-13 08:50:53,694 kilosort.run_kilosort INFO     ------------------------------------------------------
2025-05-13 08:50:53,694 kilosort.run_kilosort INFO     GPU usage:    N/A
2025-05-13 08:50:53,694 kilosort.run_kilosort INFO     GPU memory:   N/A
2025-05-13 08:50:53,695 kilosort.run_kilosort INFO     ********************************************************
