2025-05-13 08:57:54,515 kilosort.run_kilosort INFO     Kilosort version 4.0.25
2025-05-13 08:57:54,523 kilosort.run_kilosort INFO     Python version 3.9.21
2025-05-13 08:57:54,523 kilosort.run_kilosort INFO     ----------------------------------------
2025-05-13 08:57:54,523 kilosort.run_kilosort INFO     System information:
2025-05-13 08:57:54,524 kilosort.run_kilosort INFO     Linux-4.18.0-477.74.1.el8_8.x86_64-x86_64-with-glibc2.28 x86_64
2025-05-13 08:57:54,524 kilosort.run_kilosort INFO     x86_64
2025-05-13 08:57:54,524 kilosort.run_kilosort INFO     Using CPU for PyTorch computations. Specify `device` to change this.
2025-05-13 08:57:54,525 kilosort.run_kilosort INFO     ----------------------------------------
2025-05-13 08:57:54,525 kilosort.run_kilosort INFO     Sorting /home/lss72/palmer_scratch/spike_sort/2014_03_26_Pair_2_0
2025-05-13 08:57:54,526 kilosort.run_kilosort DEBUG    Initial ops:

ops = {
    'n_chan_bin': 32,
    'fs': 30000,
    'batch_size': 60000,
    'nblocks': 1,
    'Th_universal': 9,
    'Th_learned': 8,
    'tmin': 0,
    'tmax': 600,
    'nt': 61,
    'shift': None,
    'scale': None,
    'artifact_threshold': inf,
    'nskip': 25,
    'whitening_range': 32,
    'highpass_cutoff': 300,
    'binning_depth': 5,
    'sig_interp': 20,
    'drift_smoothing': [0.5, 0.5, 0.5],
    'nt0min': 20,
    'dmin': None,
    'dminx': 32,
    'min_template_size': 10,
    'template_sizes': 5,
    'nearest_chans': 10,
    'nearest_templates': 100,
    'max_channel_distance': 32,
    'max_peels': 100,
    'templates_from_data': True,
    'n_templates': 6,
    'n_pcs': 6,
    'Th_single_ch': 6,
    'acg_threshold': 0.2,
    'ccg_threshold': 0.25,
    'cluster_downsampling': 20,
    'x_centers': None,
    'duplicate_spike_ms': 0.25,
    'position_limit': 100,
    'data_dir': PosixPath('/home/lss72/palmer_scratch/spike_sort'),
    'filename': PosixPath('/home/lss72/palmer_scratch/spike_sort/2014_03_26_Pair_2_0'),
    'data_dtype': dtype('float32'),
    'do_CAR': True,
    'invert_sign': False,
    'NTbuff': 60122,
    'Nchan': 32,
    'duplicate_spike_bins': 7,
    'torch_device': 'cpu',
    'save_preprocessed_copy': False
}

2025-05-13 08:57:54,528 kilosort.run_kilosort DEBUG    Probe dictionary:

probe = {
    'chanMap': np.array([ 0,  1,  2,  3,  4,  5,  6,  7,  8,  9, 10, 11, 12, 13, 14, 15, 16,
       17, 18, 19, 20, 21, 22, 23, 24, 25, 26, 27, 28, 29, 30, 31]),
    'xc': np.array([25.5, 25.5, 43.5, 43.5, 43.5, 43.5, 43.5, 43.5, 25.5, 25.5, 43.5,
       43.5, 43.5, 43.5, 25.5, 25.5, 25.5, 25.5,  7.5,  7.5,  7.5,  7.5,
       25.5, 25.5,  7.5,  7.5,  7.5,  7.5,  7.5,  7.5, 25.5, 25.5],
      dtype=np.float32),
    'yc': np.array([282.5, 232.5,  20. ,  45. ,  95. , 145. , 195. , 245. ,  82.5,
        32.5, 220. , 170. , 120. ,  70. , 132.5, 182.5, 157.5, 107.5,
        70. , 120. , 170. , 220. ,   7.5,  57.5, 245. , 195. , 145. ,
        95. ,  45. ,  20. , 207.5, 257.5], dtype=np.float32),
    'kcoords': np.array([0., 0., 0., 0., 0., 0., 0., 0., 0., 0., 0., 0., 0., 0., 0., 0., 0.,
       0., 0., 0., 0., 0., 0., 0., 0., 0., 0., 0., 0., 0., 0., 0.]),
    'n_chan': 32
}

2025-05-13 08:57:54,528 kilosort.run_kilosort INFO      
2025-05-13 08:57:54,528 kilosort.run_kilosort INFO     Computing preprocessing variables.
2025-05-13 08:57:54,529 kilosort.run_kilosort INFO     ----------------------------------------
2025-05-13 08:57:54,530 kilosort.run_kilosort INFO     N samples: 9307200
2025-05-13 08:57:54,531 kilosort.run_kilosort INFO     N seconds: 310.24
2025-05-13 08:57:54,531 kilosort.run_kilosort INFO     N batches: 156
2025-05-13 08:57:54,709 kilosort.run_kilosort INFO     Preprocessing filters computed in  0.18s; total  0.18s
2025-05-13 08:57:54,711 kilosort.run_kilosort DEBUG    hp_filter shape: torch.Size([30122])
2025-05-13 08:57:54,711 kilosort.run_kilosort DEBUG    whiten_mat shape: torch.Size([32, 32])
2025-05-13 08:57:54,711 kilosort.run_kilosort INFO      
2025-05-13 08:57:54,713 kilosort.run_kilosort INFO     Resource usage after preprocessing
2025-05-13 08:57:54,713 kilosort.run_kilosort INFO     ********************************************************
2025-05-13 08:57:54,714 kilosort.run_kilosort INFO     CPU usage:     3.50 %
2025-05-13 08:57:54,714 kilosort.run_kilosort INFO     Memory:        5.46 %     |     41.21   /   754.60 GB
2025-05-13 08:57:54,715 kilosort.run_kilosort INFO     ------------------------------------------------------
2025-05-13 08:57:54,715 kilosort.run_kilosort INFO     GPU usage:    N/A
2025-05-13 08:57:54,715 kilosort.run_kilosort INFO     GPU memory:   N/A
2025-05-13 08:57:54,716 kilosort.run_kilosort INFO     ********************************************************
2025-05-13 08:57:54,735 kilosort.run_kilosort INFO      
2025-05-13 08:57:54,736 kilosort.run_kilosort INFO     Computing drift correction.
2025-05-13 08:57:54,736 kilosort.run_kilosort INFO     ----------------------------------------
2025-05-13 08:57:54,737 kilosort.spikedetect INFO     Re-computing universal templates from data.
2025-05-13 08:57:58,770 kilosort.spikedetect INFO     Number of universal templates: 135
2025-05-13 08:57:58,782 kilosort.spikedetect INFO     Detecting spikes...
2025-05-13 08:57:58,784 kilosort.spikedetect DEBUG     
2025-05-13 08:57:58,784 kilosort.spikedetect DEBUG    Batch 0
2025-05-13 08:57:58,784 kilosort.spikedetect DEBUG    ********************************************************
2025-05-13 08:57:58,784 kilosort.spikedetect DEBUG    CPU usage:    15.00 %
2025-05-13 08:57:58,784 kilosort.spikedetect DEBUG    Memory:        5.46 %     |     41.21   /   754.60 GB
2025-05-13 08:57:58,784 kilosort.spikedetect DEBUG    ------------------------------------------------------
2025-05-13 08:57:58,784 kilosort.spikedetect DEBUG    GPU usage:    N/A
2025-05-13 08:57:58,784 kilosort.spikedetect DEBUG    GPU memory:   N/A
2025-05-13 08:57:58,784 kilosort.spikedetect DEBUG    ********************************************************
2025-05-13 08:59:54,335 kilosort.spikedetect DEBUG     
2025-05-13 08:59:54,335 kilosort.spikedetect DEBUG    Batch 155
2025-05-13 08:59:54,335 kilosort.spikedetect DEBUG    ********************************************************
2025-05-13 08:59:54,335 kilosort.spikedetect DEBUG    CPU usage:    30.80 %
2025-05-13 08:59:54,335 kilosort.spikedetect DEBUG    Memory:        5.46 %     |     41.20   /   754.60 GB
2025-05-13 08:59:54,335 kilosort.spikedetect DEBUG    ------------------------------------------------------
2025-05-13 08:59:54,336 kilosort.spikedetect DEBUG    GPU usage:    N/A
2025-05-13 08:59:54,336 kilosort.spikedetect DEBUG    GPU memory:   N/A
2025-05-13 08:59:54,336 kilosort.spikedetect DEBUG    ********************************************************
2025-05-13 08:59:54,417 kilosort.run_kilosort INFO     drift computed in  119.68s; total  119.89s
2025-05-13 08:59:54,419 kilosort.run_kilosort DEBUG    st shape: (41174, 6)
2025-05-13 08:59:54,419 kilosort.run_kilosort DEBUG    yblk shape: (1,)
2025-05-13 08:59:54,419 kilosort.run_kilosort DEBUG    dshift shape: (156, 1)
2025-05-13 08:59:54,419 kilosort.run_kilosort DEBUG    iKxx shape: torch.Size([32, 32])
2025-05-13 08:59:54,419 kilosort.run_kilosort INFO      
2025-05-13 08:59:54,420 kilosort.run_kilosort INFO     Resource usage after drift correction
2025-05-13 08:59:54,421 kilosort.run_kilosort INFO     ********************************************************
2025-05-13 08:59:54,422 kilosort.run_kilosort INFO     CPU usage:    23.00 %
2025-05-13 08:59:54,422 kilosort.run_kilosort INFO     Memory:        5.46 %     |     41.19   /   754.60 GB
2025-05-13 08:59:54,422 kilosort.run_kilosort INFO     ------------------------------------------------------
2025-05-13 08:59:54,423 kilosort.run_kilosort INFO     GPU usage:    N/A
2025-05-13 08:59:54,423 kilosort.run_kilosort INFO     GPU memory:   N/A
2025-05-13 08:59:54,423 kilosort.run_kilosort INFO     ********************************************************
2025-05-13 08:59:54,448 kilosort.run_kilosort DEBUG    First batch min, max: (-19.263748, 11.655666)
2025-05-13 08:59:54,448 kilosort.run_kilosort INFO      
2025-05-13 08:59:54,448 kilosort.run_kilosort INFO     Extracting spikes using templates
2025-05-13 08:59:54,449 kilosort.run_kilosort INFO     ----------------------------------------
2025-05-13 08:59:54,449 kilosort.spikedetect INFO     Re-computing universal templates from data.
2025-05-13 08:59:58,483 kilosort.spikedetect INFO     Number of universal templates: 135
2025-05-13 08:59:58,486 kilosort.spikedetect INFO     Detecting spikes...
2025-05-13 08:59:58,487 kilosort.spikedetect DEBUG     
2025-05-13 08:59:58,487 kilosort.spikedetect DEBUG    Batch 0
2025-05-13 08:59:58,487 kilosort.spikedetect DEBUG    ********************************************************
2025-05-13 08:59:58,488 kilosort.spikedetect DEBUG    CPU usage:    15.10 %
2025-05-13 08:59:58,488 kilosort.spikedetect DEBUG    Memory:        5.46 %     |     41.20   /   754.60 GB
2025-05-13 08:59:58,488 kilosort.spikedetect DEBUG    ------------------------------------------------------
2025-05-13 08:59:58,488 kilosort.spikedetect DEBUG    GPU usage:    N/A
2025-05-13 08:59:58,488 kilosort.spikedetect DEBUG    GPU memory:   N/A
2025-05-13 08:59:58,488 kilosort.spikedetect DEBUG    ********************************************************
2025-05-13 09:01:54,771 kilosort.spikedetect DEBUG     
2025-05-13 09:01:54,771 kilosort.spikedetect DEBUG    Batch 155
2025-05-13 09:01:54,771 kilosort.spikedetect DEBUG    ********************************************************
2025-05-13 09:01:54,771 kilosort.spikedetect DEBUG    CPU usage:    30.80 %
2025-05-13 09:01:54,771 kilosort.spikedetect DEBUG    Memory:        4.56 %     |     34.40   /   754.60 GB
2025-05-13 09:01:54,771 kilosort.spikedetect DEBUG    ------------------------------------------------------
2025-05-13 09:01:54,771 kilosort.spikedetect DEBUG    GPU usage:    N/A
2025-05-13 09:01:54,771 kilosort.spikedetect DEBUG    GPU memory:   N/A
2025-05-13 09:01:54,771 kilosort.spikedetect DEBUG    ********************************************************
2025-05-13 09:01:54,771 kilosort.run_kilosort INFO     40096 spikes extracted in  120.32s; total  240.25s
2025-05-13 09:01:54,772 kilosort.run_kilosort DEBUG    st0 shape: (40096, 6)
2025-05-13 09:01:54,772 kilosort.run_kilosort DEBUG    tF shape: torch.Size([40096, 10, 6])
2025-05-13 09:01:54,772 kilosort.run_kilosort INFO      
2025-05-13 09:01:54,772 kilosort.run_kilosort INFO     First clustering
2025-05-13 09:01:54,773 kilosort.run_kilosort INFO     ----------------------------------------
2025-05-13 09:01:54,779 kilosort.clustering_qr DEBUG     
2025-05-13 09:01:54,779 kilosort.clustering_qr DEBUG    Cluster center: 0 of 12
2025-05-13 09:01:54,780 kilosort.clustering_qr DEBUG    ********************************************************
2025-05-13 09:01:54,780 kilosort.clustering_qr DEBUG    CPU usage:    16.10 %
2025-05-13 09:01:54,780 kilosort.clustering_qr DEBUG    Memory:        4.56 %     |     34.40   /   754.60 GB
2025-05-13 09:01:54,780 kilosort.clustering_qr DEBUG    ------------------------------------------------------
2025-05-13 09:01:54,780 kilosort.clustering_qr DEBUG    GPU usage:    N/A
2025-05-13 09:01:54,780 kilosort.clustering_qr DEBUG    GPU memory:   N/A
2025-05-13 09:01:54,780 kilosort.clustering_qr DEBUG    ********************************************************
2025-05-13 09:01:54,782 kilosort.clustering_qr DEBUG    Center 0 | nsp: 7256 | ntemp: 12
2025-05-13 09:01:56,762 kilosort.clustering_qr DEBUG    Center 1 | nsp: 5024 | ntemp: 12
2025-05-13 09:01:58,225 kilosort.clustering_qr DEBUG    Center 2 | nsp: 2542 | ntemp: 12
2025-05-13 09:01:59,090 kilosort.clustering_qr DEBUG    Center 3 | nsp: 1918 | ntemp: 12
2025-05-13 09:01:59,827 kilosort.clustering_qr DEBUG    Center 4 | nsp: 2500 | ntemp: 12
2025-05-13 09:02:00,685 kilosort.clustering_qr DEBUG    Center 5 | nsp: 1718 | ntemp: 12
2025-05-13 09:02:01,248 kilosort.clustering_qr DEBUG    Center 6 | nsp: 4022 | ntemp: 12
2025-05-13 09:02:02,498 kilosort.clustering_qr DEBUG    Center 7 | nsp: 1681 | ntemp: 12
2025-05-13 09:02:03,197 kilosort.clustering_qr DEBUG    Center 8 | nsp: 3912 | ntemp: 12
2025-05-13 09:02:04,416 kilosort.clustering_qr DEBUG    Center 9 | nsp: 5072 | ntemp: 12
2025-05-13 09:02:05,859 kilosort.clustering_qr DEBUG     
2025-05-13 09:02:05,859 kilosort.clustering_qr DEBUG    Cluster center: 10 of 12
2025-05-13 09:02:05,859 kilosort.clustering_qr DEBUG    ********************************************************
2025-05-13 09:02:05,860 kilosort.clustering_qr DEBUG    CPU usage:    30.70 %
2025-05-13 09:02:05,860 kilosort.clustering_qr DEBUG    Memory:        4.56 %     |     34.40   /   754.60 GB
2025-05-13 09:02:05,860 kilosort.clustering_qr DEBUG    ------------------------------------------------------
2025-05-13 09:02:05,860 kilosort.clustering_qr DEBUG    GPU usage:    N/A
2025-05-13 09:02:05,860 kilosort.clustering_qr DEBUG    GPU memory:   N/A
2025-05-13 09:02:05,860 kilosort.clustering_qr DEBUG    ********************************************************
2025-05-13 09:02:05,861 kilosort.clustering_qr DEBUG    Center 10 | nsp: 3146 | ntemp: 12
2025-05-13 09:02:07,022 kilosort.clustering_qr DEBUG    Center 11 | nsp: 1305 | ntemp: 3
2025-05-13 09:02:07,632 kilosort.run_kilosort INFO     61 clusters found, in  12.86s; total  253.11s
2025-05-13 09:02:07,633 kilosort.run_kilosort DEBUG    clu shape: (40096,)
2025-05-13 09:02:07,633 kilosort.run_kilosort DEBUG    Wall shape: torch.Size([61, 32, 6])
2025-05-13 09:02:07,633 kilosort.run_kilosort INFO      
2025-05-13 09:02:07,633 kilosort.run_kilosort INFO     Extracting spikes using cluster waveforms
2025-05-13 09:02:07,634 kilosort.run_kilosort INFO     ----------------------------------------
2025-05-13 09:02:07,649 kilosort.template_matching DEBUG     
2025-05-13 09:02:07,649 kilosort.template_matching DEBUG    Batch 0
2025-05-13 09:02:07,649 kilosort.template_matching DEBUG    ********************************************************
2025-05-13 09:02:07,649 kilosort.template_matching DEBUG    CPU usage:    30.60 %
2025-05-13 09:02:07,649 kilosort.template_matching DEBUG    Memory:        4.59 %     |     34.63   /   754.60 GB
2025-05-13 09:02:07,649 kilosort.template_matching DEBUG    ------------------------------------------------------
2025-05-13 09:02:07,649 kilosort.template_matching DEBUG    GPU usage:    N/A
2025-05-13 09:02:07,649 kilosort.template_matching DEBUG    GPU memory:   N/A
2025-05-13 09:02:07,649 kilosort.template_matching DEBUG    ********************************************************
2025-05-13 09:02:18,498 kilosort.template_matching DEBUG     
2025-05-13 09:02:18,498 kilosort.template_matching DEBUG    Batch 100
2025-05-13 09:02:18,498 kilosort.template_matching DEBUG    ********************************************************
2025-05-13 09:02:18,498 kilosort.template_matching DEBUG    CPU usage:    30.70 %
2025-05-13 09:02:18,498 kilosort.template_matching DEBUG    Memory:        4.59 %     |     34.64   /   754.60 GB
2025-05-13 09:02:18,498 kilosort.template_matching DEBUG    ------------------------------------------------------
2025-05-13 09:02:18,498 kilosort.template_matching DEBUG    GPU usage:    N/A
2025-05-13 09:02:18,498 kilosort.template_matching DEBUG    GPU memory:   N/A
2025-05-13 09:02:18,498 kilosort.template_matching DEBUG    ********************************************************
2025-05-13 09:02:36,170 kilosort.template_matching DEBUG     
2025-05-13 09:02:36,170 kilosort.template_matching DEBUG    Batch 155
2025-05-13 09:02:36,170 kilosort.template_matching DEBUG    ********************************************************
2025-05-13 09:02:36,170 kilosort.template_matching DEBUG    CPU usage:    30.30 %
2025-05-13 09:02:36,171 kilosort.template_matching DEBUG    Memory:        4.59 %     |     34.66   /   754.60 GB
2025-05-13 09:02:36,171 kilosort.template_matching DEBUG    ------------------------------------------------------
2025-05-13 09:02:36,171 kilosort.template_matching DEBUG    GPU usage:    N/A
2025-05-13 09:02:36,171 kilosort.template_matching DEBUG    GPU memory:   N/A
2025-05-13 09:02:36,171 kilosort.template_matching DEBUG    ********************************************************
2025-05-13 09:02:36,176 kilosort.run_kilosort INFO     85426 spikes extracted in  28.54s; total  281.65s
2025-05-13 09:02:36,177 kilosort.run_kilosort DEBUG    st shape: (85426, 3)
2025-05-13 09:02:36,177 kilosort.run_kilosort DEBUG    tF shape: torch.Size([85426, 10, 6])
2025-05-13 09:02:36,177 kilosort.run_kilosort DEBUG    iCC shape: torch.Size([10, 32])
2025-05-13 09:02:36,177 kilosort.run_kilosort DEBUG    iU shape: torch.Size([47])
2025-05-13 09:02:36,177 kilosort.run_kilosort INFO      
2025-05-13 09:02:36,177 kilosort.run_kilosort INFO     Resource usage after spike detection
2025-05-13 09:02:36,178 kilosort.run_kilosort INFO     ********************************************************
2025-05-13 09:02:36,178 kilosort.run_kilosort INFO     CPU usage:    25.00 %
2025-05-13 09:02:36,179 kilosort.run_kilosort INFO     Memory:        4.56 %     |     34.43   /   754.60 GB
2025-05-13 09:02:36,179 kilosort.run_kilosort INFO     ------------------------------------------------------
2025-05-13 09:02:36,179 kilosort.run_kilosort INFO     GPU usage:    N/A
2025-05-13 09:02:36,180 kilosort.run_kilosort INFO     GPU memory:   N/A
2025-05-13 09:02:36,180 kilosort.run_kilosort INFO     ********************************************************
2025-05-13 09:02:36,181 kilosort.run_kilosort INFO      
2025-05-13 09:02:36,181 kilosort.run_kilosort INFO     Final clustering
2025-05-13 09:02:36,182 kilosort.run_kilosort INFO     ----------------------------------------
2025-05-13 09:02:36,196 kilosort.clustering_qr DEBUG     
2025-05-13 09:02:36,196 kilosort.clustering_qr DEBUG    Cluster center: 0 of 12
2025-05-13 09:02:36,197 kilosort.clustering_qr DEBUG    ********************************************************
2025-05-13 09:02:36,197 kilosort.clustering_qr DEBUG    CPU usage:    18.20 %
2025-05-13 09:02:36,197 kilosort.clustering_qr DEBUG    Memory:        4.56 %     |     34.43   /   754.60 GB
2025-05-13 09:02:36,197 kilosort.clustering_qr DEBUG    ------------------------------------------------------
2025-05-13 09:02:36,197 kilosort.clustering_qr DEBUG    GPU usage:    N/A
2025-05-13 09:02:36,197 kilosort.clustering_qr DEBUG    GPU memory:   N/A
2025-05-13 09:02:36,197 kilosort.clustering_qr DEBUG    ********************************************************
2025-05-13 09:02:36,201 kilosort.clustering_qr DEBUG    Center 0 | nsp: 15962 | ntemp: 8
2025-05-13 09:02:40,442 kilosort.clustering_qr DEBUG    Center 1 | nsp: 5776 | ntemp: 4
2025-05-13 09:02:42,117 kilosort.clustering_qr DEBUG    Center 2 | nsp: 4441 | ntemp: 4
2025-05-13 09:02:43,414 kilosort.clustering_qr DEBUG    Center 3 | nsp: 7298 | ntemp: 4
2025-05-13 09:02:45,491 kilosort.clustering_qr DEBUG    Center 4 | nsp: 3128 | ntemp: 2
2025-05-13 09:02:46,512 kilosort.clustering_qr DEBUG    Center 5 | nsp: 4347 | ntemp: 3
2025-05-13 09:02:47,823 kilosort.clustering_qr DEBUG    Center 6 | nsp: 8603 | ntemp: 3
2025-05-13 09:02:50,100 kilosort.clustering_qr DEBUG    Center 7 | nsp: 2179 | ntemp: 3
2025-05-13 09:02:51,008 kilosort.clustering_qr DEBUG    Center 8 | nsp: 7833 | ntemp: 5
2025-05-13 09:02:53,141 kilosort.clustering_qr DEBUG    Center 9 | nsp: 14766 | ntemp: 7
2025-05-13 09:02:57,363 kilosort.clustering_qr DEBUG     
2025-05-13 09:02:57,363 kilosort.clustering_qr DEBUG    Cluster center: 10 of 12
2025-05-13 09:02:57,363 kilosort.clustering_qr DEBUG    ********************************************************
2025-05-13 09:02:57,363 kilosort.clustering_qr DEBUG    CPU usage:    30.70 %
2025-05-13 09:02:57,364 kilosort.clustering_qr DEBUG    Memory:        4.56 %     |     34.43   /   754.60 GB
2025-05-13 09:02:57,364 kilosort.clustering_qr DEBUG    ------------------------------------------------------
2025-05-13 09:02:57,364 kilosort.clustering_qr DEBUG    GPU usage:    N/A
2025-05-13 09:02:57,364 kilosort.clustering_qr DEBUG    GPU memory:   N/A
2025-05-13 09:02:57,364 kilosort.clustering_qr DEBUG    ********************************************************
2025-05-13 09:02:57,364 kilosort.clustering_qr DEBUG    Center 10 | nsp: 421 | ntemp: 1
2025-05-13 09:02:57,367 kilosort.clustering_qr DEBUG    Center 11 | nsp: 10672 | ntemp: 3
2025-05-13 09:03:00,210 kilosort.run_kilosort INFO     60 clusters found, in  24.03s; total  305.68s
2025-05-13 09:03:00,211 kilosort.run_kilosort DEBUG    clu shape: (85426,)
2025-05-13 09:03:00,211 kilosort.run_kilosort DEBUG    Wall shape: torch.Size([60, 32, 6])
2025-05-13 09:03:00,211 kilosort.run_kilosort INFO      
2025-05-13 09:03:00,211 kilosort.run_kilosort INFO     Merging clusters
2025-05-13 09:03:00,212 kilosort.run_kilosort INFO     ----------------------------------------
2025-05-13 09:03:00,279 kilosort.run_kilosort INFO     58 units found, in  0.07s; total  305.75s
2025-05-13 09:03:00,280 kilosort.run_kilosort DEBUG    clu shape: (85426,)
2025-05-13 09:03:00,280 kilosort.run_kilosort DEBUG    Wall shape: torch.Size([58, 32, 6])
2025-05-13 09:03:00,280 kilosort.run_kilosort INFO      
2025-05-13 09:03:00,280 kilosort.run_kilosort INFO     Resource usage after clustering
2025-05-13 09:03:00,281 kilosort.run_kilosort INFO     ********************************************************
2025-05-13 09:03:00,281 kilosort.run_kilosort INFO     CPU usage:    30.40 %
2025-05-13 09:03:00,282 kilosort.run_kilosort INFO     Memory:        4.56 %     |     34.43   /   754.60 GB
2025-05-13 09:03:00,282 kilosort.run_kilosort INFO     ------------------------------------------------------
2025-05-13 09:03:00,283 kilosort.run_kilosort INFO     GPU usage:    N/A
2025-05-13 09:03:00,283 kilosort.run_kilosort INFO     GPU memory:   N/A
2025-05-13 09:03:00,283 kilosort.run_kilosort INFO     ********************************************************
2025-05-13 09:03:00,284 kilosort.run_kilosort INFO      
2025-05-13 09:03:00,284 kilosort.run_kilosort INFO     Saving to phy and computing refractory periods
2025-05-13 09:03:00,285 kilosort.run_kilosort INFO     ----------------------------------------
2025-05-13 09:03:00,788 kilosort.run_kilosort INFO     24 units found with good refractory periods
2025-05-13 09:03:00,788 kilosort.run_kilosort INFO     Total runtime: 306.26s = 00:05:6 h:m:s
2025-05-13 09:03:00,819 kilosort.run_kilosort INFO     Sorting output saved in: /home/lss72/palmer_scratch/spike_sort/kilosort4.
2025-05-13 09:03:00,819 kilosort.run_kilosort INFO      
2025-05-13 09:03:00,819 kilosort.run_kilosort INFO     Resource usage after saving
2025-05-13 09:03:00,820 kilosort.run_kilosort INFO     ********************************************************
2025-05-13 09:03:00,820 kilosort.run_kilosort INFO     CPU usage:     9.60 %
2025-05-13 09:03:00,821 kilosort.run_kilosort INFO     Memory:        4.56 %     |     34.43   /   754.60 GB
2025-05-13 09:03:00,821 kilosort.run_kilosort INFO     ------------------------------------------------------
2025-05-13 09:03:00,822 kilosort.run_kilosort INFO     GPU usage:    N/A
2025-05-13 09:03:00,822 kilosort.run_kilosort INFO     GPU memory:   N/A
2025-05-13 09:03:00,822 kilosort.run_kilosort INFO     ********************************************************
