2025-05-13 10:10:43,065 kilosort.run_kilosort INFO     Kilosort version 4.0.25
2025-05-13 10:10:43,088 kilosort.run_kilosort INFO     Python version 3.9.21
2025-05-13 10:10:43,089 kilosort.run_kilosort INFO     ----------------------------------------
2025-05-13 10:10:43,089 kilosort.run_kilosort INFO     System information:
2025-05-13 10:10:43,089 kilosort.run_kilosort INFO     Linux-4.18.0-477.74.1.el8_8.x86_64-x86_64-with-glibc2.28 x86_64
2025-05-13 10:10:43,090 kilosort.run_kilosort INFO     x86_64
2025-05-13 10:10:43,090 kilosort.run_kilosort INFO     Using CPU for PyTorch computations. Specify `device` to change this.
2025-05-13 10:10:43,090 kilosort.run_kilosort INFO     ----------------------------------------
2025-05-13 10:10:43,091 kilosort.run_kilosort INFO     Sorting /home/lss72/palmer_scratch/spike_sort/2014_11_25_Pair_3_0
2025-05-13 10:10:43,092 kilosort.run_kilosort DEBUG    Initial ops:

ops = {
    'n_chan_bin': 32,
    'fs': 30000,
    'batch_size': 60000,
    'nblocks': 1,
    'Th_universal': 9,
    'Th_learned': 8,
    'tmin': 0,
    'tmax': 60,
    'nt': 61,
    'shift': None,
    'scale': None,
    'artifact_threshold': inf,
    'nskip': 25,
    'whitening_range': 32,
    'highpass_cutoff': 300,
    'binning_depth': 5,
    'sig_interp': 20,
    'drift_smoothing': [0.5, 0.5, 0.5],
    'nt0min': 20,
    'dmin': None,
    'dminx': 32,
    'min_template_size': 10,
    'template_sizes': 5,
    'nearest_chans': 10,
    'nearest_templates': 100,
    'max_channel_distance': 32,
    'max_peels': 100,
    'templates_from_data': True,
    'n_templates': 6,
    'n_pcs': 6,
    'Th_single_ch': 6,
    'acg_threshold': 0.2,
    'ccg_threshold': 0.25,
    'cluster_downsampling': 20,
    'x_centers': None,
    'duplicate_spike_ms': 0.25,
    'position_limit': 100,
    'data_dir': PosixPath('/home/lss72/palmer_scratch/spike_sort'),
    'filename': PosixPath('/home/lss72/palmer_scratch/spike_sort/2014_11_25_Pair_3_0'),
    'data_dtype': dtype('uint16'),
    'do_CAR': True,
    'invert_sign': False,
    'NTbuff': 60122,
    'Nchan': 32,
    'duplicate_spike_bins': 7,
    'torch_device': 'cpu',
    'save_preprocessed_copy': False
}

2025-05-13 10:10:43,094 kilosort.run_kilosort DEBUG    Probe dictionary:

probe = {
    'chanMap': np.array([ 0,  1,  2,  3,  4,  5,  6,  7,  8,  9, 10, 11, 12, 13, 14, 15, 16,
       17, 18, 19, 20, 21, 22, 23, 24, 25, 26, 27, 28, 29, 30, 31]),
    'xc': np.array([25.5, 25.5, 43.5, 43.5, 43.5, 43.5, 43.5, 43.5, 25.5, 25.5, 43.5,
       43.5, 43.5, 43.5, 25.5, 25.5, 25.5, 25.5,  7.5,  7.5,  7.5,  7.5,
       25.5, 25.5,  7.5,  7.5,  7.5,  7.5,  7.5,  7.5, 25.5, 25.5],
      dtype=np.float32),
    'yc': np.array([282.5, 232.5,  20. ,  45. ,  95. , 145. , 195. , 245. ,  82.5,
        32.5, 220. , 170. , 120. ,  70. , 132.5, 182.5, 157.5, 107.5,
        70. , 120. , 170. , 220. ,   7.5,  57.5, 245. , 195. , 145. ,
        95. ,  45. ,  20. , 207.5, 257.5], dtype=np.float32),
    'kcoords': np.array([0., 0., 0., 0., 0., 0., 0., 0., 0., 0., 0., 0., 0., 0., 0., 0., 0.,
       0., 0., 0., 0., 0., 0., 0., 0., 0., 0., 0., 0., 0., 0., 0.]),
    'n_chan': 32
}

2025-05-13 10:10:43,094 kilosort.run_kilosort INFO      
2025-05-13 10:10:43,094 kilosort.run_kilosort INFO     Computing preprocessing variables.
2025-05-13 10:10:43,094 kilosort.run_kilosort INFO     ----------------------------------------
2025-05-13 10:10:43,096 kilosort.run_kilosort INFO     N samples: 1800000
2025-05-13 10:10:43,097 kilosort.run_kilosort INFO     N seconds: 60.0
2025-05-13 10:10:43,097 kilosort.run_kilosort INFO     N batches: 30
2025-05-13 10:10:43,163 kilosort.run_kilosort INFO     Preprocessing filters computed in  0.07s; total  0.07s
2025-05-13 10:10:43,164 kilosort.run_kilosort DEBUG    hp_filter shape: torch.Size([30122])
2025-05-13 10:10:43,164 kilosort.run_kilosort DEBUG    whiten_mat shape: torch.Size([32, 32])
2025-05-13 10:10:43,164 kilosort.run_kilosort INFO      
2025-05-13 10:10:43,164 kilosort.run_kilosort INFO     Resource usage after preprocessing
2025-05-13 10:10:43,165 kilosort.run_kilosort INFO     ********************************************************
2025-05-13 10:10:43,166 kilosort.run_kilosort INFO     CPU usage:     8.80 %
2025-05-13 10:10:43,166 kilosort.run_kilosort INFO     Memory:        5.26 %     |     39.67   /   754.60 GB
2025-05-13 10:10:43,167 kilosort.run_kilosort INFO     ------------------------------------------------------
2025-05-13 10:10:43,167 kilosort.run_kilosort INFO     GPU usage:    N/A
2025-05-13 10:10:43,167 kilosort.run_kilosort INFO     GPU memory:   N/A
2025-05-13 10:10:43,168 kilosort.run_kilosort INFO     ********************************************************
2025-05-13 10:10:43,184 kilosort.run_kilosort INFO      
2025-05-13 10:10:43,185 kilosort.run_kilosort INFO     Computing drift correction.
2025-05-13 10:10:43,185 kilosort.run_kilosort INFO     ----------------------------------------
2025-05-13 10:10:43,186 kilosort.spikedetect INFO     Re-computing universal templates from data.
2025-05-13 10:10:44,331 kilosort.spikedetect INFO     Number of universal templates: 135
2025-05-13 10:10:44,343 kilosort.spikedetect INFO     Detecting spikes...
2025-05-13 10:10:44,344 kilosort.spikedetect DEBUG     
2025-05-13 10:10:44,345 kilosort.spikedetect DEBUG    Batch 0
2025-05-13 10:10:44,345 kilosort.spikedetect DEBUG    ********************************************************
2025-05-13 10:10:44,345 kilosort.spikedetect DEBUG    CPU usage:    22.90 %
2025-05-13 10:10:44,345 kilosort.spikedetect DEBUG    Memory:        5.26 %     |     39.67   /   754.60 GB
2025-05-13 10:10:44,345 kilosort.spikedetect DEBUG    ------------------------------------------------------
2025-05-13 10:10:44,345 kilosort.spikedetect DEBUG    GPU usage:    N/A
2025-05-13 10:10:44,345 kilosort.spikedetect DEBUG    GPU memory:   N/A
2025-05-13 10:10:44,345 kilosort.spikedetect DEBUG    ********************************************************
2025-05-13 10:11:06,814 kilosort.spikedetect DEBUG     
2025-05-13 10:11:06,814 kilosort.spikedetect DEBUG    Batch 29
2025-05-13 10:11:06,814 kilosort.spikedetect DEBUG    ********************************************************
2025-05-13 10:11:06,814 kilosort.spikedetect DEBUG    CPU usage:    39.00 %
2025-05-13 10:11:06,814 kilosort.spikedetect DEBUG    Memory:        5.25 %     |     39.62   /   754.60 GB
2025-05-13 10:11:06,815 kilosort.spikedetect DEBUG    ------------------------------------------------------
2025-05-13 10:11:06,815 kilosort.spikedetect DEBUG    GPU usage:    N/A
2025-05-13 10:11:06,815 kilosort.spikedetect DEBUG    GPU memory:   N/A
2025-05-13 10:11:06,815 kilosort.spikedetect DEBUG    ********************************************************
2025-05-13 10:11:06,864 kilosort.run_kilosort INFO     drift computed in  23.68s; total  23.77s
2025-05-13 10:11:06,865 kilosort.run_kilosort DEBUG    st shape: (6417, 6)
2025-05-13 10:11:06,865 kilosort.run_kilosort DEBUG    yblk shape: (1,)
2025-05-13 10:11:06,865 kilosort.run_kilosort DEBUG    dshift shape: (30, 1)
2025-05-13 10:11:06,865 kilosort.run_kilosort DEBUG    iKxx shape: torch.Size([32, 32])
2025-05-13 10:11:06,865 kilosort.run_kilosort INFO      
2025-05-13 10:11:06,866 kilosort.run_kilosort INFO     Resource usage after drift correction
2025-05-13 10:11:06,867 kilosort.run_kilosort INFO     ********************************************************
2025-05-13 10:11:06,868 kilosort.run_kilosort INFO     CPU usage:    37.50 %
2025-05-13 10:11:06,869 kilosort.run_kilosort INFO     Memory:        5.25 %     |     39.62   /   754.60 GB
2025-05-13 10:11:06,869 kilosort.run_kilosort INFO     ------------------------------------------------------
2025-05-13 10:11:06,869 kilosort.run_kilosort INFO     GPU usage:    N/A
2025-05-13 10:11:06,870 kilosort.run_kilosort INFO     GPU memory:   N/A
2025-05-13 10:11:06,870 kilosort.run_kilosort INFO     ********************************************************
2025-05-13 10:11:06,895 kilosort.run_kilosort DEBUG    First batch min, max: (-15.961093, 9.549232)
2025-05-13 10:11:06,895 kilosort.run_kilosort INFO      
2025-05-13 10:11:06,896 kilosort.run_kilosort INFO     Extracting spikes using templates
2025-05-13 10:11:06,897 kilosort.run_kilosort INFO     ----------------------------------------
2025-05-13 10:11:06,897 kilosort.spikedetect INFO     Re-computing universal templates from data.
2025-05-13 10:11:08,038 kilosort.spikedetect INFO     Number of universal templates: 135
2025-05-13 10:11:08,041 kilosort.spikedetect INFO     Detecting spikes...
2025-05-13 10:11:08,043 kilosort.spikedetect DEBUG     
2025-05-13 10:11:08,043 kilosort.spikedetect DEBUG    Batch 0
2025-05-13 10:11:08,043 kilosort.spikedetect DEBUG    ********************************************************
2025-05-13 10:11:08,043 kilosort.spikedetect DEBUG    CPU usage:    23.50 %
2025-05-13 10:11:08,043 kilosort.spikedetect DEBUG    Memory:        5.25 %     |     39.65   /   754.60 GB
2025-05-13 10:11:08,043 kilosort.spikedetect DEBUG    ------------------------------------------------------
2025-05-13 10:11:08,043 kilosort.spikedetect DEBUG    GPU usage:    N/A
2025-05-13 10:11:08,043 kilosort.spikedetect DEBUG    GPU memory:   N/A
2025-05-13 10:11:08,043 kilosort.spikedetect DEBUG    ********************************************************
2025-05-13 10:11:30,290 kilosort.spikedetect DEBUG     
2025-05-13 10:11:30,290 kilosort.spikedetect DEBUG    Batch 29
2025-05-13 10:11:30,290 kilosort.spikedetect DEBUG    ********************************************************
2025-05-13 10:11:30,290 kilosort.spikedetect DEBUG    CPU usage:    38.90 %
2025-05-13 10:11:30,290 kilosort.spikedetect DEBUG    Memory:        5.26 %     |     39.67   /   754.60 GB
2025-05-13 10:11:30,290 kilosort.spikedetect DEBUG    ------------------------------------------------------
2025-05-13 10:11:30,290 kilosort.spikedetect DEBUG    GPU usage:    N/A
2025-05-13 10:11:30,290 kilosort.spikedetect DEBUG    GPU memory:   N/A
2025-05-13 10:11:30,290 kilosort.spikedetect DEBUG    ********************************************************
2025-05-13 10:11:30,291 kilosort.run_kilosort INFO     6404 spikes extracted in  23.40s; total  47.20s
2025-05-13 10:11:30,291 kilosort.run_kilosort DEBUG    st0 shape: (6404, 6)
2025-05-13 10:11:30,291 kilosort.run_kilosort DEBUG    tF shape: torch.Size([6404, 10, 6])
2025-05-13 10:11:30,291 kilosort.run_kilosort INFO      
2025-05-13 10:11:30,292 kilosort.run_kilosort INFO     First clustering
2025-05-13 10:11:30,292 kilosort.run_kilosort INFO     ----------------------------------------
2025-05-13 10:11:30,298 kilosort.clustering_qr DEBUG     
2025-05-13 10:11:30,298 kilosort.clustering_qr DEBUG    Cluster center: 0 of 12
2025-05-13 10:11:30,298 kilosort.clustering_qr DEBUG    ********************************************************
2025-05-13 10:11:30,298 kilosort.clustering_qr DEBUG    CPU usage:    23.10 %
2025-05-13 10:11:30,298 kilosort.clustering_qr DEBUG    Memory:        5.26 %     |     39.67   /   754.60 GB
2025-05-13 10:11:30,298 kilosort.clustering_qr DEBUG    ------------------------------------------------------
2025-05-13 10:11:30,298 kilosort.clustering_qr DEBUG    GPU usage:    N/A
2025-05-13 10:11:30,298 kilosort.clustering_qr DEBUG    GPU memory:   N/A
2025-05-13 10:11:30,298 kilosort.clustering_qr DEBUG    ********************************************************
2025-05-13 10:11:30,299 kilosort.clustering_qr DEBUG    Center 0 | nsp: 1090 | ntemp: 12
2025-05-13 10:11:30,733 kilosort.clustering_qr DEBUG    Center 1 | nsp: 524 | ntemp: 12
2025-05-13 10:11:30,734 kilosort.clustering_qr DEBUG    Center 2 | nsp: 454 | ntemp: 12
2025-05-13 10:11:30,736 kilosort.clustering_qr DEBUG    Center 3 | nsp: 606 | ntemp: 12
2025-05-13 10:11:30,737 kilosort.clustering_qr DEBUG    Center 4 | nsp: 98 | ntemp: 12
2025-05-13 10:11:30,738 kilosort.clustering_qr DEBUG    Center 5 | nsp: 838 | ntemp: 12
2025-05-13 10:11:30,740 kilosort.clustering_qr DEBUG    Center 6 | nsp: 506 | ntemp: 12
2025-05-13 10:11:30,741 kilosort.clustering_qr DEBUG    Center 7 | nsp: 65 | ntemp: 12
2025-05-13 10:11:30,742 kilosort.clustering_qr DEBUG    Center 8 | nsp: 419 | ntemp: 12
2025-05-13 10:11:30,743 kilosort.clustering_qr DEBUG    Center 9 | nsp: 600 | ntemp: 12
2025-05-13 10:11:30,744 kilosort.clustering_qr DEBUG     
2025-05-13 10:11:30,744 kilosort.clustering_qr DEBUG    Cluster center: 10 of 12
2025-05-13 10:11:30,744 kilosort.clustering_qr DEBUG    ********************************************************
2025-05-13 10:11:30,744 kilosort.clustering_qr DEBUG    CPU usage:    38.90 %
2025-05-13 10:11:30,744 kilosort.clustering_qr DEBUG    Memory:        5.26 %     |     39.67   /   754.60 GB
2025-05-13 10:11:30,744 kilosort.clustering_qr DEBUG    ------------------------------------------------------
2025-05-13 10:11:30,744 kilosort.clustering_qr DEBUG    GPU usage:    N/A
2025-05-13 10:11:30,744 kilosort.clustering_qr DEBUG    GPU memory:   N/A
2025-05-13 10:11:30,744 kilosort.clustering_qr DEBUG    ********************************************************
2025-05-13 10:11:30,745 kilosort.clustering_qr DEBUG    Center 10 | nsp: 904 | ntemp: 12
2025-05-13 10:11:30,746 kilosort.clustering_qr DEBUG    Center 11 | nsp: 300 | ntemp: 3
2025-05-13 10:11:30,756 kilosort.run_kilosort INFO     13 clusters found, in  0.46s; total  47.66s
2025-05-13 10:11:30,757 kilosort.run_kilosort DEBUG    clu shape: (6404,)
2025-05-13 10:11:30,757 kilosort.run_kilosort DEBUG    Wall shape: torch.Size([13, 32, 6])
2025-05-13 10:11:30,757 kilosort.run_kilosort INFO      
2025-05-13 10:11:30,758 kilosort.run_kilosort INFO     Extracting spikes using cluster waveforms
2025-05-13 10:11:30,759 kilosort.run_kilosort INFO     ----------------------------------------
2025-05-13 10:11:30,773 kilosort.template_matching DEBUG     
2025-05-13 10:11:30,773 kilosort.template_matching DEBUG    Batch 0
2025-05-13 10:11:30,773 kilosort.template_matching DEBUG    ********************************************************
2025-05-13 10:11:30,773 kilosort.template_matching DEBUG    CPU usage:    39.30 %
2025-05-13 10:11:30,773 kilosort.template_matching DEBUG    Memory:        5.29 %     |     39.90   /   754.60 GB
2025-05-13 10:11:30,773 kilosort.template_matching DEBUG    ------------------------------------------------------
2025-05-13 10:11:30,774 kilosort.template_matching DEBUG    GPU usage:    N/A
2025-05-13 10:11:30,774 kilosort.template_matching DEBUG    GPU memory:   N/A
2025-05-13 10:11:30,774 kilosort.template_matching DEBUG    ********************************************************
2025-05-13 10:11:33,351 kilosort.template_matching DEBUG     
2025-05-13 10:11:33,351 kilosort.template_matching DEBUG    Batch 29
2025-05-13 10:11:33,351 kilosort.template_matching DEBUG    ********************************************************
2025-05-13 10:11:33,351 kilosort.template_matching DEBUG    CPU usage:    38.90 %
2025-05-13 10:11:33,351 kilosort.template_matching DEBUG    Memory:        5.29 %     |     39.90   /   754.60 GB
2025-05-13 10:11:33,351 kilosort.template_matching DEBUG    ------------------------------------------------------
2025-05-13 10:11:33,351 kilosort.template_matching DEBUG    GPU usage:    N/A
2025-05-13 10:11:33,351 kilosort.template_matching DEBUG    GPU memory:   N/A
2025-05-13 10:11:33,352 kilosort.template_matching DEBUG    ********************************************************
2025-05-13 10:11:33,353 kilosort.run_kilosort INFO     13538 spikes extracted in  2.60s; total  50.26s
2025-05-13 10:11:33,354 kilosort.run_kilosort DEBUG    st shape: (13538, 3)
2025-05-13 10:11:33,354 kilosort.run_kilosort DEBUG    tF shape: torch.Size([13538, 10, 6])
2025-05-13 10:11:33,354 kilosort.run_kilosort DEBUG    iCC shape: torch.Size([10, 32])
2025-05-13 10:11:33,354 kilosort.run_kilosort DEBUG    iU shape: torch.Size([12])
2025-05-13 10:11:33,354 kilosort.run_kilosort INFO      
2025-05-13 10:11:33,355 kilosort.run_kilosort INFO     Resource usage after spike detection
2025-05-13 10:11:33,356 kilosort.run_kilosort INFO     ********************************************************
2025-05-13 10:11:33,357 kilosort.run_kilosort INFO     CPU usage:    40.00 %
2025-05-13 10:11:33,357 kilosort.run_kilosort INFO     Memory:        5.26 %     |     39.67   /   754.60 GB
2025-05-13 10:11:33,358 kilosort.run_kilosort INFO     ------------------------------------------------------
2025-05-13 10:11:33,358 kilosort.run_kilosort INFO     GPU usage:    N/A
2025-05-13 10:11:33,358 kilosort.run_kilosort INFO     GPU memory:   N/A
2025-05-13 10:11:33,359 kilosort.run_kilosort INFO     ********************************************************
2025-05-13 10:11:33,359 kilosort.run_kilosort INFO      
2025-05-13 10:11:33,360 kilosort.run_kilosort INFO     Final clustering
2025-05-13 10:11:33,360 kilosort.run_kilosort INFO     ----------------------------------------
2025-05-13 10:11:33,366 kilosort.clustering_qr DEBUG     
2025-05-13 10:11:33,366 kilosort.clustering_qr DEBUG    Cluster center: 0 of 12
2025-05-13 10:11:33,366 kilosort.clustering_qr DEBUG    ********************************************************
2025-05-13 10:11:33,366 kilosort.clustering_qr DEBUG    CPU usage:    17.60 %
2025-05-13 10:11:33,366 kilosort.clustering_qr DEBUG    Memory:        5.26 %     |     39.67   /   754.60 GB
2025-05-13 10:11:33,366 kilosort.clustering_qr DEBUG    ------------------------------------------------------
2025-05-13 10:11:33,366 kilosort.clustering_qr DEBUG    GPU usage:    N/A
2025-05-13 10:11:33,366 kilosort.clustering_qr DEBUG    GPU memory:   N/A
2025-05-13 10:11:33,366 kilosort.clustering_qr DEBUG    ********************************************************
2025-05-13 10:11:33,367 kilosort.clustering_qr DEBUG    Center 0 | nsp: 3817 | ntemp: 2
2025-05-13 10:11:34,525 kilosort.clustering_qr DEBUG    Center 1 | nsp: 0 | ntemp: 0
2025-05-13 10:11:34,549 kilosort.clustering_qr DEBUG    Center 2 | nsp: 2095 | ntemp: 3
2025-05-13 10:11:35,332 kilosort.clustering_qr DEBUG    Center 3 | nsp: 0 | ntemp: 0
2025-05-13 10:11:35,333 kilosort.clustering_qr DEBUG    Center 4 | nsp: 836 | ntemp: 1
2025-05-13 10:11:35,334 kilosort.clustering_qr DEBUG    Center 5 | nsp: 1686 | ntemp: 1
2025-05-13 10:11:36,031 kilosort.clustering_qr DEBUG    Center 6 | nsp: 712 | ntemp: 1
2025-05-13 10:11:36,031 kilosort.clustering_qr DEBUG    Center 7 | nsp: 0 | ntemp: 0
2025-05-13 10:11:36,031 kilosort.clustering_qr DEBUG    Center 8 | nsp: 0 | ntemp: 0
2025-05-13 10:11:36,032 kilosort.clustering_qr DEBUG    Center 9 | nsp: 1915 | ntemp: 2
2025-05-13 10:11:36,650 kilosort.clustering_qr DEBUG     
2025-05-13 10:11:36,650 kilosort.clustering_qr DEBUG    Cluster center: 10 of 12
2025-05-13 10:11:36,650 kilosort.clustering_qr DEBUG    ********************************************************
2025-05-13 10:11:36,650 kilosort.clustering_qr DEBUG    CPU usage:    38.90 %
2025-05-13 10:11:36,650 kilosort.clustering_qr DEBUG    Memory:        5.26 %     |     39.67   /   754.60 GB
2025-05-13 10:11:36,650 kilosort.clustering_qr DEBUG    ------------------------------------------------------
2025-05-13 10:11:36,650 kilosort.clustering_qr DEBUG    GPU usage:    N/A
2025-05-13 10:11:36,650 kilosort.clustering_qr DEBUG    GPU memory:   N/A
2025-05-13 10:11:36,650 kilosort.clustering_qr DEBUG    ********************************************************
2025-05-13 10:11:36,651 kilosort.clustering_qr DEBUG    Center 10 | nsp: 0 | ntemp: 0
2025-05-13 10:11:36,651 kilosort.clustering_qr DEBUG    Center 11 | nsp: 2477 | ntemp: 2
2025-05-13 10:11:37,504 kilosort.run_kilosort INFO     19 clusters found, in  4.14s; total  54.41s
2025-05-13 10:11:37,505 kilosort.run_kilosort DEBUG    clu shape: (13538,)
2025-05-13 10:11:37,505 kilosort.run_kilosort DEBUG    Wall shape: torch.Size([19, 32, 6])
2025-05-13 10:11:37,505 kilosort.run_kilosort INFO      
2025-05-13 10:11:37,505 kilosort.run_kilosort INFO     Merging clusters
2025-05-13 10:11:37,506 kilosort.run_kilosort INFO     ----------------------------------------
2025-05-13 10:11:37,519 kilosort.run_kilosort INFO     19 units found, in  0.01s; total  54.43s
2025-05-13 10:11:37,520 kilosort.run_kilosort DEBUG    clu shape: (13538,)
2025-05-13 10:11:37,520 kilosort.run_kilosort DEBUG    Wall shape: torch.Size([19, 32, 6])
2025-05-13 10:11:37,520 kilosort.run_kilosort INFO      
2025-05-13 10:11:37,521 kilosort.run_kilosort INFO     Resource usage after clustering
2025-05-13 10:11:37,521 kilosort.run_kilosort INFO     ********************************************************
2025-05-13 10:11:37,522 kilosort.run_kilosort INFO     CPU usage:    38.90 %
2025-05-13 10:11:37,522 kilosort.run_kilosort INFO     Memory:        5.26 %     |     39.67   /   754.60 GB
2025-05-13 10:11:37,523 kilosort.run_kilosort INFO     ------------------------------------------------------
2025-05-13 10:11:37,523 kilosort.run_kilosort INFO     GPU usage:    N/A
2025-05-13 10:11:37,524 kilosort.run_kilosort INFO     GPU memory:   N/A
2025-05-13 10:11:37,524 kilosort.run_kilosort INFO     ********************************************************
2025-05-13 10:11:37,524 kilosort.run_kilosort INFO      
2025-05-13 10:11:37,525 kilosort.run_kilosort INFO     Saving to phy and computing refractory periods
2025-05-13 10:11:37,525 kilosort.run_kilosort INFO     ----------------------------------------
2025-05-13 10:11:37,755 kilosort.run_kilosort INFO     5 units found with good refractory periods
2025-05-13 10:11:37,756 kilosort.run_kilosort INFO     Total runtime: 54.66s = 00:00:55 h:m:s
2025-05-13 10:11:37,764 kilosort.run_kilosort INFO     Sorting output saved in: /home/lss72/palmer_scratch/spike_sort/kilosort4.
2025-05-13 10:11:37,764 kilosort.run_kilosort INFO      
2025-05-13 10:11:37,765 kilosort.run_kilosort INFO     Resource usage after saving
2025-05-13 10:11:37,765 kilosort.run_kilosort INFO     ********************************************************
2025-05-13 10:11:37,766 kilosort.run_kilosort INFO     CPU usage:    15.50 %
2025-05-13 10:11:37,766 kilosort.run_kilosort INFO     Memory:        5.26 %     |     39.67   /   754.60 GB
2025-05-13 10:11:37,766 kilosort.run_kilosort INFO     ------------------------------------------------------
2025-05-13 10:11:37,767 kilosort.run_kilosort INFO     GPU usage:    N/A
2025-05-13 10:11:37,767 kilosort.run_kilosort INFO     GPU memory:   N/A
2025-05-13 10:11:37,768 kilosort.run_kilosort INFO     ********************************************************
