2025-05-08 19:50:02,519 kilosort.run_kilosort INFO     Kilosort version 4.0.25
2025-05-08 19:50:02,523 kilosort.run_kilosort INFO     Python version 3.9.21
2025-05-08 19:50:02,524 kilosort.run_kilosort INFO     ----------------------------------------
2025-05-08 19:50:02,524 kilosort.run_kilosort INFO     System information:
2025-05-08 19:50:02,524 kilosort.run_kilosort INFO     Linux-4.18.0-477.74.1.el8_8.x86_64-x86_64-with-glibc2.28 x86_64
2025-05-08 19:50:02,525 kilosort.run_kilosort INFO     x86_64
2025-05-08 19:50:02,525 kilosort.run_kilosort INFO     Using GPU for PyTorch computations. Specify `device` to change this.
2025-05-08 19:50:02,526 kilosort.run_kilosort INFO     Using CUDA device: NVIDIA A100-PCIE-40GB 39.50GB
2025-05-08 19:50:02,526 kilosort.run_kilosort INFO     ----------------------------------------
2025-05-08 19:50:02,526 kilosort.run_kilosort INFO     Sorting /home/lss72/palmer_scratch/spike_sort/2014_11_13_Pair_3_0
2025-05-08 19:50:02,527 kilosort.run_kilosort DEBUG    Initial ops:

ops = {
    'n_chan_bin': 32,
    'fs': 30000,
    'batch_size': 60000,
    'nblocks': 1,
    'Th_universal': 9,
    'Th_learned': 8,
    'tmin': 0,
    'tmax': 10,
    'nt': 61,
    'shift': None,
    'scale': None,
    'artifact_threshold': inf,
    'nskip': 25,
    'whitening_range': 32,
    'highpass_cutoff': 300,
    'binning_depth': 5,
    'sig_interp': 20,
    'drift_smoothing': [0.5, 0.5, 0.5],
    'nt0min': 20,
    'dmin': None,
    'dminx': 32,
    'min_template_size': 10,
    'template_sizes': 5,
    'nearest_chans': 10,
    'nearest_templates': 100,
    'max_channel_distance': 32,
    'max_peels': 100,
    'templates_from_data': True,
    'n_templates': 6,
    'n_pcs': 6,
    'Th_single_ch': 6,
    'acg_threshold': 0.2,
    'ccg_threshold': 0.25,
    'cluster_downsampling': 20,
    'x_centers': None,
    'duplicate_spike_ms': 0.25,
    'position_limit': 100,
    'data_dir': PosixPath('/home/lss72/palmer_scratch/spike_sort'),
    'filename': PosixPath('/home/lss72/palmer_scratch/spike_sort/2014_11_13_Pair_3_0'),
    'data_dtype': dtype('uint16'),
    'do_CAR': True,
    'invert_sign': False,
    'NTbuff': 60122,
    'Nchan': 32,
    'duplicate_spike_bins': 7,
    'torch_device': 'cuda',
    'save_preprocessed_copy': False
}

2025-05-08 19:50:02,529 kilosort.run_kilosort DEBUG    Probe dictionary:

probe = {
    'chanMap': np.array([ 0,  1,  2,  3,  4,  5,  6,  7,  8,  9, 10, 11, 12, 13, 14, 15, 16,
       17, 18, 19, 20, 21, 22, 23, 24, 25, 26, 27, 28, 29, 30, 31]),
    'xc': np.array([25.5, 25.5, 43.5, 43.5, 43.5, 43.5, 43.5, 43.5, 25.5, 25.5, 43.5,
       43.5, 43.5, 43.5, 25.5, 25.5, 25.5, 25.5,  7.5,  7.5,  7.5,  7.5,
       25.5, 25.5,  7.5,  7.5,  7.5,  7.5,  7.5,  7.5, 25.5, 25.5],
      dtype=np.float32),
    'yc': np.array([282.5, 232.5,  20. ,  45. ,  95. , 145. , 195. , 245. ,  82.5,
        32.5, 220. , 170. , 120. ,  70. , 132.5, 182.5, 157.5, 107.5,
        70. , 120. , 170. , 220. ,   7.5,  57.5, 245. , 195. , 145. ,
        95. ,  45. ,  20. , 207.5, 257.5], dtype=np.float32),
    'kcoords': np.array([0., 0., 0., 0., 0., 0., 0., 0., 0., 0., 0., 0., 0., 0., 0., 0., 0.,
       0., 0., 0., 0., 0., 0., 0., 0., 0., 0., 0., 0., 0., 0., 0.]),
    'n_chan': 32
}

2025-05-08 19:50:02,529 kilosort.run_kilosort INFO      
2025-05-08 19:50:02,529 kilosort.run_kilosort INFO     Computing preprocessing variables.
2025-05-08 19:50:02,530 kilosort.run_kilosort INFO     ----------------------------------------
2025-05-08 19:50:02,532 kilosort.run_kilosort INFO     N samples: 300000
2025-05-08 19:50:02,532 kilosort.run_kilosort INFO     N seconds: 10.0
2025-05-08 19:50:02,532 kilosort.run_kilosort INFO     N batches: 5
2025-05-08 19:50:02,571 kilosort.run_kilosort INFO     Preprocessing filters computed in  0.04s; total  0.04s
2025-05-08 19:50:02,571 kilosort.run_kilosort DEBUG    hp_filter shape: torch.Size([30122])
2025-05-08 19:50:02,571 kilosort.run_kilosort DEBUG    whiten_mat shape: torch.Size([32, 32])
2025-05-08 19:50:02,571 kilosort.run_kilosort INFO      
2025-05-08 19:50:02,572 kilosort.run_kilosort INFO     Resource usage after preprocessing
2025-05-08 19:50:02,572 kilosort.run_kilosort INFO     ********************************************************
2025-05-08 19:50:02,573 kilosort.run_kilosort INFO     CPU usage:    10.30 %
2025-05-08 19:50:02,573 kilosort.run_kilosort INFO     Memory:       16.75 %     |    126.41   /   754.60 GB
2025-05-08 19:50:02,573 kilosort.run_kilosort INFO     ------------------------------------------------------
2025-05-08 19:50:02,574 kilosort.run_kilosort INFO     GPU usage:    `conda install pynvml` for GPU usage
2025-05-08 19:50:02,574 kilosort.run_kilosort INFO     GPU memory:    2.55 %     |      1.01   /    39.50 GB
2025-05-08 19:50:02,575 kilosort.run_kilosort INFO     Allocated:     0.02 %     |      0.01   /    39.50 GB
2025-05-08 19:50:02,575 kilosort.run_kilosort INFO     Max alloc:     0.75 %     |      0.30   /    39.50 GB
2025-05-08 19:50:02,575 kilosort.run_kilosort INFO     ********************************************************
2025-05-08 19:50:02,602 kilosort.run_kilosort INFO      
2025-05-08 19:50:02,602 kilosort.run_kilosort INFO     Computing drift correction.
2025-05-08 19:50:02,602 kilosort.run_kilosort INFO     ----------------------------------------
2025-05-08 19:50:02,603 kilosort.spikedetect INFO     Re-computing universal templates from data.
2025-05-08 19:50:02,642 kilosort.spikedetect INFO     Number of universal templates: 135
2025-05-08 19:50:02,644 kilosort.spikedetect INFO     Detecting spikes...
2025-05-08 19:50:02,647 kilosort.spikedetect DEBUG     
2025-05-08 19:50:02,647 kilosort.spikedetect DEBUG    Batch 0
2025-05-08 19:50:02,647 kilosort.spikedetect DEBUG    ********************************************************
2025-05-08 19:50:02,647 kilosort.spikedetect DEBUG    CPU usage:    21.20 %
2025-05-08 19:50:02,647 kilosort.spikedetect DEBUG    Memory:       16.75 %     |    126.41   /   754.60 GB
2025-05-08 19:50:02,647 kilosort.spikedetect DEBUG    ------------------------------------------------------
2025-05-08 19:50:02,647 kilosort.spikedetect DEBUG    GPU usage:    `conda install pynvml` for GPU usage
2025-05-08 19:50:02,647 kilosort.spikedetect DEBUG    GPU memory:    2.55 %     |      1.01   /    39.50 GB
2025-05-08 19:50:02,648 kilosort.spikedetect DEBUG    Allocated:     0.02 %     |      0.01   /    39.50 GB
2025-05-08 19:50:02,648 kilosort.spikedetect DEBUG    Max alloc:     0.75 %     |      0.30   /    39.50 GB
2025-05-08 19:50:02,648 kilosort.spikedetect DEBUG    ********************************************************
2025-05-08 19:50:02,866 kilosort.spikedetect DEBUG     
2025-05-08 19:50:02,866 kilosort.spikedetect DEBUG    Batch 4
2025-05-08 19:50:02,866 kilosort.spikedetect DEBUG    ********************************************************
2025-05-08 19:50:02,866 kilosort.spikedetect DEBUG    CPU usage:    13.70 %
2025-05-08 19:50:02,866 kilosort.spikedetect DEBUG    Memory:       16.75 %     |    126.42   /   754.60 GB
2025-05-08 19:50:02,866 kilosort.spikedetect DEBUG    ------------------------------------------------------
2025-05-08 19:50:02,866 kilosort.spikedetect DEBUG    GPU usage:    `conda install pynvml` for GPU usage
2025-05-08 19:50:02,866 kilosort.spikedetect DEBUG    GPU memory:    2.55 %     |      1.01   /    39.50 GB
2025-05-08 19:50:02,866 kilosort.spikedetect DEBUG    Allocated:     0.04 %     |      0.02   /    39.50 GB
2025-05-08 19:50:02,867 kilosort.spikedetect DEBUG    Max alloc:     0.75 %     |      0.30   /    39.50 GB
2025-05-08 19:50:02,867 kilosort.spikedetect DEBUG    ********************************************************
2025-05-08 19:50:02,934 kilosort.run_kilosort INFO     drift computed in  0.33s; total  0.41s
2025-05-08 19:50:02,938 kilosort.run_kilosort DEBUG    st shape: (2077, 6)
2025-05-08 19:50:02,938 kilosort.run_kilosort DEBUG    yblk shape: (1,)
2025-05-08 19:50:02,938 kilosort.run_kilosort DEBUG    dshift shape: (5, 1)
2025-05-08 19:50:02,938 kilosort.run_kilosort DEBUG    iKxx shape: torch.Size([32, 32])
2025-05-08 19:50:02,938 kilosort.run_kilosort INFO      
2025-05-08 19:50:02,938 kilosort.run_kilosort INFO     Resource usage after drift correction
2025-05-08 19:50:02,939 kilosort.run_kilosort INFO     ********************************************************
2025-05-08 19:50:02,939 kilosort.run_kilosort INFO     CPU usage:    15.20 %
2025-05-08 19:50:02,940 kilosort.run_kilosort INFO     Memory:       16.75 %     |    126.42   /   754.60 GB
2025-05-08 19:50:02,940 kilosort.run_kilosort INFO     ------------------------------------------------------
2025-05-08 19:50:02,941 kilosort.run_kilosort INFO     GPU usage:    `conda install pynvml` for GPU usage
2025-05-08 19:50:02,941 kilosort.run_kilosort INFO     GPU memory:    2.55 %     |      1.01   /    39.50 GB
2025-05-08 19:50:02,941 kilosort.run_kilosort INFO     Allocated:     0.02 %     |      0.01   /    39.50 GB
2025-05-08 19:50:02,942 kilosort.run_kilosort INFO     Max alloc:     0.75 %     |      0.30   /    39.50 GB
2025-05-08 19:50:02,942 kilosort.run_kilosort INFO     ********************************************************
2025-05-08 19:50:02,943 kilosort.run_kilosort DEBUG    

|===========================================================================|
|                  PyTorch CUDA memory summary, device ID 0                 |
|---------------------------------------------------------------------------|
|            CUDA OOMs: 0            |        cudaMalloc retries: 0         |
|===========================================================================|
|        Metric         | Cur Usage  | Peak Usage | Tot Alloc  | Tot Freed  |
|---------------------------------------------------------------------------|
| Allocated memory      |   8867 KiB | 310260 KiB |  89166 MiB |  89157 MiB |
|---------------------------------------------------------------------------|
| Active memory         |   8867 KiB | 310260 KiB |  89166 MiB |  89157 MiB |
|---------------------------------------------------------------------------|
| Requested memory      |   8864 KiB | 310158 KiB |  88185 MiB |  88176 MiB |
|---------------------------------------------------------------------------|
| GPU reserved memory   | 477184 KiB | 477184 KiB | 477184 KiB |      0 B   |
|---------------------------------------------------------------------------|
| Non-releasable memory |  13660 KiB | 184425 KiB |  44940 MiB |  44926 MiB |
|---------------------------------------------------------------------------|
| Allocations           |      20    |      48    |   18880    |   18860    |
|---------------------------------------------------------------------------|
| Active allocs         |      20    |      48    |   18880    |   18860    |
|---------------------------------------------------------------------------|
| GPU reserved segments |      13    |      13    |      13    |       0    |
|---------------------------------------------------------------------------|
| Non-releasable allocs |       9    |      22    |    6435    |    6426    |
|---------------------------------------------------------------------------|
| Oversize allocations  |       0    |       0    |       0    |       0    |
|---------------------------------------------------------------------------|
| Oversize GPU segments |       0    |       0    |       0    |       0    |
|===========================================================================|


2025-05-08 19:50:02,950 kilosort.run_kilosort DEBUG    First batch min, max: (-20.231596, 13.883576)
2025-05-08 19:50:02,950 kilosort.run_kilosort INFO      
2025-05-08 19:50:02,950 kilosort.run_kilosort INFO     Extracting spikes using templates
2025-05-08 19:50:02,951 kilosort.run_kilosort INFO     ----------------------------------------
2025-05-08 19:50:02,951 kilosort.spikedetect INFO     Re-computing universal templates from data.
2025-05-08 19:50:02,990 kilosort.spikedetect INFO     Number of universal templates: 135
2025-05-08 19:50:02,993 kilosort.spikedetect INFO     Detecting spikes...
2025-05-08 19:50:02,995 kilosort.spikedetect DEBUG     
2025-05-08 19:50:02,995 kilosort.spikedetect DEBUG    Batch 0
2025-05-08 19:50:02,995 kilosort.spikedetect DEBUG    ********************************************************
2025-05-08 19:50:02,995 kilosort.spikedetect DEBUG    CPU usage:    22.60 %
2025-05-08 19:50:02,995 kilosort.spikedetect DEBUG    Memory:       16.75 %     |    126.42   /   754.60 GB
2025-05-08 19:50:02,995 kilosort.spikedetect DEBUG    ------------------------------------------------------
2025-05-08 19:50:02,995 kilosort.spikedetect DEBUG    GPU usage:    `conda install pynvml` for GPU usage
2025-05-08 19:50:02,995 kilosort.spikedetect DEBUG    GPU memory:    2.55 %     |      1.01   /    39.50 GB
2025-05-08 19:50:02,995 kilosort.spikedetect DEBUG    Allocated:     0.02 %     |      0.01   /    39.50 GB
2025-05-08 19:50:02,996 kilosort.spikedetect DEBUG    Max alloc:     0.75 %     |      0.30   /    39.50 GB
2025-05-08 19:50:02,996 kilosort.spikedetect DEBUG    ********************************************************
2025-05-08 19:50:03,144 kilosort.spikedetect DEBUG     
2025-05-08 19:50:03,144 kilosort.spikedetect DEBUG    Batch 4
2025-05-08 19:50:03,144 kilosort.spikedetect DEBUG    ********************************************************
2025-05-08 19:50:03,144 kilosort.spikedetect DEBUG    CPU usage:    13.90 %
2025-05-08 19:50:03,144 kilosort.spikedetect DEBUG    Memory:       16.75 %     |    126.43   /   754.60 GB
2025-05-08 19:50:03,144 kilosort.spikedetect DEBUG    ------------------------------------------------------
2025-05-08 19:50:03,144 kilosort.spikedetect DEBUG    GPU usage:    `conda install pynvml` for GPU usage
2025-05-08 19:50:03,145 kilosort.spikedetect DEBUG    GPU memory:    2.55 %     |      1.01   /    39.50 GB
2025-05-08 19:50:03,145 kilosort.spikedetect DEBUG    Allocated:     0.04 %     |      0.02   /    39.50 GB
2025-05-08 19:50:03,145 kilosort.spikedetect DEBUG    Max alloc:     0.75 %     |      0.30   /    39.50 GB
2025-05-08 19:50:03,145 kilosort.spikedetect DEBUG    ********************************************************
2025-05-08 19:50:03,145 kilosort.run_kilosort INFO     2026 spikes extracted in  0.20s; total  0.62s
2025-05-08 19:50:03,145 kilosort.run_kilosort DEBUG    st0 shape: (2026, 6)
2025-05-08 19:50:03,145 kilosort.run_kilosort DEBUG    tF shape: torch.Size([2026, 10, 6])
2025-05-08 19:50:03,145 kilosort.run_kilosort INFO      
2025-05-08 19:50:03,146 kilosort.run_kilosort INFO     First clustering
2025-05-08 19:50:03,146 kilosort.run_kilosort INFO     ----------------------------------------
2025-05-08 19:50:03,152 kilosort.clustering_qr DEBUG     
2025-05-08 19:50:03,152 kilosort.clustering_qr DEBUG    Cluster center: 0 of 12
2025-05-08 19:50:03,152 kilosort.clustering_qr DEBUG    ********************************************************
2025-05-08 19:50:03,152 kilosort.clustering_qr DEBUG    CPU usage:    15.40 %
2025-05-08 19:50:03,152 kilosort.clustering_qr DEBUG    Memory:       16.75 %     |    126.43   /   754.60 GB
2025-05-08 19:50:03,152 kilosort.clustering_qr DEBUG    ------------------------------------------------------
2025-05-08 19:50:03,152 kilosort.clustering_qr DEBUG    GPU usage:    `conda install pynvml` for GPU usage
2025-05-08 19:50:03,152 kilosort.clustering_qr DEBUG    GPU memory:    2.55 %     |      1.01   /    39.50 GB
2025-05-08 19:50:03,152 kilosort.clustering_qr DEBUG    Allocated:     0.02 %     |      0.01   /    39.50 GB
2025-05-08 19:50:03,153 kilosort.clustering_qr DEBUG    Max alloc:     0.75 %     |      0.30   /    39.50 GB
2025-05-08 19:50:03,153 kilosort.clustering_qr DEBUG    ********************************************************
2025-05-08 19:50:03,155 kilosort.clustering_qr DEBUG    Center 0 | nsp: 250 | ntemp: 12
2025-05-08 19:50:03,157 kilosort.clustering_qr DEBUG    Center 1 | nsp: 259 | ntemp: 12
2025-05-08 19:50:03,159 kilosort.clustering_qr DEBUG    Center 2 | nsp: 170 | ntemp: 12
2025-05-08 19:50:03,162 kilosort.clustering_qr DEBUG    Center 3 | nsp: 280 | ntemp: 12
2025-05-08 19:50:03,163 kilosort.clustering_qr DEBUG    Center 4 | nsp: 72 | ntemp: 12
2025-05-08 19:50:03,166 kilosort.clustering_qr DEBUG    Center 5 | nsp: 132 | ntemp: 12
2025-05-08 19:50:03,167 kilosort.clustering_qr DEBUG    Center 6 | nsp: 54 | ntemp: 12
2025-05-08 19:50:03,170 kilosort.clustering_qr DEBUG    Center 7 | nsp: 222 | ntemp: 12
2025-05-08 19:50:03,172 kilosort.clustering_qr DEBUG    Center 8 | nsp: 170 | ntemp: 12
2025-05-08 19:50:03,174 kilosort.clustering_qr DEBUG    Center 9 | nsp: 151 | ntemp: 12
2025-05-08 19:50:03,174 kilosort.clustering_qr DEBUG     
2025-05-08 19:50:03,174 kilosort.clustering_qr DEBUG    Cluster center: 10 of 12
2025-05-08 19:50:03,174 kilosort.clustering_qr DEBUG    ********************************************************
2025-05-08 19:50:03,174 kilosort.clustering_qr DEBUG    CPU usage:    42.70 %
2025-05-08 19:50:03,174 kilosort.clustering_qr DEBUG    Memory:       16.75 %     |    126.43   /   754.60 GB
2025-05-08 19:50:03,174 kilosort.clustering_qr DEBUG    ------------------------------------------------------
2025-05-08 19:50:03,174 kilosort.clustering_qr DEBUG    GPU usage:    `conda install pynvml` for GPU usage
2025-05-08 19:50:03,174 kilosort.clustering_qr DEBUG    GPU memory:    2.55 %     |      1.01   /    39.50 GB
2025-05-08 19:50:03,175 kilosort.clustering_qr DEBUG    Allocated:     0.02 %     |      0.01   /    39.50 GB
2025-05-08 19:50:03,175 kilosort.clustering_qr DEBUG    Max alloc:     0.75 %     |      0.30   /    39.50 GB
2025-05-08 19:50:03,175 kilosort.clustering_qr DEBUG    ********************************************************
2025-05-08 19:50:03,177 kilosort.clustering_qr DEBUG    Center 10 | nsp: 162 | ntemp: 12
2025-05-08 19:50:03,178 kilosort.clustering_qr DEBUG    Center 11 | nsp: 104 | ntemp: 3
2025-05-08 19:50:03,192 kilosort.run_kilosort INFO     12 clusters found, in  0.05s; total  0.66s
2025-05-08 19:50:03,192 kilosort.run_kilosort DEBUG    clu shape: (2026,)
2025-05-08 19:50:03,192 kilosort.run_kilosort DEBUG    Wall shape: torch.Size([12, 32, 6])
2025-05-08 19:50:03,192 kilosort.run_kilosort INFO      
2025-05-08 19:50:03,192 kilosort.run_kilosort INFO     Extracting spikes using cluster waveforms
2025-05-08 19:50:03,193 kilosort.run_kilosort INFO     ----------------------------------------
2025-05-08 19:50:03,207 kilosort.template_matching DEBUG     
2025-05-08 19:50:03,207 kilosort.template_matching DEBUG    Batch 0
2025-05-08 19:50:03,207 kilosort.template_matching DEBUG    ********************************************************
2025-05-08 19:50:03,207 kilosort.template_matching DEBUG    CPU usage:    28.00 %
2025-05-08 19:50:03,207 kilosort.template_matching DEBUG    Memory:       16.78 %     |    126.65   /   754.60 GB
2025-05-08 19:50:03,207 kilosort.template_matching DEBUG    ------------------------------------------------------
2025-05-08 19:50:03,208 kilosort.template_matching DEBUG    GPU usage:    `conda install pynvml` for GPU usage
2025-05-08 19:50:03,209 kilosort.template_matching DEBUG    GPU memory:    2.55 %     |      1.01   /    39.50 GB
2025-05-08 19:50:03,209 kilosort.template_matching DEBUG    Allocated:     0.02 %     |      0.01   /    39.50 GB
2025-05-08 19:50:03,209 kilosort.template_matching DEBUG    Max alloc:     0.75 %     |      0.30   /    39.50 GB
2025-05-08 19:50:03,209 kilosort.template_matching DEBUG    ********************************************************
2025-05-08 19:50:03,315 kilosort.template_matching DEBUG     
2025-05-08 19:50:03,315 kilosort.template_matching DEBUG    Batch 4
2025-05-08 19:50:03,316 kilosort.template_matching DEBUG    ********************************************************
2025-05-08 19:50:03,316 kilosort.template_matching DEBUG    CPU usage:    15.70 %
2025-05-08 19:50:03,316 kilosort.template_matching DEBUG    Memory:       16.79 %     |    126.66   /   754.60 GB
2025-05-08 19:50:03,316 kilosort.template_matching DEBUG    ------------------------------------------------------
2025-05-08 19:50:03,316 kilosort.template_matching DEBUG    GPU usage:    `conda install pynvml` for GPU usage
2025-05-08 19:50:03,316 kilosort.template_matching DEBUG    GPU memory:    2.56 %     |      1.01   /    39.50 GB
2025-05-08 19:50:03,316 kilosort.template_matching DEBUG    Allocated:     0.06 %     |      0.02   /    39.50 GB
2025-05-08 19:50:03,316 kilosort.template_matching DEBUG    Max alloc:     0.75 %     |      0.30   /    39.50 GB
2025-05-08 19:50:03,316 kilosort.template_matching DEBUG    ********************************************************
2025-05-08 19:50:03,317 kilosort.run_kilosort INFO     2620 spikes extracted in  0.13s; total  0.79s
2025-05-08 19:50:03,321 kilosort.run_kilosort DEBUG    st shape: (2620, 3)
2025-05-08 19:50:03,321 kilosort.run_kilosort DEBUG    tF shape: torch.Size([2620, 10, 6])
2025-05-08 19:50:03,321 kilosort.run_kilosort DEBUG    iCC shape: torch.Size([10, 32])
2025-05-08 19:50:03,321 kilosort.run_kilosort DEBUG    iU shape: torch.Size([12])
2025-05-08 19:50:03,321 kilosort.run_kilosort INFO      
2025-05-08 19:50:03,322 kilosort.run_kilosort INFO     Resource usage after spike detection
2025-05-08 19:50:03,322 kilosort.run_kilosort INFO     ********************************************************
2025-05-08 19:50:03,323 kilosort.run_kilosort INFO     CPU usage:    28.00 %
2025-05-08 19:50:03,323 kilosort.run_kilosort INFO     Memory:       16.76 %     |    126.44   /   754.60 GB
2025-05-08 19:50:03,323 kilosort.run_kilosort INFO     ------------------------------------------------------
2025-05-08 19:50:03,324 kilosort.run_kilosort INFO     GPU usage:    `conda install pynvml` for GPU usage
2025-05-08 19:50:03,324 kilosort.run_kilosort INFO     GPU memory:    2.56 %     |      1.01   /    39.50 GB
2025-05-08 19:50:03,325 kilosort.run_kilosort INFO     Allocated:     0.02 %     |      0.01   /    39.50 GB
2025-05-08 19:50:03,325 kilosort.run_kilosort INFO     Max alloc:     0.75 %     |      0.30   /    39.50 GB
2025-05-08 19:50:03,326 kilosort.run_kilosort INFO     ********************************************************
2025-05-08 19:50:03,326 kilosort.run_kilosort DEBUG    

|===========================================================================|
|                  PyTorch CUDA memory summary, device ID 0                 |
|---------------------------------------------------------------------------|
|            CUDA OOMs: 0            |        cudaMalloc retries: 0         |
|===========================================================================|
|        Metric         | Cur Usage  | Peak Usage | Tot Alloc  | Tot Freed  |
|---------------------------------------------------------------------------|
| Allocated memory      |   8880 KiB | 310536 KiB | 131284 MiB | 131275 MiB |
|---------------------------------------------------------------------------|
| Active memory         |   8880 KiB | 310536 KiB | 131284 MiB | 131275 MiB |
|---------------------------------------------------------------------------|
| Requested memory      |   8876 KiB | 310266 KiB | 129831 MiB | 129822 MiB |
|---------------------------------------------------------------------------|
| GPU reserved memory   | 479232 KiB | 479232 KiB | 479232 KiB |      0 B   |
|---------------------------------------------------------------------------|
| Non-releasable memory |  13648 KiB | 184425 KiB |  66359 MiB |  66346 MiB |
|---------------------------------------------------------------------------|
| Allocations           |      24    |      56    |   26211    |   26187    |
|---------------------------------------------------------------------------|
| Active allocs         |      24    |      56    |   26211    |   26187    |
|---------------------------------------------------------------------------|
| GPU reserved segments |      14    |      14    |      14    |       0    |
|---------------------------------------------------------------------------|
| Non-releasable allocs |      11    |      25    |    9130    |    9119    |
|---------------------------------------------------------------------------|
| Oversize allocations  |       0    |       0    |       0    |       0    |
|---------------------------------------------------------------------------|
| Oversize GPU segments |       0    |       0    |       0    |       0    |
|===========================================================================|


2025-05-08 19:50:03,326 kilosort.run_kilosort INFO      
2025-05-08 19:50:03,327 kilosort.run_kilosort INFO     Final clustering
2025-05-08 19:50:03,327 kilosort.run_kilosort INFO     ----------------------------------------
2025-05-08 19:50:03,336 kilosort.clustering_qr DEBUG     
2025-05-08 19:50:03,337 kilosort.clustering_qr DEBUG    Cluster center: 0 of 12
2025-05-08 19:50:03,337 kilosort.clustering_qr DEBUG    ********************************************************
2025-05-08 19:50:03,337 kilosort.clustering_qr DEBUG    CPU usage:    23.50 %
2025-05-08 19:50:03,337 kilosort.clustering_qr DEBUG    Memory:       16.76 %     |    126.43   /   754.60 GB
2025-05-08 19:50:03,337 kilosort.clustering_qr DEBUG    ------------------------------------------------------
2025-05-08 19:50:03,337 kilosort.clustering_qr DEBUG    GPU usage:    `conda install pynvml` for GPU usage
2025-05-08 19:50:03,337 kilosort.clustering_qr DEBUG    GPU memory:    2.56 %     |      1.01   /    39.50 GB
2025-05-08 19:50:03,337 kilosort.clustering_qr DEBUG    Allocated:     0.02 %     |      0.01   /    39.50 GB
2025-05-08 19:50:03,337 kilosort.clustering_qr DEBUG    Max alloc:     0.75 %     |      0.30   /    39.50 GB
2025-05-08 19:50:03,337 kilosort.clustering_qr DEBUG    ********************************************************
2025-05-08 19:50:03,338 kilosort.clustering_qr DEBUG    Center 0 | nsp: 381 | ntemp: 1
2025-05-08 19:50:03,339 kilosort.clustering_qr DEBUG    Center 1 | nsp: 303 | ntemp: 1
2025-05-08 19:50:03,340 kilosort.clustering_qr DEBUG    Center 2 | nsp: 558 | ntemp: 2
2025-05-08 19:50:03,341 kilosort.clustering_qr DEBUG    Center 3 | nsp: 0 | ntemp: 0
2025-05-08 19:50:03,341 kilosort.clustering_qr DEBUG    Center 4 | nsp: 119 | ntemp: 1
2025-05-08 19:50:03,342 kilosort.clustering_qr DEBUG    Center 5 | nsp: 197 | ntemp: 1
2025-05-08 19:50:03,343 kilosort.clustering_qr DEBUG    Center 6 | nsp: 76 | ntemp: 1
2025-05-08 19:50:03,343 kilosort.clustering_qr DEBUG    Center 7 | nsp: 0 | ntemp: 0
2025-05-08 19:50:03,344 kilosort.clustering_qr DEBUG    Center 8 | nsp: 433 | ntemp: 2
2025-05-08 19:50:03,345 kilosort.clustering_qr DEBUG    Center 9 | nsp: 198 | ntemp: 1
2025-05-08 19:50:03,345 kilosort.clustering_qr DEBUG     
2025-05-08 19:50:03,345 kilosort.clustering_qr DEBUG    Cluster center: 10 of 12
2025-05-08 19:50:03,345 kilosort.clustering_qr DEBUG    ********************************************************
2025-05-08 19:50:03,346 kilosort.clustering_qr DEBUG    CPU usage:    36.40 %
2025-05-08 19:50:03,346 kilosort.clustering_qr DEBUG    Memory:       16.76 %     |    126.43   /   754.60 GB
2025-05-08 19:50:03,346 kilosort.clustering_qr DEBUG    ------------------------------------------------------
2025-05-08 19:50:03,346 kilosort.clustering_qr DEBUG    GPU usage:    `conda install pynvml` for GPU usage
2025-05-08 19:50:03,346 kilosort.clustering_qr DEBUG    GPU memory:    2.56 %     |      1.01   /    39.50 GB
2025-05-08 19:50:03,346 kilosort.clustering_qr DEBUG    Allocated:     0.02 %     |      0.01   /    39.50 GB
2025-05-08 19:50:03,346 kilosort.clustering_qr DEBUG    Max alloc:     0.75 %     |      0.30   /    39.50 GB
2025-05-08 19:50:03,346 kilosort.clustering_qr DEBUG    ********************************************************
2025-05-08 19:50:03,347 kilosort.clustering_qr DEBUG    Center 10 | nsp: 153 | ntemp: 1
2025-05-08 19:50:03,348 kilosort.clustering_qr DEBUG    Center 11 | nsp: 202 | ntemp: 1
2025-05-08 19:50:03,353 kilosort.run_kilosort INFO     10 clusters found, in  0.03s; total  0.83s
2025-05-08 19:50:03,354 kilosort.run_kilosort DEBUG    clu shape: (2620,)
2025-05-08 19:50:03,354 kilosort.run_kilosort DEBUG    Wall shape: torch.Size([10, 32, 6])
2025-05-08 19:50:03,354 kilosort.run_kilosort INFO      
2025-05-08 19:50:03,354 kilosort.run_kilosort INFO     Merging clusters
2025-05-08 19:50:03,354 kilosort.run_kilosort INFO     ----------------------------------------
2025-05-08 19:50:03,358 kilosort.run_kilosort INFO     10 units found, in  0.00s; total  0.83s
2025-05-08 19:50:03,358 kilosort.run_kilosort DEBUG    clu shape: (2620,)
2025-05-08 19:50:03,358 kilosort.run_kilosort DEBUG    Wall shape: torch.Size([10, 32, 6])
2025-05-08 19:50:03,358 kilosort.run_kilosort INFO      
2025-05-08 19:50:03,358 kilosort.run_kilosort INFO     Resource usage after clustering
2025-05-08 19:50:03,359 kilosort.run_kilosort INFO     ********************************************************
2025-05-08 19:50:03,359 kilosort.run_kilosort INFO     CPU usage:    26.50 %
2025-05-08 19:50:03,360 kilosort.run_kilosort INFO     Memory:       16.76 %     |    126.43   /   754.60 GB
2025-05-08 19:50:03,360 kilosort.run_kilosort INFO     ------------------------------------------------------
2025-05-08 19:50:03,360 kilosort.run_kilosort INFO     GPU usage:    `conda install pynvml` for GPU usage
2025-05-08 19:50:03,361 kilosort.run_kilosort INFO     GPU memory:    2.56 %     |      1.01   /    39.50 GB
2025-05-08 19:50:03,361 kilosort.run_kilosort INFO     Allocated:     0.02 %     |      0.01   /    39.50 GB
2025-05-08 19:50:03,362 kilosort.run_kilosort INFO     Max alloc:     0.75 %     |      0.30   /    39.50 GB
2025-05-08 19:50:03,362 kilosort.run_kilosort INFO     ********************************************************
2025-05-08 19:50:03,363 kilosort.run_kilosort DEBUG    

|===========================================================================|
|                  PyTorch CUDA memory summary, device ID 0                 |
|---------------------------------------------------------------------------|
|            CUDA OOMs: 0            |        cudaMalloc retries: 0         |
|===========================================================================|
|        Metric         | Cur Usage  | Peak Usage | Tot Alloc  | Tot Freed  |
|---------------------------------------------------------------------------|
| Allocated memory      |   8871 KiB | 310536 KiB | 131284 MiB | 131275 MiB |
|---------------------------------------------------------------------------|
| Active memory         |   8871 KiB | 310536 KiB | 131284 MiB | 131275 MiB |
|---------------------------------------------------------------------------|
| Requested memory      |   8867 KiB | 310266 KiB | 129831 MiB | 129822 MiB |
|---------------------------------------------------------------------------|
| GPU reserved memory   | 479232 KiB | 479232 KiB | 479232 KiB |      0 B   |
|---------------------------------------------------------------------------|
| Non-releasable memory |  13657 KiB | 184425 KiB |  66359 MiB |  66346 MiB |
|---------------------------------------------------------------------------|
| Allocations           |      23    |      56    |   26357    |   26334    |
|---------------------------------------------------------------------------|
| Active allocs         |      23    |      56    |   26357    |   26334    |
|---------------------------------------------------------------------------|
| GPU reserved segments |      14    |      14    |      14    |       0    |
|---------------------------------------------------------------------------|
| Non-releasable allocs |      11    |      25    |    9203    |    9192    |
|---------------------------------------------------------------------------|
| Oversize allocations  |       0    |       0    |       0    |       0    |
|---------------------------------------------------------------------------|
| Oversize GPU segments |       0    |       0    |       0    |       0    |
|===========================================================================|


2025-05-08 19:50:03,363 kilosort.run_kilosort INFO      
2025-05-08 19:50:03,363 kilosort.run_kilosort INFO     Saving to phy and computing refractory periods
2025-05-08 19:50:03,363 kilosort.run_kilosort INFO     ----------------------------------------
2025-05-08 19:50:04,430 kilosort.run_kilosort INFO     0 units found with good refractory periods
2025-05-08 19:50:04,431 kilosort.run_kilosort INFO     Total runtime: 1.90s = 00:00:2 h:m:s
2025-05-08 19:50:04,443 kilosort.run_kilosort INFO     Sorting output saved in: /home/lss72/palmer_scratch/spike_sort/kilosort4.
2025-05-08 19:50:04,444 kilosort.run_kilosort INFO      
2025-05-08 19:50:04,444 kilosort.run_kilosort INFO     Resource usage after saving
2025-05-08 19:50:04,445 kilosort.run_kilosort INFO     ********************************************************
2025-05-08 19:50:04,445 kilosort.run_kilosort INFO     CPU usage:    11.90 %
2025-05-08 19:50:04,446 kilosort.run_kilosort INFO     Memory:       16.85 %     |    127.13   /   754.60 GB
2025-05-08 19:50:04,446 kilosort.run_kilosort INFO     ------------------------------------------------------
2025-05-08 19:50:04,446 kilosort.run_kilosort INFO     GPU usage:    `conda install pynvml` for GPU usage
2025-05-08 19:50:04,447 kilosort.run_kilosort INFO     GPU memory:    2.56 %     |      1.01   /    39.50 GB
2025-05-08 19:50:04,447 kilosort.run_kilosort INFO     Allocated:     0.02 %     |      0.01   /    39.50 GB
2025-05-08 19:50:04,448 kilosort.run_kilosort INFO     Max alloc:     0.75 %     |      0.30   /    39.50 GB
2025-05-08 19:50:04,448 kilosort.run_kilosort INFO     ********************************************************
2025-05-08 19:50:04,449 kilosort.run_kilosort DEBUG    

|===========================================================================|
|                  PyTorch CUDA memory summary, device ID 0                 |
|---------------------------------------------------------------------------|
|            CUDA OOMs: 0            |        cudaMalloc retries: 0         |
|===========================================================================|
|        Metric         | Cur Usage  | Peak Usage | Tot Alloc  | Tot Freed  |
|---------------------------------------------------------------------------|
| Allocated memory      |   8871 KiB | 310536 KiB | 131285 MiB | 131276 MiB |
|---------------------------------------------------------------------------|
| Active memory         |   8871 KiB | 310536 KiB | 131285 MiB | 131276 MiB |
|---------------------------------------------------------------------------|
| Requested memory      |   8867 KiB | 310266 KiB | 129831 MiB | 129823 MiB |
|---------------------------------------------------------------------------|
| GPU reserved memory   | 479232 KiB | 479232 KiB | 479232 KiB |      0 B   |
|---------------------------------------------------------------------------|
| Non-releasable memory |  13657 KiB | 184425 KiB |  66360 MiB |  66347 MiB |
|---------------------------------------------------------------------------|
| Allocations           |      23    |      56    |   26518    |   26495    |
|---------------------------------------------------------------------------|
| Active allocs         |      23    |      56    |   26518    |   26495    |
|---------------------------------------------------------------------------|
| GPU reserved segments |      14    |      14    |      14    |       0    |
|---------------------------------------------------------------------------|
| Non-releasable allocs |      11    |      25    |    9278    |    9267    |
|---------------------------------------------------------------------------|
| Oversize allocations  |       0    |       0    |       0    |       0    |
|---------------------------------------------------------------------------|
| Oversize GPU segments |       0    |       0    |       0    |       0    |
|===========================================================================|


