2025-02-26 22:07:18,041 kilosort.run_kilosort INFO     Kilosort version 4.0.25
2025-02-26 22:07:18,043 kilosort.run_kilosort INFO     Python version 3.9.21
2025-02-26 22:07:18,044 kilosort.run_kilosort INFO     ----------------------------------------
2025-02-26 22:07:18,044 kilosort.run_kilosort INFO     System information:
2025-02-26 22:07:18,044 kilosort.run_kilosort INFO     Linux-4.18.0-477.74.1.el8_8.x86_64-x86_64-with-glibc2.28 x86_64
2025-02-26 22:07:18,045 kilosort.run_kilosort INFO     x86_64
2025-02-26 22:07:18,045 kilosort.run_kilosort INFO     Using GPU for PyTorch computations. Specify `device` to change this.
2025-02-26 22:07:18,046 kilosort.run_kilosort INFO     Using CUDA device: NVIDIA A100-PCIE-40GB 39.50GB
2025-02-26 22:07:18,046 kilosort.run_kilosort INFO     ----------------------------------------
2025-02-26 22:07:18,047 kilosort.run_kilosort INFO     Sorting /home/lss72/palmer_scratch/spike_sort/neuropixels.bin
2025-02-26 22:07:18,047 kilosort.run_kilosort INFO     Interpreting binary file as default dtype='int16'. If data was saved in a different format, specify `data_dtype`.
2025-02-26 22:07:18,048 kilosort.run_kilosort DEBUG    Initial ops:

ops = {
    'n_chan_bin': 385,
    'fs': 30000,
    'batch_size': 60000,
    'nblocks': 1,
    'Th_universal': 9,
    'Th_learned': 8,
    'tmin': 0,
    'tmax': 5,
    'nt': 61,
    'shift': None,
    'scale': None,
    'artifact_threshold': inf,
    'nskip': 25,
    'whitening_range': 32,
    'highpass_cutoff': 300,
    'binning_depth': 5,
    'sig_interp': 20,
    'drift_smoothing': [0.5, 0.5, 0.5],
    'nt0min': 20,
    'dmin': None,
    'dminx': 32,
    'min_template_size': 10,
    'template_sizes': 5,
    'nearest_chans': 10,
    'nearest_templates': 100,
    'max_channel_distance': 32,
    'max_peels': 100,
    'templates_from_data': True,
    'n_templates': 6,
    'n_pcs': 6,
    'Th_single_ch': 6,
    'acg_threshold': 0.2,
    'ccg_threshold': 0.25,
    'cluster_downsampling': 20,
    'x_centers': None,
    'duplicate_spike_ms': 0.25,
    'position_limit': 100,
    'data_dir': PosixPath('/home/lss72/palmer_scratch/spike_sort'),
    'probe_path': 'forPRBimecP3opt3.mat',
    'filename': PosixPath('/home/lss72/palmer_scratch/spike_sort/neuropixels.bin'),
    'data_dtype': 'int16',
    'do_CAR': True,
    'invert_sign': False,
    'NTbuff': 60122,
    'Nchan': 374,
    'duplicate_spike_bins': 7,
    'torch_device': 'cuda',
    'save_preprocessed_copy': False
}

2025-02-26 22:07:18,058 kilosort.run_kilosort DEBUG    Probe dictionary:

probe = {
    'xc': np.array([41., 11., 59., 29., 41., 11., 59., 29., 41., 11., 59., 29., 41.,
       11., 59., 29., 41., 11., 59., 29., 41., 11., 59., 29., 41., 11.,
       59., 29., 41., 11., 59., 29., 41., 11., 59., 29., 11., 59., 29.,
       41., 11., 59., 29., 41., 11., 59., 29., 41., 11., 59., 29., 41.,
       11., 59., 29., 41., 11., 59., 29., 41., 11., 59., 29., 41., 11.,
       59., 29., 41., 11., 59., 29., 41., 11., 59., 41., 11., 59., 29.,
       41., 11., 59., 29., 41., 11., 59., 29., 41., 11., 59., 29., 41.,
       11., 59., 29., 41., 11., 59., 29., 41., 11., 59., 29., 41., 11.,
       59., 29., 41., 11., 59., 29., 11., 59., 29., 41., 11., 59., 29.,
       41., 11., 59., 29., 41., 11., 59., 29., 41., 11., 59., 29., 41.,
       11., 59., 29., 41., 11., 59., 29., 41., 11., 59., 29., 41., 11.,
       59., 29., 41., 11., 59., 41., 11., 59., 29., 41., 11., 59., 29.,
       41., 11., 59., 29., 41., 11., 59., 29., 41., 11., 59., 29., 41.,
       11., 59., 29., 41., 11., 59., 29., 41., 11., 59., 29., 41., 11.,
       59., 29., 11., 59., 29., 41., 11., 59., 29., 41., 11., 59., 29.,
       41., 11., 59., 29., 41., 11., 59., 29., 41., 11., 59., 29., 41.,
       11., 59., 29., 41., 11., 59., 29., 41., 11., 59., 29., 41., 11.,
       59., 41., 11., 59., 29., 41., 11., 59., 29., 41., 11., 59., 29.,
       41., 11., 59., 29., 41., 11., 59., 29., 41., 11., 59., 29., 41.,
       11., 59., 29., 41., 11., 59., 29., 41., 11., 59., 29., 11., 59.,
       29., 41., 11., 59., 29., 41., 11., 59., 29., 41., 11., 59., 29.,
       41., 11., 59., 29., 41., 11., 59., 29., 41., 11., 59., 29., 41.,
       11., 59., 29., 41., 11., 59., 29., 41., 11., 59., 41., 11., 59.,
       29., 41., 11., 59., 29., 41., 11., 59., 29., 41., 11., 59., 29.,
       41., 11., 59., 29., 41., 11., 59., 29., 41., 11., 59., 29., 41.,
       11., 59., 29., 41., 11., 59., 29., 11., 59., 29., 41., 11., 59.,
       29., 41., 11., 59., 29., 41., 11., 59., 29., 41., 11., 59., 29.,
       41., 11., 59., 29., 41., 11., 59., 29., 41., 11., 59., 29., 41.,
       11., 59., 29., 41., 11., 59., 41., 11., 59., 29.], dtype=np.float32),
    'yc': np.array([  20.,   20.,   40.,   40.,   60.,   60.,   80.,   80.,  100.,
        100.,  120.,  120.,  140.,  140.,  160.,  160.,  180.,  180.,
        200.,  200.,  220.,  220.,  240.,  240.,  260.,  260.,  280.,
        280.,  300.,  300.,  320.,  320.,  340.,  340.,  360.,  360.,
        380.,  400.,  400.,  420.,  420.,  440.,  440.,  460.,  460.,
        480.,  480.,  500.,  500.,  520.,  520.,  540.,  540.,  560.,
        560.,  580.,  580.,  600.,  600.,  620.,  620.,  640.,  640.,
        660.,  660.,  680.,  680.,  700.,  700.,  720.,  720.,  740.,
        740.,  760.,  780.,  780.,  800.,  800.,  820.,  820.,  840.,
        840.,  860.,  860.,  880.,  880.,  900.,  900.,  920.,  920.,
        940.,  940.,  960.,  960.,  980.,  980., 1000., 1000., 1020.,
       1020., 1040., 1040., 1060., 1060., 1080., 1080., 1100., 1100.,
       1120., 1120., 1140., 1160., 1160., 1180., 1180., 1200., 1200.,
       1220., 1220., 1240., 1240., 1260., 1260., 1280., 1280., 1300.,
       1300., 1320., 1320., 1340., 1340., 1360., 1360., 1380., 1380.,
       1400., 1400., 1420., 1420., 1440., 1440., 1460., 1460., 1480.,
       1480., 1500., 1500., 1520., 1540., 1540., 1560., 1560., 1580.,
       1580., 1600., 1600., 1620., 1620., 1640., 1640., 1660., 1660.,
       1680., 1680., 1700., 1700., 1720., 1720., 1740., 1740., 1760.,
       1760., 1780., 1780., 1800., 1800., 1820., 1820., 1840., 1840.,
       1860., 1860., 1880., 1880., 1900., 1920., 1920., 1940., 1940.,
       1960., 1960., 1980., 1980., 2000., 2000., 2020., 2020., 2040.,
       2040., 2060., 2060., 2080., 2080., 2100., 2100., 2120., 2120.,
       2140., 2140., 2160., 2160., 2180., 2180., 2200., 2200., 2220.,
       2220., 2240., 2240., 2260., 2260., 2280., 2300., 2300., 2320.,
       2320., 2340., 2340., 2360., 2360., 2380., 2380., 2400., 2400.,
       2420., 2420., 2440., 2440., 2460., 2460., 2480., 2480., 2500.,
       2500., 2520., 2520., 2540., 2540., 2560., 2560., 2580., 2580.,
       2600., 2600., 2620., 2620., 2640., 2640., 2660., 2680., 2680.,
       2700., 2700., 2720., 2720., 2740., 2740., 2760., 2760., 2780.,
       2780., 2800., 2800., 2820., 2820., 2840., 2840., 2860., 2860.,
       2880., 2880., 2900., 2900., 2920., 2920., 2940., 2940., 2960.,
       2960., 2980., 2980., 3000., 3000., 3020., 3020., 3040., 3060.,
       3060., 3080., 3080., 3100., 3100., 3120., 3120., 3140., 3140.,
       3160., 3160., 3180., 3180., 3200., 3200., 3220., 3220., 3240.,
       3240., 3260., 3260., 3280., 3280., 3300., 3300., 3320., 3320.,
       3340., 3340., 3360., 3360., 3380., 3380., 3400., 3400., 3420.,
       3440., 3440., 3460., 3460., 3480., 3480., 3500., 3500., 3520.,
       3520., 3540., 3540., 3560., 3560., 3580., 3580., 3600., 3600.,
       3620., 3620., 3640., 3640., 3660., 3660., 3680., 3680., 3700.,
       3700., 3720., 3720., 3740., 3740., 3760., 3760., 3780., 3780.,
       3800., 3820., 3820., 3840., 3840.], dtype=np.float32),
    'kcoords': np.array([0., 0., 0., 0., 0., 0., 0., 0., 0., 0., 0., 0., 0., 0., 0., 0., 0.,
       0., 0., 0., 0., 0., 0., 0., 0., 0., 0., 0., 0., 0., 0., 0., 0., 0.,
       0., 0., 0., 0., 0., 0., 0., 0., 0., 0., 0., 0., 0., 0., 0., 0., 0.,
       0., 0., 0., 0., 0., 0., 0., 0., 0., 0., 0., 0., 0., 0., 0., 0., 0.,
       0., 0., 0., 0., 0., 0., 0., 0., 0., 0., 0., 0., 0., 0., 0., 0., 0.,
       0., 0., 0., 0., 0., 0., 0., 0., 0., 0., 0., 0., 0., 0., 0., 0., 0.,
       0., 0., 0., 0., 0., 0., 0., 0., 0., 0., 0., 0., 0., 0., 0., 0., 0.,
       0., 0., 0., 0., 0., 0., 0., 0., 0., 0., 0., 0., 0., 0., 0., 0., 0.,
       0., 0., 0., 0., 0., 0., 0., 0., 0., 0., 0., 0., 0., 0., 0., 0., 0.,
       0., 0., 0., 0., 0., 0., 0., 0., 0., 0., 0., 0., 0., 0., 0., 0., 0.,
       0., 0., 0., 0., 0., 0., 0., 0., 0., 0., 0., 0., 0., 0., 0., 0., 0.,
       0., 0., 0., 0., 0., 0., 0., 0., 0., 0., 0., 0., 0., 0., 0., 0., 0.,
       0., 0., 0., 0., 0., 0., 0., 0., 0., 0., 0., 0., 0., 0., 0., 0., 0.,
       0., 0., 0., 0., 0., 0., 0., 0., 0., 0., 0., 0., 0., 0., 0., 0., 0.,
       0., 0., 0., 0., 0., 0., 0., 0., 0., 0., 0., 0., 0., 0., 0., 0., 0.,
       0., 0., 0., 0., 0., 0., 0., 0., 0., 0., 0., 0., 0., 0., 0., 0., 0.,
       0., 0., 0., 0., 0., 0., 0., 0., 0., 0., 0., 0., 0., 0., 0., 0., 0.,
       0., 0., 0., 0., 0., 0., 0., 0., 0., 0., 0., 0., 0., 0., 0., 0., 0.,
       0., 0., 0., 0., 0., 0., 0., 0., 0., 0., 0., 0., 0., 0., 0., 0., 0.,
       0., 0., 0., 0., 0., 0., 0., 0., 0., 0., 0., 0., 0., 0., 0., 0., 0.,
       0., 0., 0., 0., 0., 0., 0., 0., 0., 0., 0., 0., 0., 0., 0., 0., 0.,
       0., 0., 0., 0., 0., 0., 0., 0., 0., 0., 0., 0., 0., 0., 0., 0., 0.],
      dtype=np.float32),
    'chanMap': np.array([  0,   1,   2,   3,   4,   5,   6,   7,   8,   9,  10,  11,  12,
        13,  14,  15,  16,  17,  18,  19,  20,  21,  22,  23,  24,  25,
        26,  27,  28,  29,  30,  31,  32,  33,  34,  35,  37,  38,  39,
        40,  41,  42,  43,  44,  45,  46,  47,  48,  49,  50,  51,  52,
        53,  54,  55,  56,  57,  58,  59,  60,  61,  62,  63,  64,  65,
        66,  67,  68,  69,  70,  71,  72,  73,  74,  76,  77,  78,  79,
        80,  81,  82,  83,  84,  85,  86,  87,  88,  89,  90,  91,  92,
        93,  94,  95,  96,  97,  98,  99, 100, 101, 102, 103, 104, 105,
       106, 107, 108, 109, 110, 111, 113, 114, 115, 116, 117, 118, 119,
       120, 121, 122, 123, 124, 125, 126, 127, 128, 129, 130, 131, 132,
       133, 134, 135, 136, 137, 138, 139, 140, 141, 142, 143, 144, 145,
       146, 147, 148, 149, 150, 152, 153, 154, 155, 156, 157, 158, 159,
       160, 161, 162, 163, 164, 165, 166, 167, 168, 169, 170, 171, 172,
       173, 174, 175, 176, 177, 178, 179, 180, 181, 182, 183, 184, 185,
       186, 187, 189, 190, 191, 192, 193, 194, 195, 196, 197, 198, 199,
       200, 201, 202, 203, 204, 205, 206, 207, 208, 209, 210, 211, 212,
       213, 214, 215, 216, 217, 218, 219, 220, 221, 222, 223, 224, 225,
       226, 228, 229, 230, 231, 232, 233, 234, 235, 236, 237, 238, 239,
       240, 241, 242, 243, 244, 245, 246, 247, 248, 249, 250, 251, 252,
       253, 254, 255, 256, 257, 258, 259, 260, 261, 262, 263, 265, 266,
       267, 268, 269, 270, 271, 272, 273, 274, 275, 276, 277, 278, 279,
       280, 281, 282, 283, 284, 285, 286, 287, 288, 289, 290, 291, 292,
       293, 294, 295, 296, 297, 298, 299, 300, 301, 302, 304, 305, 306,
       307, 308, 309, 310, 311, 312, 313, 314, 315, 316, 317, 318, 319,
       320, 321, 322, 323, 324, 325, 326, 327, 328, 329, 330, 331, 332,
       333, 334, 335, 336, 337, 338, 339, 341, 342, 343, 344, 345, 346,
       347, 348, 349, 350, 351, 352, 353, 354, 355, 356, 357, 358, 359,
       360, 361, 362, 363, 364, 365, 366, 367, 368, 369, 370, 371, 372,
       373, 374, 375, 376, 377, 378, 380, 381, 382, 383], dtype=np.int32),
    'n_chan': 384
}

2025-02-26 22:07:18,058 kilosort.run_kilosort INFO      
2025-02-26 22:07:18,059 kilosort.run_kilosort INFO     Computing preprocessing variables.
2025-02-26 22:07:18,059 kilosort.run_kilosort INFO     ----------------------------------------
2025-02-26 22:07:18,061 kilosort.run_kilosort INFO     N samples: 150000
2025-02-26 22:07:18,062 kilosort.run_kilosort INFO     N seconds: 5.0
2025-02-26 22:07:18,062 kilosort.run_kilosort INFO     N batches: 3
2025-02-26 22:07:18,445 kilosort.run_kilosort INFO     Preprocessing filters computed in  0.39s; total  0.40s
2025-02-26 22:07:18,446 kilosort.run_kilosort DEBUG    hp_filter shape: torch.Size([30122])
2025-02-26 22:07:18,446 kilosort.run_kilosort DEBUG    whiten_mat shape: torch.Size([374, 374])
2025-02-26 22:07:18,446 kilosort.run_kilosort INFO      
2025-02-26 22:07:18,446 kilosort.run_kilosort INFO     Resource usage after preprocessing
2025-02-26 22:07:18,447 kilosort.run_kilosort INFO     ********************************************************
2025-02-26 22:07:18,447 kilosort.run_kilosort INFO     CPU usage:     8.50 %
2025-02-26 22:07:18,448 kilosort.run_kilosort INFO     Memory:        8.53 %     |     64.39   /   754.60 GB
2025-02-26 22:07:18,448 kilosort.run_kilosort INFO     ------------------------------------------------------
2025-02-26 22:07:18,449 kilosort.run_kilosort INFO     GPU usage:    `conda install pynvml` for GPU usage
2025-02-26 22:07:18,449 kilosort.run_kilosort INFO     GPU memory:   14.33 %     |      5.66   /    39.50 GB
2025-02-26 22:07:18,450 kilosort.run_kilosort INFO     Allocated:     0.02 %     |      0.01   /    39.50 GB
2025-02-26 22:07:18,451 kilosort.run_kilosort INFO     Max alloc:     8.34 %     |      3.30   /    39.50 GB
2025-02-26 22:07:18,451 kilosort.run_kilosort INFO     ********************************************************
2025-02-26 22:07:18,457 kilosort.run_kilosort INFO      
2025-02-26 22:07:18,458 kilosort.run_kilosort INFO     Computing drift correction.
2025-02-26 22:07:18,458 kilosort.run_kilosort INFO     ----------------------------------------
2025-02-26 22:07:18,459 kilosort.spikedetect INFO     Re-computing universal templates from data.
2025-02-26 22:07:20,958 kilosort.spikedetect INFO     Number of universal templates: 1532
2025-02-26 22:07:21,077 kilosort.spikedetect INFO     Detecting spikes...
2025-02-26 22:07:21,079 kilosort.spikedetect DEBUG     
2025-02-26 22:07:21,079 kilosort.spikedetect DEBUG    Batch 0
2025-02-26 22:07:21,079 kilosort.spikedetect DEBUG    ********************************************************
2025-02-26 22:07:21,079 kilosort.spikedetect DEBUG    CPU usage:    32.60 %
2025-02-26 22:07:21,079 kilosort.spikedetect DEBUG    Memory:        8.54 %     |     64.41   /   754.60 GB
2025-02-26 22:07:21,079 kilosort.spikedetect DEBUG    ------------------------------------------------------
2025-02-26 22:07:21,079 kilosort.spikedetect DEBUG    GPU usage:    `conda install pynvml` for GPU usage
2025-02-26 22:07:21,080 kilosort.spikedetect DEBUG    GPU memory:   14.33 %     |      5.66   /    39.50 GB
2025-02-26 22:07:21,080 kilosort.spikedetect DEBUG    Allocated:     0.03 %     |      0.01   /    39.50 GB
2025-02-26 22:07:21,080 kilosort.spikedetect DEBUG    Max alloc:     8.34 %     |      3.30   /    39.50 GB
2025-02-26 22:07:21,080 kilosort.spikedetect DEBUG    ********************************************************
2025-02-26 22:07:21,983 kilosort.spikedetect DEBUG     
2025-02-26 22:07:21,983 kilosort.spikedetect DEBUG    Batch 2
2025-02-26 22:07:21,983 kilosort.spikedetect DEBUG    ********************************************************
2025-02-26 22:07:21,984 kilosort.spikedetect DEBUG    CPU usage:    11.20 %
2025-02-26 22:07:21,984 kilosort.spikedetect DEBUG    Memory:        8.54 %     |     64.41   /   754.60 GB
2025-02-26 22:07:21,984 kilosort.spikedetect DEBUG    ------------------------------------------------------
2025-02-26 22:07:21,984 kilosort.spikedetect DEBUG    GPU usage:    `conda install pynvml` for GPU usage
2025-02-26 22:07:21,984 kilosort.spikedetect DEBUG    GPU memory:   14.33 %     |      5.66   /    39.50 GB
2025-02-26 22:07:21,984 kilosort.spikedetect DEBUG    Allocated:     0.26 %     |      0.10   /    39.50 GB
2025-02-26 22:07:21,985 kilosort.spikedetect DEBUG    Max alloc:     8.34 %     |      3.30   /    39.50 GB
2025-02-26 22:07:21,985 kilosort.spikedetect DEBUG    ********************************************************
2025-02-26 22:07:22,063 kilosort.run_kilosort INFO     drift computed in  3.61s; total  4.02s
2025-02-26 22:07:22,063 kilosort.run_kilosort DEBUG    st shape: (15504, 6)
2025-02-26 22:07:22,063 kilosort.run_kilosort DEBUG    yblk shape: (1,)
2025-02-26 22:07:22,063 kilosort.run_kilosort DEBUG    dshift shape: (3, 1)
2025-02-26 22:07:22,063 kilosort.run_kilosort DEBUG    iKxx shape: torch.Size([374, 374])
2025-02-26 22:07:22,064 kilosort.run_kilosort INFO      
2025-02-26 22:07:22,065 kilosort.run_kilosort INFO     Resource usage after drift correction
2025-02-26 22:07:22,065 kilosort.run_kilosort INFO     ********************************************************
2025-02-26 22:07:22,066 kilosort.run_kilosort INFO     CPU usage:    12.90 %
2025-02-26 22:07:22,066 kilosort.run_kilosort INFO     Memory:        8.54 %     |     64.41   /   754.60 GB
2025-02-26 22:07:22,067 kilosort.run_kilosort INFO     ------------------------------------------------------
2025-02-26 22:07:22,067 kilosort.run_kilosort INFO     GPU usage:    `conda install pynvml` for GPU usage
2025-02-26 22:07:22,068 kilosort.run_kilosort INFO     GPU memory:   14.33 %     |      5.66   /    39.50 GB
2025-02-26 22:07:22,068 kilosort.run_kilosort INFO     Allocated:     0.03 %     |      0.01   /    39.50 GB
2025-02-26 22:07:22,069 kilosort.run_kilosort INFO     Max alloc:     8.34 %     |      3.30   /    39.50 GB
2025-02-26 22:07:22,069 kilosort.run_kilosort INFO     ********************************************************
2025-02-26 22:07:22,070 kilosort.run_kilosort DEBUG    

|===========================================================================|
|                  PyTorch CUDA memory summary, device ID 0                 |
|---------------------------------------------------------------------------|
|            CUDA OOMs: 0            |        cudaMalloc retries: 0         |
|===========================================================================|
|        Metric         | Cur Usage  | Peak Usage | Tot Alloc  | Tot Freed  |
|---------------------------------------------------------------------------|
| Allocated memory      |  11150 KiB |   3374 MiB |   2669 GiB |   2669 GiB |
|---------------------------------------------------------------------------|
| Active memory         |  11150 KiB |   3374 MiB |   2669 GiB |   2669 GiB |
|---------------------------------------------------------------------------|
| Requested memory      |  11149 KiB |   3372 MiB |   2668 GiB |   2668 GiB |
|---------------------------------------------------------------------------|
| GPU reserved memory   |   5230 MiB |   5230 MiB |   5230 MiB |      0 B   |
|---------------------------------------------------------------------------|
| Non-releasable memory |  40049 KiB |   1751 MiB |   1196 GiB |   1196 GiB |
|---------------------------------------------------------------------------|
| Allocations           |       9    |      45    |  229063    |  229054    |
|---------------------------------------------------------------------------|
| Active allocs         |       9    |      45    |  229063    |  229054    |
|---------------------------------------------------------------------------|
| GPU reserved segments |      18    |      18    |      18    |       0    |
|---------------------------------------------------------------------------|
| Non-releasable allocs |       7    |      23    |   87930    |   87923    |
|---------------------------------------------------------------------------|
| Oversize allocations  |       0    |       0    |       0    |       0    |
|---------------------------------------------------------------------------|
| Oversize GPU segments |       0    |       0    |       0    |       0    |
|===========================================================================|


2025-02-26 22:07:22,140 kilosort.run_kilosort DEBUG    First batch min, max: (-36.11098, 17.50682)
2025-02-26 22:07:22,140 kilosort.run_kilosort INFO      
2025-02-26 22:07:22,140 kilosort.run_kilosort INFO     Extracting spikes using templates
2025-02-26 22:07:22,141 kilosort.run_kilosort INFO     ----------------------------------------
2025-02-26 22:07:22,141 kilosort.spikedetect INFO     Re-computing universal templates from data.
2025-02-26 22:07:24,827 kilosort.spikedetect INFO     Number of universal templates: 1532
2025-02-26 22:07:24,937 kilosort.spikedetect INFO     Detecting spikes...
2025-02-26 22:07:24,939 kilosort.spikedetect DEBUG     
2025-02-26 22:07:24,939 kilosort.spikedetect DEBUG    Batch 0
2025-02-26 22:07:24,939 kilosort.spikedetect DEBUG    ********************************************************
2025-02-26 22:07:24,939 kilosort.spikedetect DEBUG    CPU usage:    32.30 %
2025-02-26 22:07:24,940 kilosort.spikedetect DEBUG    Memory:        8.55 %     |     64.49   /   754.60 GB
2025-02-26 22:07:24,940 kilosort.spikedetect DEBUG    ------------------------------------------------------
2025-02-26 22:07:24,940 kilosort.spikedetect DEBUG    GPU usage:    `conda install pynvml` for GPU usage
2025-02-26 22:07:24,940 kilosort.spikedetect DEBUG    GPU memory:   14.33 %     |      5.66   /    39.50 GB
2025-02-26 22:07:24,940 kilosort.spikedetect DEBUG    Allocated:     0.03 %     |      0.01   /    39.50 GB
2025-02-26 22:07:24,940 kilosort.spikedetect DEBUG    Max alloc:     8.34 %     |      3.30   /    39.50 GB
2025-02-26 22:07:24,940 kilosort.spikedetect DEBUG    ********************************************************
2025-02-26 22:07:25,866 kilosort.spikedetect DEBUG     
2025-02-26 22:07:25,867 kilosort.spikedetect DEBUG    Batch 2
2025-02-26 22:07:25,867 kilosort.spikedetect DEBUG    ********************************************************
2025-02-26 22:07:25,867 kilosort.spikedetect DEBUG    CPU usage:    11.20 %
2025-02-26 22:07:25,867 kilosort.spikedetect DEBUG    Memory:        8.55 %     |     64.50   /   754.60 GB
2025-02-26 22:07:25,867 kilosort.spikedetect DEBUG    ------------------------------------------------------
2025-02-26 22:07:25,867 kilosort.spikedetect DEBUG    GPU usage:    `conda install pynvml` for GPU usage
2025-02-26 22:07:25,867 kilosort.spikedetect DEBUG    GPU memory:   14.33 %     |      5.66   /    39.50 GB
2025-02-26 22:07:25,867 kilosort.spikedetect DEBUG    Allocated:     0.26 %     |      0.10   /    39.50 GB
2025-02-26 22:07:25,868 kilosort.spikedetect DEBUG    Max alloc:     8.34 %     |      3.30   /    39.50 GB
2025-02-26 22:07:25,868 kilosort.spikedetect DEBUG    ********************************************************
2025-02-26 22:07:25,868 kilosort.run_kilosort INFO     15308 spikes extracted in  3.73s; total  7.82s
2025-02-26 22:07:25,869 kilosort.run_kilosort DEBUG    st0 shape: (15308, 6)
2025-02-26 22:07:25,869 kilosort.run_kilosort DEBUG    tF shape: torch.Size([15308, 10, 6])
2025-02-26 22:07:25,869 kilosort.run_kilosort INFO      
2025-02-26 22:07:25,869 kilosort.run_kilosort INFO     First clustering
2025-02-26 22:07:25,869 kilosort.run_kilosort INFO     ----------------------------------------
2025-02-26 22:07:25,881 kilosort.clustering_qr DEBUG     
2025-02-26 22:07:25,881 kilosort.clustering_qr DEBUG    Cluster center: 0 of 96
2025-02-26 22:07:25,881 kilosort.clustering_qr DEBUG    ********************************************************
2025-02-26 22:07:25,882 kilosort.clustering_qr DEBUG    CPU usage:    22.60 %
2025-02-26 22:07:25,882 kilosort.clustering_qr DEBUG    Memory:        8.55 %     |     64.50   /   754.60 GB
2025-02-26 22:07:25,882 kilosort.clustering_qr DEBUG    ------------------------------------------------------
2025-02-26 22:07:25,882 kilosort.clustering_qr DEBUG    GPU usage:    `conda install pynvml` for GPU usage
2025-02-26 22:07:25,882 kilosort.clustering_qr DEBUG    GPU memory:   14.33 %     |      5.66   /    39.50 GB
2025-02-26 22:07:25,882 kilosort.clustering_qr DEBUG    Allocated:     0.03 %     |      0.01   /    39.50 GB
2025-02-26 22:07:25,882 kilosort.clustering_qr DEBUG    Max alloc:     8.34 %     |      3.30   /    39.50 GB
2025-02-26 22:07:25,882 kilosort.clustering_qr DEBUG    ********************************************************
2025-02-26 22:07:25,885 kilosort.clustering_qr DEBUG    Center 0 | nsp: 578 | ntemp: 16
2025-02-26 22:07:25,888 kilosort.clustering_qr DEBUG    Center 1 | nsp: 276 | ntemp: 16
2025-02-26 22:07:25,891 kilosort.clustering_qr DEBUG    Center 2 | nsp: 362 | ntemp: 16
2025-02-26 22:07:25,894 kilosort.clustering_qr DEBUG    Center 3 | nsp: 230 | ntemp: 16
2025-02-26 22:07:25,897 kilosort.clustering_qr DEBUG    Center 4 | nsp: 282 | ntemp: 16
2025-02-26 22:07:25,900 kilosort.clustering_qr DEBUG    Center 5 | nsp: 162 | ntemp: 16
2025-02-26 22:07:25,903 kilosort.clustering_qr DEBUG    Center 6 | nsp: 332 | ntemp: 16
2025-02-26 22:07:25,905 kilosort.clustering_qr DEBUG    Center 7 | nsp: 212 | ntemp: 16
2025-02-26 22:07:25,908 kilosort.clustering_qr DEBUG    Center 8 | nsp: 192 | ntemp: 16
2025-02-26 22:07:25,911 kilosort.clustering_qr DEBUG    Center 9 | nsp: 193 | ntemp: 16
2025-02-26 22:07:25,911 kilosort.clustering_qr DEBUG     
2025-02-26 22:07:25,911 kilosort.clustering_qr DEBUG    Cluster center: 10 of 96
2025-02-26 22:07:25,911 kilosort.clustering_qr DEBUG    ********************************************************
2025-02-26 22:07:25,912 kilosort.clustering_qr DEBUG    CPU usage:    34.90 %
2025-02-26 22:07:25,912 kilosort.clustering_qr DEBUG    Memory:        8.55 %     |     64.50   /   754.60 GB
2025-02-26 22:07:25,912 kilosort.clustering_qr DEBUG    ------------------------------------------------------
2025-02-26 22:07:25,912 kilosort.clustering_qr DEBUG    GPU usage:    `conda install pynvml` for GPU usage
2025-02-26 22:07:25,912 kilosort.clustering_qr DEBUG    GPU memory:   14.33 %     |      5.66   /    39.50 GB
2025-02-26 22:07:25,912 kilosort.clustering_qr DEBUG    Allocated:     0.03 %     |      0.01   /    39.50 GB
2025-02-26 22:07:25,912 kilosort.clustering_qr DEBUG    Max alloc:     8.34 %     |      3.30   /    39.50 GB
2025-02-26 22:07:25,912 kilosort.clustering_qr DEBUG    ********************************************************
2025-02-26 22:07:25,915 kilosort.clustering_qr DEBUG    Center 10 | nsp: 215 | ntemp: 16
2025-02-26 22:07:25,917 kilosort.clustering_qr DEBUG    Center 11 | nsp: 149 | ntemp: 16
2025-02-26 22:07:25,920 kilosort.clustering_qr DEBUG    Center 12 | nsp: 177 | ntemp: 16
2025-02-26 22:07:25,923 kilosort.clustering_qr DEBUG    Center 13 | nsp: 318 | ntemp: 16
2025-02-26 22:07:25,926 kilosort.clustering_qr DEBUG    Center 14 | nsp: 67 | ntemp: 16
2025-02-26 22:07:25,928 kilosort.clustering_qr DEBUG    Center 15 | nsp: 225 | ntemp: 16
2025-02-26 22:07:25,931 kilosort.clustering_qr DEBUG    Center 16 | nsp: 75 | ntemp: 16
2025-02-26 22:07:25,934 kilosort.clustering_qr DEBUG    Center 17 | nsp: 98 | ntemp: 16
2025-02-26 22:07:25,936 kilosort.clustering_qr DEBUG    Center 18 | nsp: 38 | ntemp: 16
2025-02-26 22:07:25,939 kilosort.clustering_qr DEBUG    Center 19 | nsp: 340 | ntemp: 16
2025-02-26 22:07:25,939 kilosort.clustering_qr DEBUG     
2025-02-26 22:07:25,939 kilosort.clustering_qr DEBUG    Cluster center: 20 of 96
2025-02-26 22:07:25,939 kilosort.clustering_qr DEBUG    ********************************************************
2025-02-26 22:07:25,940 kilosort.clustering_qr DEBUG    CPU usage:    36.00 %
2025-02-26 22:07:25,940 kilosort.clustering_qr DEBUG    Memory:        8.55 %     |     64.49   /   754.60 GB
2025-02-26 22:07:25,940 kilosort.clustering_qr DEBUG    ------------------------------------------------------
2025-02-26 22:07:25,940 kilosort.clustering_qr DEBUG    GPU usage:    `conda install pynvml` for GPU usage
2025-02-26 22:07:25,940 kilosort.clustering_qr DEBUG    GPU memory:   14.33 %     |      5.66   /    39.50 GB
2025-02-26 22:07:25,940 kilosort.clustering_qr DEBUG    Allocated:     0.03 %     |      0.01   /    39.50 GB
2025-02-26 22:07:25,940 kilosort.clustering_qr DEBUG    Max alloc:     8.34 %     |      3.30   /    39.50 GB
2025-02-26 22:07:25,940 kilosort.clustering_qr DEBUG    ********************************************************
2025-02-26 22:07:25,943 kilosort.clustering_qr DEBUG    Center 20 | nsp: 298 | ntemp: 16
2025-02-26 22:07:25,946 kilosort.clustering_qr DEBUG    Center 21 | nsp: 262 | ntemp: 16
2025-02-26 22:07:25,949 kilosort.clustering_qr DEBUG    Center 22 | nsp: 298 | ntemp: 16
2025-02-26 22:07:25,951 kilosort.clustering_qr DEBUG    Center 23 | nsp: 326 | ntemp: 16
2025-02-26 22:07:25,954 kilosort.clustering_qr DEBUG    Center 24 | nsp: 336 | ntemp: 16
2025-02-26 22:07:25,957 kilosort.clustering_qr DEBUG    Center 25 | nsp: 433 | ntemp: 16
2025-02-26 22:07:25,960 kilosort.clustering_qr DEBUG    Center 26 | nsp: 268 | ntemp: 16
2025-02-26 22:07:25,963 kilosort.clustering_qr DEBUG    Center 27 | nsp: 130 | ntemp: 16
2025-02-26 22:07:25,965 kilosort.clustering_qr DEBUG    Center 28 | nsp: 3 | ntemp: 16
2025-02-26 22:07:25,967 kilosort.clustering_qr DEBUG    Center 29 | nsp: 10 | ntemp: 16
2025-02-26 22:07:25,967 kilosort.clustering_qr DEBUG     
2025-02-26 22:07:25,967 kilosort.clustering_qr DEBUG    Cluster center: 30 of 96
2025-02-26 22:07:25,967 kilosort.clustering_qr DEBUG    ********************************************************
2025-02-26 22:07:25,967 kilosort.clustering_qr DEBUG    CPU usage:    36.60 %
2025-02-26 22:07:25,967 kilosort.clustering_qr DEBUG    Memory:        8.55 %     |     64.50   /   754.60 GB
2025-02-26 22:07:25,967 kilosort.clustering_qr DEBUG    ------------------------------------------------------
2025-02-26 22:07:25,968 kilosort.clustering_qr DEBUG    GPU usage:    `conda install pynvml` for GPU usage
2025-02-26 22:07:25,968 kilosort.clustering_qr DEBUG    GPU memory:   14.33 %     |      5.66   /    39.50 GB
2025-02-26 22:07:25,968 kilosort.clustering_qr DEBUG    Allocated:     0.03 %     |      0.01   /    39.50 GB
2025-02-26 22:07:25,968 kilosort.clustering_qr DEBUG    Max alloc:     8.34 %     |      3.30   /    39.50 GB
2025-02-26 22:07:25,968 kilosort.clustering_qr DEBUG    ********************************************************
2025-02-26 22:07:25,970 kilosort.clustering_qr DEBUG    Center 30 | nsp: 14 | ntemp: 16
2025-02-26 22:07:25,972 kilosort.clustering_qr DEBUG    Center 31 | nsp: 18 | ntemp: 16
2025-02-26 22:07:25,974 kilosort.clustering_qr DEBUG    Center 32 | nsp: 74 | ntemp: 16
2025-02-26 22:07:25,977 kilosort.clustering_qr DEBUG    Center 33 | nsp: 166 | ntemp: 16
2025-02-26 22:07:25,979 kilosort.clustering_qr DEBUG    Center 34 | nsp: 149 | ntemp: 16
2025-02-26 22:07:25,982 kilosort.clustering_qr DEBUG    Center 35 | nsp: 283 | ntemp: 16
2025-02-26 22:07:25,985 kilosort.clustering_qr DEBUG    Center 36 | nsp: 125 | ntemp: 16
2025-02-26 22:07:25,987 kilosort.clustering_qr DEBUG    Center 37 | nsp: 55 | ntemp: 16
2025-02-26 22:07:25,989 kilosort.clustering_qr DEBUG    Center 38 | nsp: 19 | ntemp: 16
2025-02-26 22:07:25,992 kilosort.clustering_qr DEBUG    Center 39 | nsp: 46 | ntemp: 16
2025-02-26 22:07:25,992 kilosort.clustering_qr DEBUG     
2025-02-26 22:07:25,992 kilosort.clustering_qr DEBUG    Cluster center: 40 of 96
2025-02-26 22:07:25,992 kilosort.clustering_qr DEBUG    ********************************************************
2025-02-26 22:07:25,992 kilosort.clustering_qr DEBUG    CPU usage:    36.70 %
2025-02-26 22:07:25,992 kilosort.clustering_qr DEBUG    Memory:        8.55 %     |     64.50   /   754.60 GB
2025-02-26 22:07:25,992 kilosort.clustering_qr DEBUG    ------------------------------------------------------
2025-02-26 22:07:25,993 kilosort.clustering_qr DEBUG    GPU usage:    `conda install pynvml` for GPU usage
2025-02-26 22:07:25,993 kilosort.clustering_qr DEBUG    GPU memory:   14.33 %     |      5.66   /    39.50 GB
2025-02-26 22:07:25,993 kilosort.clustering_qr DEBUG    Allocated:     0.03 %     |      0.01   /    39.50 GB
2025-02-26 22:07:25,993 kilosort.clustering_qr DEBUG    Max alloc:     8.34 %     |      3.30   /    39.50 GB
2025-02-26 22:07:25,993 kilosort.clustering_qr DEBUG    ********************************************************
2025-02-26 22:07:25,996 kilosort.clustering_qr DEBUG    Center 40 | nsp: 257 | ntemp: 16
2025-02-26 22:07:25,998 kilosort.clustering_qr DEBUG    Center 41 | nsp: 358 | ntemp: 16
2025-02-26 22:07:26,001 kilosort.clustering_qr DEBUG    Center 42 | nsp: 37 | ntemp: 16
2025-02-26 22:07:26,003 kilosort.clustering_qr DEBUG    Center 43 | nsp: 55 | ntemp: 16
2025-02-26 22:07:26,006 kilosort.clustering_qr DEBUG    Center 44 | nsp: 47 | ntemp: 16
2025-02-26 22:07:26,008 kilosort.clustering_qr DEBUG    Center 45 | nsp: 34 | ntemp: 16
2025-02-26 22:07:26,011 kilosort.clustering_qr DEBUG    Center 46 | nsp: 17 | ntemp: 16
2025-02-26 22:07:26,013 kilosort.clustering_qr DEBUG    Center 47 | nsp: 18 | ntemp: 16
2025-02-26 22:07:26,015 kilosort.clustering_qr DEBUG    Center 48 | nsp: 74 | ntemp: 16
2025-02-26 22:07:26,018 kilosort.clustering_qr DEBUG    Center 49 | nsp: 106 | ntemp: 16
2025-02-26 22:07:26,018 kilosort.clustering_qr DEBUG     
2025-02-26 22:07:26,019 kilosort.clustering_qr DEBUG    Cluster center: 50 of 96
2025-02-26 22:07:26,019 kilosort.clustering_qr DEBUG    ********************************************************
2025-02-26 22:07:26,019 kilosort.clustering_qr DEBUG    CPU usage:    35.10 %
2025-02-26 22:07:26,019 kilosort.clustering_qr DEBUG    Memory:        8.55 %     |     64.50   /   754.60 GB
2025-02-26 22:07:26,019 kilosort.clustering_qr DEBUG    ------------------------------------------------------
2025-02-26 22:07:26,019 kilosort.clustering_qr DEBUG    GPU usage:    `conda install pynvml` for GPU usage
2025-02-26 22:07:26,019 kilosort.clustering_qr DEBUG    GPU memory:   14.33 %     |      5.66   /    39.50 GB
2025-02-26 22:07:26,019 kilosort.clustering_qr DEBUG    Allocated:     0.03 %     |      0.01   /    39.50 GB
2025-02-26 22:07:26,020 kilosort.clustering_qr DEBUG    Max alloc:     8.34 %     |      3.30   /    39.50 GB
2025-02-26 22:07:26,020 kilosort.clustering_qr DEBUG    ********************************************************
2025-02-26 22:07:26,022 kilosort.clustering_qr DEBUG    Center 50 | nsp: 99 | ntemp: 16
2025-02-26 22:07:26,025 kilosort.clustering_qr DEBUG    Center 51 | nsp: 313 | ntemp: 16
2025-02-26 22:07:26,027 kilosort.clustering_qr DEBUG    Center 52 | nsp: 131 | ntemp: 16
2025-02-26 22:07:26,030 kilosort.clustering_qr DEBUG    Center 53 | nsp: 87 | ntemp: 16
2025-02-26 22:07:26,032 kilosort.clustering_qr DEBUG    Center 54 | nsp: 14 | ntemp: 16
2025-02-26 22:07:26,034 kilosort.clustering_qr DEBUG    Center 55 | nsp: 34 | ntemp: 16
2025-02-26 22:07:26,037 kilosort.clustering_qr DEBUG    Center 56 | nsp: 31 | ntemp: 16
2025-02-26 22:07:26,039 kilosort.clustering_qr DEBUG    Center 57 | nsp: 56 | ntemp: 16
2025-02-26 22:07:26,041 kilosort.clustering_qr DEBUG    Center 58 | nsp: 44 | ntemp: 16
2025-02-26 22:07:26,044 kilosort.clustering_qr DEBUG    Center 59 | nsp: 218 | ntemp: 16
2025-02-26 22:07:26,044 kilosort.clustering_qr DEBUG     
2025-02-26 22:07:26,044 kilosort.clustering_qr DEBUG    Cluster center: 60 of 96
2025-02-26 22:07:26,044 kilosort.clustering_qr DEBUG    ********************************************************
2025-02-26 22:07:26,044 kilosort.clustering_qr DEBUG    CPU usage:    37.00 %
2025-02-26 22:07:26,044 kilosort.clustering_qr DEBUG    Memory:        8.55 %     |     64.50   /   754.60 GB
2025-02-26 22:07:26,044 kilosort.clustering_qr DEBUG    ------------------------------------------------------
2025-02-26 22:07:26,044 kilosort.clustering_qr DEBUG    GPU usage:    `conda install pynvml` for GPU usage
2025-02-26 22:07:26,045 kilosort.clustering_qr DEBUG    GPU memory:   14.33 %     |      5.66   /    39.50 GB
2025-02-26 22:07:26,045 kilosort.clustering_qr DEBUG    Allocated:     0.03 %     |      0.01   /    39.50 GB
2025-02-26 22:07:26,045 kilosort.clustering_qr DEBUG    Max alloc:     8.34 %     |      3.30   /    39.50 GB
2025-02-26 22:07:26,045 kilosort.clustering_qr DEBUG    ********************************************************
2025-02-26 22:07:26,047 kilosort.clustering_qr DEBUG    Center 60 | nsp: 364 | ntemp: 16
2025-02-26 22:07:26,050 kilosort.clustering_qr DEBUG    Center 61 | nsp: 118 | ntemp: 16
2025-02-26 22:07:26,052 kilosort.clustering_qr DEBUG    Center 62 | nsp: 45 | ntemp: 16
2025-02-26 22:07:26,055 kilosort.clustering_qr DEBUG    Center 63 | nsp: 109 | ntemp: 16
2025-02-26 22:07:26,057 kilosort.clustering_qr DEBUG    Center 64 | nsp: 160 | ntemp: 16
2025-02-26 22:07:26,060 kilosort.clustering_qr DEBUG    Center 65 | nsp: 326 | ntemp: 16
2025-02-26 22:07:26,062 kilosort.clustering_qr DEBUG    Center 66 | nsp: 148 | ntemp: 16
2025-02-26 22:07:26,065 kilosort.clustering_qr DEBUG    Center 67 | nsp: 10 | ntemp: 16
2025-02-26 22:07:26,067 kilosort.clustering_qr DEBUG    Center 68 | nsp: 87 | ntemp: 16
2025-02-26 22:07:26,069 kilosort.clustering_qr DEBUG    Center 69 | nsp: 82 | ntemp: 16
2025-02-26 22:07:26,070 kilosort.clustering_qr DEBUG     
2025-02-26 22:07:26,070 kilosort.clustering_qr DEBUG    Cluster center: 70 of 96
2025-02-26 22:07:26,070 kilosort.clustering_qr DEBUG    ********************************************************
2025-02-26 22:07:26,070 kilosort.clustering_qr DEBUG    CPU usage:    35.20 %
2025-02-26 22:07:26,070 kilosort.clustering_qr DEBUG    Memory:        8.55 %     |     64.50   /   754.60 GB
2025-02-26 22:07:26,070 kilosort.clustering_qr DEBUG    ------------------------------------------------------
2025-02-26 22:07:26,070 kilosort.clustering_qr DEBUG    GPU usage:    `conda install pynvml` for GPU usage
2025-02-26 22:07:26,070 kilosort.clustering_qr DEBUG    GPU memory:   14.33 %     |      5.66   /    39.50 GB
2025-02-26 22:07:26,070 kilosort.clustering_qr DEBUG    Allocated:     0.03 %     |      0.01   /    39.50 GB
2025-02-26 22:07:26,071 kilosort.clustering_qr DEBUG    Max alloc:     8.34 %     |      3.30   /    39.50 GB
2025-02-26 22:07:26,071 kilosort.clustering_qr DEBUG    ********************************************************
2025-02-26 22:07:26,073 kilosort.clustering_qr DEBUG    Center 70 | nsp: 15 | ntemp: 16
2025-02-26 22:07:26,076 kilosort.clustering_qr DEBUG    Center 71 | nsp: 89 | ntemp: 16
2025-02-26 22:07:26,078 kilosort.clustering_qr DEBUG    Center 72 | nsp: 180 | ntemp: 16
2025-02-26 22:07:26,081 kilosort.clustering_qr DEBUG    Center 73 | nsp: 169 | ntemp: 16
2025-02-26 22:07:26,083 kilosort.clustering_qr DEBUG    Center 74 | nsp: 70 | ntemp: 16
2025-02-26 22:07:26,086 kilosort.clustering_qr DEBUG    Center 75 | nsp: 78 | ntemp: 16
2025-02-26 22:07:26,088 kilosort.clustering_qr DEBUG    Center 76 | nsp: 94 | ntemp: 16
2025-02-26 22:07:26,091 kilosort.clustering_qr DEBUG    Center 77 | nsp: 93 | ntemp: 16
2025-02-26 22:07:26,093 kilosort.clustering_qr DEBUG    Center 78 | nsp: 39 | ntemp: 16
2025-02-26 22:07:26,096 kilosort.clustering_qr DEBUG    Center 79 | nsp: 121 | ntemp: 16
2025-02-26 22:07:26,096 kilosort.clustering_qr DEBUG     
2025-02-26 22:07:26,096 kilosort.clustering_qr DEBUG    Cluster center: 80 of 96
2025-02-26 22:07:26,096 kilosort.clustering_qr DEBUG    ********************************************************
2025-02-26 22:07:26,097 kilosort.clustering_qr DEBUG    CPU usage:    36.50 %
2025-02-26 22:07:26,097 kilosort.clustering_qr DEBUG    Memory:        8.55 %     |     64.50   /   754.60 GB
2025-02-26 22:07:26,097 kilosort.clustering_qr DEBUG    ------------------------------------------------------
2025-02-26 22:07:26,097 kilosort.clustering_qr DEBUG    GPU usage:    `conda install pynvml` for GPU usage
2025-02-26 22:07:26,097 kilosort.clustering_qr DEBUG    GPU memory:   14.33 %     |      5.66   /    39.50 GB
2025-02-26 22:07:26,097 kilosort.clustering_qr DEBUG    Allocated:     0.03 %     |      0.01   /    39.50 GB
2025-02-26 22:07:26,097 kilosort.clustering_qr DEBUG    Max alloc:     8.34 %     |      3.30   /    39.50 GB
2025-02-26 22:07:26,097 kilosort.clustering_qr DEBUG    ********************************************************
2025-02-26 22:07:26,100 kilosort.clustering_qr DEBUG    Center 80 | nsp: 189 | ntemp: 16
2025-02-26 22:07:26,102 kilosort.clustering_qr DEBUG    Center 81 | nsp: 242 | ntemp: 16
2025-02-26 22:07:26,105 kilosort.clustering_qr DEBUG    Center 82 | nsp: 329 | ntemp: 16
2025-02-26 22:07:26,108 kilosort.clustering_qr DEBUG    Center 83 | nsp: 557 | ntemp: 16
2025-02-26 22:07:26,111 kilosort.clustering_qr DEBUG    Center 84 | nsp: 352 | ntemp: 16
2025-02-26 22:07:26,114 kilosort.clustering_qr DEBUG    Center 85 | nsp: 217 | ntemp: 16
2025-02-26 22:07:26,116 kilosort.clustering_qr DEBUG    Center 86 | nsp: 168 | ntemp: 16
2025-02-26 22:07:26,119 kilosort.clustering_qr DEBUG    Center 87 | nsp: 146 | ntemp: 16
2025-02-26 22:07:26,122 kilosort.clustering_qr DEBUG    Center 88 | nsp: 168 | ntemp: 16
2025-02-26 22:07:26,124 kilosort.clustering_qr DEBUG    Center 89 | nsp: 173 | ntemp: 16
2025-02-26 22:07:26,125 kilosort.clustering_qr DEBUG     
2025-02-26 22:07:26,125 kilosort.clustering_qr DEBUG    Cluster center: 90 of 96
2025-02-26 22:07:26,125 kilosort.clustering_qr DEBUG    ********************************************************
2025-02-26 22:07:26,125 kilosort.clustering_qr DEBUG    CPU usage:    35.30 %
2025-02-26 22:07:26,125 kilosort.clustering_qr DEBUG    Memory:        8.55 %     |     64.50   /   754.60 GB
2025-02-26 22:07:26,125 kilosort.clustering_qr DEBUG    ------------------------------------------------------
2025-02-26 22:07:26,125 kilosort.clustering_qr DEBUG    GPU usage:    `conda install pynvml` for GPU usage
2025-02-26 22:07:26,125 kilosort.clustering_qr DEBUG    GPU memory:   14.33 %     |      5.66   /    39.50 GB
2025-02-26 22:07:26,126 kilosort.clustering_qr DEBUG    Allocated:     0.03 %     |      0.01   /    39.50 GB
2025-02-26 22:07:26,126 kilosort.clustering_qr DEBUG    Max alloc:     8.34 %     |      3.30   /    39.50 GB
2025-02-26 22:07:26,126 kilosort.clustering_qr DEBUG    ********************************************************
2025-02-26 22:07:26,128 kilosort.clustering_qr DEBUG    Center 90 | nsp: 147 | ntemp: 16
2025-02-26 22:07:26,131 kilosort.clustering_qr DEBUG    Center 91 | nsp: 102 | ntemp: 16
2025-02-26 22:07:26,133 kilosort.clustering_qr DEBUG    Center 92 | nsp: 129 | ntemp: 16
2025-02-26 22:07:26,136 kilosort.clustering_qr DEBUG    Center 93 | nsp: 97 | ntemp: 16
2025-02-26 22:07:26,138 kilosort.clustering_qr DEBUG    Center 94 | nsp: 29 | ntemp: 16
2025-02-26 22:07:26,140 kilosort.clustering_qr DEBUG    Center 95 | nsp: 2 | ntemp: 12
2025-02-26 22:07:26,192 kilosort.run_kilosort INFO     96 clusters found, in  0.32s; total  8.14s
2025-02-26 22:07:26,192 kilosort.run_kilosort DEBUG    clu shape: (15308,)
2025-02-26 22:07:26,193 kilosort.run_kilosort DEBUG    Wall shape: torch.Size([96, 374, 6])
2025-02-26 22:07:26,193 kilosort.run_kilosort INFO      
2025-02-26 22:07:26,193 kilosort.run_kilosort INFO     Extracting spikes using cluster waveforms
2025-02-26 22:07:26,193 kilosort.run_kilosort INFO     ----------------------------------------
2025-02-26 22:07:26,213 kilosort.template_matching DEBUG     
2025-02-26 22:07:26,213 kilosort.template_matching DEBUG    Batch 0
2025-02-26 22:07:26,213 kilosort.template_matching DEBUG    ********************************************************
2025-02-26 22:07:26,213 kilosort.template_matching DEBUG    CPU usage:    20.30 %
2025-02-26 22:07:26,214 kilosort.template_matching DEBUG    Memory:        8.58 %     |     64.72   /   754.60 GB
2025-02-26 22:07:26,214 kilosort.template_matching DEBUG    ------------------------------------------------------
2025-02-26 22:07:26,214 kilosort.template_matching DEBUG    GPU usage:    `conda install pynvml` for GPU usage
2025-02-26 22:07:26,214 kilosort.template_matching DEBUG    GPU memory:   14.33 %     |      5.66   /    39.50 GB
2025-02-26 22:07:26,214 kilosort.template_matching DEBUG    Allocated:     0.04 %     |      0.02   /    39.50 GB
2025-02-26 22:07:26,214 kilosort.template_matching DEBUG    Max alloc:     8.34 %     |      3.30   /    39.50 GB
2025-02-26 22:07:26,214 kilosort.template_matching DEBUG    ********************************************************
2025-02-26 22:07:26,430 kilosort.template_matching DEBUG     
2025-02-26 22:07:26,431 kilosort.template_matching DEBUG    Batch 2
2025-02-26 22:07:26,431 kilosort.template_matching DEBUG    ********************************************************
2025-02-26 22:07:26,431 kilosort.template_matching DEBUG    CPU usage:    12.90 %
2025-02-26 22:07:26,431 kilosort.template_matching DEBUG    Memory:        8.58 %     |     64.72   /   754.60 GB
2025-02-26 22:07:26,431 kilosort.template_matching DEBUG    ------------------------------------------------------
2025-02-26 22:07:26,431 kilosort.template_matching DEBUG    GPU usage:    `conda install pynvml` for GPU usage
2025-02-26 22:07:26,431 kilosort.template_matching DEBUG    GPU memory:   14.33 %     |      5.66   /    39.50 GB
2025-02-26 22:07:26,432 kilosort.template_matching DEBUG    Allocated:     0.47 %     |      0.19   /    39.50 GB
2025-02-26 22:07:26,432 kilosort.template_matching DEBUG    Max alloc:     8.34 %     |      3.30   /    39.50 GB
2025-02-26 22:07:26,432 kilosort.template_matching DEBUG    ********************************************************
2025-02-26 22:07:26,434 kilosort.run_kilosort INFO     16107 spikes extracted in  0.24s; total  8.39s
2025-02-26 22:07:26,437 kilosort.run_kilosort DEBUG    st shape: (16107, 3)
2025-02-26 22:07:26,438 kilosort.run_kilosort DEBUG    tF shape: torch.Size([16107, 10, 6])
2025-02-26 22:07:26,438 kilosort.run_kilosort DEBUG    iCC shape: torch.Size([10, 374])
2025-02-26 22:07:26,438 kilosort.run_kilosort DEBUG    iU shape: torch.Size([96])
2025-02-26 22:07:26,438 kilosort.run_kilosort INFO      
2025-02-26 22:07:26,438 kilosort.run_kilosort INFO     Resource usage after spike detection
2025-02-26 22:07:26,438 kilosort.run_kilosort INFO     ********************************************************
2025-02-26 22:07:26,439 kilosort.run_kilosort INFO     CPU usage:    30.00 %
2025-02-26 22:07:26,439 kilosort.run_kilosort INFO     Memory:        8.55 %     |     64.49   /   754.60 GB
2025-02-26 22:07:26,440 kilosort.run_kilosort INFO     ------------------------------------------------------
2025-02-26 22:07:26,440 kilosort.run_kilosort INFO     GPU usage:    `conda install pynvml` for GPU usage
2025-02-26 22:07:26,440 kilosort.run_kilosort INFO     GPU memory:   14.33 %     |      5.66   /    39.50 GB
2025-02-26 22:07:26,441 kilosort.run_kilosort INFO     Allocated:     0.03 %     |      0.01   /    39.50 GB
2025-02-26 22:07:26,441 kilosort.run_kilosort INFO     Max alloc:     8.34 %     |      3.30   /    39.50 GB
2025-02-26 22:07:26,442 kilosort.run_kilosort INFO     ********************************************************
2025-02-26 22:07:26,443 kilosort.run_kilosort DEBUG    

|===========================================================================|
|                  PyTorch CUDA memory summary, device ID 0                 |
|---------------------------------------------------------------------------|
|            CUDA OOMs: 0            |        cudaMalloc retries: 0         |
|===========================================================================|
|        Metric         | Cur Usage  | Peak Usage | Tot Alloc  | Tot Freed  |
|---------------------------------------------------------------------------|
| Allocated memory      |  12026 KiB |   3374 MiB |   2957 GiB |   2957 GiB |
|---------------------------------------------------------------------------|
| Active memory         |  12026 KiB |   3374 MiB |   2957 GiB |   2957 GiB |
|---------------------------------------------------------------------------|
| Requested memory      |  12024 KiB |   3372 MiB |   2956 GiB |   2956 GiB |
|---------------------------------------------------------------------------|
| GPU reserved memory   |   5230 MiB |   5230 MiB |   5230 MiB |      0 B   |
|---------------------------------------------------------------------------|
| Non-releasable memory |  41221 KiB |   1751 MiB |   1328 GiB |   1328 GiB |
|---------------------------------------------------------------------------|
| Allocations           |      13    |      45    |  240561    |  240548    |
|---------------------------------------------------------------------------|
| Active allocs         |      13    |      45    |  240561    |  240548    |
|---------------------------------------------------------------------------|
| GPU reserved segments |      18    |      18    |      18    |       0    |
|---------------------------------------------------------------------------|
| Non-releasable allocs |      11    |      23    |   91615    |   91604    |
|---------------------------------------------------------------------------|
| Oversize allocations  |       0    |       0    |       0    |       0    |
|---------------------------------------------------------------------------|
| Oversize GPU segments |       0    |       0    |       0    |       0    |
|===========================================================================|


2025-02-26 22:07:26,443 kilosort.run_kilosort INFO      
2025-02-26 22:07:26,443 kilosort.run_kilosort INFO     Final clustering
2025-02-26 22:07:26,444 kilosort.run_kilosort INFO     ----------------------------------------
2025-02-26 22:07:26,455 kilosort.clustering_qr DEBUG     
2025-02-26 22:07:26,455 kilosort.clustering_qr DEBUG    Cluster center: 0 of 96
2025-02-26 22:07:26,455 kilosort.clustering_qr DEBUG    ********************************************************
2025-02-26 22:07:26,455 kilosort.clustering_qr DEBUG    CPU usage:    18.00 %
2025-02-26 22:07:26,456 kilosort.clustering_qr DEBUG    Memory:        8.55 %     |     64.49   /   754.60 GB
2025-02-26 22:07:26,456 kilosort.clustering_qr DEBUG    ------------------------------------------------------
2025-02-26 22:07:26,456 kilosort.clustering_qr DEBUG    GPU usage:    `conda install pynvml` for GPU usage
2025-02-26 22:07:26,456 kilosort.clustering_qr DEBUG    GPU memory:   14.33 %     |      5.66   /    39.50 GB
2025-02-26 22:07:26,456 kilosort.clustering_qr DEBUG    Allocated:     0.03 %     |      0.01   /    39.50 GB
2025-02-26 22:07:26,456 kilosort.clustering_qr DEBUG    Max alloc:     8.34 %     |      3.30   /    39.50 GB
2025-02-26 22:07:26,456 kilosort.clustering_qr DEBUG    ********************************************************
2025-02-26 22:07:26,457 kilosort.clustering_qr DEBUG    Center 0 | nsp: 689 | ntemp: 1
2025-02-26 22:07:26,459 kilosort.clustering_qr DEBUG    Center 1 | nsp: 387 | ntemp: 1
2025-02-26 22:07:26,460 kilosort.clustering_qr DEBUG    Center 2 | nsp: 402 | ntemp: 1
2025-02-26 22:07:26,460 kilosort.clustering_qr DEBUG    Center 3 | nsp: 0 | ntemp: 0
2025-02-26 22:07:26,461 kilosort.clustering_qr DEBUG    Center 4 | nsp: 735 | ntemp: 2
2025-02-26 22:07:26,462 kilosort.clustering_qr DEBUG    Center 5 | nsp: 259 | ntemp: 1
2025-02-26 22:07:26,463 kilosort.clustering_qr DEBUG    Center 6 | nsp: 235 | ntemp: 1
2025-02-26 22:07:26,464 kilosort.clustering_qr DEBUG    Center 7 | nsp: 128 | ntemp: 1
2025-02-26 22:07:26,465 kilosort.clustering_qr DEBUG    Center 8 | nsp: 229 | ntemp: 1
2025-02-26 22:07:26,466 kilosort.clustering_qr DEBUG    Center 9 | nsp: 257 | ntemp: 1
2025-02-26 22:07:26,467 kilosort.clustering_qr DEBUG     
2025-02-26 22:07:26,467 kilosort.clustering_qr DEBUG    Cluster center: 10 of 96
2025-02-26 22:07:26,467 kilosort.clustering_qr DEBUG    ********************************************************
2025-02-26 22:07:26,467 kilosort.clustering_qr DEBUG    CPU usage:    32.50 %
2025-02-26 22:07:26,467 kilosort.clustering_qr DEBUG    Memory:        8.55 %     |     64.49   /   754.60 GB
2025-02-26 22:07:26,467 kilosort.clustering_qr DEBUG    ------------------------------------------------------
2025-02-26 22:07:26,467 kilosort.clustering_qr DEBUG    GPU usage:    `conda install pynvml` for GPU usage
2025-02-26 22:07:26,467 kilosort.clustering_qr DEBUG    GPU memory:   14.33 %     |      5.66   /    39.50 GB
2025-02-26 22:07:26,467 kilosort.clustering_qr DEBUG    Allocated:     0.03 %     |      0.01   /    39.50 GB
2025-02-26 22:07:26,468 kilosort.clustering_qr DEBUG    Max alloc:     8.34 %     |      3.30   /    39.50 GB
2025-02-26 22:07:26,468 kilosort.clustering_qr DEBUG    ********************************************************
2025-02-26 22:07:26,468 kilosort.clustering_qr DEBUG    Center 10 | nsp: 104 | ntemp: 1
2025-02-26 22:07:26,469 kilosort.clustering_qr DEBUG    Center 11 | nsp: 183 | ntemp: 1
2025-02-26 22:07:26,470 kilosort.clustering_qr DEBUG    Center 12 | nsp: 132 | ntemp: 1
2025-02-26 22:07:26,471 kilosort.clustering_qr DEBUG    Center 13 | nsp: 292 | ntemp: 1
2025-02-26 22:07:26,472 kilosort.clustering_qr DEBUG    Center 14 | nsp: 50 | ntemp: 1
2025-02-26 22:07:26,473 kilosort.clustering_qr DEBUG    Center 15 | nsp: 172 | ntemp: 1
2025-02-26 22:07:26,475 kilosort.clustering_qr DEBUG    Center 16 | nsp: 90 | ntemp: 1
2025-02-26 22:07:26,476 kilosort.clustering_qr DEBUG    Center 17 | nsp: 87 | ntemp: 1
2025-02-26 22:07:26,477 kilosort.clustering_qr DEBUG    Center 18 | nsp: 134 | ntemp: 1
2025-02-26 22:07:26,478 kilosort.clustering_qr DEBUG    Center 19 | nsp: 225 | ntemp: 1
2025-02-26 22:07:26,478 kilosort.clustering_qr DEBUG     
2025-02-26 22:07:26,478 kilosort.clustering_qr DEBUG    Cluster center: 20 of 96
2025-02-26 22:07:26,478 kilosort.clustering_qr DEBUG    ********************************************************
2025-02-26 22:07:26,478 kilosort.clustering_qr DEBUG    CPU usage:    38.10 %
2025-02-26 22:07:26,478 kilosort.clustering_qr DEBUG    Memory:        8.55 %     |     64.49   /   754.60 GB
2025-02-26 22:07:26,478 kilosort.clustering_qr DEBUG    ------------------------------------------------------
2025-02-26 22:07:26,478 kilosort.clustering_qr DEBUG    GPU usage:    `conda install pynvml` for GPU usage
2025-02-26 22:07:26,478 kilosort.clustering_qr DEBUG    GPU memory:   14.33 %     |      5.66   /    39.50 GB
2025-02-26 22:07:26,479 kilosort.clustering_qr DEBUG    Allocated:     0.03 %     |      0.01   /    39.50 GB
2025-02-26 22:07:26,479 kilosort.clustering_qr DEBUG    Max alloc:     8.34 %     |      3.30   /    39.50 GB
2025-02-26 22:07:26,479 kilosort.clustering_qr DEBUG    ********************************************************
2025-02-26 22:07:26,480 kilosort.clustering_qr DEBUG    Center 20 | nsp: 331 | ntemp: 1
2025-02-26 22:07:26,481 kilosort.clustering_qr DEBUG    Center 21 | nsp: 335 | ntemp: 1
2025-02-26 22:07:26,482 kilosort.clustering_qr DEBUG    Center 22 | nsp: 373 | ntemp: 1
2025-02-26 22:07:26,483 kilosort.clustering_qr DEBUG    Center 23 | nsp: 318 | ntemp: 1
2025-02-26 22:07:26,484 kilosort.clustering_qr DEBUG    Center 24 | nsp: 442 | ntemp: 1
2025-02-26 22:07:26,485 kilosort.clustering_qr DEBUG    Center 25 | nsp: 519 | ntemp: 1
2025-02-26 22:07:26,486 kilosort.clustering_qr DEBUG    Center 26 | nsp: 233 | ntemp: 1
2025-02-26 22:07:26,489 kilosort.clustering_qr DEBUG    Center 27 | nsp: 295 | ntemp: 1
2025-02-26 22:07:26,489 kilosort.clustering_qr DEBUG    Center 28 | nsp: 0 | ntemp: 0
2025-02-26 22:07:26,490 kilosort.clustering_qr DEBUG    Center 29 | nsp: 21 | ntemp: 2
2025-02-26 22:07:26,490 kilosort.clustering_qr DEBUG     
2025-02-26 22:07:26,490 kilosort.clustering_qr DEBUG    Cluster center: 30 of 96
2025-02-26 22:07:26,490 kilosort.clustering_qr DEBUG    ********************************************************
2025-02-26 22:07:26,490 kilosort.clustering_qr DEBUG    CPU usage:    36.40 %
2025-02-26 22:07:26,491 kilosort.clustering_qr DEBUG    Memory:        8.55 %     |     64.49   /   754.60 GB
2025-02-26 22:07:26,491 kilosort.clustering_qr DEBUG    ------------------------------------------------------
2025-02-26 22:07:26,491 kilosort.clustering_qr DEBUG    GPU usage:    `conda install pynvml` for GPU usage
2025-02-26 22:07:26,491 kilosort.clustering_qr DEBUG    GPU memory:   14.33 %     |      5.66   /    39.50 GB
2025-02-26 22:07:26,491 kilosort.clustering_qr DEBUG    Allocated:     0.03 %     |      0.01   /    39.50 GB
2025-02-26 22:07:26,491 kilosort.clustering_qr DEBUG    Max alloc:     8.34 %     |      3.30   /    39.50 GB
2025-02-26 22:07:26,491 kilosort.clustering_qr DEBUG    ********************************************************
2025-02-26 22:07:26,492 kilosort.clustering_qr DEBUG    Center 30 | nsp: 36 | ntemp: 1
2025-02-26 22:07:26,493 kilosort.clustering_qr DEBUG    Center 31 | nsp: 32 | ntemp: 1
2025-02-26 22:07:26,494 kilosort.clustering_qr DEBUG    Center 32 | nsp: 83 | ntemp: 1
2025-02-26 22:07:26,495 kilosort.clustering_qr DEBUG    Center 33 | nsp: 158 | ntemp: 1
2025-02-26 22:07:26,496 kilosort.clustering_qr DEBUG    Center 34 | nsp: 128 | ntemp: 1
2025-02-26 22:07:26,497 kilosort.clustering_qr DEBUG    Center 35 | nsp: 179 | ntemp: 1
2025-02-26 22:07:26,498 kilosort.clustering_qr DEBUG    Center 36 | nsp: 105 | ntemp: 1
2025-02-26 22:07:26,499 kilosort.clustering_qr DEBUG    Center 37 | nsp: 68 | ntemp: 1
2025-02-26 22:07:26,500 kilosort.clustering_qr DEBUG    Center 38 | nsp: 6 | ntemp: 1
2025-02-26 22:07:26,500 kilosort.clustering_qr DEBUG    Center 39 | nsp: 0 | ntemp: 0
2025-02-26 22:07:26,500 kilosort.clustering_qr DEBUG     
2025-02-26 22:07:26,500 kilosort.clustering_qr DEBUG    Cluster center: 40 of 96
2025-02-26 22:07:26,500 kilosort.clustering_qr DEBUG    ********************************************************
2025-02-26 22:07:26,501 kilosort.clustering_qr DEBUG    CPU usage:    36.10 %
2025-02-26 22:07:26,501 kilosort.clustering_qr DEBUG    Memory:        8.55 %     |     64.49   /   754.60 GB
2025-02-26 22:07:26,501 kilosort.clustering_qr DEBUG    ------------------------------------------------------
2025-02-26 22:07:26,501 kilosort.clustering_qr DEBUG    GPU usage:    `conda install pynvml` for GPU usage
2025-02-26 22:07:26,501 kilosort.clustering_qr DEBUG    GPU memory:   14.33 %     |      5.66   /    39.50 GB
2025-02-26 22:07:26,501 kilosort.clustering_qr DEBUG    Allocated:     0.03 %     |      0.01   /    39.50 GB
2025-02-26 22:07:26,502 kilosort.clustering_qr DEBUG    Max alloc:     8.34 %     |      3.30   /    39.50 GB
2025-02-26 22:07:26,502 kilosort.clustering_qr DEBUG    ********************************************************
2025-02-26 22:07:26,503 kilosort.clustering_qr DEBUG    Center 40 | nsp: 276 | ntemp: 2
2025-02-26 22:07:26,504 kilosort.clustering_qr DEBUG    Center 41 | nsp: 373 | ntemp: 1
2025-02-26 22:07:26,505 kilosort.clustering_qr DEBUG    Center 42 | nsp: 35 | ntemp: 1
2025-02-26 22:07:26,506 kilosort.clustering_qr DEBUG    Center 43 | nsp: 119 | ntemp: 2
2025-02-26 22:07:26,506 kilosort.clustering_qr DEBUG    Center 44 | nsp: 0 | ntemp: 0
2025-02-26 22:07:26,507 kilosort.clustering_qr DEBUG    Center 45 | nsp: 33 | ntemp: 2
2025-02-26 22:07:26,508 kilosort.clustering_qr DEBUG    Center 46 | nsp: 0 | ntemp: 0
2025-02-26 22:07:26,508 kilosort.clustering_qr DEBUG    Center 47 | nsp: 28 | ntemp: 1
2025-02-26 22:07:26,509 kilosort.clustering_qr DEBUG    Center 48 | nsp: 87 | ntemp: 1
2025-02-26 22:07:26,510 kilosort.clustering_qr DEBUG    Center 49 | nsp: 152 | ntemp: 1
2025-02-26 22:07:26,511 kilosort.clustering_qr DEBUG     
2025-02-26 22:07:26,511 kilosort.clustering_qr DEBUG    Cluster center: 50 of 96
2025-02-26 22:07:26,511 kilosort.clustering_qr DEBUG    ********************************************************
2025-02-26 22:07:26,511 kilosort.clustering_qr DEBUG    CPU usage:    33.30 %
2025-02-26 22:07:26,511 kilosort.clustering_qr DEBUG    Memory:        8.55 %     |     64.49   /   754.60 GB
2025-02-26 22:07:26,511 kilosort.clustering_qr DEBUG    ------------------------------------------------------
2025-02-26 22:07:26,511 kilosort.clustering_qr DEBUG    GPU usage:    `conda install pynvml` for GPU usage
2025-02-26 22:07:26,511 kilosort.clustering_qr DEBUG    GPU memory:   14.33 %     |      5.66   /    39.50 GB
2025-02-26 22:07:26,511 kilosort.clustering_qr DEBUG    Allocated:     0.03 %     |      0.01   /    39.50 GB
2025-02-26 22:07:26,512 kilosort.clustering_qr DEBUG    Max alloc:     8.34 %     |      3.30   /    39.50 GB
2025-02-26 22:07:26,512 kilosort.clustering_qr DEBUG    ********************************************************
2025-02-26 22:07:26,512 kilosort.clustering_qr DEBUG    Center 50 | nsp: 145 | ntemp: 1
2025-02-26 22:07:26,513 kilosort.clustering_qr DEBUG    Center 51 | nsp: 212 | ntemp: 1
2025-02-26 22:07:26,514 kilosort.clustering_qr DEBUG    Center 52 | nsp: 215 | ntemp: 1
2025-02-26 22:07:26,515 kilosort.clustering_qr DEBUG    Center 53 | nsp: 103 | ntemp: 1
2025-02-26 22:07:26,516 kilosort.clustering_qr DEBUG    Center 54 | nsp: 0 | ntemp: 0
2025-02-26 22:07:26,517 kilosort.clustering_qr DEBUG    Center 55 | nsp: 33 | ntemp: 2
2025-02-26 22:07:26,518 kilosort.clustering_qr DEBUG    Center 56 | nsp: 54 | ntemp: 1
2025-02-26 22:07:26,519 kilosort.clustering_qr DEBUG    Center 57 | nsp: 71 | ntemp: 1
2025-02-26 22:07:26,519 kilosort.clustering_qr DEBUG    Center 58 | nsp: 0 | ntemp: 0
2025-02-26 22:07:26,520 kilosort.clustering_qr DEBUG    Center 59 | nsp: 330 | ntemp: 2
2025-02-26 22:07:26,520 kilosort.clustering_qr DEBUG     
2025-02-26 22:07:26,520 kilosort.clustering_qr DEBUG    Cluster center: 60 of 96
2025-02-26 22:07:26,520 kilosort.clustering_qr DEBUG    ********************************************************
2025-02-26 22:07:26,521 kilosort.clustering_qr DEBUG    CPU usage:    37.10 %
2025-02-26 22:07:26,521 kilosort.clustering_qr DEBUG    Memory:        8.55 %     |     64.49   /   754.60 GB
2025-02-26 22:07:26,521 kilosort.clustering_qr DEBUG    ------------------------------------------------------
2025-02-26 22:07:26,521 kilosort.clustering_qr DEBUG    GPU usage:    `conda install pynvml` for GPU usage
2025-02-26 22:07:26,521 kilosort.clustering_qr DEBUG    GPU memory:   14.33 %     |      5.66   /    39.50 GB
2025-02-26 22:07:26,521 kilosort.clustering_qr DEBUG    Allocated:     0.03 %     |      0.01   /    39.50 GB
2025-02-26 22:07:26,521 kilosort.clustering_qr DEBUG    Max alloc:     8.34 %     |      3.30   /    39.50 GB
2025-02-26 22:07:26,521 kilosort.clustering_qr DEBUG    ********************************************************
2025-02-26 22:07:26,522 kilosort.clustering_qr DEBUG    Center 60 | nsp: 367 | ntemp: 1
2025-02-26 22:07:26,523 kilosort.clustering_qr DEBUG    Center 61 | nsp: 208 | ntemp: 1
2025-02-26 22:07:26,524 kilosort.clustering_qr DEBUG    Center 62 | nsp: 42 | ntemp: 1
2025-02-26 22:07:26,525 kilosort.clustering_qr DEBUG    Center 63 | nsp: 154 | ntemp: 1
2025-02-26 22:07:26,526 kilosort.clustering_qr DEBUG    Center 64 | nsp: 180 | ntemp: 1
2025-02-26 22:07:26,527 kilosort.clustering_qr DEBUG    Center 65 | nsp: 299 | ntemp: 1
2025-02-26 22:07:26,528 kilosort.clustering_qr DEBUG    Center 66 | nsp: 177 | ntemp: 1
2025-02-26 22:07:26,529 kilosort.clustering_qr DEBUG    Center 67 | nsp: 24 | ntemp: 1
2025-02-26 22:07:26,530 kilosort.clustering_qr DEBUG    Center 68 | nsp: 152 | ntemp: 1
2025-02-26 22:07:26,531 kilosort.clustering_qr DEBUG    Center 69 | nsp: 19 | ntemp: 1
2025-02-26 22:07:26,531 kilosort.clustering_qr DEBUG     
2025-02-26 22:07:26,531 kilosort.clustering_qr DEBUG    Cluster center: 70 of 96
2025-02-26 22:07:26,531 kilosort.clustering_qr DEBUG    ********************************************************
2025-02-26 22:07:26,532 kilosort.clustering_qr DEBUG    CPU usage:    36.60 %
2025-02-26 22:07:26,532 kilosort.clustering_qr DEBUG    Memory:        8.55 %     |     64.48   /   754.60 GB
2025-02-26 22:07:26,532 kilosort.clustering_qr DEBUG    ------------------------------------------------------
2025-02-26 22:07:26,532 kilosort.clustering_qr DEBUG    GPU usage:    `conda install pynvml` for GPU usage
2025-02-26 22:07:26,532 kilosort.clustering_qr DEBUG    GPU memory:   14.33 %     |      5.66   /    39.50 GB
2025-02-26 22:07:26,532 kilosort.clustering_qr DEBUG    Allocated:     0.03 %     |      0.01   /    39.50 GB
2025-02-26 22:07:26,532 kilosort.clustering_qr DEBUG    Max alloc:     8.34 %     |      3.30   /    39.50 GB
2025-02-26 22:07:26,532 kilosort.clustering_qr DEBUG    ********************************************************
2025-02-26 22:07:26,533 kilosort.clustering_qr DEBUG    Center 70 | nsp: 7 | ntemp: 1
2025-02-26 22:07:26,533 kilosort.clustering_qr DEBUG    Center 71 | nsp: 0 | ntemp: 0
2025-02-26 22:07:26,534 kilosort.clustering_qr DEBUG    Center 72 | nsp: 168 | ntemp: 2
2025-02-26 22:07:26,535 kilosort.clustering_qr DEBUG    Center 73 | nsp: 95 | ntemp: 1
2025-02-26 22:07:26,536 kilosort.clustering_qr DEBUG    Center 74 | nsp: 60 | ntemp: 1
2025-02-26 22:07:26,537 kilosort.clustering_qr DEBUG    Center 75 | nsp: 40 | ntemp: 1
2025-02-26 22:07:26,538 kilosort.clustering_qr DEBUG    Center 76 | nsp: 0 | ntemp: 0
2025-02-26 22:07:26,538 kilosort.clustering_qr DEBUG    Center 77 | nsp: 174 | ntemp: 2
2025-02-26 22:07:26,539 kilosort.clustering_qr DEBUG    Center 78 | nsp: 55 | ntemp: 1
2025-02-26 22:07:26,540 kilosort.clustering_qr DEBUG    Center 79 | nsp: 91 | ntemp: 1
2025-02-26 22:07:26,541 kilosort.clustering_qr DEBUG     
2025-02-26 22:07:26,541 kilosort.clustering_qr DEBUG    Cluster center: 80 of 96
2025-02-26 22:07:26,541 kilosort.clustering_qr DEBUG    ********************************************************
2025-02-26 22:07:26,541 kilosort.clustering_qr DEBUG    CPU usage:    34.40 %
2025-02-26 22:07:26,541 kilosort.clustering_qr DEBUG    Memory:        8.55 %     |     64.49   /   754.60 GB
2025-02-26 22:07:26,541 kilosort.clustering_qr DEBUG    ------------------------------------------------------
2025-02-26 22:07:26,541 kilosort.clustering_qr DEBUG    GPU usage:    `conda install pynvml` for GPU usage
2025-02-26 22:07:26,541 kilosort.clustering_qr DEBUG    GPU memory:   14.33 %     |      5.66   /    39.50 GB
2025-02-26 22:07:26,542 kilosort.clustering_qr DEBUG    Allocated:     0.03 %     |      0.01   /    39.50 GB
2025-02-26 22:07:26,542 kilosort.clustering_qr DEBUG    Max alloc:     8.34 %     |      3.30   /    39.50 GB
2025-02-26 22:07:26,542 kilosort.clustering_qr DEBUG    ********************************************************
2025-02-26 22:07:26,542 kilosort.clustering_qr DEBUG    Center 80 | nsp: 0 | ntemp: 0
2025-02-26 22:07:26,543 kilosort.clustering_qr DEBUG    Center 81 | nsp: 513 | ntemp: 2
2025-02-26 22:07:26,544 kilosort.clustering_qr DEBUG    Center 82 | nsp: 286 | ntemp: 1
2025-02-26 22:07:26,545 kilosort.clustering_qr DEBUG    Center 83 | nsp: 415 | ntemp: 1
2025-02-26 22:07:26,546 kilosort.clustering_qr DEBUG    Center 84 | nsp: 307 | ntemp: 1
2025-02-26 22:07:26,547 kilosort.clustering_qr DEBUG    Center 85 | nsp: 245 | ntemp: 1
2025-02-26 22:07:26,548 kilosort.clustering_qr DEBUG    Center 86 | nsp: 176 | ntemp: 1
2025-02-26 22:07:26,549 kilosort.clustering_qr DEBUG    Center 87 | nsp: 181 | ntemp: 1
2025-02-26 22:07:26,550 kilosort.clustering_qr DEBUG    Center 88 | nsp: 92 | ntemp: 1
2025-02-26 22:07:26,551 kilosort.clustering_qr DEBUG    Center 89 | nsp: 252 | ntemp: 1
2025-02-26 22:07:26,552 kilosort.clustering_qr DEBUG     
2025-02-26 22:07:26,552 kilosort.clustering_qr DEBUG    Cluster center: 90 of 96
2025-02-26 22:07:26,552 kilosort.clustering_qr DEBUG    ********************************************************
2025-02-26 22:07:26,552 kilosort.clustering_qr DEBUG    CPU usage:    35.90 %
2025-02-26 22:07:26,552 kilosort.clustering_qr DEBUG    Memory:        8.55 %     |     64.49   /   754.60 GB
2025-02-26 22:07:26,552 kilosort.clustering_qr DEBUG    ------------------------------------------------------
2025-02-26 22:07:26,552 kilosort.clustering_qr DEBUG    GPU usage:    `conda install pynvml` for GPU usage
2025-02-26 22:07:26,552 kilosort.clustering_qr DEBUG    GPU memory:   14.33 %     |      5.66   /    39.50 GB
2025-02-26 22:07:26,552 kilosort.clustering_qr DEBUG    Allocated:     0.03 %     |      0.01   /    39.50 GB
2025-02-26 22:07:26,552 kilosort.clustering_qr DEBUG    Max alloc:     8.34 %     |      3.30   /    39.50 GB
2025-02-26 22:07:26,552 kilosort.clustering_qr DEBUG    ********************************************************
2025-02-26 22:07:26,553 kilosort.clustering_qr DEBUG    Center 90 | nsp: 171 | ntemp: 1
2025-02-26 22:07:26,554 kilosort.clustering_qr DEBUG    Center 91 | nsp: 133 | ntemp: 1
2025-02-26 22:07:26,555 kilosort.clustering_qr DEBUG    Center 92 | nsp: 113 | ntemp: 1
2025-02-26 22:07:26,556 kilosort.clustering_qr DEBUG    Center 93 | nsp: 98 | ntemp: 1
2025-02-26 22:07:26,557 kilosort.clustering_qr DEBUG    Center 94 | nsp: 93 | ntemp: 1
2025-02-26 22:07:26,558 kilosort.clustering_qr DEBUG    Center 95 | nsp: 2 | ntemp: 1
2025-02-26 22:07:26,561 kilosort.run_kilosort INFO     86 clusters found, in  0.12s; total  8.51s
2025-02-26 22:07:26,561 kilosort.run_kilosort DEBUG    clu shape: (16107,)
2025-02-26 22:07:26,561 kilosort.run_kilosort DEBUG    Wall shape: torch.Size([86, 374, 6])
2025-02-26 22:07:26,561 kilosort.run_kilosort INFO      
2025-02-26 22:07:26,562 kilosort.run_kilosort INFO     Merging clusters
2025-02-26 22:07:26,562 kilosort.run_kilosort INFO     ----------------------------------------
2025-02-26 22:07:26,592 kilosort.run_kilosort INFO     86 units found, in  0.03s; total  8.54s
2025-02-26 22:07:26,593 kilosort.run_kilosort DEBUG    clu shape: (16107,)
2025-02-26 22:07:26,593 kilosort.run_kilosort DEBUG    Wall shape: torch.Size([86, 374, 6])
2025-02-26 22:07:26,597 kilosort.run_kilosort INFO      
2025-02-26 22:07:26,597 kilosort.run_kilosort INFO     Resource usage after clustering
2025-02-26 22:07:26,597 kilosort.run_kilosort INFO     ********************************************************
2025-02-26 22:07:26,598 kilosort.run_kilosort INFO     CPU usage:    19.00 %
2025-02-26 22:07:26,599 kilosort.run_kilosort INFO     Memory:        8.55 %     |     64.49   /   754.60 GB
2025-02-26 22:07:26,599 kilosort.run_kilosort INFO     ------------------------------------------------------
2025-02-26 22:07:26,599 kilosort.run_kilosort INFO     GPU usage:    `conda install pynvml` for GPU usage
2025-02-26 22:07:26,600 kilosort.run_kilosort INFO     GPU memory:   14.33 %     |      5.66   /    39.50 GB
2025-02-26 22:07:26,600 kilosort.run_kilosort INFO     Allocated:     0.03 %     |      0.01   /    39.50 GB
2025-02-26 22:07:26,601 kilosort.run_kilosort INFO     Max alloc:     8.34 %     |      3.30   /    39.50 GB
2025-02-26 22:07:26,601 kilosort.run_kilosort INFO     ********************************************************
2025-02-26 22:07:26,602 kilosort.run_kilosort DEBUG    

|===========================================================================|
|                  PyTorch CUDA memory summary, device ID 0                 |
|---------------------------------------------------------------------------|
|            CUDA OOMs: 0            |        cudaMalloc retries: 0         |
|===========================================================================|
|        Metric         | Cur Usage  | Peak Usage | Tot Alloc  | Tot Freed  |
|---------------------------------------------------------------------------|
| Allocated memory      |  11185 KiB |   3374 MiB |   2957 GiB |   2957 GiB |
|---------------------------------------------------------------------------|
| Active memory         |  11185 KiB |   3374 MiB |   2957 GiB |   2957 GiB |
|---------------------------------------------------------------------------|
| Requested memory      |  11182 KiB |   3372 MiB |   2956 GiB |   2956 GiB |
|---------------------------------------------------------------------------|
| GPU reserved memory   |   5230 MiB |   5230 MiB |   5230 MiB |      0 B   |
|---------------------------------------------------------------------------|
| Non-releasable memory |  40015 KiB |   1751 MiB |   1328 GiB |   1328 GiB |
|---------------------------------------------------------------------------|
| Allocations           |      12    |      45    |  241917    |  241905    |
|---------------------------------------------------------------------------|
| Active allocs         |      12    |      45    |  241917    |  241905    |
|---------------------------------------------------------------------------|
| GPU reserved segments |      18    |      18    |      18    |       0    |
|---------------------------------------------------------------------------|
| Non-releasable allocs |      10    |      23    |   92240    |   92230    |
|---------------------------------------------------------------------------|
| Oversize allocations  |       0    |       0    |       0    |       0    |
|---------------------------------------------------------------------------|
| Oversize GPU segments |       0    |       0    |       0    |       0    |
|===========================================================================|


2025-02-26 22:07:26,602 kilosort.run_kilosort INFO      
2025-02-26 22:07:26,602 kilosort.run_kilosort INFO     Saving to phy and computing refractory periods
2025-02-26 22:07:26,602 kilosort.run_kilosort INFO     ----------------------------------------
2025-02-26 22:07:26,907 kilosort.run_kilosort INFO     17 units found with good refractory periods
2025-02-26 22:07:26,908 kilosort.run_kilosort INFO     Total runtime: 8.86s = 00:00:9 h:m:s
2025-02-26 22:07:26,923 kilosort.run_kilosort INFO     Sorting output saved in: /home/lss72/palmer_scratch/spike_sort/kilosort4.
2025-02-26 22:07:26,923 kilosort.run_kilosort INFO      
2025-02-26 22:07:26,924 kilosort.run_kilosort INFO     Resource usage after saving
2025-02-26 22:07:26,924 kilosort.run_kilosort INFO     ********************************************************
2025-02-26 22:07:26,925 kilosort.run_kilosort INFO     CPU usage:    18.90 %
2025-02-26 22:07:26,925 kilosort.run_kilosort INFO     Memory:        8.55 %     |     64.49   /   754.60 GB
2025-02-26 22:07:26,926 kilosort.run_kilosort INFO     ------------------------------------------------------
2025-02-26 22:07:26,926 kilosort.run_kilosort INFO     GPU usage:    `conda install pynvml` for GPU usage
2025-02-26 22:07:26,927 kilosort.run_kilosort INFO     GPU memory:   14.33 %     |      5.66   /    39.50 GB
2025-02-26 22:07:26,927 kilosort.run_kilosort INFO     Allocated:     0.03 %     |      0.01   /    39.50 GB
2025-02-26 22:07:26,928 kilosort.run_kilosort INFO     Max alloc:     8.34 %     |      3.30   /    39.50 GB
2025-02-26 22:07:26,928 kilosort.run_kilosort INFO     ********************************************************
2025-02-26 22:07:26,929 kilosort.run_kilosort DEBUG    

|===========================================================================|
|                  PyTorch CUDA memory summary, device ID 0                 |
|---------------------------------------------------------------------------|
|            CUDA OOMs: 0            |        cudaMalloc retries: 0         |
|===========================================================================|
|        Metric         | Cur Usage  | Peak Usage | Tot Alloc  | Tot Freed  |
|---------------------------------------------------------------------------|
| Allocated memory      |  11185 KiB |   3374 MiB |   2957 GiB |   2957 GiB |
|---------------------------------------------------------------------------|
| Active memory         |  11185 KiB |   3374 MiB |   2957 GiB |   2957 GiB |
|---------------------------------------------------------------------------|
| Requested memory      |  11182 KiB |   3372 MiB |   2956 GiB |   2956 GiB |
|---------------------------------------------------------------------------|
| GPU reserved memory   |   5230 MiB |   5230 MiB |   5230 MiB |      0 B   |
|---------------------------------------------------------------------------|
| Non-releasable memory |  40015 KiB |   1751 MiB |   1328 GiB |   1328 GiB |
|---------------------------------------------------------------------------|
| Allocations           |      12    |      45    |  243077    |  243065    |
|---------------------------------------------------------------------------|
| Active allocs         |      12    |      45    |  243077    |  243065    |
|---------------------------------------------------------------------------|
| GPU reserved segments |      18    |      18    |      18    |       0    |
|---------------------------------------------------------------------------|
| Non-releasable allocs |      10    |      23    |   92764    |   92754    |
|---------------------------------------------------------------------------|
| Oversize allocations  |       0    |       0    |       0    |       0    |
|---------------------------------------------------------------------------|
| Oversize GPU segments |       0    |       0    |       0    |       0    |
|===========================================================================|


