2025-02-26 22:08:37,853 kilosort.run_kilosort INFO     Kilosort version 4.0.25
2025-02-26 22:08:37,857 kilosort.run_kilosort INFO     Python version 3.9.21
2025-02-26 22:08:37,858 kilosort.run_kilosort INFO     ----------------------------------------
2025-02-26 22:08:37,858 kilosort.run_kilosort INFO     System information:
2025-02-26 22:08:37,858 kilosort.run_kilosort INFO     Linux-4.18.0-477.74.1.el8_8.x86_64-x86_64-with-glibc2.28 x86_64
2025-02-26 22:08:37,859 kilosort.run_kilosort INFO     x86_64
2025-02-26 22:08:37,859 kilosort.run_kilosort INFO     Using GPU for PyTorch computations. Specify `device` to change this.
2025-02-26 22:08:37,860 kilosort.run_kilosort INFO     Using CUDA device: NVIDIA A100-PCIE-40GB 39.50GB
2025-02-26 22:08:37,861 kilosort.run_kilosort INFO     ----------------------------------------
2025-02-26 22:08:37,861 kilosort.run_kilosort INFO     Sorting /home/lss72/palmer_scratch/spike_sort/neuropixels.bin
2025-02-26 22:08:37,862 kilosort.run_kilosort INFO     Interpreting binary file as default dtype='int16'. If data was saved in a different format, specify `data_dtype`.
2025-02-26 22:08:37,862 kilosort.run_kilosort DEBUG    Initial ops:

ops = {
    'n_chan_bin': 385,
    'fs': 30000,
    'batch_size': 60000,
    'nblocks': 1,
    'Th_universal': 9,
    'Th_learned': 8,
    'tmin': 0,
    'tmax': 15,
    'nt': 61,
    'shift': None,
    'scale': None,
    'artifact_threshold': inf,
    'nskip': 25,
    'whitening_range': 32,
    'highpass_cutoff': 300,
    'binning_depth': 5,
    'sig_interp': 20,
    'drift_smoothing': [0.5, 0.5, 0.5],
    'nt0min': 20,
    'dmin': None,
    'dminx': 32,
    'min_template_size': 10,
    'template_sizes': 5,
    'nearest_chans': 10,
    'nearest_templates': 100,
    'max_channel_distance': 32,
    'max_peels': 100,
    'templates_from_data': True,
    'n_templates': 6,
    'n_pcs': 6,
    'Th_single_ch': 6,
    'acg_threshold': 0.2,
    'ccg_threshold': 0.25,
    'cluster_downsampling': 20,
    'x_centers': None,
    'duplicate_spike_ms': 0.25,
    'position_limit': 100,
    'data_dir': PosixPath('/home/lss72/palmer_scratch/spike_sort'),
    'probe_path': 'forPRBimecP3opt3.mat',
    'filename': PosixPath('/home/lss72/palmer_scratch/spike_sort/neuropixels.bin'),
    'data_dtype': 'int16',
    'do_CAR': True,
    'invert_sign': False,
    'NTbuff': 60122,
    'Nchan': 374,
    'duplicate_spike_bins': 7,
    'torch_device': 'cuda',
    'save_preprocessed_copy': False
}

2025-02-26 22:08:37,875 kilosort.run_kilosort DEBUG    Probe dictionary:

probe = {
    'xc': np.array([41., 11., 59., 29., 41., 11., 59., 29., 41., 11., 59., 29., 41.,
       11., 59., 29., 41., 11., 59., 29., 41., 11., 59., 29., 41., 11.,
       59., 29., 41., 11., 59., 29., 41., 11., 59., 29., 11., 59., 29.,
       41., 11., 59., 29., 41., 11., 59., 29., 41., 11., 59., 29., 41.,
       11., 59., 29., 41., 11., 59., 29., 41., 11., 59., 29., 41., 11.,
       59., 29., 41., 11., 59., 29., 41., 11., 59., 41., 11., 59., 29.,
       41., 11., 59., 29., 41., 11., 59., 29., 41., 11., 59., 29., 41.,
       11., 59., 29., 41., 11., 59., 29., 41., 11., 59., 29., 41., 11.,
       59., 29., 41., 11., 59., 29., 11., 59., 29., 41., 11., 59., 29.,
       41., 11., 59., 29., 41., 11., 59., 29., 41., 11., 59., 29., 41.,
       11., 59., 29., 41., 11., 59., 29., 41., 11., 59., 29., 41., 11.,
       59., 29., 41., 11., 59., 41., 11., 59., 29., 41., 11., 59., 29.,
       41., 11., 59., 29., 41., 11., 59., 29., 41., 11., 59., 29., 41.,
       11., 59., 29., 41., 11., 59., 29., 41., 11., 59., 29., 41., 11.,
       59., 29., 11., 59., 29., 41., 11., 59., 29., 41., 11., 59., 29.,
       41., 11., 59., 29., 41., 11., 59., 29., 41., 11., 59., 29., 41.,
       11., 59., 29., 41., 11., 59., 29., 41., 11., 59., 29., 41., 11.,
       59., 41., 11., 59., 29., 41., 11., 59., 29., 41., 11., 59., 29.,
       41., 11., 59., 29., 41., 11., 59., 29., 41., 11., 59., 29., 41.,
       11., 59., 29., 41., 11., 59., 29., 41., 11., 59., 29., 11., 59.,
       29., 41., 11., 59., 29., 41., 11., 59., 29., 41., 11., 59., 29.,
       41., 11., 59., 29., 41., 11., 59., 29., 41., 11., 59., 29., 41.,
       11., 59., 29., 41., 11., 59., 29., 41., 11., 59., 41., 11., 59.,
       29., 41., 11., 59., 29., 41., 11., 59., 29., 41., 11., 59., 29.,
       41., 11., 59., 29., 41., 11., 59., 29., 41., 11., 59., 29., 41.,
       11., 59., 29., 41., 11., 59., 29., 11., 59., 29., 41., 11., 59.,
       29., 41., 11., 59., 29., 41., 11., 59., 29., 41., 11., 59., 29.,
       41., 11., 59., 29., 41., 11., 59., 29., 41., 11., 59., 29., 41.,
       11., 59., 29., 41., 11., 59., 41., 11., 59., 29.], dtype=np.float32),
    'yc': np.array([  20.,   20.,   40.,   40.,   60.,   60.,   80.,   80.,  100.,
        100.,  120.,  120.,  140.,  140.,  160.,  160.,  180.,  180.,
        200.,  200.,  220.,  220.,  240.,  240.,  260.,  260.,  280.,
        280.,  300.,  300.,  320.,  320.,  340.,  340.,  360.,  360.,
        380.,  400.,  400.,  420.,  420.,  440.,  440.,  460.,  460.,
        480.,  480.,  500.,  500.,  520.,  520.,  540.,  540.,  560.,
        560.,  580.,  580.,  600.,  600.,  620.,  620.,  640.,  640.,
        660.,  660.,  680.,  680.,  700.,  700.,  720.,  720.,  740.,
        740.,  760.,  780.,  780.,  800.,  800.,  820.,  820.,  840.,
        840.,  860.,  860.,  880.,  880.,  900.,  900.,  920.,  920.,
        940.,  940.,  960.,  960.,  980.,  980., 1000., 1000., 1020.,
       1020., 1040., 1040., 1060., 1060., 1080., 1080., 1100., 1100.,
       1120., 1120., 1140., 1160., 1160., 1180., 1180., 1200., 1200.,
       1220., 1220., 1240., 1240., 1260., 1260., 1280., 1280., 1300.,
       1300., 1320., 1320., 1340., 1340., 1360., 1360., 1380., 1380.,
       1400., 1400., 1420., 1420., 1440., 1440., 1460., 1460., 1480.,
       1480., 1500., 1500., 1520., 1540., 1540., 1560., 1560., 1580.,
       1580., 1600., 1600., 1620., 1620., 1640., 1640., 1660., 1660.,
       1680., 1680., 1700., 1700., 1720., 1720., 1740., 1740., 1760.,
       1760., 1780., 1780., 1800., 1800., 1820., 1820., 1840., 1840.,
       1860., 1860., 1880., 1880., 1900., 1920., 1920., 1940., 1940.,
       1960., 1960., 1980., 1980., 2000., 2000., 2020., 2020., 2040.,
       2040., 2060., 2060., 2080., 2080., 2100., 2100., 2120., 2120.,
       2140., 2140., 2160., 2160., 2180., 2180., 2200., 2200., 2220.,
       2220., 2240., 2240., 2260., 2260., 2280., 2300., 2300., 2320.,
       2320., 2340., 2340., 2360., 2360., 2380., 2380., 2400., 2400.,
       2420., 2420., 2440., 2440., 2460., 2460., 2480., 2480., 2500.,
       2500., 2520., 2520., 2540., 2540., 2560., 2560., 2580., 2580.,
       2600., 2600., 2620., 2620., 2640., 2640., 2660., 2680., 2680.,
       2700., 2700., 2720., 2720., 2740., 2740., 2760., 2760., 2780.,
       2780., 2800., 2800., 2820., 2820., 2840., 2840., 2860., 2860.,
       2880., 2880., 2900., 2900., 2920., 2920., 2940., 2940., 2960.,
       2960., 2980., 2980., 3000., 3000., 3020., 3020., 3040., 3060.,
       3060., 3080., 3080., 3100., 3100., 3120., 3120., 3140., 3140.,
       3160., 3160., 3180., 3180., 3200., 3200., 3220., 3220., 3240.,
       3240., 3260., 3260., 3280., 3280., 3300., 3300., 3320., 3320.,
       3340., 3340., 3360., 3360., 3380., 3380., 3400., 3400., 3420.,
       3440., 3440., 3460., 3460., 3480., 3480., 3500., 3500., 3520.,
       3520., 3540., 3540., 3560., 3560., 3580., 3580., 3600., 3600.,
       3620., 3620., 3640., 3640., 3660., 3660., 3680., 3680., 3700.,
       3700., 3720., 3720., 3740., 3740., 3760., 3760., 3780., 3780.,
       3800., 3820., 3820., 3840., 3840.], dtype=np.float32),
    'kcoords': np.array([0., 0., 0., 0., 0., 0., 0., 0., 0., 0., 0., 0., 0., 0., 0., 0., 0.,
       0., 0., 0., 0., 0., 0., 0., 0., 0., 0., 0., 0., 0., 0., 0., 0., 0.,
       0., 0., 0., 0., 0., 0., 0., 0., 0., 0., 0., 0., 0., 0., 0., 0., 0.,
       0., 0., 0., 0., 0., 0., 0., 0., 0., 0., 0., 0., 0., 0., 0., 0., 0.,
       0., 0., 0., 0., 0., 0., 0., 0., 0., 0., 0., 0., 0., 0., 0., 0., 0.,
       0., 0., 0., 0., 0., 0., 0., 0., 0., 0., 0., 0., 0., 0., 0., 0., 0.,
       0., 0., 0., 0., 0., 0., 0., 0., 0., 0., 0., 0., 0., 0., 0., 0., 0.,
       0., 0., 0., 0., 0., 0., 0., 0., 0., 0., 0., 0., 0., 0., 0., 0., 0.,
       0., 0., 0., 0., 0., 0., 0., 0., 0., 0., 0., 0., 0., 0., 0., 0., 0.,
       0., 0., 0., 0., 0., 0., 0., 0., 0., 0., 0., 0., 0., 0., 0., 0., 0.,
       0., 0., 0., 0., 0., 0., 0., 0., 0., 0., 0., 0., 0., 0., 0., 0., 0.,
       0., 0., 0., 0., 0., 0., 0., 0., 0., 0., 0., 0., 0., 0., 0., 0., 0.,
       0., 0., 0., 0., 0., 0., 0., 0., 0., 0., 0., 0., 0., 0., 0., 0., 0.,
       0., 0., 0., 0., 0., 0., 0., 0., 0., 0., 0., 0., 0., 0., 0., 0., 0.,
       0., 0., 0., 0., 0., 0., 0., 0., 0., 0., 0., 0., 0., 0., 0., 0., 0.,
       0., 0., 0., 0., 0., 0., 0., 0., 0., 0., 0., 0., 0., 0., 0., 0., 0.,
       0., 0., 0., 0., 0., 0., 0., 0., 0., 0., 0., 0., 0., 0., 0., 0., 0.,
       0., 0., 0., 0., 0., 0., 0., 0., 0., 0., 0., 0., 0., 0., 0., 0., 0.,
       0., 0., 0., 0., 0., 0., 0., 0., 0., 0., 0., 0., 0., 0., 0., 0., 0.,
       0., 0., 0., 0., 0., 0., 0., 0., 0., 0., 0., 0., 0., 0., 0., 0., 0.,
       0., 0., 0., 0., 0., 0., 0., 0., 0., 0., 0., 0., 0., 0., 0., 0., 0.,
       0., 0., 0., 0., 0., 0., 0., 0., 0., 0., 0., 0., 0., 0., 0., 0., 0.],
      dtype=np.float32),
    'chanMap': np.array([  0,   1,   2,   3,   4,   5,   6,   7,   8,   9,  10,  11,  12,
        13,  14,  15,  16,  17,  18,  19,  20,  21,  22,  23,  24,  25,
        26,  27,  28,  29,  30,  31,  32,  33,  34,  35,  37,  38,  39,
        40,  41,  42,  43,  44,  45,  46,  47,  48,  49,  50,  51,  52,
        53,  54,  55,  56,  57,  58,  59,  60,  61,  62,  63,  64,  65,
        66,  67,  68,  69,  70,  71,  72,  73,  74,  76,  77,  78,  79,
        80,  81,  82,  83,  84,  85,  86,  87,  88,  89,  90,  91,  92,
        93,  94,  95,  96,  97,  98,  99, 100, 101, 102, 103, 104, 105,
       106, 107, 108, 109, 110, 111, 113, 114, 115, 116, 117, 118, 119,
       120, 121, 122, 123, 124, 125, 126, 127, 128, 129, 130, 131, 132,
       133, 134, 135, 136, 137, 138, 139, 140, 141, 142, 143, 144, 145,
       146, 147, 148, 149, 150, 152, 153, 154, 155, 156, 157, 158, 159,
       160, 161, 162, 163, 164, 165, 166, 167, 168, 169, 170, 171, 172,
       173, 174, 175, 176, 177, 178, 179, 180, 181, 182, 183, 184, 185,
       186, 187, 189, 190, 191, 192, 193, 194, 195, 196, 197, 198, 199,
       200, 201, 202, 203, 204, 205, 206, 207, 208, 209, 210, 211, 212,
       213, 214, 215, 216, 217, 218, 219, 220, 221, 222, 223, 224, 225,
       226, 228, 229, 230, 231, 232, 233, 234, 235, 236, 237, 238, 239,
       240, 241, 242, 243, 244, 245, 246, 247, 248, 249, 250, 251, 252,
       253, 254, 255, 256, 257, 258, 259, 260, 261, 262, 263, 265, 266,
       267, 268, 269, 270, 271, 272, 273, 274, 275, 276, 277, 278, 279,
       280, 281, 282, 283, 284, 285, 286, 287, 288, 289, 290, 291, 292,
       293, 294, 295, 296, 297, 298, 299, 300, 301, 302, 304, 305, 306,
       307, 308, 309, 310, 311, 312, 313, 314, 315, 316, 317, 318, 319,
       320, 321, 322, 323, 324, 325, 326, 327, 328, 329, 330, 331, 332,
       333, 334, 335, 336, 337, 338, 339, 341, 342, 343, 344, 345, 346,
       347, 348, 349, 350, 351, 352, 353, 354, 355, 356, 357, 358, 359,
       360, 361, 362, 363, 364, 365, 366, 367, 368, 369, 370, 371, 372,
       373, 374, 375, 376, 377, 378, 380, 381, 382, 383], dtype=np.int32),
    'n_chan': 384
}

2025-02-26 22:08:37,875 kilosort.run_kilosort INFO      
2025-02-26 22:08:37,876 kilosort.run_kilosort INFO     Computing preprocessing variables.
2025-02-26 22:08:37,876 kilosort.run_kilosort INFO     ----------------------------------------
2025-02-26 22:08:37,879 kilosort.run_kilosort INFO     N samples: 450000
2025-02-26 22:08:37,879 kilosort.run_kilosort INFO     N seconds: 15.0
2025-02-26 22:08:37,880 kilosort.run_kilosort INFO     N batches: 8
2025-02-26 22:08:38,263 kilosort.run_kilosort INFO     Preprocessing filters computed in  0.39s; total  0.40s
2025-02-26 22:08:38,264 kilosort.run_kilosort DEBUG    hp_filter shape: torch.Size([30122])
2025-02-26 22:08:38,264 kilosort.run_kilosort DEBUG    whiten_mat shape: torch.Size([374, 374])
2025-02-26 22:08:38,264 kilosort.run_kilosort INFO      
2025-02-26 22:08:38,264 kilosort.run_kilosort INFO     Resource usage after preprocessing
2025-02-26 22:08:38,265 kilosort.run_kilosort INFO     ********************************************************
2025-02-26 22:08:38,265 kilosort.run_kilosort INFO     CPU usage:     8.50 %
2025-02-26 22:08:38,266 kilosort.run_kilosort INFO     Memory:        8.54 %     |     64.44   /   754.60 GB
2025-02-26 22:08:38,266 kilosort.run_kilosort INFO     ------------------------------------------------------
2025-02-26 22:08:38,267 kilosort.run_kilosort INFO     GPU usage:    `conda install pynvml` for GPU usage
2025-02-26 22:08:38,267 kilosort.run_kilosort INFO     GPU memory:   14.33 %     |      5.66   /    39.50 GB
2025-02-26 22:08:38,268 kilosort.run_kilosort INFO     Allocated:     0.02 %     |      0.01   /    39.50 GB
2025-02-26 22:08:38,269 kilosort.run_kilosort INFO     Max alloc:     8.34 %     |      3.30   /    39.50 GB
2025-02-26 22:08:38,269 kilosort.run_kilosort INFO     ********************************************************
2025-02-26 22:08:38,275 kilosort.run_kilosort INFO      
2025-02-26 22:08:38,276 kilosort.run_kilosort INFO     Computing drift correction.
2025-02-26 22:08:38,276 kilosort.run_kilosort INFO     ----------------------------------------
2025-02-26 22:08:38,277 kilosort.spikedetect INFO     Re-computing universal templates from data.
2025-02-26 22:08:40,290 kilosort.spikedetect INFO     Number of universal templates: 1532
2025-02-26 22:08:40,402 kilosort.spikedetect INFO     Detecting spikes...
2025-02-26 22:08:40,404 kilosort.spikedetect DEBUG     
2025-02-26 22:08:40,404 kilosort.spikedetect DEBUG    Batch 0
2025-02-26 22:08:40,404 kilosort.spikedetect DEBUG    ********************************************************
2025-02-26 22:08:40,404 kilosort.spikedetect DEBUG    CPU usage:    32.70 %
2025-02-26 22:08:40,404 kilosort.spikedetect DEBUG    Memory:        8.54 %     |     64.44   /   754.60 GB
2025-02-26 22:08:40,404 kilosort.spikedetect DEBUG    ------------------------------------------------------
2025-02-26 22:08:40,404 kilosort.spikedetect DEBUG    GPU usage:    `conda install pynvml` for GPU usage
2025-02-26 22:08:40,404 kilosort.spikedetect DEBUG    GPU memory:   14.33 %     |      5.66   /    39.50 GB
2025-02-26 22:08:40,405 kilosort.spikedetect DEBUG    Allocated:     0.03 %     |      0.01   /    39.50 GB
2025-02-26 22:08:40,405 kilosort.spikedetect DEBUG    Max alloc:     8.34 %     |      3.30   /    39.50 GB
2025-02-26 22:08:40,405 kilosort.spikedetect DEBUG    ********************************************************
2025-02-26 22:08:42,787 kilosort.spikedetect DEBUG     
2025-02-26 22:08:42,788 kilosort.spikedetect DEBUG    Batch 7
2025-02-26 22:08:42,788 kilosort.spikedetect DEBUG    ********************************************************
2025-02-26 22:08:42,788 kilosort.spikedetect DEBUG    CPU usage:    11.10 %
2025-02-26 22:08:42,788 kilosort.spikedetect DEBUG    Memory:        8.54 %     |     64.46   /   754.60 GB
2025-02-26 22:08:42,788 kilosort.spikedetect DEBUG    ------------------------------------------------------
2025-02-26 22:08:42,788 kilosort.spikedetect DEBUG    GPU usage:    `conda install pynvml` for GPU usage
2025-02-26 22:08:42,788 kilosort.spikedetect DEBUG    GPU memory:   14.33 %     |      5.66   /    39.50 GB
2025-02-26 22:08:42,789 kilosort.spikedetect DEBUG    Allocated:     0.26 %     |      0.10   /    39.50 GB
2025-02-26 22:08:42,789 kilosort.spikedetect DEBUG    Max alloc:     8.34 %     |      3.30   /    39.50 GB
2025-02-26 22:08:42,789 kilosort.spikedetect DEBUG    ********************************************************
2025-02-26 22:08:42,879 kilosort.run_kilosort INFO     drift computed in  4.60s; total  5.02s
2025-02-26 22:08:42,880 kilosort.run_kilosort DEBUG    st shape: (44820, 6)
2025-02-26 22:08:42,880 kilosort.run_kilosort DEBUG    yblk shape: (1,)
2025-02-26 22:08:42,880 kilosort.run_kilosort DEBUG    dshift shape: (8, 1)
2025-02-26 22:08:42,880 kilosort.run_kilosort DEBUG    iKxx shape: torch.Size([374, 374])
2025-02-26 22:08:42,881 kilosort.run_kilosort INFO      
2025-02-26 22:08:42,881 kilosort.run_kilosort INFO     Resource usage after drift correction
2025-02-26 22:08:42,882 kilosort.run_kilosort INFO     ********************************************************
2025-02-26 22:08:42,882 kilosort.run_kilosort INFO     CPU usage:    12.60 %
2025-02-26 22:08:42,883 kilosort.run_kilosort INFO     Memory:        8.54 %     |     64.45   /   754.60 GB
2025-02-26 22:08:42,883 kilosort.run_kilosort INFO     ------------------------------------------------------
2025-02-26 22:08:42,884 kilosort.run_kilosort INFO     GPU usage:    `conda install pynvml` for GPU usage
2025-02-26 22:08:42,884 kilosort.run_kilosort INFO     GPU memory:   14.33 %     |      5.66   /    39.50 GB
2025-02-26 22:08:42,885 kilosort.run_kilosort INFO     Allocated:     0.03 %     |      0.01   /    39.50 GB
2025-02-26 22:08:42,885 kilosort.run_kilosort INFO     Max alloc:     8.34 %     |      3.30   /    39.50 GB
2025-02-26 22:08:42,886 kilosort.run_kilosort INFO     ********************************************************
2025-02-26 22:08:42,886 kilosort.run_kilosort DEBUG    

|===========================================================================|
|                  PyTorch CUDA memory summary, device ID 0                 |
|---------------------------------------------------------------------------|
|            CUDA OOMs: 0            |        cudaMalloc retries: 0         |
|===========================================================================|
|        Metric         | Cur Usage  | Peak Usage | Tot Alloc  | Tot Freed  |
|---------------------------------------------------------------------------|
| Allocated memory      |  11150 KiB |   3374 MiB |   3652 GiB |   3652 GiB |
|---------------------------------------------------------------------------|
| Active memory         |  11150 KiB |   3374 MiB |   3652 GiB |   3652 GiB |
|---------------------------------------------------------------------------|
| Requested memory      |  11149 KiB |   3372 MiB |   3651 GiB |   3651 GiB |
|---------------------------------------------------------------------------|
| GPU reserved memory   |   5230 MiB |   5230 MiB |   5230 MiB |      0 B   |
|---------------------------------------------------------------------------|
| Non-releasable memory |  40049 KiB |   1751 MiB |   1645 GiB |   1645 GiB |
|---------------------------------------------------------------------------|
| Allocations           |       9    |      45    |  258837    |  258828    |
|---------------------------------------------------------------------------|
| Active allocs         |       9    |      45    |  258837    |  258828    |
|---------------------------------------------------------------------------|
| GPU reserved segments |      18    |      18    |      18    |       0    |
|---------------------------------------------------------------------------|
| Non-releasable allocs |       7    |      23    |   97609    |   97602    |
|---------------------------------------------------------------------------|
| Oversize allocations  |       0    |       0    |       0    |       0    |
|---------------------------------------------------------------------------|
| Oversize GPU segments |       0    |       0    |       0    |       0    |
|===========================================================================|


2025-02-26 22:08:42,955 kilosort.run_kilosort DEBUG    First batch min, max: (-36.11098, 17.50682)
2025-02-26 22:08:42,955 kilosort.run_kilosort INFO      
2025-02-26 22:08:42,956 kilosort.run_kilosort INFO     Extracting spikes using templates
2025-02-26 22:08:42,956 kilosort.run_kilosort INFO     ----------------------------------------
2025-02-26 22:08:42,957 kilosort.spikedetect INFO     Re-computing universal templates from data.
2025-02-26 22:08:44,291 kilosort.spikedetect INFO     Number of universal templates: 1532
2025-02-26 22:08:44,404 kilosort.spikedetect INFO     Detecting spikes...
2025-02-26 22:08:44,406 kilosort.spikedetect DEBUG     
2025-02-26 22:08:44,406 kilosort.spikedetect DEBUG    Batch 0
2025-02-26 22:08:44,406 kilosort.spikedetect DEBUG    ********************************************************
2025-02-26 22:08:44,407 kilosort.spikedetect DEBUG    CPU usage:    31.60 %
2025-02-26 22:08:44,407 kilosort.spikedetect DEBUG    Memory:        8.55 %     |     64.53   /   754.60 GB
2025-02-26 22:08:44,407 kilosort.spikedetect DEBUG    ------------------------------------------------------
2025-02-26 22:08:44,407 kilosort.spikedetect DEBUG    GPU usage:    `conda install pynvml` for GPU usage
2025-02-26 22:08:44,407 kilosort.spikedetect DEBUG    GPU memory:   14.33 %     |      5.66   /    39.50 GB
2025-02-26 22:08:44,407 kilosort.spikedetect DEBUG    Allocated:     0.03 %     |      0.01   /    39.50 GB
2025-02-26 22:08:44,407 kilosort.spikedetect DEBUG    Max alloc:     8.34 %     |      3.30   /    39.50 GB
2025-02-26 22:08:44,407 kilosort.spikedetect DEBUG    ********************************************************
2025-02-26 22:08:46,641 kilosort.spikedetect DEBUG     
2025-02-26 22:08:46,641 kilosort.spikedetect DEBUG    Batch 7
2025-02-26 22:08:46,641 kilosort.spikedetect DEBUG    ********************************************************
2025-02-26 22:08:46,642 kilosort.spikedetect DEBUG    CPU usage:    11.20 %
2025-02-26 22:08:46,642 kilosort.spikedetect DEBUG    Memory:        8.55 %     |     64.55   /   754.60 GB
2025-02-26 22:08:46,642 kilosort.spikedetect DEBUG    ------------------------------------------------------
2025-02-26 22:08:46,642 kilosort.spikedetect DEBUG    GPU usage:    `conda install pynvml` for GPU usage
2025-02-26 22:08:46,642 kilosort.spikedetect DEBUG    GPU memory:   14.33 %     |      5.66   /    39.50 GB
2025-02-26 22:08:46,642 kilosort.spikedetect DEBUG    Allocated:     0.26 %     |      0.10   /    39.50 GB
2025-02-26 22:08:46,643 kilosort.spikedetect DEBUG    Max alloc:     8.34 %     |      3.30   /    39.50 GB
2025-02-26 22:08:46,643 kilosort.spikedetect DEBUG    ********************************************************
2025-02-26 22:08:46,644 kilosort.run_kilosort INFO     44200 spikes extracted in  3.69s; total  8.78s
2025-02-26 22:08:46,644 kilosort.run_kilosort DEBUG    st0 shape: (44200, 6)
2025-02-26 22:08:46,644 kilosort.run_kilosort DEBUG    tF shape: torch.Size([44200, 10, 6])
2025-02-26 22:08:46,644 kilosort.run_kilosort INFO      
2025-02-26 22:08:46,644 kilosort.run_kilosort INFO     First clustering
2025-02-26 22:08:46,644 kilosort.run_kilosort INFO     ----------------------------------------
2025-02-26 22:08:46,657 kilosort.clustering_qr DEBUG     
2025-02-26 22:08:46,657 kilosort.clustering_qr DEBUG    Cluster center: 0 of 96
2025-02-26 22:08:46,657 kilosort.clustering_qr DEBUG    ********************************************************
2025-02-26 22:08:46,657 kilosort.clustering_qr DEBUG    CPU usage:    21.10 %
2025-02-26 22:08:46,657 kilosort.clustering_qr DEBUG    Memory:        8.55 %     |     64.55   /   754.60 GB
2025-02-26 22:08:46,657 kilosort.clustering_qr DEBUG    ------------------------------------------------------
2025-02-26 22:08:46,657 kilosort.clustering_qr DEBUG    GPU usage:    `conda install pynvml` for GPU usage
2025-02-26 22:08:46,658 kilosort.clustering_qr DEBUG    GPU memory:   14.33 %     |      5.66   /    39.50 GB
2025-02-26 22:08:46,658 kilosort.clustering_qr DEBUG    Allocated:     0.03 %     |      0.01   /    39.50 GB
2025-02-26 22:08:46,658 kilosort.clustering_qr DEBUG    Max alloc:     8.34 %     |      3.30   /    39.50 GB
2025-02-26 22:08:46,658 kilosort.clustering_qr DEBUG    ********************************************************
2025-02-26 22:08:46,662 kilosort.clustering_qr DEBUG    Center 0 | nsp: 1643 | ntemp: 16
2025-02-26 22:08:47,076 kilosort.clustering_qr DEBUG    Center 1 | nsp: 742 | ntemp: 16
2025-02-26 22:08:47,180 kilosort.clustering_qr DEBUG    Center 2 | nsp: 1018 | ntemp: 16
2025-02-26 22:08:47,432 kilosort.clustering_qr DEBUG    Center 3 | nsp: 708 | ntemp: 16
2025-02-26 22:08:47,436 kilosort.clustering_qr DEBUG    Center 4 | nsp: 791 | ntemp: 16
2025-02-26 22:08:47,439 kilosort.clustering_qr DEBUG    Center 5 | nsp: 477 | ntemp: 16
2025-02-26 22:08:47,442 kilosort.clustering_qr DEBUG    Center 6 | nsp: 886 | ntemp: 16
2025-02-26 22:08:47,445 kilosort.clustering_qr DEBUG    Center 7 | nsp: 587 | ntemp: 16
2025-02-26 22:08:47,448 kilosort.clustering_qr DEBUG    Center 8 | nsp: 534 | ntemp: 16
2025-02-26 22:08:47,451 kilosort.clustering_qr DEBUG    Center 9 | nsp: 588 | ntemp: 16
2025-02-26 22:08:47,451 kilosort.clustering_qr DEBUG     
2025-02-26 22:08:47,451 kilosort.clustering_qr DEBUG    Cluster center: 10 of 96
2025-02-26 22:08:47,451 kilosort.clustering_qr DEBUG    ********************************************************
2025-02-26 22:08:47,452 kilosort.clustering_qr DEBUG    CPU usage:    19.40 %
2025-02-26 22:08:47,452 kilosort.clustering_qr DEBUG    Memory:        8.55 %     |     64.55   /   754.60 GB
2025-02-26 22:08:47,452 kilosort.clustering_qr DEBUG    ------------------------------------------------------
2025-02-26 22:08:47,452 kilosort.clustering_qr DEBUG    GPU usage:    `conda install pynvml` for GPU usage
2025-02-26 22:08:47,452 kilosort.clustering_qr DEBUG    GPU memory:   14.33 %     |      5.66   /    39.50 GB
2025-02-26 22:08:47,452 kilosort.clustering_qr DEBUG    Allocated:     0.03 %     |      0.01   /    39.50 GB
2025-02-26 22:08:47,452 kilosort.clustering_qr DEBUG    Max alloc:     8.34 %     |      3.30   /    39.50 GB
2025-02-26 22:08:47,452 kilosort.clustering_qr DEBUG    ********************************************************
2025-02-26 22:08:47,455 kilosort.clustering_qr DEBUG    Center 10 | nsp: 667 | ntemp: 16
2025-02-26 22:08:47,458 kilosort.clustering_qr DEBUG    Center 11 | nsp: 475 | ntemp: 16
2025-02-26 22:08:47,461 kilosort.clustering_qr DEBUG    Center 12 | nsp: 455 | ntemp: 16
2025-02-26 22:08:47,464 kilosort.clustering_qr DEBUG    Center 13 | nsp: 847 | ntemp: 16
2025-02-26 22:08:47,467 kilosort.clustering_qr DEBUG    Center 14 | nsp: 213 | ntemp: 16
2025-02-26 22:08:47,470 kilosort.clustering_qr DEBUG    Center 15 | nsp: 658 | ntemp: 16
2025-02-26 22:08:47,472 kilosort.clustering_qr DEBUG    Center 16 | nsp: 240 | ntemp: 16
2025-02-26 22:08:47,475 kilosort.clustering_qr DEBUG    Center 17 | nsp: 317 | ntemp: 16
2025-02-26 22:08:47,478 kilosort.clustering_qr DEBUG    Center 18 | nsp: 127 | ntemp: 16
2025-02-26 22:08:47,481 kilosort.clustering_qr DEBUG    Center 19 | nsp: 983 | ntemp: 16
2025-02-26 22:08:47,482 kilosort.clustering_qr DEBUG     
2025-02-26 22:08:47,482 kilosort.clustering_qr DEBUG    Cluster center: 20 of 96
2025-02-26 22:08:47,482 kilosort.clustering_qr DEBUG    ********************************************************
2025-02-26 22:08:47,482 kilosort.clustering_qr DEBUG    CPU usage:    35.20 %
2025-02-26 22:08:47,482 kilosort.clustering_qr DEBUG    Memory:        8.55 %     |     64.55   /   754.60 GB
2025-02-26 22:08:47,482 kilosort.clustering_qr DEBUG    ------------------------------------------------------
2025-02-26 22:08:47,482 kilosort.clustering_qr DEBUG    GPU usage:    `conda install pynvml` for GPU usage
2025-02-26 22:08:47,482 kilosort.clustering_qr DEBUG    GPU memory:   14.33 %     |      5.66   /    39.50 GB
2025-02-26 22:08:47,482 kilosort.clustering_qr DEBUG    Allocated:     0.03 %     |      0.01   /    39.50 GB
2025-02-26 22:08:47,483 kilosort.clustering_qr DEBUG    Max alloc:     8.34 %     |      3.30   /    39.50 GB
2025-02-26 22:08:47,483 kilosort.clustering_qr DEBUG    ********************************************************
2025-02-26 22:08:47,485 kilosort.clustering_qr DEBUG    Center 20 | nsp: 814 | ntemp: 16
2025-02-26 22:08:47,488 kilosort.clustering_qr DEBUG    Center 21 | nsp: 815 | ntemp: 16
2025-02-26 22:08:47,492 kilosort.clustering_qr DEBUG    Center 22 | nsp: 774 | ntemp: 16
2025-02-26 22:08:47,495 kilosort.clustering_qr DEBUG    Center 23 | nsp: 1021 | ntemp: 16
2025-02-26 22:08:47,813 kilosort.clustering_qr DEBUG    Center 24 | nsp: 884 | ntemp: 16
2025-02-26 22:08:47,816 kilosort.clustering_qr DEBUG    Center 25 | nsp: 1076 | ntemp: 16
2025-02-26 22:08:48,070 kilosort.clustering_qr DEBUG    Center 26 | nsp: 806 | ntemp: 16
2025-02-26 22:08:48,073 kilosort.clustering_qr DEBUG    Center 27 | nsp: 363 | ntemp: 16
2025-02-26 22:08:48,076 kilosort.clustering_qr DEBUG    Center 28 | nsp: 13 | ntemp: 16
2025-02-26 22:08:48,078 kilosort.clustering_qr DEBUG    Center 29 | nsp: 26 | ntemp: 16
2025-02-26 22:08:48,078 kilosort.clustering_qr DEBUG     
2025-02-26 22:08:48,078 kilosort.clustering_qr DEBUG    Cluster center: 30 of 96
2025-02-26 22:08:48,078 kilosort.clustering_qr DEBUG    ********************************************************
2025-02-26 22:08:48,079 kilosort.clustering_qr DEBUG    CPU usage:    19.40 %
2025-02-26 22:08:48,079 kilosort.clustering_qr DEBUG    Memory:        8.55 %     |     64.54   /   754.60 GB
2025-02-26 22:08:48,079 kilosort.clustering_qr DEBUG    ------------------------------------------------------
2025-02-26 22:08:48,079 kilosort.clustering_qr DEBUG    GPU usage:    `conda install pynvml` for GPU usage
2025-02-26 22:08:48,079 kilosort.clustering_qr DEBUG    GPU memory:   14.33 %     |      5.66   /    39.50 GB
2025-02-26 22:08:48,079 kilosort.clustering_qr DEBUG    Allocated:     0.03 %     |      0.01   /    39.50 GB
2025-02-26 22:08:48,079 kilosort.clustering_qr DEBUG    Max alloc:     8.34 %     |      3.30   /    39.50 GB
2025-02-26 22:08:48,079 kilosort.clustering_qr DEBUG    ********************************************************
2025-02-26 22:08:48,081 kilosort.clustering_qr DEBUG    Center 30 | nsp: 37 | ntemp: 16
2025-02-26 22:08:48,084 kilosort.clustering_qr DEBUG    Center 31 | nsp: 40 | ntemp: 16
2025-02-26 22:08:48,086 kilosort.clustering_qr DEBUG    Center 32 | nsp: 262 | ntemp: 16
2025-02-26 22:08:48,089 kilosort.clustering_qr DEBUG    Center 33 | nsp: 508 | ntemp: 16
2025-02-26 22:08:48,092 kilosort.clustering_qr DEBUG    Center 34 | nsp: 467 | ntemp: 16
2025-02-26 22:08:48,095 kilosort.clustering_qr DEBUG    Center 35 | nsp: 848 | ntemp: 16
2025-02-26 22:08:48,098 kilosort.clustering_qr DEBUG    Center 36 | nsp: 408 | ntemp: 16
2025-02-26 22:08:48,101 kilosort.clustering_qr DEBUG    Center 37 | nsp: 160 | ntemp: 16
2025-02-26 22:08:48,103 kilosort.clustering_qr DEBUG    Center 38 | nsp: 50 | ntemp: 16
2025-02-26 22:08:48,126 kilosort.clustering_qr DEBUG    Center 39 | nsp: 156 | ntemp: 16
2025-02-26 22:08:48,148 kilosort.clustering_qr DEBUG     
2025-02-26 22:08:48,148 kilosort.clustering_qr DEBUG    Cluster center: 40 of 96
2025-02-26 22:08:48,148 kilosort.clustering_qr DEBUG    ********************************************************
2025-02-26 22:08:48,149 kilosort.clustering_qr DEBUG    CPU usage:    36.10 %
2025-02-26 22:08:48,149 kilosort.clustering_qr DEBUG    Memory:        8.55 %     |     64.55   /   754.60 GB
2025-02-26 22:08:48,149 kilosort.clustering_qr DEBUG    ------------------------------------------------------
2025-02-26 22:08:48,149 kilosort.clustering_qr DEBUG    GPU usage:    `conda install pynvml` for GPU usage
2025-02-26 22:08:48,149 kilosort.clustering_qr DEBUG    GPU memory:   14.33 %     |      5.66   /    39.50 GB
2025-02-26 22:08:48,149 kilosort.clustering_qr DEBUG    Allocated:     0.03 %     |      0.01   /    39.50 GB
2025-02-26 22:08:48,149 kilosort.clustering_qr DEBUG    Max alloc:     8.34 %     |      3.30   /    39.50 GB
2025-02-26 22:08:48,149 kilosort.clustering_qr DEBUG    ********************************************************
2025-02-26 22:08:48,181 kilosort.clustering_qr DEBUG    Center 40 | nsp: 733 | ntemp: 16
2025-02-26 22:08:48,184 kilosort.clustering_qr DEBUG    Center 41 | nsp: 1030 | ntemp: 16
2025-02-26 22:08:48,487 kilosort.clustering_qr DEBUG    Center 42 | nsp: 96 | ntemp: 16
2025-02-26 22:08:48,490 kilosort.clustering_qr DEBUG    Center 43 | nsp: 157 | ntemp: 16
2025-02-26 22:08:48,493 kilosort.clustering_qr DEBUG    Center 44 | nsp: 149 | ntemp: 16
2025-02-26 22:08:48,496 kilosort.clustering_qr DEBUG    Center 45 | nsp: 87 | ntemp: 16
2025-02-26 22:08:48,498 kilosort.clustering_qr DEBUG    Center 46 | nsp: 52 | ntemp: 16
2025-02-26 22:08:48,501 kilosort.clustering_qr DEBUG    Center 47 | nsp: 49 | ntemp: 16
2025-02-26 22:08:48,504 kilosort.clustering_qr DEBUG    Center 48 | nsp: 188 | ntemp: 16
2025-02-26 22:08:48,507 kilosort.clustering_qr DEBUG    Center 49 | nsp: 290 | ntemp: 16
2025-02-26 22:08:48,507 kilosort.clustering_qr DEBUG     
2025-02-26 22:08:48,507 kilosort.clustering_qr DEBUG    Cluster center: 50 of 96
2025-02-26 22:08:48,507 kilosort.clustering_qr DEBUG    ********************************************************
2025-02-26 22:08:48,508 kilosort.clustering_qr DEBUG    CPU usage:    18.40 %
2025-02-26 22:08:48,508 kilosort.clustering_qr DEBUG    Memory:        8.55 %     |     64.55   /   754.60 GB
2025-02-26 22:08:48,508 kilosort.clustering_qr DEBUG    ------------------------------------------------------
2025-02-26 22:08:48,508 kilosort.clustering_qr DEBUG    GPU usage:    `conda install pynvml` for GPU usage
2025-02-26 22:08:48,508 kilosort.clustering_qr DEBUG    GPU memory:   14.33 %     |      5.66   /    39.50 GB
2025-02-26 22:08:48,508 kilosort.clustering_qr DEBUG    Allocated:     0.03 %     |      0.01   /    39.50 GB
2025-02-26 22:08:48,508 kilosort.clustering_qr DEBUG    Max alloc:     8.34 %     |      3.30   /    39.50 GB
2025-02-26 22:08:48,508 kilosort.clustering_qr DEBUG    ********************************************************
2025-02-26 22:08:48,511 kilosort.clustering_qr DEBUG    Center 50 | nsp: 318 | ntemp: 16
2025-02-26 22:08:48,588 kilosort.clustering_qr DEBUG    Center 51 | nsp: 928 | ntemp: 16
2025-02-26 22:08:48,591 kilosort.clustering_qr DEBUG    Center 52 | nsp: 386 | ntemp: 16
2025-02-26 22:08:48,594 kilosort.clustering_qr DEBUG    Center 53 | nsp: 315 | ntemp: 16
2025-02-26 22:08:48,597 kilosort.clustering_qr DEBUG    Center 54 | nsp: 33 | ntemp: 16
2025-02-26 22:08:48,600 kilosort.clustering_qr DEBUG    Center 55 | nsp: 109 | ntemp: 16
2025-02-26 22:08:48,602 kilosort.clustering_qr DEBUG    Center 56 | nsp: 101 | ntemp: 16
2025-02-26 22:08:48,604 kilosort.clustering_qr DEBUG    Center 57 | nsp: 165 | ntemp: 16
2025-02-26 22:08:48,607 kilosort.clustering_qr DEBUG    Center 58 | nsp: 184 | ntemp: 16
2025-02-26 22:08:48,610 kilosort.clustering_qr DEBUG    Center 59 | nsp: 599 | ntemp: 16
2025-02-26 22:08:48,610 kilosort.clustering_qr DEBUG     
2025-02-26 22:08:48,610 kilosort.clustering_qr DEBUG    Cluster center: 60 of 96
2025-02-26 22:08:48,610 kilosort.clustering_qr DEBUG    ********************************************************
2025-02-26 22:08:48,611 kilosort.clustering_qr DEBUG    CPU usage:    36.10 %
2025-02-26 22:08:48,611 kilosort.clustering_qr DEBUG    Memory:        8.55 %     |     64.55   /   754.60 GB
2025-02-26 22:08:48,611 kilosort.clustering_qr DEBUG    ------------------------------------------------------
2025-02-26 22:08:48,611 kilosort.clustering_qr DEBUG    GPU usage:    `conda install pynvml` for GPU usage
2025-02-26 22:08:48,611 kilosort.clustering_qr DEBUG    GPU memory:   14.33 %     |      5.66   /    39.50 GB
2025-02-26 22:08:48,611 kilosort.clustering_qr DEBUG    Allocated:     0.03 %     |      0.01   /    39.50 GB
2025-02-26 22:08:48,611 kilosort.clustering_qr DEBUG    Max alloc:     8.34 %     |      3.30   /    39.50 GB
2025-02-26 22:08:48,611 kilosort.clustering_qr DEBUG    ********************************************************
2025-02-26 22:08:48,614 kilosort.clustering_qr DEBUG    Center 60 | nsp: 1159 | ntemp: 16
2025-02-26 22:08:48,936 kilosort.clustering_qr DEBUG    Center 61 | nsp: 414 | ntemp: 16
2025-02-26 22:08:48,939 kilosort.clustering_qr DEBUG    Center 62 | nsp: 127 | ntemp: 16
2025-02-26 22:08:48,942 kilosort.clustering_qr DEBUG    Center 63 | nsp: 282 | ntemp: 16
2025-02-26 22:08:48,945 kilosort.clustering_qr DEBUG    Center 64 | nsp: 437 | ntemp: 16
2025-02-26 22:08:48,948 kilosort.clustering_qr DEBUG    Center 65 | nsp: 960 | ntemp: 16
2025-02-26 22:08:48,951 kilosort.clustering_qr DEBUG    Center 66 | nsp: 420 | ntemp: 16
2025-02-26 22:08:48,953 kilosort.clustering_qr DEBUG    Center 67 | nsp: 20 | ntemp: 16
2025-02-26 22:08:48,955 kilosort.clustering_qr DEBUG    Center 68 | nsp: 241 | ntemp: 16
2025-02-26 22:08:48,958 kilosort.clustering_qr DEBUG    Center 69 | nsp: 260 | ntemp: 16
2025-02-26 22:08:48,959 kilosort.clustering_qr DEBUG     
2025-02-26 22:08:48,959 kilosort.clustering_qr DEBUG    Cluster center: 70 of 96
2025-02-26 22:08:48,959 kilosort.clustering_qr DEBUG    ********************************************************
2025-02-26 22:08:48,959 kilosort.clustering_qr DEBUG    CPU usage:    18.00 %
2025-02-26 22:08:48,959 kilosort.clustering_qr DEBUG    Memory:        8.55 %     |     64.55   /   754.60 GB
2025-02-26 22:08:48,959 kilosort.clustering_qr DEBUG    ------------------------------------------------------
2025-02-26 22:08:48,959 kilosort.clustering_qr DEBUG    GPU usage:    `conda install pynvml` for GPU usage
2025-02-26 22:08:48,959 kilosort.clustering_qr DEBUG    GPU memory:   14.33 %     |      5.66   /    39.50 GB
2025-02-26 22:08:48,960 kilosort.clustering_qr DEBUG    Allocated:     0.03 %     |      0.01   /    39.50 GB
2025-02-26 22:08:48,960 kilosort.clustering_qr DEBUG    Max alloc:     8.34 %     |      3.30   /    39.50 GB
2025-02-26 22:08:48,960 kilosort.clustering_qr DEBUG    ********************************************************
2025-02-26 22:08:48,962 kilosort.clustering_qr DEBUG    Center 70 | nsp: 31 | ntemp: 16
2025-02-26 22:08:48,983 kilosort.clustering_qr DEBUG    Center 71 | nsp: 272 | ntemp: 16
2025-02-26 22:08:49,057 kilosort.clustering_qr DEBUG    Center 72 | nsp: 494 | ntemp: 16
2025-02-26 22:08:49,060 kilosort.clustering_qr DEBUG    Center 73 | nsp: 466 | ntemp: 16
2025-02-26 22:08:49,063 kilosort.clustering_qr DEBUG    Center 74 | nsp: 230 | ntemp: 16
2025-02-26 22:08:49,066 kilosort.clustering_qr DEBUG    Center 75 | nsp: 226 | ntemp: 16
2025-02-26 22:08:49,069 kilosort.clustering_qr DEBUG    Center 76 | nsp: 303 | ntemp: 16
2025-02-26 22:08:49,072 kilosort.clustering_qr DEBUG    Center 77 | nsp: 338 | ntemp: 16
2025-02-26 22:08:49,075 kilosort.clustering_qr DEBUG    Center 78 | nsp: 174 | ntemp: 16
2025-02-26 22:08:49,077 kilosort.clustering_qr DEBUG    Center 79 | nsp: 356 | ntemp: 16
2025-02-26 22:08:49,078 kilosort.clustering_qr DEBUG     
2025-02-26 22:08:49,078 kilosort.clustering_qr DEBUG    Cluster center: 80 of 96
2025-02-26 22:08:49,078 kilosort.clustering_qr DEBUG    ********************************************************
2025-02-26 22:08:49,078 kilosort.clustering_qr DEBUG    CPU usage:    35.70 %
2025-02-26 22:08:49,078 kilosort.clustering_qr DEBUG    Memory:        8.55 %     |     64.55   /   754.60 GB
2025-02-26 22:08:49,078 kilosort.clustering_qr DEBUG    ------------------------------------------------------
2025-02-26 22:08:49,078 kilosort.clustering_qr DEBUG    GPU usage:    `conda install pynvml` for GPU usage
2025-02-26 22:08:49,079 kilosort.clustering_qr DEBUG    GPU memory:   14.33 %     |      5.66   /    39.50 GB
2025-02-26 22:08:49,079 kilosort.clustering_qr DEBUG    Allocated:     0.03 %     |      0.01   /    39.50 GB
2025-02-26 22:08:49,080 kilosort.clustering_qr DEBUG    Max alloc:     8.34 %     |      3.30   /    39.50 GB
2025-02-26 22:08:49,080 kilosort.clustering_qr DEBUG    ********************************************************
2025-02-26 22:08:49,082 kilosort.clustering_qr DEBUG    Center 80 | nsp: 581 | ntemp: 16
2025-02-26 22:08:49,085 kilosort.clustering_qr DEBUG    Center 81 | nsp: 708 | ntemp: 16
2025-02-26 22:08:49,089 kilosort.clustering_qr DEBUG    Center 82 | nsp: 887 | ntemp: 16
2025-02-26 22:08:49,092 kilosort.clustering_qr DEBUG    Center 83 | nsp: 1542 | ntemp: 16
2025-02-26 22:08:49,597 kilosort.clustering_qr DEBUG    Center 84 | nsp: 884 | ntemp: 16
2025-02-26 22:08:49,600 kilosort.clustering_qr DEBUG    Center 85 | nsp: 617 | ntemp: 16
2025-02-26 22:08:49,603 kilosort.clustering_qr DEBUG    Center 86 | nsp: 460 | ntemp: 16
2025-02-26 22:08:49,607 kilosort.clustering_qr DEBUG    Center 87 | nsp: 403 | ntemp: 16
2025-02-26 22:08:49,610 kilosort.clustering_qr DEBUG    Center 88 | nsp: 489 | ntemp: 16
2025-02-26 22:08:49,613 kilosort.clustering_qr DEBUG    Center 89 | nsp: 452 | ntemp: 16
2025-02-26 22:08:49,613 kilosort.clustering_qr DEBUG     
2025-02-26 22:08:49,613 kilosort.clustering_qr DEBUG    Cluster center: 90 of 96
2025-02-26 22:08:49,613 kilosort.clustering_qr DEBUG    ********************************************************
2025-02-26 22:08:49,613 kilosort.clustering_qr DEBUG    CPU usage:    21.50 %
2025-02-26 22:08:49,613 kilosort.clustering_qr DEBUG    Memory:        8.55 %     |     64.55   /   754.60 GB
2025-02-26 22:08:49,613 kilosort.clustering_qr DEBUG    ------------------------------------------------------
2025-02-26 22:08:49,614 kilosort.clustering_qr DEBUG    GPU usage:    `conda install pynvml` for GPU usage
2025-02-26 22:08:49,614 kilosort.clustering_qr DEBUG    GPU memory:   14.33 %     |      5.66   /    39.50 GB
2025-02-26 22:08:49,614 kilosort.clustering_qr DEBUG    Allocated:     0.03 %     |      0.01   /    39.50 GB
2025-02-26 22:08:49,614 kilosort.clustering_qr DEBUG    Max alloc:     8.34 %     |      3.30   /    39.50 GB
2025-02-26 22:08:49,614 kilosort.clustering_qr DEBUG    ********************************************************
2025-02-26 22:08:49,622 kilosort.clustering_qr DEBUG    Center 90 | nsp: 375 | ntemp: 16
2025-02-26 22:08:49,625 kilosort.clustering_qr DEBUG    Center 91 | nsp: 338 | ntemp: 16
2025-02-26 22:08:49,628 kilosort.clustering_qr DEBUG    Center 92 | nsp: 437 | ntemp: 16
2025-02-26 22:08:49,707 kilosort.clustering_qr DEBUG    Center 93 | nsp: 255 | ntemp: 16
2025-02-26 22:08:49,710 kilosort.clustering_qr DEBUG    Center 94 | nsp: 89 | ntemp: 16
2025-02-26 22:08:49,712 kilosort.clustering_qr DEBUG    Center 95 | nsp: 20 | ntemp: 12
2025-02-26 22:08:49,780 kilosort.run_kilosort INFO     121 clusters found, in  3.14s; total  11.92s
2025-02-26 22:08:49,780 kilosort.run_kilosort DEBUG    clu shape: (44200,)
2025-02-26 22:08:49,780 kilosort.run_kilosort DEBUG    Wall shape: torch.Size([121, 374, 6])
2025-02-26 22:08:49,780 kilosort.run_kilosort INFO      
2025-02-26 22:08:49,781 kilosort.run_kilosort INFO     Extracting spikes using cluster waveforms
2025-02-26 22:08:49,781 kilosort.run_kilosort INFO     ----------------------------------------
2025-02-26 22:08:49,805 kilosort.template_matching DEBUG     
2025-02-26 22:08:49,806 kilosort.template_matching DEBUG    Batch 0
2025-02-26 22:08:49,806 kilosort.template_matching DEBUG    ********************************************************
2025-02-26 22:08:49,806 kilosort.template_matching DEBUG    CPU usage:    26.00 %
2025-02-26 22:08:49,806 kilosort.template_matching DEBUG    Memory:        8.58 %     |     64.77   /   754.60 GB
2025-02-26 22:08:49,806 kilosort.template_matching DEBUG    ------------------------------------------------------
2025-02-26 22:08:49,806 kilosort.template_matching DEBUG    GPU usage:    `conda install pynvml` for GPU usage
2025-02-26 22:08:49,806 kilosort.template_matching DEBUG    GPU memory:   14.33 %     |      5.66   /    39.50 GB
2025-02-26 22:08:49,807 kilosort.template_matching DEBUG    Allocated:     0.05 %     |      0.02   /    39.50 GB
2025-02-26 22:08:49,807 kilosort.template_matching DEBUG    Max alloc:     8.34 %     |      3.30   /    39.50 GB
2025-02-26 22:08:49,807 kilosort.template_matching DEBUG    ********************************************************
2025-02-26 22:08:50,546 kilosort.template_matching DEBUG     
2025-02-26 22:08:50,547 kilosort.template_matching DEBUG    Batch 7
2025-02-26 22:08:50,547 kilosort.template_matching DEBUG    ********************************************************
2025-02-26 22:08:50,547 kilosort.template_matching DEBUG    CPU usage:    12.40 %
2025-02-26 22:08:50,547 kilosort.template_matching DEBUG    Memory:        8.58 %     |     64.77   /   754.60 GB
2025-02-26 22:08:50,547 kilosort.template_matching DEBUG    ------------------------------------------------------
2025-02-26 22:08:50,547 kilosort.template_matching DEBUG    GPU usage:    `conda install pynvml` for GPU usage
2025-02-26 22:08:50,547 kilosort.template_matching DEBUG    GPU memory:   14.33 %     |      5.66   /    39.50 GB
2025-02-26 22:08:50,548 kilosort.template_matching DEBUG    Allocated:     0.47 %     |      0.19   /    39.50 GB
2025-02-26 22:08:50,548 kilosort.template_matching DEBUG    Max alloc:     8.34 %     |      3.30   /    39.50 GB
2025-02-26 22:08:50,548 kilosort.template_matching DEBUG    ********************************************************
2025-02-26 22:08:50,552 kilosort.run_kilosort INFO     52947 spikes extracted in  0.77s; total  12.69s
2025-02-26 22:08:50,555 kilosort.run_kilosort DEBUG    st shape: (52947, 3)
2025-02-26 22:08:50,556 kilosort.run_kilosort DEBUG    tF shape: torch.Size([52947, 10, 6])
2025-02-26 22:08:50,556 kilosort.run_kilosort DEBUG    iCC shape: torch.Size([10, 374])
2025-02-26 22:08:50,556 kilosort.run_kilosort DEBUG    iU shape: torch.Size([120])
2025-02-26 22:08:50,556 kilosort.run_kilosort INFO      
2025-02-26 22:08:50,556 kilosort.run_kilosort INFO     Resource usage after spike detection
2025-02-26 22:08:50,556 kilosort.run_kilosort INFO     ********************************************************
2025-02-26 22:08:50,557 kilosort.run_kilosort INFO     CPU usage:    22.90 %
2025-02-26 22:08:50,557 kilosort.run_kilosort INFO     Memory:        8.55 %     |     64.54   /   754.60 GB
2025-02-26 22:08:50,558 kilosort.run_kilosort INFO     ------------------------------------------------------
2025-02-26 22:08:50,558 kilosort.run_kilosort INFO     GPU usage:    `conda install pynvml` for GPU usage
2025-02-26 22:08:50,559 kilosort.run_kilosort INFO     GPU memory:   14.33 %     |      5.66   /    39.50 GB
2025-02-26 22:08:50,559 kilosort.run_kilosort INFO     Allocated:     0.03 %     |      0.01   /    39.50 GB
2025-02-26 22:08:50,560 kilosort.run_kilosort INFO     Max alloc:     8.34 %     |      3.30   /    39.50 GB
2025-02-26 22:08:50,560 kilosort.run_kilosort INFO     ********************************************************
2025-02-26 22:08:50,561 kilosort.run_kilosort DEBUG    

|===========================================================================|
|                  PyTorch CUDA memory summary, device ID 0                 |
|---------------------------------------------------------------------------|
|            CUDA OOMs: 0            |        cudaMalloc retries: 0         |
|===========================================================================|
|        Metric         | Cur Usage  | Peak Usage | Tot Alloc  | Tot Freed  |
|---------------------------------------------------------------------------|
| Allocated memory      |  12237 KiB |   3374 MiB |   4438 GiB |   4438 GiB |
|---------------------------------------------------------------------------|
| Active memory         |  12237 KiB |   3374 MiB |   4438 GiB |   4438 GiB |
|---------------------------------------------------------------------------|
| Requested memory      |  12234 KiB |   3372 MiB |   4436 GiB |   4436 GiB |
|---------------------------------------------------------------------------|
| GPU reserved memory   |   5230 MiB |   5230 MiB |   5230 MiB |      0 B   |
|---------------------------------------------------------------------------|
| Non-releasable memory |  38963 KiB |   1751 MiB |   2063 GiB |   2063 GiB |
|---------------------------------------------------------------------------|
| Allocations           |      13    |      45    |  370533    |  370520    |
|---------------------------------------------------------------------------|
| Active allocs         |      13    |      45    |  370533    |  370520    |
|---------------------------------------------------------------------------|
| GPU reserved segments |      18    |      18    |      18    |       0    |
|---------------------------------------------------------------------------|
| Non-releasable allocs |      10    |      24    |  146890    |  146880    |
|---------------------------------------------------------------------------|
| Oversize allocations  |       0    |       0    |       0    |       0    |
|---------------------------------------------------------------------------|
| Oversize GPU segments |       0    |       0    |       0    |       0    |
|===========================================================================|


2025-02-26 22:08:50,561 kilosort.run_kilosort INFO      
2025-02-26 22:08:50,562 kilosort.run_kilosort INFO     Final clustering
2025-02-26 22:08:50,562 kilosort.run_kilosort INFO     ----------------------------------------
2025-02-26 22:08:50,573 kilosort.clustering_qr DEBUG     
2025-02-26 22:08:50,573 kilosort.clustering_qr DEBUG    Cluster center: 0 of 96
2025-02-26 22:08:50,573 kilosort.clustering_qr DEBUG    ********************************************************
2025-02-26 22:08:50,573 kilosort.clustering_qr DEBUG    CPU usage:    17.20 %
2025-02-26 22:08:50,573 kilosort.clustering_qr DEBUG    Memory:        8.55 %     |     64.53   /   754.60 GB
2025-02-26 22:08:50,573 kilosort.clustering_qr DEBUG    ------------------------------------------------------
2025-02-26 22:08:50,573 kilosort.clustering_qr DEBUG    GPU usage:    `conda install pynvml` for GPU usage
2025-02-26 22:08:50,573 kilosort.clustering_qr DEBUG    GPU memory:   14.33 %     |      5.66   /    39.50 GB
2025-02-26 22:08:50,573 kilosort.clustering_qr DEBUG    Allocated:     0.03 %     |      0.01   /    39.50 GB
2025-02-26 22:08:50,574 kilosort.clustering_qr DEBUG    Max alloc:     8.34 %     |      3.30   /    39.50 GB
2025-02-26 22:08:50,574 kilosort.clustering_qr DEBUG    ********************************************************
2025-02-26 22:08:50,576 kilosort.clustering_qr DEBUG    Center 0 | nsp: 2972 | ntemp: 5
2025-02-26 22:08:51,021 kilosort.clustering_qr DEBUG    Center 1 | nsp: 765 | ntemp: 1
2025-02-26 22:08:51,023 kilosort.clustering_qr DEBUG    Center 2 | nsp: 1683 | ntemp: 3
2025-02-26 22:08:51,383 kilosort.clustering_qr DEBUG    Center 3 | nsp: 335 | ntemp: 1
2025-02-26 22:08:51,385 kilosort.clustering_qr DEBUG    Center 4 | nsp: 2042 | ntemp: 2
2025-02-26 22:08:51,638 kilosort.clustering_qr DEBUG    Center 5 | nsp: 657 | ntemp: 1
2025-02-26 22:08:51,639 kilosort.clustering_qr DEBUG    Center 6 | nsp: 655 | ntemp: 1
2025-02-26 22:08:51,640 kilosort.clustering_qr DEBUG    Center 7 | nsp: 416 | ntemp: 1
2025-02-26 22:08:51,641 kilosort.clustering_qr DEBUG    Center 8 | nsp: 648 | ntemp: 1
2025-02-26 22:08:51,643 kilosort.clustering_qr DEBUG    Center 9 | nsp: 767 | ntemp: 1
2025-02-26 22:08:51,643 kilosort.clustering_qr DEBUG     
2025-02-26 22:08:51,643 kilosort.clustering_qr DEBUG    Cluster center: 10 of 96
2025-02-26 22:08:51,643 kilosort.clustering_qr DEBUG    ********************************************************
2025-02-26 22:08:51,643 kilosort.clustering_qr DEBUG    CPU usage:    20.80 %
2025-02-26 22:08:51,644 kilosort.clustering_qr DEBUG    Memory:        8.55 %     |     64.53   /   754.60 GB
2025-02-26 22:08:51,644 kilosort.clustering_qr DEBUG    ------------------------------------------------------
2025-02-26 22:08:51,644 kilosort.clustering_qr DEBUG    GPU usage:    `conda install pynvml` for GPU usage
2025-02-26 22:08:51,644 kilosort.clustering_qr DEBUG    GPU memory:   14.33 %     |      5.66   /    39.50 GB
2025-02-26 22:08:51,644 kilosort.clustering_qr DEBUG    Allocated:     0.03 %     |      0.01   /    39.50 GB
2025-02-26 22:08:51,644 kilosort.clustering_qr DEBUG    Max alloc:     8.34 %     |      3.30   /    39.50 GB
2025-02-26 22:08:51,644 kilosort.clustering_qr DEBUG    ********************************************************
2025-02-26 22:08:51,645 kilosort.clustering_qr DEBUG    Center 10 | nsp: 390 | ntemp: 1
2025-02-26 22:08:51,646 kilosort.clustering_qr DEBUG    Center 11 | nsp: 613 | ntemp: 1
2025-02-26 22:08:51,647 kilosort.clustering_qr DEBUG    Center 12 | nsp: 363 | ntemp: 1
2025-02-26 22:08:51,649 kilosort.clustering_qr DEBUG    Center 13 | nsp: 736 | ntemp: 1
2025-02-26 22:08:51,650 kilosort.clustering_qr DEBUG    Center 14 | nsp: 188 | ntemp: 1
2025-02-26 22:08:51,651 kilosort.clustering_qr DEBUG    Center 15 | nsp: 490 | ntemp: 1
2025-02-26 22:08:51,652 kilosort.clustering_qr DEBUG    Center 16 | nsp: 272 | ntemp: 1
2025-02-26 22:08:51,653 kilosort.clustering_qr DEBUG    Center 17 | nsp: 260 | ntemp: 1
2025-02-26 22:08:51,654 kilosort.clustering_qr DEBUG    Center 18 | nsp: 385 | ntemp: 1
2025-02-26 22:08:51,655 kilosort.clustering_qr DEBUG    Center 19 | nsp: 648 | ntemp: 1
2025-02-26 22:08:51,656 kilosort.clustering_qr DEBUG     
2025-02-26 22:08:51,656 kilosort.clustering_qr DEBUG    Cluster center: 20 of 96
2025-02-26 22:08:51,656 kilosort.clustering_qr DEBUG    ********************************************************
2025-02-26 22:08:51,656 kilosort.clustering_qr DEBUG    CPU usage:    34.10 %
2025-02-26 22:08:51,656 kilosort.clustering_qr DEBUG    Memory:        8.55 %     |     64.53   /   754.60 GB
2025-02-26 22:08:51,656 kilosort.clustering_qr DEBUG    ------------------------------------------------------
2025-02-26 22:08:51,656 kilosort.clustering_qr DEBUG    GPU usage:    `conda install pynvml` for GPU usage
2025-02-26 22:08:51,656 kilosort.clustering_qr DEBUG    GPU memory:   14.33 %     |      5.66   /    39.50 GB
2025-02-26 22:08:51,657 kilosort.clustering_qr DEBUG    Allocated:     0.03 %     |      0.01   /    39.50 GB
2025-02-26 22:08:51,657 kilosort.clustering_qr DEBUG    Max alloc:     8.34 %     |      3.30   /    39.50 GB
2025-02-26 22:08:51,657 kilosort.clustering_qr DEBUG    ********************************************************
2025-02-26 22:08:51,658 kilosort.clustering_qr DEBUG    Center 20 | nsp: 980 | ntemp: 1
2025-02-26 22:08:51,659 kilosort.clustering_qr DEBUG    Center 21 | nsp: 983 | ntemp: 1
2025-02-26 22:08:51,660 kilosort.clustering_qr DEBUG    Center 22 | nsp: 1062 | ntemp: 1
2025-02-26 22:08:51,911 kilosort.clustering_qr DEBUG    Center 23 | nsp: 1587 | ntemp: 4
2025-02-26 22:08:52,165 kilosort.clustering_qr DEBUG    Center 24 | nsp: 707 | ntemp: 1
2025-02-26 22:08:52,167 kilosort.clustering_qr DEBUG    Center 25 | nsp: 2303 | ntemp: 4
2025-02-26 22:08:52,427 kilosort.clustering_qr DEBUG    Center 26 | nsp: 620 | ntemp: 1
2025-02-26 22:08:52,428 kilosort.clustering_qr DEBUG    Center 27 | nsp: 800 | ntemp: 1
2025-02-26 22:08:52,429 kilosort.clustering_qr DEBUG    Center 28 | nsp: 0 | ntemp: 0
2025-02-26 22:08:52,429 kilosort.clustering_qr DEBUG    Center 29 | nsp: 28 | ntemp: 1
2025-02-26 22:08:52,430 kilosort.clustering_qr DEBUG     
2025-02-26 22:08:52,430 kilosort.clustering_qr DEBUG    Cluster center: 30 of 96
2025-02-26 22:08:52,430 kilosort.clustering_qr DEBUG    ********************************************************
2025-02-26 22:08:52,430 kilosort.clustering_qr DEBUG    CPU usage:    21.20 %
2025-02-26 22:08:52,430 kilosort.clustering_qr DEBUG    Memory:        8.55 %     |     64.53   /   754.60 GB
2025-02-26 22:08:52,430 kilosort.clustering_qr DEBUG    ------------------------------------------------------
2025-02-26 22:08:52,430 kilosort.clustering_qr DEBUG    GPU usage:    `conda install pynvml` for GPU usage
2025-02-26 22:08:52,430 kilosort.clustering_qr DEBUG    GPU memory:   14.33 %     |      5.66   /    39.50 GB
2025-02-26 22:08:52,431 kilosort.clustering_qr DEBUG    Allocated:     0.03 %     |      0.01   /    39.50 GB
2025-02-26 22:08:52,431 kilosort.clustering_qr DEBUG    Max alloc:     8.34 %     |      3.30   /    39.50 GB
2025-02-26 22:08:52,431 kilosort.clustering_qr DEBUG    ********************************************************
2025-02-26 22:08:52,432 kilosort.clustering_qr DEBUG    Center 30 | nsp: 210 | ntemp: 2
2025-02-26 22:08:52,433 kilosort.clustering_qr DEBUG    Center 31 | nsp: 87 | ntemp: 1
2025-02-26 22:08:52,434 kilosort.clustering_qr DEBUG    Center 32 | nsp: 280 | ntemp: 1
2025-02-26 22:08:52,435 kilosort.clustering_qr DEBUG    Center 33 | nsp: 499 | ntemp: 1
2025-02-26 22:08:52,436 kilosort.clustering_qr DEBUG    Center 34 | nsp: 383 | ntemp: 1
2025-02-26 22:08:52,437 kilosort.clustering_qr DEBUG    Center 35 | nsp: 522 | ntemp: 1
2025-02-26 22:08:52,439 kilosort.clustering_qr DEBUG    Center 36 | nsp: 341 | ntemp: 1
2025-02-26 22:08:52,440 kilosort.clustering_qr DEBUG    Center 37 | nsp: 223 | ntemp: 1
2025-02-26 22:08:52,440 kilosort.clustering_qr DEBUG    Center 38 | nsp: 0 | ntemp: 0
2025-02-26 22:08:52,441 kilosort.clustering_qr DEBUG    Center 39 | nsp: 64 | ntemp: 1
2025-02-26 22:08:52,441 kilosort.clustering_qr DEBUG     
2025-02-26 22:08:52,441 kilosort.clustering_qr DEBUG    Cluster center: 40 of 96
2025-02-26 22:08:52,441 kilosort.clustering_qr DEBUG    ********************************************************
2025-02-26 22:08:52,442 kilosort.clustering_qr DEBUG    CPU usage:    36.60 %
2025-02-26 22:08:52,442 kilosort.clustering_qr DEBUG    Memory:        8.55 %     |     64.53   /   754.60 GB
2025-02-26 22:08:52,442 kilosort.clustering_qr DEBUG    ------------------------------------------------------
2025-02-26 22:08:52,442 kilosort.clustering_qr DEBUG    GPU usage:    `conda install pynvml` for GPU usage
2025-02-26 22:08:52,442 kilosort.clustering_qr DEBUG    GPU memory:   14.33 %     |      5.66   /    39.50 GB
2025-02-26 22:08:52,442 kilosort.clustering_qr DEBUG    Allocated:     0.03 %     |      0.01   /    39.50 GB
2025-02-26 22:08:52,442 kilosort.clustering_qr DEBUG    Max alloc:     8.34 %     |      3.30   /    39.50 GB
2025-02-26 22:08:52,442 kilosort.clustering_qr DEBUG    ********************************************************
2025-02-26 22:08:52,443 kilosort.clustering_qr DEBUG    Center 40 | nsp: 781 | ntemp: 2
2025-02-26 22:08:52,445 kilosort.clustering_qr DEBUG    Center 41 | nsp: 1071 | ntemp: 1
2025-02-26 22:08:52,692 kilosort.clustering_qr DEBUG    Center 42 | nsp: 105 | ntemp: 1
2025-02-26 22:08:52,694 kilosort.clustering_qr DEBUG    Center 43 | nsp: 288 | ntemp: 2
2025-02-26 22:08:52,694 kilosort.clustering_qr DEBUG    Center 44 | nsp: 0 | ntemp: 0
2025-02-26 22:08:52,695 kilosort.clustering_qr DEBUG    Center 45 | nsp: 119 | ntemp: 1
2025-02-26 22:08:52,696 kilosort.clustering_qr DEBUG    Center 46 | nsp: 14 | ntemp: 1
2025-02-26 22:08:52,697 kilosort.clustering_qr DEBUG    Center 47 | nsp: 128 | ntemp: 1
2025-02-26 22:08:52,698 kilosort.clustering_qr DEBUG    Center 48 | nsp: 231 | ntemp: 1
2025-02-26 22:08:52,699 kilosort.clustering_qr DEBUG    Center 49 | nsp: 426 | ntemp: 1
2025-02-26 22:08:52,700 kilosort.clustering_qr DEBUG     
2025-02-26 22:08:52,700 kilosort.clustering_qr DEBUG    Cluster center: 50 of 96
2025-02-26 22:08:52,700 kilosort.clustering_qr DEBUG    ********************************************************
2025-02-26 22:08:52,700 kilosort.clustering_qr DEBUG    CPU usage:    20.20 %
2025-02-26 22:08:52,700 kilosort.clustering_qr DEBUG    Memory:        8.55 %     |     64.53   /   754.60 GB
2025-02-26 22:08:52,700 kilosort.clustering_qr DEBUG    ------------------------------------------------------
2025-02-26 22:08:52,700 kilosort.clustering_qr DEBUG    GPU usage:    `conda install pynvml` for GPU usage
2025-02-26 22:08:52,700 kilosort.clustering_qr DEBUG    GPU memory:   14.33 %     |      5.66   /    39.50 GB
2025-02-26 22:08:52,701 kilosort.clustering_qr DEBUG    Allocated:     0.03 %     |      0.01   /    39.50 GB
2025-02-26 22:08:52,701 kilosort.clustering_qr DEBUG    Max alloc:     8.34 %     |      3.30   /    39.50 GB
2025-02-26 22:08:52,701 kilosort.clustering_qr DEBUG    ********************************************************
2025-02-26 22:08:52,702 kilosort.clustering_qr DEBUG    Center 50 | nsp: 372 | ntemp: 1
2025-02-26 22:08:52,703 kilosort.clustering_qr DEBUG    Center 51 | nsp: 665 | ntemp: 1
2025-02-26 22:08:52,704 kilosort.clustering_qr DEBUG    Center 52 | nsp: 618 | ntemp: 1
2025-02-26 22:08:52,705 kilosort.clustering_qr DEBUG    Center 53 | nsp: 361 | ntemp: 1
2025-02-26 22:08:52,706 kilosort.clustering_qr DEBUG    Center 54 | nsp: 0 | ntemp: 0
2025-02-26 22:08:52,707 kilosort.clustering_qr DEBUG    Center 55 | nsp: 89 | ntemp: 2
2025-02-26 22:08:52,708 kilosort.clustering_qr DEBUG    Center 56 | nsp: 196 | ntemp: 1
2025-02-26 22:08:52,709 kilosort.clustering_qr DEBUG    Center 57 | nsp: 224 | ntemp: 1
2025-02-26 22:08:52,710 kilosort.clustering_qr DEBUG    Center 58 | nsp: 475 | ntemp: 1
2025-02-26 22:08:52,711 kilosort.clustering_qr DEBUG    Center 59 | nsp: 445 | ntemp: 1
2025-02-26 22:08:52,711 kilosort.clustering_qr DEBUG     
2025-02-26 22:08:52,712 kilosort.clustering_qr DEBUG    Cluster center: 60 of 96
2025-02-26 22:08:52,712 kilosort.clustering_qr DEBUG    ********************************************************
2025-02-26 22:08:52,712 kilosort.clustering_qr DEBUG    CPU usage:    35.70 %
2025-02-26 22:08:52,712 kilosort.clustering_qr DEBUG    Memory:        8.55 %     |     64.53   /   754.60 GB
2025-02-26 22:08:52,712 kilosort.clustering_qr DEBUG    ------------------------------------------------------
2025-02-26 22:08:52,712 kilosort.clustering_qr DEBUG    GPU usage:    `conda install pynvml` for GPU usage
2025-02-26 22:08:52,712 kilosort.clustering_qr DEBUG    GPU memory:   14.33 %     |      5.66   /    39.50 GB
2025-02-26 22:08:52,712 kilosort.clustering_qr DEBUG    Allocated:     0.03 %     |      0.01   /    39.50 GB
2025-02-26 22:08:52,713 kilosort.clustering_qr DEBUG    Max alloc:     8.34 %     |      3.30   /    39.50 GB
2025-02-26 22:08:52,713 kilosort.clustering_qr DEBUG    ********************************************************
2025-02-26 22:08:52,714 kilosort.clustering_qr DEBUG    Center 60 | nsp: 2116 | ntemp: 5
2025-02-26 22:08:52,976 kilosort.clustering_qr DEBUG    Center 61 | nsp: 622 | ntemp: 1
2025-02-26 22:08:52,978 kilosort.clustering_qr DEBUG    Center 62 | nsp: 134 | ntemp: 1
2025-02-26 22:08:52,979 kilosort.clustering_qr DEBUG    Center 63 | nsp: 434 | ntemp: 1
2025-02-26 22:08:52,980 kilosort.clustering_qr DEBUG    Center 64 | nsp: 492 | ntemp: 1
2025-02-26 22:08:52,981 kilosort.clustering_qr DEBUG    Center 65 | nsp: 826 | ntemp: 1
2025-02-26 22:08:52,982 kilosort.clustering_qr DEBUG    Center 66 | nsp: 510 | ntemp: 1
2025-02-26 22:08:52,983 kilosort.clustering_qr DEBUG    Center 67 | nsp: 30 | ntemp: 1
2025-02-26 22:08:52,985 kilosort.clustering_qr DEBUG    Center 68 | nsp: 446 | ntemp: 1
2025-02-26 22:08:52,986 kilosort.clustering_qr DEBUG    Center 69 | nsp: 95 | ntemp: 1
2025-02-26 22:08:52,986 kilosort.clustering_qr DEBUG     
2025-02-26 22:08:52,986 kilosort.clustering_qr DEBUG    Cluster center: 70 of 96
2025-02-26 22:08:52,986 kilosort.clustering_qr DEBUG    ********************************************************
2025-02-26 22:08:52,986 kilosort.clustering_qr DEBUG    CPU usage:    13.90 %
2025-02-26 22:08:52,986 kilosort.clustering_qr DEBUG    Memory:        8.55 %     |     64.53   /   754.60 GB
2025-02-26 22:08:52,987 kilosort.clustering_qr DEBUG    ------------------------------------------------------
2025-02-26 22:08:52,987 kilosort.clustering_qr DEBUG    GPU usage:    `conda install pynvml` for GPU usage
2025-02-26 22:08:52,987 kilosort.clustering_qr DEBUG    GPU memory:   14.33 %     |      5.66   /    39.50 GB
2025-02-26 22:08:52,987 kilosort.clustering_qr DEBUG    Allocated:     0.03 %     |      0.01   /    39.50 GB
2025-02-26 22:08:52,987 kilosort.clustering_qr DEBUG    Max alloc:     8.34 %     |      3.30   /    39.50 GB
2025-02-26 22:08:52,987 kilosort.clustering_qr DEBUG    ********************************************************
2025-02-26 22:08:52,989 kilosort.clustering_qr DEBUG    Center 70 | nsp: 16 | ntemp: 1
2025-02-26 22:08:52,989 kilosort.clustering_qr DEBUG    Center 71 | nsp: 0 | ntemp: 0
2025-02-26 22:08:52,990 kilosort.clustering_qr DEBUG    Center 72 | nsp: 495 | ntemp: 2
2025-02-26 22:08:52,991 kilosort.clustering_qr DEBUG    Center 73 | nsp: 457 | ntemp: 1
2025-02-26 22:08:52,992 kilosort.clustering_qr DEBUG    Center 74 | nsp: 210 | ntemp: 1
2025-02-26 22:08:52,993 kilosort.clustering_qr DEBUG    Center 75 | nsp: 133 | ntemp: 1
2025-02-26 22:08:52,994 kilosort.clustering_qr DEBUG    Center 76 | nsp: 0 | ntemp: 0
2025-02-26 22:08:52,995 kilosort.clustering_qr DEBUG    Center 77 | nsp: 687 | ntemp: 2
2025-02-26 22:08:52,996 kilosort.clustering_qr DEBUG    Center 78 | nsp: 245 | ntemp: 1
2025-02-26 22:08:52,997 kilosort.clustering_qr DEBUG    Center 79 | nsp: 360 | ntemp: 1
2025-02-26 22:08:53,026 kilosort.clustering_qr DEBUG     
2025-02-26 22:08:53,026 kilosort.clustering_qr DEBUG    Cluster center: 80 of 96
2025-02-26 22:08:53,026 kilosort.clustering_qr DEBUG    ********************************************************
2025-02-26 22:08:53,026 kilosort.clustering_qr DEBUG    CPU usage:    35.70 %
2025-02-26 22:08:53,026 kilosort.clustering_qr DEBUG    Memory:        8.55 %     |     64.53   /   754.60 GB
2025-02-26 22:08:53,026 kilosort.clustering_qr DEBUG    ------------------------------------------------------
2025-02-26 22:08:53,026 kilosort.clustering_qr DEBUG    GPU usage:    `conda install pynvml` for GPU usage
2025-02-26 22:08:53,027 kilosort.clustering_qr DEBUG    GPU memory:   14.33 %     |      5.66   /    39.50 GB
2025-02-26 22:08:53,027 kilosort.clustering_qr DEBUG    Allocated:     0.03 %     |      0.01   /    39.50 GB
2025-02-26 22:08:53,027 kilosort.clustering_qr DEBUG    Max alloc:     8.34 %     |      3.30   /    39.50 GB
2025-02-26 22:08:53,027 kilosort.clustering_qr DEBUG    ********************************************************
2025-02-26 22:08:53,027 kilosort.clustering_qr DEBUG    Center 80 | nsp: 0 | ntemp: 0
2025-02-26 22:08:53,087 kilosort.clustering_qr DEBUG    Center 81 | nsp: 1502 | ntemp: 2
2025-02-26 22:08:53,373 kilosort.clustering_qr DEBUG    Center 82 | nsp: 494 | ntemp: 1
2025-02-26 22:08:53,376 kilosort.clustering_qr DEBUG    Center 83 | nsp: 3291 | ntemp: 6
2025-02-26 22:08:53,643 kilosort.clustering_qr DEBUG    Center 84 | nsp: 1159 | ntemp: 3
2025-02-26 22:08:53,898 kilosort.clustering_qr DEBUG    Center 85 | nsp: 697 | ntemp: 1
2025-02-26 22:08:53,899 kilosort.clustering_qr DEBUG    Center 86 | nsp: 442 | ntemp: 1
2025-02-26 22:08:53,900 kilosort.clustering_qr DEBUG    Center 87 | nsp: 494 | ntemp: 1
2025-02-26 22:08:53,901 kilosort.clustering_qr DEBUG    Center 88 | nsp: 305 | ntemp: 1
2025-02-26 22:08:53,903 kilosort.clustering_qr DEBUG    Center 89 | nsp: 681 | ntemp: 1
2025-02-26 22:08:53,903 kilosort.clustering_qr DEBUG     
2025-02-26 22:08:53,903 kilosort.clustering_qr DEBUG    Cluster center: 90 of 96
2025-02-26 22:08:53,903 kilosort.clustering_qr DEBUG    ********************************************************
2025-02-26 22:08:53,903 kilosort.clustering_qr DEBUG    CPU usage:    20.40 %
2025-02-26 22:08:53,903 kilosort.clustering_qr DEBUG    Memory:        8.55 %     |     64.53   /   754.60 GB
2025-02-26 22:08:53,903 kilosort.clustering_qr DEBUG    ------------------------------------------------------
2025-02-26 22:08:53,904 kilosort.clustering_qr DEBUG    GPU usage:    `conda install pynvml` for GPU usage
2025-02-26 22:08:53,904 kilosort.clustering_qr DEBUG    GPU memory:   14.33 %     |      5.66   /    39.50 GB
2025-02-26 22:08:53,904 kilosort.clustering_qr DEBUG    Allocated:     0.03 %     |      0.01   /    39.50 GB
2025-02-26 22:08:53,904 kilosort.clustering_qr DEBUG    Max alloc:     8.34 %     |      3.30   /    39.50 GB
2025-02-26 22:08:53,904 kilosort.clustering_qr DEBUG    ********************************************************
2025-02-26 22:08:53,905 kilosort.clustering_qr DEBUG    Center 90 | nsp: 520 | ntemp: 1
2025-02-26 22:08:53,906 kilosort.clustering_qr DEBUG    Center 91 | nsp: 439 | ntemp: 1
2025-02-26 22:08:53,907 kilosort.clustering_qr DEBUG    Center 92 | nsp: 400 | ntemp: 1
2025-02-26 22:08:53,909 kilosort.clustering_qr DEBUG    Center 93 | nsp: 601 | ntemp: 2
2025-02-26 22:08:53,909 kilosort.clustering_qr DEBUG    Center 94 | nsp: 0 | ntemp: 0
2025-02-26 22:08:53,910 kilosort.clustering_qr DEBUG    Center 95 | nsp: 42 | ntemp: 1
2025-02-26 22:08:53,913 kilosort.run_kilosort INFO     137 clusters found, in  3.35s; total  16.05s
2025-02-26 22:08:53,913 kilosort.run_kilosort DEBUG    clu shape: (52947,)
2025-02-26 22:08:53,913 kilosort.run_kilosort DEBUG    Wall shape: torch.Size([137, 374, 6])
2025-02-26 22:08:53,913 kilosort.run_kilosort INFO      
2025-02-26 22:08:53,914 kilosort.run_kilosort INFO     Merging clusters
2025-02-26 22:08:53,914 kilosort.run_kilosort INFO     ----------------------------------------
2025-02-26 22:08:53,991 kilosort.run_kilosort INFO     137 units found, in  0.08s; total  16.13s
2025-02-26 22:08:53,992 kilosort.run_kilosort DEBUG    clu shape: (52947,)
2025-02-26 22:08:53,992 kilosort.run_kilosort DEBUG    Wall shape: torch.Size([137, 374, 6])
2025-02-26 22:08:54,010 kilosort.run_kilosort INFO      
2025-02-26 22:08:54,010 kilosort.run_kilosort INFO     Resource usage after clustering
2025-02-26 22:08:54,011 kilosort.run_kilosort INFO     ********************************************************
2025-02-26 22:08:54,011 kilosort.run_kilosort INFO     CPU usage:    33.00 %
2025-02-26 22:08:54,012 kilosort.run_kilosort INFO     Memory:        8.55 %     |     64.53   /   754.60 GB
2025-02-26 22:08:54,012 kilosort.run_kilosort INFO     ------------------------------------------------------
2025-02-26 22:08:54,012 kilosort.run_kilosort INFO     GPU usage:    `conda install pynvml` for GPU usage
2025-02-26 22:08:54,013 kilosort.run_kilosort INFO     GPU memory:   14.33 %     |      5.66   /    39.50 GB
2025-02-26 22:08:54,014 kilosort.run_kilosort INFO     Allocated:     0.03 %     |      0.01   /    39.50 GB
2025-02-26 22:08:54,014 kilosort.run_kilosort INFO     Max alloc:     8.34 %     |      3.30   /    39.50 GB
2025-02-26 22:08:54,014 kilosort.run_kilosort INFO     ********************************************************
2025-02-26 22:08:54,015 kilosort.run_kilosort DEBUG    

|===========================================================================|
|                  PyTorch CUDA memory summary, device ID 0                 |
|---------------------------------------------------------------------------|
|            CUDA OOMs: 0            |        cudaMalloc retries: 0         |
|===========================================================================|
|        Metric         | Cur Usage  | Peak Usage | Tot Alloc  | Tot Freed  |
|---------------------------------------------------------------------------|
| Allocated memory      |  11185 KiB |   3374 MiB |   4462 GiB |   4462 GiB |
|---------------------------------------------------------------------------|
| Active memory         |  11185 KiB |   3374 MiB |   4462 GiB |   4462 GiB |
|---------------------------------------------------------------------------|
| Requested memory      |  11182 KiB |   3372 MiB |   4460 GiB |   4460 GiB |
|---------------------------------------------------------------------------|
| GPU reserved memory   |   5230 MiB |   5230 MiB |   5230 MiB |      0 B   |
|---------------------------------------------------------------------------|
| Non-releasable memory |  40015 KiB |   1751 MiB |   2090 GiB |   2090 GiB |
|---------------------------------------------------------------------------|
| Allocations           |      12    |      45    |  508902    |  508890    |
|---------------------------------------------------------------------------|
| Active allocs         |      12    |      45    |  508902    |  508890    |
|---------------------------------------------------------------------------|
| GPU reserved segments |      18    |      18    |      18    |       0    |
|---------------------------------------------------------------------------|
| Non-releasable allocs |      10    |      24    |  209063    |  209053    |
|---------------------------------------------------------------------------|
| Oversize allocations  |       0    |       0    |       0    |       0    |
|---------------------------------------------------------------------------|
| Oversize GPU segments |       0    |       0    |       0    |       0    |
|===========================================================================|


2025-02-26 22:08:54,015 kilosort.run_kilosort INFO      
2025-02-26 22:08:54,016 kilosort.run_kilosort INFO     Saving to phy and computing refractory periods
2025-02-26 22:08:54,016 kilosort.run_kilosort INFO     ----------------------------------------
2025-02-26 22:08:54,544 kilosort.run_kilosort INFO     40 units found with good refractory periods
2025-02-26 22:08:54,545 kilosort.run_kilosort INFO     Total runtime: 16.68s = 00:00:17 h:m:s
2025-02-26 22:08:54,559 kilosort.run_kilosort INFO     Sorting output saved in: /home/lss72/palmer_scratch/spike_sort/kilosort4.
2025-02-26 22:08:54,560 kilosort.run_kilosort INFO      
2025-02-26 22:08:54,560 kilosort.run_kilosort INFO     Resource usage after saving
2025-02-26 22:08:54,561 kilosort.run_kilosort INFO     ********************************************************
2025-02-26 22:08:54,561 kilosort.run_kilosort INFO     CPU usage:    19.70 %
2025-02-26 22:08:54,562 kilosort.run_kilosort INFO     Memory:        8.55 %     |     64.53   /   754.60 GB
2025-02-26 22:08:54,562 kilosort.run_kilosort INFO     ------------------------------------------------------
2025-02-26 22:08:54,562 kilosort.run_kilosort INFO     GPU usage:    `conda install pynvml` for GPU usage
2025-02-26 22:08:54,563 kilosort.run_kilosort INFO     GPU memory:   14.33 %     |      5.66   /    39.50 GB
2025-02-26 22:08:54,563 kilosort.run_kilosort INFO     Allocated:     0.03 %     |      0.01   /    39.50 GB
2025-02-26 22:08:54,564 kilosort.run_kilosort INFO     Max alloc:     8.34 %     |      3.30   /    39.50 GB
2025-02-26 22:08:54,564 kilosort.run_kilosort INFO     ********************************************************
2025-02-26 22:08:54,565 kilosort.run_kilosort DEBUG    

|===========================================================================|
|                  PyTorch CUDA memory summary, device ID 0                 |
|---------------------------------------------------------------------------|
|            CUDA OOMs: 0            |        cudaMalloc retries: 0         |
|===========================================================================|
|        Metric         | Cur Usage  | Peak Usage | Tot Alloc  | Tot Freed  |
|---------------------------------------------------------------------------|
| Allocated memory      |  11185 KiB |   3374 MiB |   4462 GiB |   4462 GiB |
|---------------------------------------------------------------------------|
| Active memory         |  11185 KiB |   3374 MiB |   4462 GiB |   4462 GiB |
|---------------------------------------------------------------------------|
| Requested memory      |  11182 KiB |   3372 MiB |   4460 GiB |   4460 GiB |
|---------------------------------------------------------------------------|
| GPU reserved memory   |   5230 MiB |   5230 MiB |   5230 MiB |      0 B   |
|---------------------------------------------------------------------------|
| Non-releasable memory |  40015 KiB |   1751 MiB |   2090 GiB |   2090 GiB |
|---------------------------------------------------------------------------|
| Allocations           |      12    |      45    |  510818    |  510806    |
|---------------------------------------------------------------------------|
| Active allocs         |      12    |      45    |  510818    |  510806    |
|---------------------------------------------------------------------------|
| GPU reserved segments |      18    |      18    |      18    |       0    |
|---------------------------------------------------------------------------|
| Non-releasable allocs |      10    |      24    |  209895    |  209885    |
|---------------------------------------------------------------------------|
| Oversize allocations  |       0    |       0    |       0    |       0    |
|---------------------------------------------------------------------------|
| Oversize GPU segments |       0    |       0    |       0    |       0    |
|===========================================================================|


