2025-05-08 19:52:34,458 kilosort.run_kilosort INFO     Kilosort version 4.0.25
2025-05-08 19:52:34,464 kilosort.run_kilosort INFO     Python version 3.9.21
2025-05-08 19:52:34,465 kilosort.run_kilosort INFO     ----------------------------------------
2025-05-08 19:52:34,465 kilosort.run_kilosort INFO     System information:
2025-05-08 19:52:34,465 kilosort.run_kilosort INFO     Linux-4.18.0-477.74.1.el8_8.x86_64-x86_64-with-glibc2.28 x86_64
2025-05-08 19:52:34,466 kilosort.run_kilosort INFO     x86_64
2025-05-08 19:52:34,466 kilosort.run_kilosort INFO     Using GPU for PyTorch computations. Specify `device` to change this.
2025-05-08 19:52:34,466 kilosort.run_kilosort INFO     Using CUDA device: NVIDIA A100-PCIE-40GB 39.50GB
2025-05-08 19:52:34,467 kilosort.run_kilosort INFO     ----------------------------------------
2025-05-08 19:52:34,467 kilosort.run_kilosort INFO     Sorting /home/lss72/palmer_scratch/spike_sort/2014_11_13_Pair_3_0
2025-05-08 19:52:34,467 kilosort.run_kilosort DEBUG    Initial ops:

ops = {
    'n_chan_bin': 32,
    'fs': 30000,
    'batch_size': 60000,
    'nblocks': 1,
    'Th_universal': 9,
    'Th_learned': 8,
    'tmin': 0,
    'tmax': 45,
    'nt': 61,
    'shift': None,
    'scale': None,
    'artifact_threshold': inf,
    'nskip': 25,
    'whitening_range': 32,
    'highpass_cutoff': 300,
    'binning_depth': 5,
    'sig_interp': 20,
    'drift_smoothing': [0.5, 0.5, 0.5],
    'nt0min': 20,
    'dmin': None,
    'dminx': 32,
    'min_template_size': 10,
    'template_sizes': 5,
    'nearest_chans': 10,
    'nearest_templates': 100,
    'max_channel_distance': 32,
    'max_peels': 100,
    'templates_from_data': True,
    'n_templates': 6,
    'n_pcs': 6,
    'Th_single_ch': 6,
    'acg_threshold': 0.2,
    'ccg_threshold': 0.25,
    'cluster_downsampling': 20,
    'x_centers': None,
    'duplicate_spike_ms': 0.25,
    'position_limit': 100,
    'data_dir': PosixPath('/home/lss72/palmer_scratch/spike_sort'),
    'filename': PosixPath('/home/lss72/palmer_scratch/spike_sort/2014_11_13_Pair_3_0'),
    'data_dtype': dtype('uint16'),
    'do_CAR': True,
    'invert_sign': False,
    'NTbuff': 60122,
    'Nchan': 32,
    'duplicate_spike_bins': 7,
    'torch_device': 'cuda',
    'save_preprocessed_copy': False
}

2025-05-08 19:52:34,470 kilosort.run_kilosort DEBUG    Probe dictionary:

probe = {
    'chanMap': np.array([ 0,  1,  2,  3,  4,  5,  6,  7,  8,  9, 10, 11, 12, 13, 14, 15, 16,
       17, 18, 19, 20, 21, 22, 23, 24, 25, 26, 27, 28, 29, 30, 31]),
    'xc': np.array([25.5, 25.5, 43.5, 43.5, 43.5, 43.5, 43.5, 43.5, 25.5, 25.5, 43.5,
       43.5, 43.5, 43.5, 25.5, 25.5, 25.5, 25.5,  7.5,  7.5,  7.5,  7.5,
       25.5, 25.5,  7.5,  7.5,  7.5,  7.5,  7.5,  7.5, 25.5, 25.5],
      dtype=np.float32),
    'yc': np.array([282.5, 232.5,  20. ,  45. ,  95. , 145. , 195. , 245. ,  82.5,
        32.5, 220. , 170. , 120. ,  70. , 132.5, 182.5, 157.5, 107.5,
        70. , 120. , 170. , 220. ,   7.5,  57.5, 245. , 195. , 145. ,
        95. ,  45. ,  20. , 207.5, 257.5], dtype=np.float32),
    'kcoords': np.array([0., 0., 0., 0., 0., 0., 0., 0., 0., 0., 0., 0., 0., 0., 0., 0., 0.,
       0., 0., 0., 0., 0., 0., 0., 0., 0., 0., 0., 0., 0., 0., 0.]),
    'n_chan': 32
}

2025-05-08 19:52:34,470 kilosort.run_kilosort INFO      
2025-05-08 19:52:34,470 kilosort.run_kilosort INFO     Computing preprocessing variables.
2025-05-08 19:52:34,470 kilosort.run_kilosort INFO     ----------------------------------------
2025-05-08 19:52:34,472 kilosort.run_kilosort INFO     N samples: 1350000
2025-05-08 19:52:34,473 kilosort.run_kilosort INFO     N seconds: 45.0
2025-05-08 19:52:34,473 kilosort.run_kilosort INFO     N batches: 23
2025-05-08 19:52:34,511 kilosort.run_kilosort INFO     Preprocessing filters computed in  0.04s; total  0.04s
2025-05-08 19:52:34,512 kilosort.run_kilosort DEBUG    hp_filter shape: torch.Size([30122])
2025-05-08 19:52:34,512 kilosort.run_kilosort DEBUG    whiten_mat shape: torch.Size([32, 32])
2025-05-08 19:52:34,512 kilosort.run_kilosort INFO      
2025-05-08 19:52:34,512 kilosort.run_kilosort INFO     Resource usage after preprocessing
2025-05-08 19:52:34,512 kilosort.run_kilosort INFO     ********************************************************
2025-05-08 19:52:34,513 kilosort.run_kilosort INFO     CPU usage:     9.80 %
2025-05-08 19:52:34,513 kilosort.run_kilosort INFO     Memory:       20.74 %     |    156.50   /   754.60 GB
2025-05-08 19:52:34,514 kilosort.run_kilosort INFO     ------------------------------------------------------
2025-05-08 19:52:34,514 kilosort.run_kilosort INFO     GPU usage:    `conda install pynvml` for GPU usage
2025-05-08 19:52:34,514 kilosort.run_kilosort INFO     GPU memory:    2.56 %     |      1.01   /    39.50 GB
2025-05-08 19:52:34,515 kilosort.run_kilosort INFO     Allocated:     0.02 %     |      0.01   /    39.50 GB
2025-05-08 19:52:34,515 kilosort.run_kilosort INFO     Max alloc:     0.75 %     |      0.30   /    39.50 GB
2025-05-08 19:52:34,516 kilosort.run_kilosort INFO     ********************************************************
2025-05-08 19:52:34,517 kilosort.run_kilosort INFO      
2025-05-08 19:52:34,517 kilosort.run_kilosort INFO     Computing drift correction.
2025-05-08 19:52:34,517 kilosort.run_kilosort INFO     ----------------------------------------
2025-05-08 19:52:34,518 kilosort.spikedetect INFO     Re-computing universal templates from data.
2025-05-08 19:52:34,557 kilosort.spikedetect INFO     Number of universal templates: 135
2025-05-08 19:52:34,559 kilosort.spikedetect INFO     Detecting spikes...
2025-05-08 19:52:34,560 kilosort.spikedetect DEBUG     
2025-05-08 19:52:34,560 kilosort.spikedetect DEBUG    Batch 0
2025-05-08 19:52:34,560 kilosort.spikedetect DEBUG    ********************************************************
2025-05-08 19:52:34,560 kilosort.spikedetect DEBUG    CPU usage:    25.00 %
2025-05-08 19:52:34,560 kilosort.spikedetect DEBUG    Memory:       20.75 %     |    156.55   /   754.60 GB
2025-05-08 19:52:34,560 kilosort.spikedetect DEBUG    ------------------------------------------------------
2025-05-08 19:52:34,560 kilosort.spikedetect DEBUG    GPU usage:    `conda install pynvml` for GPU usage
2025-05-08 19:52:34,560 kilosort.spikedetect DEBUG    GPU memory:    2.56 %     |      1.01   /    39.50 GB
2025-05-08 19:52:34,561 kilosort.spikedetect DEBUG    Allocated:     0.02 %     |      0.01   /    39.50 GB
2025-05-08 19:52:34,561 kilosort.spikedetect DEBUG    Max alloc:     0.75 %     |      0.30   /    39.50 GB
2025-05-08 19:52:34,561 kilosort.spikedetect DEBUG    ********************************************************
2025-05-08 19:52:35,312 kilosort.spikedetect DEBUG     
2025-05-08 19:52:35,312 kilosort.spikedetect DEBUG    Batch 22
2025-05-08 19:52:35,312 kilosort.spikedetect DEBUG    ********************************************************
2025-05-08 19:52:35,312 kilosort.spikedetect DEBUG    CPU usage:    12.40 %
2025-05-08 19:52:35,312 kilosort.spikedetect DEBUG    Memory:       20.86 %     |    157.41   /   754.60 GB
2025-05-08 19:52:35,312 kilosort.spikedetect DEBUG    ------------------------------------------------------
2025-05-08 19:52:35,312 kilosort.spikedetect DEBUG    GPU usage:    `conda install pynvml` for GPU usage
2025-05-08 19:52:35,312 kilosort.spikedetect DEBUG    GPU memory:    2.56 %     |      1.01   /    39.50 GB
2025-05-08 19:52:35,313 kilosort.spikedetect DEBUG    Allocated:     0.04 %     |      0.02   /    39.50 GB
2025-05-08 19:52:35,313 kilosort.spikedetect DEBUG    Max alloc:     0.75 %     |      0.30   /    39.50 GB
2025-05-08 19:52:35,313 kilosort.spikedetect DEBUG    ********************************************************
2025-05-08 19:52:35,384 kilosort.run_kilosort INFO     drift computed in  0.87s; total  0.92s
2025-05-08 19:52:35,384 kilosort.run_kilosort DEBUG    st shape: (8615, 6)
2025-05-08 19:52:35,384 kilosort.run_kilosort DEBUG    yblk shape: (1,)
2025-05-08 19:52:35,385 kilosort.run_kilosort DEBUG    dshift shape: (23, 1)
2025-05-08 19:52:35,385 kilosort.run_kilosort DEBUG    iKxx shape: torch.Size([32, 32])
2025-05-08 19:52:35,385 kilosort.run_kilosort INFO      
2025-05-08 19:52:35,385 kilosort.run_kilosort INFO     Resource usage after drift correction
2025-05-08 19:52:35,385 kilosort.run_kilosort INFO     ********************************************************
2025-05-08 19:52:35,386 kilosort.run_kilosort INFO     CPU usage:    13.50 %
2025-05-08 19:52:35,387 kilosort.run_kilosort INFO     Memory:       20.87 %     |    157.51   /   754.60 GB
2025-05-08 19:52:35,387 kilosort.run_kilosort INFO     ------------------------------------------------------
2025-05-08 19:52:35,387 kilosort.run_kilosort INFO     GPU usage:    `conda install pynvml` for GPU usage
2025-05-08 19:52:35,388 kilosort.run_kilosort INFO     GPU memory:    2.56 %     |      1.01   /    39.50 GB
2025-05-08 19:52:35,388 kilosort.run_kilosort INFO     Allocated:     0.02 %     |      0.01   /    39.50 GB
2025-05-08 19:52:35,389 kilosort.run_kilosort INFO     Max alloc:     0.75 %     |      0.30   /    39.50 GB
2025-05-08 19:52:35,389 kilosort.run_kilosort INFO     ********************************************************
2025-05-08 19:52:35,390 kilosort.run_kilosort DEBUG    

|===========================================================================|
|                  PyTorch CUDA memory summary, device ID 0                 |
|---------------------------------------------------------------------------|
|            CUDA OOMs: 0            |        cudaMalloc retries: 0         |
|===========================================================================|
|        Metric         | Cur Usage  | Peak Usage | Tot Alloc  | Tot Freed  |
|---------------------------------------------------------------------------|
| Allocated memory      |   8867 KiB | 311181 KiB | 690026 MiB | 690018 MiB |
|---------------------------------------------------------------------------|
| Active memory         |   8867 KiB | 311181 KiB | 690026 MiB | 690018 MiB |
|---------------------------------------------------------------------------|
| Requested memory      |   8864 KiB | 310296 KiB | 682690 MiB | 682681 MiB |
|---------------------------------------------------------------------------|
| GPU reserved memory   | 479232 KiB | 479232 KiB | 479232 KiB |      0 B   |
|---------------------------------------------------------------------------|
| Non-releasable memory |  13660 KiB | 184425 KiB | 379847 MiB | 379834 MiB |
|---------------------------------------------------------------------------|
| Allocations           |      20    |      56    |  137694    |  137674    |
|---------------------------------------------------------------------------|
| Active allocs         |      20    |      56    |  137694    |  137674    |
|---------------------------------------------------------------------------|
| GPU reserved segments |      14    |      14    |      14    |       0    |
|---------------------------------------------------------------------------|
| Non-releasable allocs |      11    |      25    |   57826    |   57815    |
|---------------------------------------------------------------------------|
| Oversize allocations  |       0    |       0    |       0    |       0    |
|---------------------------------------------------------------------------|
| Oversize GPU segments |       0    |       0    |       0    |       0    |
|===========================================================================|


2025-05-08 19:52:35,397 kilosort.run_kilosort DEBUG    First batch min, max: (-20.231596, 13.883576)
2025-05-08 19:52:35,397 kilosort.run_kilosort INFO      
2025-05-08 19:52:35,397 kilosort.run_kilosort INFO     Extracting spikes using templates
2025-05-08 19:52:35,397 kilosort.run_kilosort INFO     ----------------------------------------
2025-05-08 19:52:35,398 kilosort.spikedetect INFO     Re-computing universal templates from data.
2025-05-08 19:52:35,442 kilosort.spikedetect INFO     Number of universal templates: 135
2025-05-08 19:52:35,445 kilosort.spikedetect INFO     Detecting spikes...
2025-05-08 19:52:35,447 kilosort.spikedetect DEBUG     
2025-05-08 19:52:35,447 kilosort.spikedetect DEBUG    Batch 0
2025-05-08 19:52:35,447 kilosort.spikedetect DEBUG    ********************************************************
2025-05-08 19:52:35,447 kilosort.spikedetect DEBUG    CPU usage:    25.90 %
2025-05-08 19:52:35,447 kilosort.spikedetect DEBUG    Memory:       20.89 %     |    157.61   /   754.60 GB
2025-05-08 19:52:35,447 kilosort.spikedetect DEBUG    ------------------------------------------------------
2025-05-08 19:52:35,447 kilosort.spikedetect DEBUG    GPU usage:    `conda install pynvml` for GPU usage
2025-05-08 19:52:35,447 kilosort.spikedetect DEBUG    GPU memory:    2.56 %     |      1.01   /    39.50 GB
2025-05-08 19:52:35,448 kilosort.spikedetect DEBUG    Allocated:     0.02 %     |      0.01   /    39.50 GB
2025-05-08 19:52:35,448 kilosort.spikedetect DEBUG    Max alloc:     0.75 %     |      0.30   /    39.50 GB
2025-05-08 19:52:35,448 kilosort.spikedetect DEBUG    ********************************************************
2025-05-08 19:52:36,113 kilosort.spikedetect DEBUG     
2025-05-08 19:52:36,113 kilosort.spikedetect DEBUG    Batch 22
2025-05-08 19:52:36,113 kilosort.spikedetect DEBUG    ********************************************************
2025-05-08 19:52:36,113 kilosort.spikedetect DEBUG    CPU usage:    13.10 %
2025-05-08 19:52:36,113 kilosort.spikedetect DEBUG    Memory:       21.03 %     |    158.66   /   754.60 GB
2025-05-08 19:52:36,114 kilosort.spikedetect DEBUG    ------------------------------------------------------
2025-05-08 19:52:36,114 kilosort.spikedetect DEBUG    GPU usage:    `conda install pynvml` for GPU usage
2025-05-08 19:52:36,114 kilosort.spikedetect DEBUG    GPU memory:    2.56 %     |      1.01   /    39.50 GB
2025-05-08 19:52:36,114 kilosort.spikedetect DEBUG    Allocated:     0.04 %     |      0.02   /    39.50 GB
2025-05-08 19:52:36,114 kilosort.spikedetect DEBUG    Max alloc:     0.75 %     |      0.30   /    39.50 GB
2025-05-08 19:52:36,114 kilosort.spikedetect DEBUG    ********************************************************
2025-05-08 19:52:36,114 kilosort.run_kilosort INFO     8447 spikes extracted in  0.72s; total  1.65s
2025-05-08 19:52:36,114 kilosort.run_kilosort DEBUG    st0 shape: (8447, 6)
2025-05-08 19:52:36,114 kilosort.run_kilosort DEBUG    tF shape: torch.Size([8447, 10, 6])
2025-05-08 19:52:36,114 kilosort.run_kilosort INFO      
2025-05-08 19:52:36,115 kilosort.run_kilosort INFO     First clustering
2025-05-08 19:52:36,115 kilosort.run_kilosort INFO     ----------------------------------------
2025-05-08 19:52:36,125 kilosort.clustering_qr DEBUG     
2025-05-08 19:52:36,125 kilosort.clustering_qr DEBUG    Cluster center: 0 of 12
2025-05-08 19:52:36,125 kilosort.clustering_qr DEBUG    ********************************************************
2025-05-08 19:52:36,125 kilosort.clustering_qr DEBUG    CPU usage:    22.00 %
2025-05-08 19:52:36,125 kilosort.clustering_qr DEBUG    Memory:       21.03 %     |    158.68   /   754.60 GB
2025-05-08 19:52:36,125 kilosort.clustering_qr DEBUG    ------------------------------------------------------
2025-05-08 19:52:36,125 kilosort.clustering_qr DEBUG    GPU usage:    `conda install pynvml` for GPU usage
2025-05-08 19:52:36,125 kilosort.clustering_qr DEBUG    GPU memory:    2.56 %     |      1.01   /    39.50 GB
2025-05-08 19:52:36,125 kilosort.clustering_qr DEBUG    Allocated:     0.02 %     |      0.01   /    39.50 GB
2025-05-08 19:52:36,125 kilosort.clustering_qr DEBUG    Max alloc:     0.75 %     |      0.30   /    39.50 GB
2025-05-08 19:52:36,125 kilosort.clustering_qr DEBUG    ********************************************************
2025-05-08 19:52:36,128 kilosort.clustering_qr DEBUG    Center 0 | nsp: 1042 | ntemp: 12
2025-05-08 19:52:36,475 kilosort.clustering_qr DEBUG    Center 1 | nsp: 1059 | ntemp: 12
2025-05-08 19:52:36,861 kilosort.clustering_qr DEBUG    Center 2 | nsp: 727 | ntemp: 12
2025-05-08 19:52:36,864 kilosort.clustering_qr DEBUG    Center 3 | nsp: 1203 | ntemp: 12
2025-05-08 19:52:37,218 kilosort.clustering_qr DEBUG    Center 4 | nsp: 285 | ntemp: 12
2025-05-08 19:52:37,220 kilosort.clustering_qr DEBUG    Center 5 | nsp: 575 | ntemp: 12
2025-05-08 19:52:37,223 kilosort.clustering_qr DEBUG    Center 6 | nsp: 290 | ntemp: 12
2025-05-08 19:52:37,225 kilosort.clustering_qr DEBUG    Center 7 | nsp: 925 | ntemp: 12
2025-05-08 19:52:37,227 kilosort.clustering_qr DEBUG    Center 8 | nsp: 672 | ntemp: 12
2025-05-08 19:52:37,230 kilosort.clustering_qr DEBUG    Center 9 | nsp: 648 | ntemp: 12
2025-05-08 19:52:37,230 kilosort.clustering_qr DEBUG     
2025-05-08 19:52:37,230 kilosort.clustering_qr DEBUG    Cluster center: 10 of 12
2025-05-08 19:52:37,230 kilosort.clustering_qr DEBUG    ********************************************************
2025-05-08 19:52:37,230 kilosort.clustering_qr DEBUG    CPU usage:    22.10 %
2025-05-08 19:52:37,231 kilosort.clustering_qr DEBUG    Memory:       21.26 %     |    160.42   /   754.60 GB
2025-05-08 19:52:37,231 kilosort.clustering_qr DEBUG    ------------------------------------------------------
2025-05-08 19:52:37,231 kilosort.clustering_qr DEBUG    GPU usage:    `conda install pynvml` for GPU usage
2025-05-08 19:52:37,231 kilosort.clustering_qr DEBUG    GPU memory:    2.56 %     |      1.01   /    39.50 GB
2025-05-08 19:52:37,231 kilosort.clustering_qr DEBUG    Allocated:     0.02 %     |      0.01   /    39.50 GB
2025-05-08 19:52:37,231 kilosort.clustering_qr DEBUG    Max alloc:     0.75 %     |      0.30   /    39.50 GB
2025-05-08 19:52:37,231 kilosort.clustering_qr DEBUG    ********************************************************
2025-05-08 19:52:37,233 kilosort.clustering_qr DEBUG    Center 10 | nsp: 607 | ntemp: 12
2025-05-08 19:52:37,234 kilosort.clustering_qr DEBUG    Center 11 | nsp: 414 | ntemp: 3
2025-05-08 19:52:37,253 kilosort.run_kilosort INFO     19 clusters found, in  1.14s; total  2.79s
2025-05-08 19:52:37,253 kilosort.run_kilosort DEBUG    clu shape: (8447,)
2025-05-08 19:52:37,253 kilosort.run_kilosort DEBUG    Wall shape: torch.Size([19, 32, 6])
2025-05-08 19:52:37,253 kilosort.run_kilosort INFO      
2025-05-08 19:52:37,254 kilosort.run_kilosort INFO     Extracting spikes using cluster waveforms
2025-05-08 19:52:37,254 kilosort.run_kilosort INFO     ----------------------------------------
2025-05-08 19:52:37,267 kilosort.template_matching DEBUG     
2025-05-08 19:52:37,267 kilosort.template_matching DEBUG    Batch 0
2025-05-08 19:52:37,267 kilosort.template_matching DEBUG    ********************************************************
2025-05-08 19:52:37,267 kilosort.template_matching DEBUG    CPU usage:    26.30 %
2025-05-08 19:52:37,267 kilosort.template_matching DEBUG    Memory:       21.30 %     |    160.71   /   754.60 GB
2025-05-08 19:52:37,267 kilosort.template_matching DEBUG    ------------------------------------------------------
2025-05-08 19:52:37,267 kilosort.template_matching DEBUG    GPU usage:    `conda install pynvml` for GPU usage
2025-05-08 19:52:37,267 kilosort.template_matching DEBUG    GPU memory:    2.56 %     |      1.01   /    39.50 GB
2025-05-08 19:52:37,268 kilosort.template_matching DEBUG    Allocated:     0.02 %     |      0.01   /    39.50 GB
2025-05-08 19:52:37,268 kilosort.template_matching DEBUG    Max alloc:     0.75 %     |      0.30   /    39.50 GB
2025-05-08 19:52:37,268 kilosort.template_matching DEBUG    ********************************************************
2025-05-08 19:52:37,770 kilosort.template_matching DEBUG     
2025-05-08 19:52:37,770 kilosort.template_matching DEBUG    Batch 22
2025-05-08 19:52:37,770 kilosort.template_matching DEBUG    ********************************************************
2025-05-08 19:52:37,770 kilosort.template_matching DEBUG    CPU usage:    15.30 %
2025-05-08 19:52:37,770 kilosort.template_matching DEBUG    Memory:       21.15 %     |    159.61   /   754.60 GB
2025-05-08 19:52:37,770 kilosort.template_matching DEBUG    ------------------------------------------------------
2025-05-08 19:52:37,770 kilosort.template_matching DEBUG    GPU usage:    `conda install pynvml` for GPU usage
2025-05-08 19:52:37,771 kilosort.template_matching DEBUG    GPU memory:    2.56 %     |      1.01   /    39.50 GB
2025-05-08 19:52:37,771 kilosort.template_matching DEBUG    Allocated:     0.06 %     |      0.02   /    39.50 GB
2025-05-08 19:52:37,771 kilosort.template_matching DEBUG    Max alloc:     0.75 %     |      0.30   /    39.50 GB
2025-05-08 19:52:37,771 kilosort.template_matching DEBUG    ********************************************************
2025-05-08 19:52:37,772 kilosort.run_kilosort INFO     12803 spikes extracted in  0.52s; total  3.31s
2025-05-08 19:52:37,776 kilosort.run_kilosort DEBUG    st shape: (12803, 3)
2025-05-08 19:52:37,776 kilosort.run_kilosort DEBUG    tF shape: torch.Size([12803, 10, 6])
2025-05-08 19:52:37,776 kilosort.run_kilosort DEBUG    iCC shape: torch.Size([10, 32])
2025-05-08 19:52:37,776 kilosort.run_kilosort DEBUG    iU shape: torch.Size([19])
2025-05-08 19:52:37,776 kilosort.run_kilosort INFO      
2025-05-08 19:52:37,777 kilosort.run_kilosort INFO     Resource usage after spike detection
2025-05-08 19:52:37,777 kilosort.run_kilosort INFO     ********************************************************
2025-05-08 19:52:37,778 kilosort.run_kilosort INFO     CPU usage:    34.60 %
2025-05-08 19:52:37,778 kilosort.run_kilosort INFO     Memory:       21.10 %     |    159.21   /   754.60 GB
2025-05-08 19:52:37,778 kilosort.run_kilosort INFO     ------------------------------------------------------
2025-05-08 19:52:37,779 kilosort.run_kilosort INFO     GPU usage:    `conda install pynvml` for GPU usage
2025-05-08 19:52:37,779 kilosort.run_kilosort INFO     GPU memory:    2.56 %     |      1.01   /    39.50 GB
2025-05-08 19:52:37,780 kilosort.run_kilosort INFO     Allocated:     0.02 %     |      0.01   /    39.50 GB
2025-05-08 19:52:37,780 kilosort.run_kilosort INFO     Max alloc:     0.75 %     |      0.30   /    39.50 GB
2025-05-08 19:52:37,780 kilosort.run_kilosort INFO     ********************************************************
2025-05-08 19:52:37,781 kilosort.run_kilosort DEBUG    

|===========================================================================|
|                  PyTorch CUDA memory summary, device ID 0                 |
|---------------------------------------------------------------------------|
|            CUDA OOMs: 0            |        cudaMalloc retries: 0         |
|===========================================================================|
|        Metric         | Cur Usage  | Peak Usage | Tot Alloc  | Tot Freed  |
|---------------------------------------------------------------------------|
| Allocated memory      |   8885 KiB | 311181 KiB |    867 GiB |    867 GiB |
|---------------------------------------------------------------------------|
| Active memory         |   8885 KiB | 311181 KiB |    867 GiB |    867 GiB |
|---------------------------------------------------------------------------|
| Requested memory      |   8881 KiB | 310296 KiB |    858 GiB |    858 GiB |
|---------------------------------------------------------------------------|
| GPU reserved memory   | 479232 KiB | 479232 KiB | 479232 KiB |      0 B   |
|---------------------------------------------------------------------------|
| Non-releasable memory |  13642 KiB | 184425 KiB | 485351 MiB | 485337 MiB |
|---------------------------------------------------------------------------|
| Allocations           |      24    |      56    |  206019    |  205995    |
|---------------------------------------------------------------------------|
| Active allocs         |      24    |      56    |  206019    |  205995    |
|---------------------------------------------------------------------------|
| GPU reserved segments |      14    |      14    |      14    |       0    |
|---------------------------------------------------------------------------|
| Non-releasable allocs |      13    |      25    |   89318    |   89305    |
|---------------------------------------------------------------------------|
| Oversize allocations  |       0    |       0    |       0    |       0    |
|---------------------------------------------------------------------------|
| Oversize GPU segments |       0    |       0    |       0    |       0    |
|===========================================================================|


2025-05-08 19:52:37,781 kilosort.run_kilosort INFO      
2025-05-08 19:52:37,782 kilosort.run_kilosort INFO     Final clustering
2025-05-08 19:52:37,782 kilosort.run_kilosort INFO     ----------------------------------------
2025-05-08 19:52:37,791 kilosort.clustering_qr DEBUG     
2025-05-08 19:52:37,792 kilosort.clustering_qr DEBUG    Cluster center: 0 of 12
2025-05-08 19:52:37,792 kilosort.clustering_qr DEBUG    ********************************************************
2025-05-08 19:52:37,792 kilosort.clustering_qr DEBUG    CPU usage:    21.60 %
2025-05-08 19:52:37,792 kilosort.clustering_qr DEBUG    Memory:       21.06 %     |    158.89   /   754.60 GB
2025-05-08 19:52:37,792 kilosort.clustering_qr DEBUG    ------------------------------------------------------
2025-05-08 19:52:37,792 kilosort.clustering_qr DEBUG    GPU usage:    `conda install pynvml` for GPU usage
2025-05-08 19:52:37,792 kilosort.clustering_qr DEBUG    GPU memory:    2.56 %     |      1.01   /    39.50 GB
2025-05-08 19:52:37,792 kilosort.clustering_qr DEBUG    Allocated:     0.02 %     |      0.01   /    39.50 GB
2025-05-08 19:52:37,792 kilosort.clustering_qr DEBUG    Max alloc:     0.75 %     |      0.30   /    39.50 GB
2025-05-08 19:52:37,792 kilosort.clustering_qr DEBUG    ********************************************************
2025-05-08 19:52:37,794 kilosort.clustering_qr DEBUG    Center 0 | nsp: 1682 | ntemp: 3
2025-05-08 19:52:38,173 kilosort.clustering_qr DEBUG    Center 1 | nsp: 914 | ntemp: 2
2025-05-08 19:52:38,175 kilosort.clustering_qr DEBUG    Center 2 | nsp: 2927 | ntemp: 4
2025-05-08 19:52:38,441 kilosort.clustering_qr DEBUG    Center 3 | nsp: 1301 | ntemp: 2
2025-05-08 19:52:38,682 kilosort.clustering_qr DEBUG    Center 4 | nsp: 334 | ntemp: 1
2025-05-08 19:52:38,683 kilosort.clustering_qr DEBUG    Center 5 | nsp: 966 | ntemp: 1
2025-05-08 19:52:38,684 kilosort.clustering_qr DEBUG    Center 6 | nsp: 332 | ntemp: 1
2025-05-08 19:52:38,684 kilosort.clustering_qr DEBUG    Center 7 | nsp: 0 | ntemp: 0
2025-05-08 19:52:38,685 kilosort.clustering_qr DEBUG    Center 8 | nsp: 1840 | ntemp: 2
2025-05-08 19:52:39,035 kilosort.clustering_qr DEBUG    Center 9 | nsp: 993 | ntemp: 1
2025-05-08 19:52:39,035 kilosort.clustering_qr DEBUG     
2025-05-08 19:52:39,036 kilosort.clustering_qr DEBUG    Cluster center: 10 of 12
2025-05-08 19:52:39,036 kilosort.clustering_qr DEBUG    ********************************************************
2025-05-08 19:52:39,036 kilosort.clustering_qr DEBUG    CPU usage:    20.60 %
2025-05-08 19:52:39,036 kilosort.clustering_qr DEBUG    Memory:       21.11 %     |    159.30   /   754.60 GB
2025-05-08 19:52:39,036 kilosort.clustering_qr DEBUG    ------------------------------------------------------
2025-05-08 19:52:39,036 kilosort.clustering_qr DEBUG    GPU usage:    `conda install pynvml` for GPU usage
2025-05-08 19:52:39,036 kilosort.clustering_qr DEBUG    GPU memory:    2.56 %     |      1.01   /    39.50 GB
2025-05-08 19:52:39,036 kilosort.clustering_qr DEBUG    Allocated:     0.02 %     |      0.01   /    39.50 GB
2025-05-08 19:52:39,036 kilosort.clustering_qr DEBUG    Max alloc:     0.75 %     |      0.30   /    39.50 GB
2025-05-08 19:52:39,036 kilosort.clustering_qr DEBUG    ********************************************************
2025-05-08 19:52:39,037 kilosort.clustering_qr DEBUG    Center 10 | nsp: 595 | ntemp: 1
2025-05-08 19:52:39,038 kilosort.clustering_qr DEBUG    Center 11 | nsp: 919 | ntemp: 1
2025-05-08 19:52:39,040 kilosort.run_kilosort INFO     23 clusters found, in  1.26s; total  4.57s
2025-05-08 19:52:39,040 kilosort.run_kilosort DEBUG    clu shape: (12803,)
2025-05-08 19:52:39,040 kilosort.run_kilosort DEBUG    Wall shape: torch.Size([23, 32, 6])
2025-05-08 19:52:39,040 kilosort.run_kilosort INFO      
2025-05-08 19:52:39,041 kilosort.run_kilosort INFO     Merging clusters
2025-05-08 19:52:39,041 kilosort.run_kilosort INFO     ----------------------------------------
2025-05-08 19:52:39,052 kilosort.run_kilosort INFO     23 units found, in  0.01s; total  4.59s
2025-05-08 19:52:39,053 kilosort.run_kilosort DEBUG    clu shape: (12803,)
2025-05-08 19:52:39,053 kilosort.run_kilosort DEBUG    Wall shape: torch.Size([23, 32, 6])
2025-05-08 19:52:39,053 kilosort.run_kilosort INFO      
2025-05-08 19:52:39,053 kilosort.run_kilosort INFO     Resource usage after clustering
2025-05-08 19:52:39,053 kilosort.run_kilosort INFO     ********************************************************
2025-05-08 19:52:39,054 kilosort.run_kilosort INFO     CPU usage:    23.40 %
2025-05-08 19:52:39,054 kilosort.run_kilosort INFO     Memory:       21.11 %     |    159.33   /   754.60 GB
2025-05-08 19:52:39,055 kilosort.run_kilosort INFO     ------------------------------------------------------
2025-05-08 19:52:39,055 kilosort.run_kilosort INFO     GPU usage:    `conda install pynvml` for GPU usage
2025-05-08 19:52:39,056 kilosort.run_kilosort INFO     GPU memory:    2.56 %     |      1.01   /    39.50 GB
2025-05-08 19:52:39,056 kilosort.run_kilosort INFO     Allocated:     0.02 %     |      0.01   /    39.50 GB
2025-05-08 19:52:39,057 kilosort.run_kilosort INFO     Max alloc:     0.75 %     |      0.30   /    39.50 GB
2025-05-08 19:52:39,057 kilosort.run_kilosort INFO     ********************************************************
2025-05-08 19:52:39,058 kilosort.run_kilosort DEBUG    

|===========================================================================|
|                  PyTorch CUDA memory summary, device ID 0                 |
|---------------------------------------------------------------------------|
|            CUDA OOMs: 0            |        cudaMalloc retries: 0         |
|===========================================================================|
|        Metric         | Cur Usage  | Peak Usage | Tot Alloc  | Tot Freed  |
|---------------------------------------------------------------------------|
| Allocated memory      |   8871 KiB | 311181 KiB |    877 GiB |    877 GiB |
|---------------------------------------------------------------------------|
| Active memory         |   8871 KiB | 311181 KiB |    877 GiB |    877 GiB |
|---------------------------------------------------------------------------|
| Requested memory      |   8867 KiB | 310296 KiB |    867 GiB |    867 GiB |
|---------------------------------------------------------------------------|
| GPU reserved memory   | 479232 KiB | 479232 KiB | 479232 KiB |      0 B   |
|---------------------------------------------------------------------------|
| Non-releasable memory |  13657 KiB | 184425 KiB | 497116 MiB | 497103 MiB |
|---------------------------------------------------------------------------|
| Allocations           |      23    |      56    |  255600    |  255577    |
|---------------------------------------------------------------------------|
| Active allocs         |      23    |      56    |  255600    |  255577    |
|---------------------------------------------------------------------------|
| GPU reserved segments |      14    |      14    |      14    |       0    |
|---------------------------------------------------------------------------|
| Non-releasable allocs |      12    |      25    |  113484    |  113472    |
|---------------------------------------------------------------------------|
| Oversize allocations  |       0    |       0    |       0    |       0    |
|---------------------------------------------------------------------------|
| Oversize GPU segments |       0    |       0    |       0    |       0    |
|===========================================================================|


2025-05-08 19:52:39,058 kilosort.run_kilosort INFO      
2025-05-08 19:52:39,058 kilosort.run_kilosort INFO     Saving to phy and computing refractory periods
2025-05-08 19:52:39,059 kilosort.run_kilosort INFO     ----------------------------------------
2025-05-08 19:52:39,644 kilosort.run_kilosort INFO     4 units found with good refractory periods
2025-05-08 19:52:39,645 kilosort.run_kilosort INFO     Total runtime: 5.18s = 00:00:5 h:m:s
2025-05-08 19:52:39,651 kilosort.run_kilosort INFO     Sorting output saved in: /home/lss72/palmer_scratch/spike_sort/kilosort4.
2025-05-08 19:52:39,651 kilosort.run_kilosort INFO      
2025-05-08 19:52:39,652 kilosort.run_kilosort INFO     Resource usage after saving
2025-05-08 19:52:39,652 kilosort.run_kilosort INFO     ********************************************************
2025-05-08 19:52:39,653 kilosort.run_kilosort INFO     CPU usage:     8.50 %
2025-05-08 19:52:39,653 kilosort.run_kilosort INFO     Memory:       21.24 %     |    160.28   /   754.60 GB
2025-05-08 19:52:39,653 kilosort.run_kilosort INFO     ------------------------------------------------------
2025-05-08 19:52:39,654 kilosort.run_kilosort INFO     GPU usage:    `conda install pynvml` for GPU usage
2025-05-08 19:52:39,654 kilosort.run_kilosort INFO     GPU memory:    2.56 %     |      1.01   /    39.50 GB
2025-05-08 19:52:39,655 kilosort.run_kilosort INFO     Allocated:     0.02 %     |      0.01   /    39.50 GB
2025-05-08 19:52:39,655 kilosort.run_kilosort INFO     Max alloc:     0.75 %     |      0.30   /    39.50 GB
2025-05-08 19:52:39,656 kilosort.run_kilosort INFO     ********************************************************
2025-05-08 19:52:39,656 kilosort.run_kilosort DEBUG    

|===========================================================================|
|                  PyTorch CUDA memory summary, device ID 0                 |
|---------------------------------------------------------------------------|
|            CUDA OOMs: 0            |        cudaMalloc retries: 0         |
|===========================================================================|
|        Metric         | Cur Usage  | Peak Usage | Tot Alloc  | Tot Freed  |
|---------------------------------------------------------------------------|
| Allocated memory      |   8871 KiB | 311181 KiB |    877 GiB |    877 GiB |
|---------------------------------------------------------------------------|
| Active memory         |   8871 KiB | 311181 KiB |    877 GiB |    877 GiB |
|---------------------------------------------------------------------------|
| Requested memory      |   8867 KiB | 310296 KiB |    867 GiB |    867 GiB |
|---------------------------------------------------------------------------|
| GPU reserved memory   | 479232 KiB | 479232 KiB | 479232 KiB |      0 B   |
|---------------------------------------------------------------------------|
| Non-releasable memory |  13657 KiB | 184425 KiB | 497120 MiB | 497106 MiB |
|---------------------------------------------------------------------------|
| Allocations           |      23    |      56    |  255952    |  255929    |
|---------------------------------------------------------------------------|
| Active allocs         |      23    |      56    |  255952    |  255929    |
|---------------------------------------------------------------------------|
| GPU reserved segments |      14    |      14    |      14    |       0    |
|---------------------------------------------------------------------------|
| Non-releasable allocs |      12    |      25    |  113702    |  113690    |
|---------------------------------------------------------------------------|
| Oversize allocations  |       0    |       0    |       0    |       0    |
|---------------------------------------------------------------------------|
| Oversize GPU segments |       0    |       0    |       0    |       0    |
|===========================================================================|


