2025-02-26 22:10:48,825 kilosort.run_kilosort INFO     Kilosort version 4.0.25
2025-02-26 22:10:48,828 kilosort.run_kilosort INFO     Python version 3.9.21
2025-02-26 22:10:48,829 kilosort.run_kilosort INFO     ----------------------------------------
2025-02-26 22:10:48,829 kilosort.run_kilosort INFO     System information:
2025-02-26 22:10:48,829 kilosort.run_kilosort INFO     Linux-4.18.0-477.74.1.el8_8.x86_64-x86_64-with-glibc2.28 x86_64
2025-02-26 22:10:48,830 kilosort.run_kilosort INFO     x86_64
2025-02-26 22:10:48,830 kilosort.run_kilosort INFO     Using GPU for PyTorch computations. Specify `device` to change this.
2025-02-26 22:10:48,831 kilosort.run_kilosort INFO     Using CUDA device: NVIDIA A100-PCIE-40GB 39.50GB
2025-02-26 22:10:48,831 kilosort.run_kilosort INFO     ----------------------------------------
2025-02-26 22:10:48,832 kilosort.run_kilosort INFO     Sorting /home/lss72/palmer_scratch/spike_sort/neuropixels.bin
2025-02-26 22:10:48,832 kilosort.run_kilosort INFO     Interpreting binary file as default dtype='int16'. If data was saved in a different format, specify `data_dtype`.
2025-02-26 22:10:48,833 kilosort.run_kilosort DEBUG    Initial ops:

ops = {
    'n_chan_bin': 385,
    'fs': 30000,
    'batch_size': 60000,
    'nblocks': 1,
    'Th_universal': 9,
    'Th_learned': 8,
    'tmin': 0,
    'tmax': 30,
    'nt': 61,
    'shift': None,
    'scale': None,
    'artifact_threshold': inf,
    'nskip': 25,
    'whitening_range': 32,
    'highpass_cutoff': 300,
    'binning_depth': 5,
    'sig_interp': 20,
    'drift_smoothing': [0.5, 0.5, 0.5],
    'nt0min': 20,
    'dmin': None,
    'dminx': 32,
    'min_template_size': 10,
    'template_sizes': 5,
    'nearest_chans': 10,
    'nearest_templates': 100,
    'max_channel_distance': 32,
    'max_peels': 100,
    'templates_from_data': True,
    'n_templates': 6,
    'n_pcs': 6,
    'Th_single_ch': 6,
    'acg_threshold': 0.2,
    'ccg_threshold': 0.25,
    'cluster_downsampling': 20,
    'x_centers': None,
    'duplicate_spike_ms': 0.25,
    'position_limit': 100,
    'data_dir': PosixPath('/home/lss72/palmer_scratch/spike_sort'),
    'probe_path': 'forPRBimecP3opt3.mat',
    'filename': PosixPath('/home/lss72/palmer_scratch/spike_sort/neuropixels.bin'),
    'data_dtype': 'int16',
    'do_CAR': True,
    'invert_sign': False,
    'NTbuff': 60122,
    'Nchan': 374,
    'duplicate_spike_bins': 7,
    'torch_device': 'cuda',
    'save_preprocessed_copy': False
}

2025-02-26 22:10:48,844 kilosort.run_kilosort DEBUG    Probe dictionary:

probe = {
    'xc': np.array([41., 11., 59., 29., 41., 11., 59., 29., 41., 11., 59., 29., 41.,
       11., 59., 29., 41., 11., 59., 29., 41., 11., 59., 29., 41., 11.,
       59., 29., 41., 11., 59., 29., 41., 11., 59., 29., 11., 59., 29.,
       41., 11., 59., 29., 41., 11., 59., 29., 41., 11., 59., 29., 41.,
       11., 59., 29., 41., 11., 59., 29., 41., 11., 59., 29., 41., 11.,
       59., 29., 41., 11., 59., 29., 41., 11., 59., 41., 11., 59., 29.,
       41., 11., 59., 29., 41., 11., 59., 29., 41., 11., 59., 29., 41.,
       11., 59., 29., 41., 11., 59., 29., 41., 11., 59., 29., 41., 11.,
       59., 29., 41., 11., 59., 29., 11., 59., 29., 41., 11., 59., 29.,
       41., 11., 59., 29., 41., 11., 59., 29., 41., 11., 59., 29., 41.,
       11., 59., 29., 41., 11., 59., 29., 41., 11., 59., 29., 41., 11.,
       59., 29., 41., 11., 59., 41., 11., 59., 29., 41., 11., 59., 29.,
       41., 11., 59., 29., 41., 11., 59., 29., 41., 11., 59., 29., 41.,
       11., 59., 29., 41., 11., 59., 29., 41., 11., 59., 29., 41., 11.,
       59., 29., 11., 59., 29., 41., 11., 59., 29., 41., 11., 59., 29.,
       41., 11., 59., 29., 41., 11., 59., 29., 41., 11., 59., 29., 41.,
       11., 59., 29., 41., 11., 59., 29., 41., 11., 59., 29., 41., 11.,
       59., 41., 11., 59., 29., 41., 11., 59., 29., 41., 11., 59., 29.,
       41., 11., 59., 29., 41., 11., 59., 29., 41., 11., 59., 29., 41.,
       11., 59., 29., 41., 11., 59., 29., 41., 11., 59., 29., 11., 59.,
       29., 41., 11., 59., 29., 41., 11., 59., 29., 41., 11., 59., 29.,
       41., 11., 59., 29., 41., 11., 59., 29., 41., 11., 59., 29., 41.,
       11., 59., 29., 41., 11., 59., 29., 41., 11., 59., 41., 11., 59.,
       29., 41., 11., 59., 29., 41., 11., 59., 29., 41., 11., 59., 29.,
       41., 11., 59., 29., 41., 11., 59., 29., 41., 11., 59., 29., 41.,
       11., 59., 29., 41., 11., 59., 29., 11., 59., 29., 41., 11., 59.,
       29., 41., 11., 59., 29., 41., 11., 59., 29., 41., 11., 59., 29.,
       41., 11., 59., 29., 41., 11., 59., 29., 41., 11., 59., 29., 41.,
       11., 59., 29., 41., 11., 59., 41., 11., 59., 29.], dtype=np.float32),
    'yc': np.array([  20.,   20.,   40.,   40.,   60.,   60.,   80.,   80.,  100.,
        100.,  120.,  120.,  140.,  140.,  160.,  160.,  180.,  180.,
        200.,  200.,  220.,  220.,  240.,  240.,  260.,  260.,  280.,
        280.,  300.,  300.,  320.,  320.,  340.,  340.,  360.,  360.,
        380.,  400.,  400.,  420.,  420.,  440.,  440.,  460.,  460.,
        480.,  480.,  500.,  500.,  520.,  520.,  540.,  540.,  560.,
        560.,  580.,  580.,  600.,  600.,  620.,  620.,  640.,  640.,
        660.,  660.,  680.,  680.,  700.,  700.,  720.,  720.,  740.,
        740.,  760.,  780.,  780.,  800.,  800.,  820.,  820.,  840.,
        840.,  860.,  860.,  880.,  880.,  900.,  900.,  920.,  920.,
        940.,  940.,  960.,  960.,  980.,  980., 1000., 1000., 1020.,
       1020., 1040., 1040., 1060., 1060., 1080., 1080., 1100., 1100.,
       1120., 1120., 1140., 1160., 1160., 1180., 1180., 1200., 1200.,
       1220., 1220., 1240., 1240., 1260., 1260., 1280., 1280., 1300.,
       1300., 1320., 1320., 1340., 1340., 1360., 1360., 1380., 1380.,
       1400., 1400., 1420., 1420., 1440., 1440., 1460., 1460., 1480.,
       1480., 1500., 1500., 1520., 1540., 1540., 1560., 1560., 1580.,
       1580., 1600., 1600., 1620., 1620., 1640., 1640., 1660., 1660.,
       1680., 1680., 1700., 1700., 1720., 1720., 1740., 1740., 1760.,
       1760., 1780., 1780., 1800., 1800., 1820., 1820., 1840., 1840.,
       1860., 1860., 1880., 1880., 1900., 1920., 1920., 1940., 1940.,
       1960., 1960., 1980., 1980., 2000., 2000., 2020., 2020., 2040.,
       2040., 2060., 2060., 2080., 2080., 2100., 2100., 2120., 2120.,
       2140., 2140., 2160., 2160., 2180., 2180., 2200., 2200., 2220.,
       2220., 2240., 2240., 2260., 2260., 2280., 2300., 2300., 2320.,
       2320., 2340., 2340., 2360., 2360., 2380., 2380., 2400., 2400.,
       2420., 2420., 2440., 2440., 2460., 2460., 2480., 2480., 2500.,
       2500., 2520., 2520., 2540., 2540., 2560., 2560., 2580., 2580.,
       2600., 2600., 2620., 2620., 2640., 2640., 2660., 2680., 2680.,
       2700., 2700., 2720., 2720., 2740., 2740., 2760., 2760., 2780.,
       2780., 2800., 2800., 2820., 2820., 2840., 2840., 2860., 2860.,
       2880., 2880., 2900., 2900., 2920., 2920., 2940., 2940., 2960.,
       2960., 2980., 2980., 3000., 3000., 3020., 3020., 3040., 3060.,
       3060., 3080., 3080., 3100., 3100., 3120., 3120., 3140., 3140.,
       3160., 3160., 3180., 3180., 3200., 3200., 3220., 3220., 3240.,
       3240., 3260., 3260., 3280., 3280., 3300., 3300., 3320., 3320.,
       3340., 3340., 3360., 3360., 3380., 3380., 3400., 3400., 3420.,
       3440., 3440., 3460., 3460., 3480., 3480., 3500., 3500., 3520.,
       3520., 3540., 3540., 3560., 3560., 3580., 3580., 3600., 3600.,
       3620., 3620., 3640., 3640., 3660., 3660., 3680., 3680., 3700.,
       3700., 3720., 3720., 3740., 3740., 3760., 3760., 3780., 3780.,
       3800., 3820., 3820., 3840., 3840.], dtype=np.float32),
    'kcoords': np.array([0., 0., 0., 0., 0., 0., 0., 0., 0., 0., 0., 0., 0., 0., 0., 0., 0.,
       0., 0., 0., 0., 0., 0., 0., 0., 0., 0., 0., 0., 0., 0., 0., 0., 0.,
       0., 0., 0., 0., 0., 0., 0., 0., 0., 0., 0., 0., 0., 0., 0., 0., 0.,
       0., 0., 0., 0., 0., 0., 0., 0., 0., 0., 0., 0., 0., 0., 0., 0., 0.,
       0., 0., 0., 0., 0., 0., 0., 0., 0., 0., 0., 0., 0., 0., 0., 0., 0.,
       0., 0., 0., 0., 0., 0., 0., 0., 0., 0., 0., 0., 0., 0., 0., 0., 0.,
       0., 0., 0., 0., 0., 0., 0., 0., 0., 0., 0., 0., 0., 0., 0., 0., 0.,
       0., 0., 0., 0., 0., 0., 0., 0., 0., 0., 0., 0., 0., 0., 0., 0., 0.,
       0., 0., 0., 0., 0., 0., 0., 0., 0., 0., 0., 0., 0., 0., 0., 0., 0.,
       0., 0., 0., 0., 0., 0., 0., 0., 0., 0., 0., 0., 0., 0., 0., 0., 0.,
       0., 0., 0., 0., 0., 0., 0., 0., 0., 0., 0., 0., 0., 0., 0., 0., 0.,
       0., 0., 0., 0., 0., 0., 0., 0., 0., 0., 0., 0., 0., 0., 0., 0., 0.,
       0., 0., 0., 0., 0., 0., 0., 0., 0., 0., 0., 0., 0., 0., 0., 0., 0.,
       0., 0., 0., 0., 0., 0., 0., 0., 0., 0., 0., 0., 0., 0., 0., 0., 0.,
       0., 0., 0., 0., 0., 0., 0., 0., 0., 0., 0., 0., 0., 0., 0., 0., 0.,
       0., 0., 0., 0., 0., 0., 0., 0., 0., 0., 0., 0., 0., 0., 0., 0., 0.,
       0., 0., 0., 0., 0., 0., 0., 0., 0., 0., 0., 0., 0., 0., 0., 0., 0.,
       0., 0., 0., 0., 0., 0., 0., 0., 0., 0., 0., 0., 0., 0., 0., 0., 0.,
       0., 0., 0., 0., 0., 0., 0., 0., 0., 0., 0., 0., 0., 0., 0., 0., 0.,
       0., 0., 0., 0., 0., 0., 0., 0., 0., 0., 0., 0., 0., 0., 0., 0., 0.,
       0., 0., 0., 0., 0., 0., 0., 0., 0., 0., 0., 0., 0., 0., 0., 0., 0.,
       0., 0., 0., 0., 0., 0., 0., 0., 0., 0., 0., 0., 0., 0., 0., 0., 0.],
      dtype=np.float32),
    'chanMap': np.array([  0,   1,   2,   3,   4,   5,   6,   7,   8,   9,  10,  11,  12,
        13,  14,  15,  16,  17,  18,  19,  20,  21,  22,  23,  24,  25,
        26,  27,  28,  29,  30,  31,  32,  33,  34,  35,  37,  38,  39,
        40,  41,  42,  43,  44,  45,  46,  47,  48,  49,  50,  51,  52,
        53,  54,  55,  56,  57,  58,  59,  60,  61,  62,  63,  64,  65,
        66,  67,  68,  69,  70,  71,  72,  73,  74,  76,  77,  78,  79,
        80,  81,  82,  83,  84,  85,  86,  87,  88,  89,  90,  91,  92,
        93,  94,  95,  96,  97,  98,  99, 100, 101, 102, 103, 104, 105,
       106, 107, 108, 109, 110, 111, 113, 114, 115, 116, 117, 118, 119,
       120, 121, 122, 123, 124, 125, 126, 127, 128, 129, 130, 131, 132,
       133, 134, 135, 136, 137, 138, 139, 140, 141, 142, 143, 144, 145,
       146, 147, 148, 149, 150, 152, 153, 154, 155, 156, 157, 158, 159,
       160, 161, 162, 163, 164, 165, 166, 167, 168, 169, 170, 171, 172,
       173, 174, 175, 176, 177, 178, 179, 180, 181, 182, 183, 184, 185,
       186, 187, 189, 190, 191, 192, 193, 194, 195, 196, 197, 198, 199,
       200, 201, 202, 203, 204, 205, 206, 207, 208, 209, 210, 211, 212,
       213, 214, 215, 216, 217, 218, 219, 220, 221, 222, 223, 224, 225,
       226, 228, 229, 230, 231, 232, 233, 234, 235, 236, 237, 238, 239,
       240, 241, 242, 243, 244, 245, 246, 247, 248, 249, 250, 251, 252,
       253, 254, 255, 256, 257, 258, 259, 260, 261, 262, 263, 265, 266,
       267, 268, 269, 270, 271, 272, 273, 274, 275, 276, 277, 278, 279,
       280, 281, 282, 283, 284, 285, 286, 287, 288, 289, 290, 291, 292,
       293, 294, 295, 296, 297, 298, 299, 300, 301, 302, 304, 305, 306,
       307, 308, 309, 310, 311, 312, 313, 314, 315, 316, 317, 318, 319,
       320, 321, 322, 323, 324, 325, 326, 327, 328, 329, 330, 331, 332,
       333, 334, 335, 336, 337, 338, 339, 341, 342, 343, 344, 345, 346,
       347, 348, 349, 350, 351, 352, 353, 354, 355, 356, 357, 358, 359,
       360, 361, 362, 363, 364, 365, 366, 367, 368, 369, 370, 371, 372,
       373, 374, 375, 376, 377, 378, 380, 381, 382, 383], dtype=np.int32),
    'n_chan': 384
}

2025-02-26 22:10:48,844 kilosort.run_kilosort INFO      
2025-02-26 22:10:48,845 kilosort.run_kilosort INFO     Computing preprocessing variables.
2025-02-26 22:10:48,845 kilosort.run_kilosort INFO     ----------------------------------------
2025-02-26 22:10:48,848 kilosort.run_kilosort INFO     N samples: 900000
2025-02-26 22:10:48,848 kilosort.run_kilosort INFO     N seconds: 30.0
2025-02-26 22:10:48,849 kilosort.run_kilosort INFO     N batches: 15
2025-02-26 22:10:49,218 kilosort.run_kilosort INFO     Preprocessing filters computed in  0.37s; total  0.39s
2025-02-26 22:10:49,219 kilosort.run_kilosort DEBUG    hp_filter shape: torch.Size([30122])
2025-02-26 22:10:49,219 kilosort.run_kilosort DEBUG    whiten_mat shape: torch.Size([374, 374])
2025-02-26 22:10:49,219 kilosort.run_kilosort INFO      
2025-02-26 22:10:49,219 kilosort.run_kilosort INFO     Resource usage after preprocessing
2025-02-26 22:10:49,220 kilosort.run_kilosort INFO     ********************************************************
2025-02-26 22:10:49,221 kilosort.run_kilosort INFO     CPU usage:     8.50 %
2025-02-26 22:10:49,221 kilosort.run_kilosort INFO     Memory:        8.54 %     |     64.48   /   754.60 GB
2025-02-26 22:10:49,222 kilosort.run_kilosort INFO     ------------------------------------------------------
2025-02-26 22:10:49,222 kilosort.run_kilosort INFO     GPU usage:    `conda install pynvml` for GPU usage
2025-02-26 22:10:49,223 kilosort.run_kilosort INFO     GPU memory:   14.33 %     |      5.66   /    39.50 GB
2025-02-26 22:10:49,223 kilosort.run_kilosort INFO     Allocated:     0.02 %     |      0.01   /    39.50 GB
2025-02-26 22:10:49,224 kilosort.run_kilosort INFO     Max alloc:     8.34 %     |      3.30   /    39.50 GB
2025-02-26 22:10:49,224 kilosort.run_kilosort INFO     ********************************************************
2025-02-26 22:10:49,231 kilosort.run_kilosort INFO      
2025-02-26 22:10:49,231 kilosort.run_kilosort INFO     Computing drift correction.
2025-02-26 22:10:49,232 kilosort.run_kilosort INFO     ----------------------------------------
2025-02-26 22:10:49,233 kilosort.spikedetect INFO     Re-computing universal templates from data.
2025-02-26 22:10:51,158 kilosort.spikedetect INFO     Number of universal templates: 1532
2025-02-26 22:10:51,275 kilosort.spikedetect INFO     Detecting spikes...
2025-02-26 22:10:51,277 kilosort.spikedetect DEBUG     
2025-02-26 22:10:51,277 kilosort.spikedetect DEBUG    Batch 0
2025-02-26 22:10:51,277 kilosort.spikedetect DEBUG    ********************************************************
2025-02-26 22:10:51,278 kilosort.spikedetect DEBUG    CPU usage:    32.70 %
2025-02-26 22:10:51,278 kilosort.spikedetect DEBUG    Memory:        8.55 %     |     64.49   /   754.60 GB
2025-02-26 22:10:51,278 kilosort.spikedetect DEBUG    ------------------------------------------------------
2025-02-26 22:10:51,278 kilosort.spikedetect DEBUG    GPU usage:    `conda install pynvml` for GPU usage
2025-02-26 22:10:51,278 kilosort.spikedetect DEBUG    GPU memory:   14.33 %     |      5.66   /    39.50 GB
2025-02-26 22:10:51,278 kilosort.spikedetect DEBUG    Allocated:     0.03 %     |      0.01   /    39.50 GB
2025-02-26 22:10:51,278 kilosort.spikedetect DEBUG    Max alloc:     8.34 %     |      3.30   /    39.50 GB
2025-02-26 22:10:51,278 kilosort.spikedetect DEBUG    ********************************************************
2025-02-26 22:10:55,841 kilosort.spikedetect DEBUG     
2025-02-26 22:10:55,841 kilosort.spikedetect DEBUG    Batch 14
2025-02-26 22:10:55,841 kilosort.spikedetect DEBUG    ********************************************************
2025-02-26 22:10:55,841 kilosort.spikedetect DEBUG    CPU usage:    11.10 %
2025-02-26 22:10:55,841 kilosort.spikedetect DEBUG    Memory:        8.55 %     |     64.52   /   754.60 GB
2025-02-26 22:10:55,841 kilosort.spikedetect DEBUG    ------------------------------------------------------
2025-02-26 22:10:55,841 kilosort.spikedetect DEBUG    GPU usage:    `conda install pynvml` for GPU usage
2025-02-26 22:10:55,842 kilosort.spikedetect DEBUG    GPU memory:   14.33 %     |      5.66   /    39.50 GB
2025-02-26 22:10:55,842 kilosort.spikedetect DEBUG    Allocated:     0.28 %     |      0.11   /    39.50 GB
2025-02-26 22:10:55,842 kilosort.spikedetect DEBUG    Max alloc:     8.35 %     |      3.30   /    39.50 GB
2025-02-26 22:10:55,842 kilosort.spikedetect DEBUG    ********************************************************
2025-02-26 22:10:55,952 kilosort.run_kilosort INFO     drift computed in  6.72s; total  7.12s
2025-02-26 22:10:55,953 kilosort.run_kilosort DEBUG    st shape: (91602, 6)
2025-02-26 22:10:55,953 kilosort.run_kilosort DEBUG    yblk shape: (1,)
2025-02-26 22:10:55,953 kilosort.run_kilosort DEBUG    dshift shape: (15, 1)
2025-02-26 22:10:55,953 kilosort.run_kilosort DEBUG    iKxx shape: torch.Size([374, 374])
2025-02-26 22:10:55,954 kilosort.run_kilosort INFO      
2025-02-26 22:10:55,954 kilosort.run_kilosort INFO     Resource usage after drift correction
2025-02-26 22:10:55,955 kilosort.run_kilosort INFO     ********************************************************
2025-02-26 22:10:55,955 kilosort.run_kilosort INFO     CPU usage:    12.40 %
2025-02-26 22:10:55,956 kilosort.run_kilosort INFO     Memory:        8.55 %     |     64.50   /   754.60 GB
2025-02-26 22:10:55,956 kilosort.run_kilosort INFO     ------------------------------------------------------
2025-02-26 22:10:55,956 kilosort.run_kilosort INFO     GPU usage:    `conda install pynvml` for GPU usage
2025-02-26 22:10:55,957 kilosort.run_kilosort INFO     GPU memory:   14.33 %     |      5.66   /    39.50 GB
2025-02-26 22:10:55,958 kilosort.run_kilosort INFO     Allocated:     0.03 %     |      0.01   /    39.50 GB
2025-02-26 22:10:55,958 kilosort.run_kilosort INFO     Max alloc:     8.35 %     |      3.30   /    39.50 GB
2025-02-26 22:10:55,958 kilosort.run_kilosort INFO     ********************************************************
2025-02-26 22:10:55,959 kilosort.run_kilosort DEBUG    

|===========================================================================|
|                  PyTorch CUDA memory summary, device ID 0                 |
|---------------------------------------------------------------------------|
|            CUDA OOMs: 0            |        cudaMalloc retries: 0         |
|===========================================================================|
|        Metric         | Cur Usage  | Peak Usage | Tot Alloc  | Tot Freed  |
|---------------------------------------------------------------------------|
| Allocated memory      |  11150 KiB |   3375 MiB |   5761 GiB |   5761 GiB |
|---------------------------------------------------------------------------|
| Active memory         |  11150 KiB |   3375 MiB |   5761 GiB |   5761 GiB |
|---------------------------------------------------------------------------|
| Requested memory      |  11149 KiB |   3373 MiB |   5759 GiB |   5759 GiB |
|---------------------------------------------------------------------------|
| GPU reserved memory   |   5230 MiB |   5230 MiB |   5230 MiB |      0 B   |
|---------------------------------------------------------------------------|
| Non-releasable memory |  40049 KiB |   1751 MiB |   2705 GiB |   2705 GiB |
|---------------------------------------------------------------------------|
| Allocations           |       9    |      45    |  531233    |  531224    |
|---------------------------------------------------------------------------|
| Active allocs         |       9    |      45    |  531233    |  531224    |
|---------------------------------------------------------------------------|
| GPU reserved segments |      18    |      18    |      18    |       0    |
|---------------------------------------------------------------------------|
| Non-releasable allocs |       7    |      24    |  216734    |  216727    |
|---------------------------------------------------------------------------|
| Oversize allocations  |       0    |       0    |       0    |       0    |
|---------------------------------------------------------------------------|
| Oversize GPU segments |       0    |       0    |       0    |       0    |
|===========================================================================|


2025-02-26 22:10:56,028 kilosort.run_kilosort DEBUG    First batch min, max: (-36.11098, 17.50682)
2025-02-26 22:10:56,028 kilosort.run_kilosort INFO      
2025-02-26 22:10:56,029 kilosort.run_kilosort INFO     Extracting spikes using templates
2025-02-26 22:10:56,029 kilosort.run_kilosort INFO     ----------------------------------------
2025-02-26 22:10:56,029 kilosort.spikedetect INFO     Re-computing universal templates from data.
2025-02-26 22:10:58,856 kilosort.spikedetect INFO     Number of universal templates: 1532
2025-02-26 22:10:58,964 kilosort.spikedetect INFO     Detecting spikes...
2025-02-26 22:10:58,967 kilosort.spikedetect DEBUG     
2025-02-26 22:10:58,967 kilosort.spikedetect DEBUG    Batch 0
2025-02-26 22:10:58,967 kilosort.spikedetect DEBUG    ********************************************************
2025-02-26 22:10:58,967 kilosort.spikedetect DEBUG    CPU usage:    32.40 %
2025-02-26 22:10:58,967 kilosort.spikedetect DEBUG    Memory:        8.56 %     |     64.58   /   754.60 GB
2025-02-26 22:10:58,967 kilosort.spikedetect DEBUG    ------------------------------------------------------
2025-02-26 22:10:58,967 kilosort.spikedetect DEBUG    GPU usage:    `conda install pynvml` for GPU usage
2025-02-26 22:10:58,968 kilosort.spikedetect DEBUG    GPU memory:   14.33 %     |      5.66   /    39.50 GB
2025-02-26 22:10:58,968 kilosort.spikedetect DEBUG    Allocated:     0.03 %     |      0.01   /    39.50 GB
2025-02-26 22:10:58,968 kilosort.spikedetect DEBUG    Max alloc:     8.35 %     |      3.30   /    39.50 GB
2025-02-26 22:10:58,968 kilosort.spikedetect DEBUG    ********************************************************
2025-02-26 22:11:03,303 kilosort.spikedetect DEBUG     
2025-02-26 22:11:03,303 kilosort.spikedetect DEBUG    Batch 14
2025-02-26 22:11:03,303 kilosort.spikedetect DEBUG    ********************************************************
2025-02-26 22:11:03,303 kilosort.spikedetect DEBUG    CPU usage:    11.40 %
2025-02-26 22:11:03,303 kilosort.spikedetect DEBUG    Memory:        8.56 %     |     64.61   /   754.60 GB
2025-02-26 22:11:03,304 kilosort.spikedetect DEBUG    ------------------------------------------------------
2025-02-26 22:11:03,304 kilosort.spikedetect DEBUG    GPU usage:    `conda install pynvml` for GPU usage
2025-02-26 22:11:03,304 kilosort.spikedetect DEBUG    GPU memory:   14.33 %     |      5.66   /    39.50 GB
2025-02-26 22:11:03,305 kilosort.spikedetect DEBUG    Allocated:     0.29 %     |      0.11   /    39.50 GB
2025-02-26 22:11:03,305 kilosort.spikedetect DEBUG    Max alloc:     8.35 %     |      3.30   /    39.50 GB
2025-02-26 22:11:03,305 kilosort.spikedetect DEBUG    ********************************************************
2025-02-26 22:11:03,305 kilosort.run_kilosort INFO     90298 spikes extracted in  7.28s; total  14.47s
2025-02-26 22:11:03,306 kilosort.run_kilosort DEBUG    st0 shape: (90298, 6)
2025-02-26 22:11:03,306 kilosort.run_kilosort DEBUG    tF shape: torch.Size([90298, 10, 6])
2025-02-26 22:11:03,306 kilosort.run_kilosort INFO      
2025-02-26 22:11:03,306 kilosort.run_kilosort INFO     First clustering
2025-02-26 22:11:03,307 kilosort.run_kilosort INFO     ----------------------------------------
2025-02-26 22:11:03,319 kilosort.clustering_qr DEBUG     
2025-02-26 22:11:03,319 kilosort.clustering_qr DEBUG    Cluster center: 0 of 96
2025-02-26 22:11:03,319 kilosort.clustering_qr DEBUG    ********************************************************
2025-02-26 22:11:03,320 kilosort.clustering_qr DEBUG    CPU usage:    19.30 %
2025-02-26 22:11:03,320 kilosort.clustering_qr DEBUG    Memory:        8.56 %     |     64.61   /   754.60 GB
2025-02-26 22:11:03,320 kilosort.clustering_qr DEBUG    ------------------------------------------------------
2025-02-26 22:11:03,320 kilosort.clustering_qr DEBUG    GPU usage:    `conda install pynvml` for GPU usage
2025-02-26 22:11:03,320 kilosort.clustering_qr DEBUG    GPU memory:   14.33 %     |      5.66   /    39.50 GB
2025-02-26 22:11:03,320 kilosort.clustering_qr DEBUG    Allocated:     0.03 %     |      0.01   /    39.50 GB
2025-02-26 22:11:03,320 kilosort.clustering_qr DEBUG    Max alloc:     8.35 %     |      3.30   /    39.50 GB
2025-02-26 22:11:03,320 kilosort.clustering_qr DEBUG    ********************************************************
2025-02-26 22:11:03,324 kilosort.clustering_qr DEBUG    Center 0 | nsp: 3424 | ntemp: 16
2025-02-26 22:11:03,912 kilosort.clustering_qr DEBUG    Center 1 | nsp: 1636 | ntemp: 16
2025-02-26 22:11:04,166 kilosort.clustering_qr DEBUG    Center 2 | nsp: 2138 | ntemp: 16
2025-02-26 22:11:04,667 kilosort.clustering_qr DEBUG    Center 3 | nsp: 1615 | ntemp: 16
2025-02-26 22:11:04,923 kilosort.clustering_qr DEBUG    Center 4 | nsp: 1474 | ntemp: 16
2025-02-26 22:11:05,176 kilosort.clustering_qr DEBUG    Center 5 | nsp: 1082 | ntemp: 16
2025-02-26 22:11:05,431 kilosort.clustering_qr DEBUG    Center 6 | nsp: 1854 | ntemp: 16
2025-02-26 22:11:05,692 kilosort.clustering_qr DEBUG    Center 7 | nsp: 1153 | ntemp: 16
2025-02-26 22:11:05,946 kilosort.clustering_qr DEBUG    Center 8 | nsp: 1195 | ntemp: 16
2025-02-26 22:11:06,203 kilosort.clustering_qr DEBUG    Center 9 | nsp: 1211 | ntemp: 16
2025-02-26 22:11:06,453 kilosort.clustering_qr DEBUG     
2025-02-26 22:11:06,454 kilosort.clustering_qr DEBUG    Cluster center: 10 of 96
2025-02-26 22:11:06,454 kilosort.clustering_qr DEBUG    ********************************************************
2025-02-26 22:11:06,454 kilosort.clustering_qr DEBUG    CPU usage:    22.80 %
2025-02-26 22:11:06,454 kilosort.clustering_qr DEBUG    Memory:        8.56 %     |     64.61   /   754.60 GB
2025-02-26 22:11:06,454 kilosort.clustering_qr DEBUG    ------------------------------------------------------
2025-02-26 22:11:06,454 kilosort.clustering_qr DEBUG    GPU usage:    `conda install pynvml` for GPU usage
2025-02-26 22:11:06,454 kilosort.clustering_qr DEBUG    GPU memory:   14.33 %     |      5.66   /    39.50 GB
2025-02-26 22:11:06,454 kilosort.clustering_qr DEBUG    Allocated:     0.03 %     |      0.01   /    39.50 GB
2025-02-26 22:11:06,455 kilosort.clustering_qr DEBUG    Max alloc:     8.35 %     |      3.30   /    39.50 GB
2025-02-26 22:11:06,455 kilosort.clustering_qr DEBUG    ********************************************************
2025-02-26 22:11:06,458 kilosort.clustering_qr DEBUG    Center 10 | nsp: 1425 | ntemp: 16
2025-02-26 22:11:06,712 kilosort.clustering_qr DEBUG    Center 11 | nsp: 930 | ntemp: 16
2025-02-26 22:11:06,715 kilosort.clustering_qr DEBUG    Center 12 | nsp: 927 | ntemp: 16
2025-02-26 22:11:06,719 kilosort.clustering_qr DEBUG    Center 13 | nsp: 1726 | ntemp: 16
2025-02-26 22:11:06,979 kilosort.clustering_qr DEBUG    Center 14 | nsp: 451 | ntemp: 16
2025-02-26 22:11:06,983 kilosort.clustering_qr DEBUG    Center 15 | nsp: 1299 | ntemp: 16
2025-02-26 22:11:07,241 kilosort.clustering_qr DEBUG    Center 16 | nsp: 487 | ntemp: 16
2025-02-26 22:11:07,245 kilosort.clustering_qr DEBUG    Center 17 | nsp: 654 | ntemp: 16
2025-02-26 22:11:07,248 kilosort.clustering_qr DEBUG    Center 18 | nsp: 270 | ntemp: 16
2025-02-26 22:11:07,251 kilosort.clustering_qr DEBUG    Center 19 | nsp: 1998 | ntemp: 16
2025-02-26 22:11:07,509 kilosort.clustering_qr DEBUG     
2025-02-26 22:11:07,509 kilosort.clustering_qr DEBUG    Cluster center: 20 of 96
2025-02-26 22:11:07,509 kilosort.clustering_qr DEBUG    ********************************************************
2025-02-26 22:11:07,509 kilosort.clustering_qr DEBUG    CPU usage:    21.40 %
2025-02-26 22:11:07,510 kilosort.clustering_qr DEBUG    Memory:        8.56 %     |     64.60   /   754.60 GB
2025-02-26 22:11:07,510 kilosort.clustering_qr DEBUG    ------------------------------------------------------
2025-02-26 22:11:07,510 kilosort.clustering_qr DEBUG    GPU usage:    `conda install pynvml` for GPU usage
2025-02-26 22:11:07,510 kilosort.clustering_qr DEBUG    GPU memory:   14.33 %     |      5.66   /    39.50 GB
2025-02-26 22:11:07,510 kilosort.clustering_qr DEBUG    Allocated:     0.03 %     |      0.01   /    39.50 GB
2025-02-26 22:11:07,510 kilosort.clustering_qr DEBUG    Max alloc:     8.35 %     |      3.30   /    39.50 GB
2025-02-26 22:11:07,510 kilosort.clustering_qr DEBUG    ********************************************************
2025-02-26 22:11:07,514 kilosort.clustering_qr DEBUG    Center 20 | nsp: 1688 | ntemp: 16
2025-02-26 22:11:07,774 kilosort.clustering_qr DEBUG    Center 21 | nsp: 1769 | ntemp: 16
2025-02-26 22:11:08,035 kilosort.clustering_qr DEBUG    Center 22 | nsp: 1587 | ntemp: 16
2025-02-26 22:11:08,296 kilosort.clustering_qr DEBUG    Center 23 | nsp: 2119 | ntemp: 16
2025-02-26 22:11:08,556 kilosort.clustering_qr DEBUG    Center 24 | nsp: 1697 | ntemp: 16
2025-02-26 22:11:08,816 kilosort.clustering_qr DEBUG    Center 25 | nsp: 2048 | ntemp: 16
2025-02-26 22:11:09,080 kilosort.clustering_qr DEBUG    Center 26 | nsp: 1653 | ntemp: 16
2025-02-26 22:11:09,342 kilosort.clustering_qr DEBUG    Center 27 | nsp: 801 | ntemp: 16
2025-02-26 22:11:09,344 kilosort.clustering_qr DEBUG    Center 28 | nsp: 28 | ntemp: 16
2025-02-26 22:11:09,347 kilosort.clustering_qr DEBUG    Center 29 | nsp: 46 | ntemp: 16
2025-02-26 22:11:09,347 kilosort.clustering_qr DEBUG     
2025-02-26 22:11:09,347 kilosort.clustering_qr DEBUG    Cluster center: 30 of 96
2025-02-26 22:11:09,347 kilosort.clustering_qr DEBUG    ********************************************************
2025-02-26 22:11:09,348 kilosort.clustering_qr DEBUG    CPU usage:    21.60 %
2025-02-26 22:11:09,348 kilosort.clustering_qr DEBUG    Memory:        8.56 %     |     64.61   /   754.60 GB
2025-02-26 22:11:09,348 kilosort.clustering_qr DEBUG    ------------------------------------------------------
2025-02-26 22:11:09,348 kilosort.clustering_qr DEBUG    GPU usage:    `conda install pynvml` for GPU usage
2025-02-26 22:11:09,348 kilosort.clustering_qr DEBUG    GPU memory:   14.33 %     |      5.66   /    39.50 GB
2025-02-26 22:11:09,348 kilosort.clustering_qr DEBUG    Allocated:     0.03 %     |      0.01   /    39.50 GB
2025-02-26 22:11:09,348 kilosort.clustering_qr DEBUG    Max alloc:     8.35 %     |      3.30   /    39.50 GB
2025-02-26 22:11:09,348 kilosort.clustering_qr DEBUG    ********************************************************
2025-02-26 22:11:09,351 kilosort.clustering_qr DEBUG    Center 30 | nsp: 87 | ntemp: 16
2025-02-26 22:11:09,354 kilosort.clustering_qr DEBUG    Center 31 | nsp: 81 | ntemp: 16
2025-02-26 22:11:09,356 kilosort.clustering_qr DEBUG    Center 32 | nsp: 584 | ntemp: 16
2025-02-26 22:11:09,360 kilosort.clustering_qr DEBUG    Center 33 | nsp: 1048 | ntemp: 16
2025-02-26 22:11:10,057 kilosort.clustering_qr DEBUG    Center 34 | nsp: 936 | ntemp: 16
2025-02-26 22:11:10,061 kilosort.clustering_qr DEBUG    Center 35 | nsp: 1692 | ntemp: 16
2025-02-26 22:11:10,499 kilosort.clustering_qr DEBUG    Center 36 | nsp: 714 | ntemp: 16
2025-02-26 22:11:10,503 kilosort.clustering_qr DEBUG    Center 37 | nsp: 283 | ntemp: 16
2025-02-26 22:11:10,505 kilosort.clustering_qr DEBUG    Center 38 | nsp: 115 | ntemp: 16
2025-02-26 22:11:10,508 kilosort.clustering_qr DEBUG    Center 39 | nsp: 322 | ntemp: 16
2025-02-26 22:11:10,509 kilosort.clustering_qr DEBUG     
2025-02-26 22:11:10,509 kilosort.clustering_qr DEBUG    Cluster center: 40 of 96
2025-02-26 22:11:10,509 kilosort.clustering_qr DEBUG    ********************************************************
2025-02-26 22:11:10,509 kilosort.clustering_qr DEBUG    CPU usage:    25.70 %
2025-02-26 22:11:10,509 kilosort.clustering_qr DEBUG    Memory:        8.56 %     |     64.61   /   754.60 GB
2025-02-26 22:11:10,509 kilosort.clustering_qr DEBUG    ------------------------------------------------------
2025-02-26 22:11:10,509 kilosort.clustering_qr DEBUG    GPU usage:    `conda install pynvml` for GPU usage
2025-02-26 22:11:10,509 kilosort.clustering_qr DEBUG    GPU memory:   14.33 %     |      5.66   /    39.50 GB
2025-02-26 22:11:10,510 kilosort.clustering_qr DEBUG    Allocated:     0.03 %     |      0.01   /    39.50 GB
2025-02-26 22:11:10,510 kilosort.clustering_qr DEBUG    Max alloc:     8.35 %     |      3.30   /    39.50 GB
2025-02-26 22:11:10,510 kilosort.clustering_qr DEBUG    ********************************************************
2025-02-26 22:11:10,513 kilosort.clustering_qr DEBUG    Center 40 | nsp: 1461 | ntemp: 16
2025-02-26 22:11:10,772 kilosort.clustering_qr DEBUG    Center 41 | nsp: 2046 | ntemp: 16
2025-02-26 22:11:11,032 kilosort.clustering_qr DEBUG    Center 42 | nsp: 204 | ntemp: 16
2025-02-26 22:11:11,035 kilosort.clustering_qr DEBUG    Center 43 | nsp: 300 | ntemp: 16
2025-02-26 22:11:11,038 kilosort.clustering_qr DEBUG    Center 44 | nsp: 316 | ntemp: 16
2025-02-26 22:11:11,041 kilosort.clustering_qr DEBUG    Center 45 | nsp: 147 | ntemp: 16
2025-02-26 22:11:11,044 kilosort.clustering_qr DEBUG    Center 46 | nsp: 127 | ntemp: 16
2025-02-26 22:11:11,047 kilosort.clustering_qr DEBUG    Center 47 | nsp: 101 | ntemp: 16
2025-02-26 22:11:11,050 kilosort.clustering_qr DEBUG    Center 48 | nsp: 412 | ntemp: 16
2025-02-26 22:11:11,053 kilosort.clustering_qr DEBUG    Center 49 | nsp: 622 | ntemp: 16
2025-02-26 22:11:11,054 kilosort.clustering_qr DEBUG     
2025-02-26 22:11:11,054 kilosort.clustering_qr DEBUG    Cluster center: 50 of 96
2025-02-26 22:11:11,054 kilosort.clustering_qr DEBUG    ********************************************************
2025-02-26 22:11:11,054 kilosort.clustering_qr DEBUG    CPU usage:    21.40 %
2025-02-26 22:11:11,054 kilosort.clustering_qr DEBUG    Memory:        8.56 %     |     64.61   /   754.60 GB
2025-02-26 22:11:11,054 kilosort.clustering_qr DEBUG    ------------------------------------------------------
2025-02-26 22:11:11,054 kilosort.clustering_qr DEBUG    GPU usage:    `conda install pynvml` for GPU usage
2025-02-26 22:11:11,054 kilosort.clustering_qr DEBUG    GPU memory:   14.33 %     |      5.66   /    39.50 GB
2025-02-26 22:11:11,055 kilosort.clustering_qr DEBUG    Allocated:     0.03 %     |      0.01   /    39.50 GB
2025-02-26 22:11:11,055 kilosort.clustering_qr DEBUG    Max alloc:     8.35 %     |      3.30   /    39.50 GB
2025-02-26 22:11:11,055 kilosort.clustering_qr DEBUG    ********************************************************
2025-02-26 22:11:11,202 kilosort.clustering_qr DEBUG    Center 50 | nsp: 712 | ntemp: 16
2025-02-26 22:11:11,270 kilosort.clustering_qr DEBUG    Center 51 | nsp: 1769 | ntemp: 16
2025-02-26 22:11:11,790 kilosort.clustering_qr DEBUG    Center 52 | nsp: 799 | ntemp: 16
2025-02-26 22:11:11,794 kilosort.clustering_qr DEBUG    Center 53 | nsp: 585 | ntemp: 16
2025-02-26 22:11:11,797 kilosort.clustering_qr DEBUG    Center 54 | nsp: 101 | ntemp: 16
2025-02-26 22:11:11,799 kilosort.clustering_qr DEBUG    Center 55 | nsp: 237 | ntemp: 16
2025-02-26 22:11:11,802 kilosort.clustering_qr DEBUG    Center 56 | nsp: 216 | ntemp: 16
2025-02-26 22:11:11,805 kilosort.clustering_qr DEBUG    Center 57 | nsp: 403 | ntemp: 16
2025-02-26 22:11:11,808 kilosort.clustering_qr DEBUG    Center 58 | nsp: 432 | ntemp: 16
2025-02-26 22:11:11,811 kilosort.clustering_qr DEBUG    Center 59 | nsp: 1147 | ntemp: 16
2025-02-26 22:11:12,095 kilosort.clustering_qr DEBUG     
2025-02-26 22:11:12,096 kilosort.clustering_qr DEBUG    Cluster center: 60 of 96
2025-02-26 22:11:12,096 kilosort.clustering_qr DEBUG    ********************************************************
2025-02-26 22:11:12,096 kilosort.clustering_qr DEBUG    CPU usage:    23.00 %
2025-02-26 22:11:12,096 kilosort.clustering_qr DEBUG    Memory:        8.56 %     |     64.61   /   754.60 GB
2025-02-26 22:11:12,096 kilosort.clustering_qr DEBUG    ------------------------------------------------------
2025-02-26 22:11:12,096 kilosort.clustering_qr DEBUG    GPU usage:    `conda install pynvml` for GPU usage
2025-02-26 22:11:12,096 kilosort.clustering_qr DEBUG    GPU memory:   14.33 %     |      5.66   /    39.50 GB
2025-02-26 22:11:12,096 kilosort.clustering_qr DEBUG    Allocated:     0.03 %     |      0.01   /    39.50 GB
2025-02-26 22:11:12,097 kilosort.clustering_qr DEBUG    Max alloc:     8.35 %     |      3.30   /    39.50 GB
2025-02-26 22:11:12,097 kilosort.clustering_qr DEBUG    ********************************************************
2025-02-26 22:11:12,100 kilosort.clustering_qr DEBUG    Center 60 | nsp: 2386 | ntemp: 16
2025-02-26 22:11:12,389 kilosort.clustering_qr DEBUG    Center 61 | nsp: 864 | ntemp: 16
2025-02-26 22:11:12,393 kilosort.clustering_qr DEBUG    Center 62 | nsp: 330 | ntemp: 16
2025-02-26 22:11:12,396 kilosort.clustering_qr DEBUG    Center 63 | nsp: 569 | ntemp: 16
2025-02-26 22:11:12,399 kilosort.clustering_qr DEBUG    Center 64 | nsp: 834 | ntemp: 16
2025-02-26 22:11:12,402 kilosort.clustering_qr DEBUG    Center 65 | nsp: 1957 | ntemp: 16
2025-02-26 22:11:12,780 kilosort.clustering_qr DEBUG    Center 66 | nsp: 1018 | ntemp: 16
2025-02-26 22:11:13,036 kilosort.clustering_qr DEBUG    Center 67 | nsp: 53 | ntemp: 16
2025-02-26 22:11:13,039 kilosort.clustering_qr DEBUG    Center 68 | nsp: 449 | ntemp: 16
2025-02-26 22:11:13,042 kilosort.clustering_qr DEBUG    Center 69 | nsp: 489 | ntemp: 16
2025-02-26 22:11:13,042 kilosort.clustering_qr DEBUG     
2025-02-26 22:11:13,042 kilosort.clustering_qr DEBUG    Cluster center: 70 of 96
2025-02-26 22:11:13,042 kilosort.clustering_qr DEBUG    ********************************************************
2025-02-26 22:11:13,043 kilosort.clustering_qr DEBUG    CPU usage:    22.80 %
2025-02-26 22:11:13,043 kilosort.clustering_qr DEBUG    Memory:        8.56 %     |     64.61   /   754.60 GB
2025-02-26 22:11:13,043 kilosort.clustering_qr DEBUG    ------------------------------------------------------
2025-02-26 22:11:13,043 kilosort.clustering_qr DEBUG    GPU usage:    `conda install pynvml` for GPU usage
2025-02-26 22:11:13,043 kilosort.clustering_qr DEBUG    GPU memory:   14.33 %     |      5.66   /    39.50 GB
2025-02-26 22:11:13,043 kilosort.clustering_qr DEBUG    Allocated:     0.03 %     |      0.01   /    39.50 GB
2025-02-26 22:11:13,043 kilosort.clustering_qr DEBUG    Max alloc:     8.35 %     |      3.30   /    39.50 GB
2025-02-26 22:11:13,043 kilosort.clustering_qr DEBUG    ********************************************************
2025-02-26 22:11:13,046 kilosort.clustering_qr DEBUG    Center 70 | nsp: 55 | ntemp: 16
2025-02-26 22:11:13,049 kilosort.clustering_qr DEBUG    Center 71 | nsp: 542 | ntemp: 16
2025-02-26 22:11:13,052 kilosort.clustering_qr DEBUG    Center 72 | nsp: 1088 | ntemp: 16
2025-02-26 22:11:13,306 kilosort.clustering_qr DEBUG    Center 73 | nsp: 944 | ntemp: 16
2025-02-26 22:11:13,309 kilosort.clustering_qr DEBUG    Center 74 | nsp: 485 | ntemp: 16
2025-02-26 22:11:13,313 kilosort.clustering_qr DEBUG    Center 75 | nsp: 499 | ntemp: 16
2025-02-26 22:11:13,316 kilosort.clustering_qr DEBUG    Center 76 | nsp: 709 | ntemp: 16
2025-02-26 22:11:13,319 kilosort.clustering_qr DEBUG    Center 77 | nsp: 729 | ntemp: 16
2025-02-26 22:11:13,322 kilosort.clustering_qr DEBUG    Center 78 | nsp: 388 | ntemp: 16
2025-02-26 22:11:13,325 kilosort.clustering_qr DEBUG    Center 79 | nsp: 769 | ntemp: 16
2025-02-26 22:11:13,325 kilosort.clustering_qr DEBUG     
2025-02-26 22:11:13,325 kilosort.clustering_qr DEBUG    Cluster center: 80 of 96
2025-02-26 22:11:13,325 kilosort.clustering_qr DEBUG    ********************************************************
2025-02-26 22:11:13,326 kilosort.clustering_qr DEBUG    CPU usage:    21.80 %
2025-02-26 22:11:13,326 kilosort.clustering_qr DEBUG    Memory:        8.56 %     |     64.60   /   754.60 GB
2025-02-26 22:11:13,326 kilosort.clustering_qr DEBUG    ------------------------------------------------------
2025-02-26 22:11:13,326 kilosort.clustering_qr DEBUG    GPU usage:    `conda install pynvml` for GPU usage
2025-02-26 22:11:13,326 kilosort.clustering_qr DEBUG    GPU memory:   14.33 %     |      5.66   /    39.50 GB
2025-02-26 22:11:13,326 kilosort.clustering_qr DEBUG    Allocated:     0.03 %     |      0.01   /    39.50 GB
2025-02-26 22:11:13,326 kilosort.clustering_qr DEBUG    Max alloc:     8.35 %     |      3.30   /    39.50 GB
2025-02-26 22:11:13,326 kilosort.clustering_qr DEBUG    ********************************************************
2025-02-26 22:11:13,329 kilosort.clustering_qr DEBUG    Center 80 | nsp: 1088 | ntemp: 16
2025-02-26 22:11:13,582 kilosort.clustering_qr DEBUG    Center 81 | nsp: 1399 | ntemp: 16
2025-02-26 22:11:13,838 kilosort.clustering_qr DEBUG    Center 82 | nsp: 1736 | ntemp: 16
2025-02-26 22:11:14,095 kilosort.clustering_qr DEBUG    Center 83 | nsp: 2915 | ntemp: 16
2025-02-26 22:11:14,363 kilosort.clustering_qr DEBUG    Center 84 | nsp: 1706 | ntemp: 16
2025-02-26 22:11:14,621 kilosort.clustering_qr DEBUG    Center 85 | nsp: 1194 | ntemp: 16
2025-02-26 22:11:14,877 kilosort.clustering_qr DEBUG    Center 86 | nsp: 962 | ntemp: 16
2025-02-26 22:11:14,881 kilosort.clustering_qr DEBUG    Center 87 | nsp: 786 | ntemp: 16
2025-02-26 22:11:14,884 kilosort.clustering_qr DEBUG    Center 88 | nsp: 970 | ntemp: 16
2025-02-26 22:11:14,887 kilosort.clustering_qr DEBUG    Center 89 | nsp: 906 | ntemp: 16
2025-02-26 22:11:14,888 kilosort.clustering_qr DEBUG     
2025-02-26 22:11:14,888 kilosort.clustering_qr DEBUG    Cluster center: 90 of 96
2025-02-26 22:11:14,888 kilosort.clustering_qr DEBUG    ********************************************************
2025-02-26 22:11:14,888 kilosort.clustering_qr DEBUG    CPU usage:    21.30 %
2025-02-26 22:11:14,888 kilosort.clustering_qr DEBUG    Memory:        8.56 %     |     64.61   /   754.60 GB
2025-02-26 22:11:14,888 kilosort.clustering_qr DEBUG    ------------------------------------------------------
2025-02-26 22:11:14,888 kilosort.clustering_qr DEBUG    GPU usage:    `conda install pynvml` for GPU usage
2025-02-26 22:11:14,888 kilosort.clustering_qr DEBUG    GPU memory:   14.33 %     |      5.66   /    39.50 GB
2025-02-26 22:11:14,889 kilosort.clustering_qr DEBUG    Allocated:     0.03 %     |      0.01   /    39.50 GB
2025-02-26 22:11:14,889 kilosort.clustering_qr DEBUG    Max alloc:     8.35 %     |      3.30   /    39.50 GB
2025-02-26 22:11:14,889 kilosort.clustering_qr DEBUG    ********************************************************
2025-02-26 22:11:14,892 kilosort.clustering_qr DEBUG    Center 90 | nsp: 769 | ntemp: 16
2025-02-26 22:11:14,895 kilosort.clustering_qr DEBUG    Center 91 | nsp: 735 | ntemp: 16
2025-02-26 22:11:14,898 kilosort.clustering_qr DEBUG    Center 92 | nsp: 871 | ntemp: 16
2025-02-26 22:11:14,901 kilosort.clustering_qr DEBUG    Center 93 | nsp: 525 | ntemp: 16
2025-02-26 22:11:14,904 kilosort.clustering_qr DEBUG    Center 94 | nsp: 161 | ntemp: 16
2025-02-26 22:11:14,906 kilosort.clustering_qr DEBUG    Center 95 | nsp: 34 | ntemp: 12
2025-02-26 22:11:15,049 kilosort.run_kilosort INFO     252 clusters found, in  11.74s; total  26.22s
2025-02-26 22:11:15,049 kilosort.run_kilosort DEBUG    clu shape: (90298,)
2025-02-26 22:11:15,049 kilosort.run_kilosort DEBUG    Wall shape: torch.Size([252, 374, 6])
2025-02-26 22:11:15,049 kilosort.run_kilosort INFO      
2025-02-26 22:11:15,050 kilosort.run_kilosort INFO     Extracting spikes using cluster waveforms
2025-02-26 22:11:15,050 kilosort.run_kilosort INFO     ----------------------------------------
2025-02-26 22:11:15,083 kilosort.template_matching DEBUG     
2025-02-26 22:11:15,084 kilosort.template_matching DEBUG    Batch 0
2025-02-26 22:11:15,084 kilosort.template_matching DEBUG    ********************************************************
2025-02-26 22:11:15,084 kilosort.template_matching DEBUG    CPU usage:    24.10 %
2025-02-26 22:11:15,084 kilosort.template_matching DEBUG    Memory:        8.59 %     |     64.83   /   754.60 GB
2025-02-26 22:11:15,084 kilosort.template_matching DEBUG    ------------------------------------------------------
2025-02-26 22:11:15,084 kilosort.template_matching DEBUG    GPU usage:    `conda install pynvml` for GPU usage
2025-02-26 22:11:15,084 kilosort.template_matching DEBUG    GPU memory:   14.33 %     |      5.66   /    39.50 GB
2025-02-26 22:11:15,085 kilosort.template_matching DEBUG    Allocated:     0.10 %     |      0.04   /    39.50 GB
2025-02-26 22:11:15,085 kilosort.template_matching DEBUG    Max alloc:     8.35 %     |      3.30   /    39.50 GB
2025-02-26 22:11:15,085 kilosort.template_matching DEBUG    ********************************************************
2025-02-26 22:11:17,020 kilosort.template_matching DEBUG     
2025-02-26 22:11:17,020 kilosort.template_matching DEBUG    Batch 14
2025-02-26 22:11:17,020 kilosort.template_matching DEBUG    ********************************************************
2025-02-26 22:11:17,020 kilosort.template_matching DEBUG    CPU usage:    12.10 %
2025-02-26 22:11:17,021 kilosort.template_matching DEBUG    Memory:        8.59 %     |     64.83   /   754.60 GB
2025-02-26 22:11:17,021 kilosort.template_matching DEBUG    ------------------------------------------------------
2025-02-26 22:11:17,021 kilosort.template_matching DEBUG    GPU usage:    `conda install pynvml` for GPU usage
2025-02-26 22:11:17,021 kilosort.template_matching DEBUG    GPU memory:   14.33 %     |      5.66   /    39.50 GB
2025-02-26 22:11:17,021 kilosort.template_matching DEBUG    Allocated:     0.53 %     |      0.21   /    39.50 GB
2025-02-26 22:11:17,021 kilosort.template_matching DEBUG    Max alloc:     8.35 %     |      3.30   /    39.50 GB
2025-02-26 22:11:17,021 kilosort.template_matching DEBUG    ********************************************************
2025-02-26 22:11:17,032 kilosort.run_kilosort INFO     143920 spikes extracted in  1.98s; total  28.20s
2025-02-26 22:11:17,035 kilosort.run_kilosort DEBUG    st shape: (143920, 3)
2025-02-26 22:11:17,036 kilosort.run_kilosort DEBUG    tF shape: torch.Size([143920, 10, 6])
2025-02-26 22:11:17,036 kilosort.run_kilosort DEBUG    iCC shape: torch.Size([10, 374])
2025-02-26 22:11:17,036 kilosort.run_kilosort DEBUG    iU shape: torch.Size([236])
2025-02-26 22:11:17,036 kilosort.run_kilosort INFO      
2025-02-26 22:11:17,036 kilosort.run_kilosort INFO     Resource usage after spike detection
2025-02-26 22:11:17,036 kilosort.run_kilosort INFO     ********************************************************
2025-02-26 22:11:17,037 kilosort.run_kilosort INFO     CPU usage:    21.30 %
2025-02-26 22:11:17,038 kilosort.run_kilosort INFO     Memory:        8.56 %     |     64.59   /   754.60 GB
2025-02-26 22:11:17,038 kilosort.run_kilosort INFO     ------------------------------------------------------
2025-02-26 22:11:17,038 kilosort.run_kilosort INFO     GPU usage:    `conda install pynvml` for GPU usage
2025-02-26 22:11:17,039 kilosort.run_kilosort INFO     GPU memory:   14.33 %     |      5.66   /    39.50 GB
2025-02-26 22:11:17,040 kilosort.run_kilosort INFO     Allocated:     0.03 %     |      0.01   /    39.50 GB
2025-02-26 22:11:17,040 kilosort.run_kilosort INFO     Max alloc:     8.35 %     |      3.30   /    39.50 GB
2025-02-26 22:11:17,041 kilosort.run_kilosort INFO     ********************************************************
2025-02-26 22:11:17,041 kilosort.run_kilosort DEBUG    

|===========================================================================|
|                  PyTorch CUDA memory summary, device ID 0                 |
|---------------------------------------------------------------------------|
|            CUDA OOMs: 0            |        cudaMalloc retries: 0         |
|===========================================================================|
|        Metric         | Cur Usage  | Peak Usage | Tot Alloc  | Tot Freed  |
|---------------------------------------------------------------------------|
| Allocated memory      |  13255 KiB |   3376 MiB |   7422 GiB |   7422 GiB |
|---------------------------------------------------------------------------|
| Active memory         |  13255 KiB |   3376 MiB |   7422 GiB |   7422 GiB |
|---------------------------------------------------------------------------|
| Requested memory      |  13252 KiB |   3375 MiB |   7419 GiB |   7419 GiB |
|---------------------------------------------------------------------------|
| GPU reserved memory   |   5230 MiB |   5230 MiB |   5230 MiB |      0 B   |
|---------------------------------------------------------------------------|
| Non-releasable memory |  37945 KiB |   1751 MiB |   3782 GiB |   3782 GiB |
|---------------------------------------------------------------------------|
| Allocations           |      13    |      45    |    1044 K  |    1044 K  |
|---------------------------------------------------------------------------|
| Active allocs         |      13    |      45    |    1044 K  |    1044 K  |
|---------------------------------------------------------------------------|
| GPU reserved segments |      18    |      18    |      18    |       0    |
|---------------------------------------------------------------------------|
| Non-releasable allocs |      12    |      24    |  438124    |  438112    |
|---------------------------------------------------------------------------|
| Oversize allocations  |       0    |       0    |       0    |       0    |
|---------------------------------------------------------------------------|
| Oversize GPU segments |       0    |       0    |       0    |       0    |
|===========================================================================|


2025-02-26 22:11:17,042 kilosort.run_kilosort INFO      
2025-02-26 22:11:17,042 kilosort.run_kilosort INFO     Final clustering
2025-02-26 22:11:17,043 kilosort.run_kilosort INFO     ----------------------------------------
2025-02-26 22:11:17,054 kilosort.clustering_qr DEBUG     
2025-02-26 22:11:17,054 kilosort.clustering_qr DEBUG    Cluster center: 0 of 96
2025-02-26 22:11:17,054 kilosort.clustering_qr DEBUG    ********************************************************
2025-02-26 22:11:17,054 kilosort.clustering_qr DEBUG    CPU usage:    17.70 %
2025-02-26 22:11:17,055 kilosort.clustering_qr DEBUG    Memory:        8.56 %     |     64.58   /   754.60 GB
2025-02-26 22:11:17,055 kilosort.clustering_qr DEBUG    ------------------------------------------------------
2025-02-26 22:11:17,055 kilosort.clustering_qr DEBUG    GPU usage:    `conda install pynvml` for GPU usage
2025-02-26 22:11:17,055 kilosort.clustering_qr DEBUG    GPU memory:   14.33 %     |      5.66   /    39.50 GB
2025-02-26 22:11:17,055 kilosort.clustering_qr DEBUG    Allocated:     0.03 %     |      0.01   /    39.50 GB
2025-02-26 22:11:17,055 kilosort.clustering_qr DEBUG    Max alloc:     8.35 %     |      3.30   /    39.50 GB
2025-02-26 22:11:17,055 kilosort.clustering_qr DEBUG    ********************************************************
2025-02-26 22:11:17,058 kilosort.clustering_qr DEBUG    Center 0 | nsp: 6001 | ntemp: 6
2025-02-26 22:11:17,329 kilosort.clustering_qr DEBUG    Center 1 | nsp: 3345 | ntemp: 4
2025-02-26 22:11:17,592 kilosort.clustering_qr DEBUG    Center 2 | nsp: 3828 | ntemp: 6
2025-02-26 22:11:17,846 kilosort.clustering_qr DEBUG    Center 3 | nsp: 1701 | ntemp: 4
2025-02-26 22:11:18,096 kilosort.clustering_qr DEBUG    Center 4 | nsp: 5472 | ntemp: 5
2025-02-26 22:11:18,361 kilosort.clustering_qr DEBUG    Center 5 | nsp: 1970 | ntemp: 3
2025-02-26 22:11:18,614 kilosort.clustering_qr DEBUG    Center 6 | nsp: 2735 | ntemp: 5
2025-02-26 22:11:18,872 kilosort.clustering_qr DEBUG    Center 7 | nsp: 2409 | ntemp: 4
2025-02-26 22:11:19,128 kilosort.clustering_qr DEBUG    Center 8 | nsp: 1762 | ntemp: 2
2025-02-26 22:11:19,381 kilosort.clustering_qr DEBUG    Center 9 | nsp: 2537 | ntemp: 5
2025-02-26 22:11:19,638 kilosort.clustering_qr DEBUG     
2025-02-26 22:11:19,638 kilosort.clustering_qr DEBUG    Cluster center: 10 of 96
2025-02-26 22:11:19,638 kilosort.clustering_qr DEBUG    ********************************************************
2025-02-26 22:11:19,638 kilosort.clustering_qr DEBUG    CPU usage:    18.70 %
2025-02-26 22:11:19,639 kilosort.clustering_qr DEBUG    Memory:        8.56 %     |     64.59   /   754.60 GB
2025-02-26 22:11:19,639 kilosort.clustering_qr DEBUG    ------------------------------------------------------
2025-02-26 22:11:19,639 kilosort.clustering_qr DEBUG    GPU usage:    `conda install pynvml` for GPU usage
2025-02-26 22:11:19,639 kilosort.clustering_qr DEBUG    GPU memory:   14.33 %     |      5.66   /    39.50 GB
2025-02-26 22:11:19,639 kilosort.clustering_qr DEBUG    Allocated:     0.03 %     |      0.01   /    39.50 GB
2025-02-26 22:11:19,639 kilosort.clustering_qr DEBUG    Max alloc:     8.35 %     |      3.30   /    39.50 GB
2025-02-26 22:11:19,639 kilosort.clustering_qr DEBUG    ********************************************************
2025-02-26 22:11:19,641 kilosort.clustering_qr DEBUG    Center 10 | nsp: 2129 | ntemp: 3
2025-02-26 22:11:19,894 kilosort.clustering_qr DEBUG    Center 11 | nsp: 1317 | ntemp: 1
2025-02-26 22:11:20,142 kilosort.clustering_qr DEBUG    Center 12 | nsp: 523 | ntemp: 1
2025-02-26 22:11:20,144 kilosort.clustering_qr DEBUG    Center 13 | nsp: 3338 | ntemp: 4
2025-02-26 22:11:20,402 kilosort.clustering_qr DEBUG    Center 14 | nsp: 343 | ntemp: 1
2025-02-26 22:11:20,405 kilosort.clustering_qr DEBUG    Center 15 | nsp: 1906 | ntemp: 5
2025-02-26 22:11:20,660 kilosort.clustering_qr DEBUG    Center 16 | nsp: 525 | ntemp: 1
2025-02-26 22:11:20,662 kilosort.clustering_qr DEBUG    Center 17 | nsp: 583 | ntemp: 1
2025-02-26 22:11:20,663 kilosort.clustering_qr DEBUG    Center 18 | nsp: 444 | ntemp: 1
2025-02-26 22:11:20,665 kilosort.clustering_qr DEBUG    Center 19 | nsp: 2493 | ntemp: 4
2025-02-26 22:11:20,920 kilosort.clustering_qr DEBUG     
2025-02-26 22:11:20,920 kilosort.clustering_qr DEBUG    Cluster center: 20 of 96
2025-02-26 22:11:20,920 kilosort.clustering_qr DEBUG    ********************************************************
2025-02-26 22:11:20,920 kilosort.clustering_qr DEBUG    CPU usage:    19.60 %
2025-02-26 22:11:20,920 kilosort.clustering_qr DEBUG    Memory:        8.56 %     |     64.59   /   754.60 GB
2025-02-26 22:11:20,920 kilosort.clustering_qr DEBUG    ------------------------------------------------------
2025-02-26 22:11:20,920 kilosort.clustering_qr DEBUG    GPU usage:    `conda install pynvml` for GPU usage
2025-02-26 22:11:20,921 kilosort.clustering_qr DEBUG    GPU memory:   14.33 %     |      5.66   /    39.50 GB
2025-02-26 22:11:20,921 kilosort.clustering_qr DEBUG    Allocated:     0.03 %     |      0.01   /    39.50 GB
2025-02-26 22:11:20,921 kilosort.clustering_qr DEBUG    Max alloc:     8.35 %     |      3.30   /    39.50 GB
2025-02-26 22:11:20,921 kilosort.clustering_qr DEBUG    ********************************************************
2025-02-26 22:11:20,923 kilosort.clustering_qr DEBUG    Center 20 | nsp: 3243 | ntemp: 6
2025-02-26 22:11:21,182 kilosort.clustering_qr DEBUG    Center 21 | nsp: 3390 | ntemp: 6
2025-02-26 22:11:21,448 kilosort.clustering_qr DEBUG    Center 22 | nsp: 2857 | ntemp: 5
2025-02-26 22:11:21,708 kilosort.clustering_qr DEBUG    Center 23 | nsp: 3937 | ntemp: 6
2025-02-26 22:11:21,972 kilosort.clustering_qr DEBUG    Center 24 | nsp: 2236 | ntemp: 5
2025-02-26 22:11:22,227 kilosort.clustering_qr DEBUG    Center 25 | nsp: 5457 | ntemp: 10
2025-02-26 22:11:22,501 kilosort.clustering_qr DEBUG    Center 26 | nsp: 2633 | ntemp: 4
2025-02-26 22:11:22,758 kilosort.clustering_qr DEBUG    Center 27 | nsp: 1986 | ntemp: 3
2025-02-26 22:11:23,011 kilosort.clustering_qr DEBUG    Center 28 | nsp: 0 | ntemp: 0
2025-02-26 22:11:23,013 kilosort.clustering_qr DEBUG    Center 29 | nsp: 306 | ntemp: 2
2025-02-26 22:11:23,013 kilosort.clustering_qr DEBUG     
2025-02-26 22:11:23,013 kilosort.clustering_qr DEBUG    Cluster center: 30 of 96
2025-02-26 22:11:23,013 kilosort.clustering_qr DEBUG    ********************************************************
2025-02-26 22:11:23,013 kilosort.clustering_qr DEBUG    CPU usage:    21.40 %
2025-02-26 22:11:23,014 kilosort.clustering_qr DEBUG    Memory:        8.56 %     |     64.59   /   754.60 GB
2025-02-26 22:11:23,014 kilosort.clustering_qr DEBUG    ------------------------------------------------------
2025-02-26 22:11:23,014 kilosort.clustering_qr DEBUG    GPU usage:    `conda install pynvml` for GPU usage
2025-02-26 22:11:23,014 kilosort.clustering_qr DEBUG    GPU memory:   14.33 %     |      5.66   /    39.50 GB
2025-02-26 22:11:23,014 kilosort.clustering_qr DEBUG    Allocated:     0.03 %     |      0.01   /    39.50 GB
2025-02-26 22:11:23,014 kilosort.clustering_qr DEBUG    Max alloc:     8.35 %     |      3.30   /    39.50 GB
2025-02-26 22:11:23,014 kilosort.clustering_qr DEBUG    ********************************************************
2025-02-26 22:11:23,015 kilosort.clustering_qr DEBUG    Center 30 | nsp: 211 | ntemp: 1
2025-02-26 22:11:23,016 kilosort.clustering_qr DEBUG    Center 31 | nsp: 175 | ntemp: 1
2025-02-26 22:11:23,017 kilosort.clustering_qr DEBUG    Center 32 | nsp: 604 | ntemp: 1
2025-02-26 22:11:23,019 kilosort.clustering_qr DEBUG    Center 33 | nsp: 1346 | ntemp: 3
2025-02-26 22:11:23,271 kilosort.clustering_qr DEBUG    Center 34 | nsp: 562 | ntemp: 1
2025-02-26 22:11:23,273 kilosort.clustering_qr DEBUG    Center 35 | nsp: 2145 | ntemp: 4
2025-02-26 22:11:23,686 kilosort.clustering_qr DEBUG    Center 36 | nsp: 631 | ntemp: 1
2025-02-26 22:11:23,687 kilosort.clustering_qr DEBUG    Center 37 | nsp: 342 | ntemp: 1
2025-02-26 22:11:23,688 kilosort.clustering_qr DEBUG    Center 38 | nsp: 133 | ntemp: 1
2025-02-26 22:11:23,689 kilosort.clustering_qr DEBUG    Center 39 | nsp: 0 | ntemp: 0
2025-02-26 22:11:23,689 kilosort.clustering_qr DEBUG     
2025-02-26 22:11:23,689 kilosort.clustering_qr DEBUG    Cluster center: 40 of 96
2025-02-26 22:11:23,689 kilosort.clustering_qr DEBUG    ********************************************************
2025-02-26 22:11:23,689 kilosort.clustering_qr DEBUG    CPU usage:    23.90 %
2025-02-26 22:11:23,689 kilosort.clustering_qr DEBUG    Memory:        8.56 %     |     64.59   /   754.60 GB
2025-02-26 22:11:23,689 kilosort.clustering_qr DEBUG    ------------------------------------------------------
2025-02-26 22:11:23,689 kilosort.clustering_qr DEBUG    GPU usage:    `conda install pynvml` for GPU usage
2025-02-26 22:11:23,689 kilosort.clustering_qr DEBUG    GPU memory:   14.33 %     |      5.66   /    39.50 GB
2025-02-26 22:11:23,690 kilosort.clustering_qr DEBUG    Allocated:     0.03 %     |      0.01   /    39.50 GB
2025-02-26 22:11:23,690 kilosort.clustering_qr DEBUG    Max alloc:     8.35 %     |      3.30   /    39.50 GB
2025-02-26 22:11:23,690 kilosort.clustering_qr DEBUG    ********************************************************
2025-02-26 22:11:23,692 kilosort.clustering_qr DEBUG    Center 40 | nsp: 3059 | ntemp: 6
2025-02-26 22:11:23,950 kilosort.clustering_qr DEBUG    Center 41 | nsp: 2104 | ntemp: 1
2025-02-26 22:11:24,202 kilosort.clustering_qr DEBUG    Center 42 | nsp: 236 | ntemp: 1
2025-02-26 22:11:24,204 kilosort.clustering_qr DEBUG    Center 43 | nsp: 666 | ntemp: 2
2025-02-26 22:11:24,204 kilosort.clustering_qr DEBUG    Center 44 | nsp: 0 | ntemp: 0
2025-02-26 22:11:24,205 kilosort.clustering_qr DEBUG    Center 45 | nsp: 246 | ntemp: 1
2025-02-26 22:11:24,206 kilosort.clustering_qr DEBUG    Center 46 | nsp: 51 | ntemp: 1
2025-02-26 22:11:24,207 kilosort.clustering_qr DEBUG    Center 47 | nsp: 285 | ntemp: 1
2025-02-26 22:11:24,209 kilosort.clustering_qr DEBUG    Center 48 | nsp: 494 | ntemp: 1
2025-02-26 22:11:24,210 kilosort.clustering_qr DEBUG    Center 49 | nsp: 891 | ntemp: 1
2025-02-26 22:11:24,210 kilosort.clustering_qr DEBUG     
2025-02-26 22:11:24,210 kilosort.clustering_qr DEBUG    Cluster center: 50 of 96
2025-02-26 22:11:24,210 kilosort.clustering_qr DEBUG    ********************************************************
2025-02-26 22:11:24,211 kilosort.clustering_qr DEBUG    CPU usage:    21.40 %
2025-02-26 22:11:24,211 kilosort.clustering_qr DEBUG    Memory:        8.56 %     |     64.59   /   754.60 GB
2025-02-26 22:11:24,211 kilosort.clustering_qr DEBUG    ------------------------------------------------------
2025-02-26 22:11:24,211 kilosort.clustering_qr DEBUG    GPU usage:    `conda install pynvml` for GPU usage
2025-02-26 22:11:24,211 kilosort.clustering_qr DEBUG    GPU memory:   14.33 %     |      5.66   /    39.50 GB
2025-02-26 22:11:24,211 kilosort.clustering_qr DEBUG    Allocated:     0.03 %     |      0.01   /    39.50 GB
2025-02-26 22:11:24,211 kilosort.clustering_qr DEBUG    Max alloc:     8.35 %     |      3.30   /    39.50 GB
2025-02-26 22:11:24,211 kilosort.clustering_qr DEBUG    ********************************************************
2025-02-26 22:11:24,212 kilosort.clustering_qr DEBUG    Center 50 | nsp: 705 | ntemp: 1
2025-02-26 22:11:24,215 kilosort.clustering_qr DEBUG    Center 51 | nsp: 2771 | ntemp: 5
2025-02-26 22:11:24,471 kilosort.clustering_qr DEBUG    Center 52 | nsp: 1082 | ntemp: 2
2025-02-26 22:11:24,719 kilosort.clustering_qr DEBUG    Center 53 | nsp: 699 | ntemp: 1
2025-02-26 22:11:24,720 kilosort.clustering_qr DEBUG    Center 54 | nsp: 0 | ntemp: 0
2025-02-26 22:11:24,721 kilosort.clustering_qr DEBUG    Center 55 | nsp: 138 | ntemp: 2
2025-02-26 22:11:24,722 kilosort.clustering_qr DEBUG    Center 56 | nsp: 463 | ntemp: 1
2025-02-26 22:11:24,724 kilosort.clustering_qr DEBUG    Center 57 | nsp: 604 | ntemp: 1
2025-02-26 22:11:24,725 kilosort.clustering_qr DEBUG    Center 58 | nsp: 510 | ntemp: 1
2025-02-26 22:11:24,727 kilosort.clustering_qr DEBUG    Center 59 | nsp: 1764 | ntemp: 4
2025-02-26 22:11:25,463 kilosort.clustering_qr DEBUG     
2025-02-26 22:11:25,463 kilosort.clustering_qr DEBUG    Cluster center: 60 of 96
2025-02-26 22:11:25,463 kilosort.clustering_qr DEBUG    ********************************************************
2025-02-26 22:11:25,464 kilosort.clustering_qr DEBUG    CPU usage:    22.40 %
2025-02-26 22:11:25,464 kilosort.clustering_qr DEBUG    Memory:        8.56 %     |     64.59   /   754.60 GB
2025-02-26 22:11:25,464 kilosort.clustering_qr DEBUG    ------------------------------------------------------
2025-02-26 22:11:25,464 kilosort.clustering_qr DEBUG    GPU usage:    `conda install pynvml` for GPU usage
2025-02-26 22:11:25,464 kilosort.clustering_qr DEBUG    GPU memory:   14.33 %     |      5.66   /    39.50 GB
2025-02-26 22:11:25,464 kilosort.clustering_qr DEBUG    Allocated:     0.03 %     |      0.01   /    39.50 GB
2025-02-26 22:11:25,464 kilosort.clustering_qr DEBUG    Max alloc:     8.35 %     |      3.30   /    39.50 GB
2025-02-26 22:11:25,464 kilosort.clustering_qr DEBUG    ********************************************************
2025-02-26 22:11:25,467 kilosort.clustering_qr DEBUG    Center 60 | nsp: 3900 | ntemp: 7
2025-02-26 22:11:25,756 kilosort.clustering_qr DEBUG    Center 61 | nsp: 1340 | ntemp: 1
2025-02-26 22:11:26,011 kilosort.clustering_qr DEBUG    Center 62 | nsp: 380 | ntemp: 1
2025-02-26 22:11:26,012 kilosort.clustering_qr DEBUG    Center 63 | nsp: 906 | ntemp: 1
2025-02-26 22:11:26,014 kilosort.clustering_qr DEBUG    Center 64 | nsp: 935 | ntemp: 1
2025-02-26 22:11:26,016 kilosort.clustering_qr DEBUG    Center 65 | nsp: 3550 | ntemp: 5
2025-02-26 22:11:26,275 kilosort.clustering_qr DEBUG    Center 66 | nsp: 1039 | ntemp: 2
2025-02-26 22:11:26,644 kilosort.clustering_qr DEBUG    Center 67 | nsp: 31 | ntemp: 1
2025-02-26 22:11:26,646 kilosort.clustering_qr DEBUG    Center 68 | nsp: 905 | ntemp: 1
2025-02-26 22:11:26,647 kilosort.clustering_qr DEBUG    Center 69 | nsp: 162 | ntemp: 1
2025-02-26 22:11:26,648 kilosort.clustering_qr DEBUG     
2025-02-26 22:11:26,648 kilosort.clustering_qr DEBUG    Cluster center: 70 of 96
2025-02-26 22:11:26,648 kilosort.clustering_qr DEBUG    ********************************************************
2025-02-26 22:11:26,648 kilosort.clustering_qr DEBUG    CPU usage:    20.90 %
2025-02-26 22:11:26,648 kilosort.clustering_qr DEBUG    Memory:        8.56 %     |     64.59   /   754.60 GB
2025-02-26 22:11:26,648 kilosort.clustering_qr DEBUG    ------------------------------------------------------
2025-02-26 22:11:26,648 kilosort.clustering_qr DEBUG    GPU usage:    `conda install pynvml` for GPU usage
2025-02-26 22:11:26,649 kilosort.clustering_qr DEBUG    GPU memory:   14.33 %     |      5.66   /    39.50 GB
2025-02-26 22:11:26,649 kilosort.clustering_qr DEBUG    Allocated:     0.03 %     |      0.01   /    39.50 GB
2025-02-26 22:11:26,649 kilosort.clustering_qr DEBUG    Max alloc:     8.35 %     |      3.30   /    39.50 GB
2025-02-26 22:11:26,649 kilosort.clustering_qr DEBUG    ********************************************************
2025-02-26 22:11:26,650 kilosort.clustering_qr DEBUG    Center 70 | nsp: 20 | ntemp: 1
2025-02-26 22:11:26,650 kilosort.clustering_qr DEBUG    Center 71 | nsp: 0 | ntemp: 0
2025-02-26 22:11:26,652 kilosort.clustering_qr DEBUG    Center 72 | nsp: 1490 | ntemp: 4
2025-02-26 22:11:27,058 kilosort.clustering_qr DEBUG    Center 73 | nsp: 1324 | ntemp: 2
2025-02-26 22:11:27,308 kilosort.clustering_qr DEBUG    Center 74 | nsp: 451 | ntemp: 1
2025-02-26 22:11:27,310 kilosort.clustering_qr DEBUG    Center 75 | nsp: 438 | ntemp: 1
2025-02-26 22:11:27,310 kilosort.clustering_qr DEBUG    Center 76 | nsp: 0 | ntemp: 0
2025-02-26 22:11:27,312 kilosort.clustering_qr DEBUG    Center 77 | nsp: 1446 | ntemp: 2
2025-02-26 22:11:27,570 kilosort.clustering_qr DEBUG    Center 78 | nsp: 577 | ntemp: 1
2025-02-26 22:11:27,572 kilosort.clustering_qr DEBUG    Center 79 | nsp: 649 | ntemp: 1
2025-02-26 22:11:27,572 kilosort.clustering_qr DEBUG     
2025-02-26 22:11:27,572 kilosort.clustering_qr DEBUG    Cluster center: 80 of 96
2025-02-26 22:11:27,572 kilosort.clustering_qr DEBUG    ********************************************************
2025-02-26 22:11:27,572 kilosort.clustering_qr DEBUG    CPU usage:    18.30 %
2025-02-26 22:11:27,573 kilosort.clustering_qr DEBUG    Memory:        8.56 %     |     64.59   /   754.60 GB
2025-02-26 22:11:27,573 kilosort.clustering_qr DEBUG    ------------------------------------------------------
2025-02-26 22:11:27,573 kilosort.clustering_qr DEBUG    GPU usage:    `conda install pynvml` for GPU usage
2025-02-26 22:11:27,573 kilosort.clustering_qr DEBUG    GPU memory:   14.33 %     |      5.66   /    39.50 GB
2025-02-26 22:11:27,573 kilosort.clustering_qr DEBUG    Allocated:     0.03 %     |      0.01   /    39.50 GB
2025-02-26 22:11:27,573 kilosort.clustering_qr DEBUG    Max alloc:     8.35 %     |      3.30   /    39.50 GB
2025-02-26 22:11:27,573 kilosort.clustering_qr DEBUG    ********************************************************
2025-02-26 22:11:27,575 kilosort.clustering_qr DEBUG    Center 80 | nsp: 2357 | ntemp: 3
2025-02-26 22:11:27,833 kilosort.clustering_qr DEBUG    Center 81 | nsp: 2267 | ntemp: 4
2025-02-26 22:11:28,090 kilosort.clustering_qr DEBUG    Center 82 | nsp: 2342 | ntemp: 4
2025-02-26 22:11:28,346 kilosort.clustering_qr DEBUG    Center 83 | nsp: 6439 | ntemp: 10
2025-02-26 22:11:28,631 kilosort.clustering_qr DEBUG    Center 84 | nsp: 6363 | ntemp: 7
2025-02-26 22:11:28,910 kilosort.clustering_qr DEBUG    Center 85 | nsp: 1506 | ntemp: 3
2025-02-26 22:11:29,163 kilosort.clustering_qr DEBUG    Center 86 | nsp: 1555 | ntemp: 2
2025-02-26 22:11:29,414 kilosort.clustering_qr DEBUG    Center 87 | nsp: 969 | ntemp: 1
2025-02-26 22:11:29,415 kilosort.clustering_qr DEBUG    Center 88 | nsp: 619 | ntemp: 1
2025-02-26 22:11:29,417 kilosort.clustering_qr DEBUG    Center 89 | nsp: 1403 | ntemp: 1
2025-02-26 22:11:29,666 kilosort.clustering_qr DEBUG     
2025-02-26 22:11:29,666 kilosort.clustering_qr DEBUG    Cluster center: 90 of 96
2025-02-26 22:11:29,666 kilosort.clustering_qr DEBUG    ********************************************************
2025-02-26 22:11:29,666 kilosort.clustering_qr DEBUG    CPU usage:    20.30 %
2025-02-26 22:11:29,666 kilosort.clustering_qr DEBUG    Memory:        8.56 %     |     64.59   /   754.60 GB
2025-02-26 22:11:29,666 kilosort.clustering_qr DEBUG    ------------------------------------------------------
2025-02-26 22:11:29,666 kilosort.clustering_qr DEBUG    GPU usage:    `conda install pynvml` for GPU usage
2025-02-26 22:11:29,666 kilosort.clustering_qr DEBUG    GPU memory:   14.33 %     |      5.66   /    39.50 GB
2025-02-26 22:11:29,667 kilosort.clustering_qr DEBUG    Allocated:     0.03 %     |      0.01   /    39.50 GB
2025-02-26 22:11:29,667 kilosort.clustering_qr DEBUG    Max alloc:     8.35 %     |      3.30   /    39.50 GB
2025-02-26 22:11:29,667 kilosort.clustering_qr DEBUG    ********************************************************
2025-02-26 22:11:29,668 kilosort.clustering_qr DEBUG    Center 90 | nsp: 1168 | ntemp: 1
2025-02-26 22:11:29,947 kilosort.clustering_qr DEBUG    Center 91 | nsp: 889 | ntemp: 1
2025-02-26 22:11:29,949 kilosort.clustering_qr DEBUG    Center 92 | nsp: 826 | ntemp: 1
2025-02-26 22:11:29,950 kilosort.clustering_qr DEBUG    Center 93 | nsp: 1181 | ntemp: 2
2025-02-26 22:11:30,197 kilosort.clustering_qr DEBUG    Center 94 | nsp: 0 | ntemp: 0
2025-02-26 22:11:30,198 kilosort.clustering_qr DEBUG    Center 95 | nsp: 170 | ntemp: 1
2025-02-26 22:11:30,201 kilosort.run_kilosort INFO     280 clusters found, in  13.16s; total  41.37s
2025-02-26 22:11:30,202 kilosort.run_kilosort DEBUG    clu shape: (143920,)
2025-02-26 22:11:30,202 kilosort.run_kilosort DEBUG    Wall shape: torch.Size([280, 374, 6])
2025-02-26 22:11:30,202 kilosort.run_kilosort INFO      
2025-02-26 22:11:30,202 kilosort.run_kilosort INFO     Merging clusters
2025-02-26 22:11:30,203 kilosort.run_kilosort INFO     ----------------------------------------
2025-02-26 22:11:30,504 kilosort.run_kilosort INFO     278 units found, in  0.30s; total  41.67s
2025-02-26 22:11:30,505 kilosort.run_kilosort DEBUG    clu shape: (143920,)
2025-02-26 22:11:30,505 kilosort.run_kilosort DEBUG    Wall shape: torch.Size([278, 374, 6])
2025-02-26 22:11:30,546 kilosort.run_kilosort INFO      
2025-02-26 22:11:30,547 kilosort.run_kilosort INFO     Resource usage after clustering
2025-02-26 22:11:30,547 kilosort.run_kilosort INFO     ********************************************************
2025-02-26 22:11:30,548 kilosort.run_kilosort INFO     CPU usage:    14.40 %
2025-02-26 22:11:30,549 kilosort.run_kilosort INFO     Memory:        8.56 %     |     64.59   /   754.60 GB
2025-02-26 22:11:30,549 kilosort.run_kilosort INFO     ------------------------------------------------------
2025-02-26 22:11:30,549 kilosort.run_kilosort INFO     GPU usage:    `conda install pynvml` for GPU usage
2025-02-26 22:11:30,550 kilosort.run_kilosort INFO     GPU memory:   14.33 %     |      5.66   /    39.50 GB
2025-02-26 22:11:30,551 kilosort.run_kilosort INFO     Allocated:     0.03 %     |      0.01   /    39.50 GB
2025-02-26 22:11:30,551 kilosort.run_kilosort INFO     Max alloc:     8.35 %     |      3.30   /    39.50 GB
2025-02-26 22:11:30,552 kilosort.run_kilosort INFO     ********************************************************
2025-02-26 22:11:30,552 kilosort.run_kilosort DEBUG    

|===========================================================================|
|                  PyTorch CUDA memory summary, device ID 0                 |
|---------------------------------------------------------------------------|
|            CUDA OOMs: 0            |        cudaMalloc retries: 0         |
|===========================================================================|
|        Metric         | Cur Usage  | Peak Usage | Tot Alloc  | Tot Freed  |
|---------------------------------------------------------------------------|
| Allocated memory      |  11186 KiB |   3376 MiB |   7565 GiB |   7565 GiB |
|---------------------------------------------------------------------------|
| Active memory         |  11186 KiB |   3376 MiB |   7565 GiB |   7565 GiB |
|---------------------------------------------------------------------------|
| Requested memory      |  11183 KiB |   3375 MiB |   7561 GiB |   7561 GiB |
|---------------------------------------------------------------------------|
| GPU reserved memory   |   5230 MiB |   5230 MiB |   5230 MiB |      0 B   |
|---------------------------------------------------------------------------|
| Non-releasable memory |  40014 KiB |   1751 MiB |   3943 GiB |   3943 GiB |
|---------------------------------------------------------------------------|
| Allocations           |      12    |      45    |    1634 K  |    1634 K  |
|---------------------------------------------------------------------------|
| Active allocs         |      12    |      45    |    1634 K  |    1634 K  |
|---------------------------------------------------------------------------|
| GPU reserved segments |      18    |      18    |      18    |       0    |
|---------------------------------------------------------------------------|
| Non-releasable allocs |      11    |      24    |  708112    |  708101    |
|---------------------------------------------------------------------------|
| Oversize allocations  |       0    |       0    |       0    |       0    |
|---------------------------------------------------------------------------|
| Oversize GPU segments |       0    |       0    |       0    |       0    |
|===========================================================================|


2025-02-26 22:11:30,552 kilosort.run_kilosort INFO      
2025-02-26 22:11:30,553 kilosort.run_kilosort INFO     Saving to phy and computing refractory periods
2025-02-26 22:11:30,553 kilosort.run_kilosort INFO     ----------------------------------------
2025-02-26 22:11:31,752 kilosort.run_kilosort INFO     134 units found with good refractory periods
2025-02-26 22:11:31,752 kilosort.run_kilosort INFO     Total runtime: 42.92s = 00:00:43 h:m:s
2025-02-26 22:11:31,766 kilosort.run_kilosort INFO     Sorting output saved in: /home/lss72/palmer_scratch/spike_sort/kilosort4.
2025-02-26 22:11:31,767 kilosort.run_kilosort INFO      
2025-02-26 22:11:31,768 kilosort.run_kilosort INFO     Resource usage after saving
2025-02-26 22:11:31,768 kilosort.run_kilosort INFO     ********************************************************
2025-02-26 22:11:31,769 kilosort.run_kilosort INFO     CPU usage:    20.60 %
2025-02-26 22:11:31,769 kilosort.run_kilosort INFO     Memory:        8.56 %     |     64.62   /   754.60 GB
2025-02-26 22:11:31,769 kilosort.run_kilosort INFO     ------------------------------------------------------
2025-02-26 22:11:31,770 kilosort.run_kilosort INFO     GPU usage:    `conda install pynvml` for GPU usage
2025-02-26 22:11:31,770 kilosort.run_kilosort INFO     GPU memory:   14.33 %     |      5.66   /    39.50 GB
2025-02-26 22:11:31,771 kilosort.run_kilosort INFO     Allocated:     0.03 %     |      0.01   /    39.50 GB
2025-02-26 22:11:31,772 kilosort.run_kilosort INFO     Max alloc:     8.35 %     |      3.30   /    39.50 GB
2025-02-26 22:11:31,772 kilosort.run_kilosort INFO     ********************************************************
2025-02-26 22:11:31,773 kilosort.run_kilosort DEBUG    

|===========================================================================|
|                  PyTorch CUDA memory summary, device ID 0                 |
|---------------------------------------------------------------------------|
|            CUDA OOMs: 0            |        cudaMalloc retries: 0         |
|===========================================================================|
|        Metric         | Cur Usage  | Peak Usage | Tot Alloc  | Tot Freed  |
|---------------------------------------------------------------------------|
| Allocated memory      |  11186 KiB |   3376 MiB |   7565 GiB |   7565 GiB |
|---------------------------------------------------------------------------|
| Active memory         |  11186 KiB |   3376 MiB |   7565 GiB |   7565 GiB |
|---------------------------------------------------------------------------|
| Requested memory      |  11183 KiB |   3375 MiB |   7561 GiB |   7561 GiB |
|---------------------------------------------------------------------------|
| GPU reserved memory   |   5230 MiB |   5230 MiB |   5230 MiB |      0 B   |
|---------------------------------------------------------------------------|
| Non-releasable memory |  40014 KiB |   1751 MiB |   3943 GiB |   3943 GiB |
|---------------------------------------------------------------------------|
| Allocations           |      12    |      45    |    1638 K  |    1638 K  |
|---------------------------------------------------------------------------|
| Active allocs         |      12    |      45    |    1638 K  |    1638 K  |
|---------------------------------------------------------------------------|
| GPU reserved segments |      18    |      18    |      18    |       0    |
|---------------------------------------------------------------------------|
| Non-releasable allocs |      11    |      24    |  710075    |  710064    |
|---------------------------------------------------------------------------|
| Oversize allocations  |       0    |       0    |       0    |       0    |
|---------------------------------------------------------------------------|
| Oversize GPU segments |       0    |       0    |       0    |       0    |
|===========================================================================|


