2025-05-15 04:51:52,037 kilosort.run_kilosort INFO     Kilosort version 4.0.25
2025-05-15 04:51:52,038 kilosort.run_kilosort INFO     Python version 3.9.21
2025-05-15 04:51:52,038 kilosort.run_kilosort INFO     ----------------------------------------
2025-05-15 04:51:52,038 kilosort.run_kilosort INFO     System information:
2025-05-15 04:51:52,039 kilosort.run_kilosort INFO     Linux-4.18.0-477.74.1.el8_8.x86_64-x86_64-with-glibc2.28 x86_64
2025-05-15 04:51:52,039 kilosort.run_kilosort INFO     x86_64
2025-05-15 04:51:52,099 kilosort.run_kilosort INFO     Using GPU for PyTorch computations. Specify `device` to change this.
2025-05-15 04:51:52,133 kilosort.run_kilosort INFO     Using CUDA device: NVIDIA A100-PCIE-40GB 39.50GB
2025-05-15 04:51:52,134 kilosort.run_kilosort INFO     ----------------------------------------
2025-05-15 04:51:52,134 kilosort.run_kilosort INFO     Sorting /home/lss72/palmer_scratch/spike_sort/c24/c24_npx_raw.bin
2025-05-15 04:51:52,134 kilosort.run_kilosort INFO     Interpreting binary file as default dtype='int16'. If data was saved in a different format, specify `data_dtype`.
2025-05-15 04:51:52,135 kilosort.run_kilosort DEBUG    Initial ops:

ops = {
    'n_chan_bin': 384,
    'fs': 30000,
    'batch_size': 60000,
    'nblocks': 1,
    'Th_universal': 9,
    'Th_learned': 8,
    'tmin': 0,
    'tmax': 60,
    'nt': 61,
    'shift': None,
    'scale': None,
    'artifact_threshold': inf,
    'nskip': 25,
    'whitening_range': 32,
    'highpass_cutoff': 300,
    'binning_depth': 5,
    'sig_interp': 20,
    'drift_smoothing': [0.5, 0.5, 0.5],
    'nt0min': 20,
    'dmin': None,
    'dminx': 32,
    'min_template_size': 10,
    'template_sizes': 5,
    'nearest_chans': 10,
    'nearest_templates': 100,
    'max_channel_distance': 32,
    'max_peels': 100,
    'templates_from_data': True,
    'n_templates': 6,
    'n_pcs': 6,
    'Th_single_ch': 6,
    'acg_threshold': 0.2,
    'ccg_threshold': 0.25,
    'cluster_downsampling': 20,
    'x_centers': None,
    'duplicate_spike_ms': 0.25,
    'position_limit': 100,
    'data_dir': PosixPath('/home/lss72/palmer_scratch/spike_sort/c24'),
    'probe_path': 'neuropixPhase3A_kilosortChanMap.mat',
    'filename': PosixPath('/home/lss72/palmer_scratch/spike_sort/c24/c24_npx_raw.bin'),
    'data_dtype': 'int16',
    'do_CAR': True,
    'invert_sign': False,
    'NTbuff': 60122,
    'Nchan': 374,
    'duplicate_spike_bins': 7,
    'torch_device': 'cuda',
    'save_preprocessed_copy': False
}

2025-05-15 04:51:52,146 kilosort.run_kilosort DEBUG    Probe dictionary:

probe = {
    'xc': np.array([43., 11., 59., 27., 43., 11., 59., 27., 43., 11., 59., 27., 43.,
       11., 59., 27., 43., 11., 59., 27., 43., 11., 59., 27., 43., 11.,
       59., 27., 43., 11., 59., 27., 43., 11., 59., 27., 11., 59., 27.,
       43., 11., 59., 27., 43., 11., 59., 27., 43., 11., 59., 27., 43.,
       11., 59., 27., 43., 11., 59., 27., 43., 11., 59., 27., 43., 11.,
       59., 27., 43., 11., 59., 27., 43., 11., 59., 43., 11., 59., 27.,
       43., 11., 59., 27., 43., 11., 59., 27., 43., 11., 59., 27., 43.,
       11., 59., 27., 43., 11., 59., 27., 43., 11., 59., 27., 43., 11.,
       59., 27., 43., 11., 59., 27., 11., 59., 27., 43., 11., 59., 27.,
       43., 11., 59., 27., 43., 11., 59., 27., 43., 11., 59., 27., 43.,
       11., 59., 27., 43., 11., 59., 27., 43., 11., 59., 27., 43., 11.,
       59., 27., 43., 11., 59., 43., 11., 59., 27., 43., 11., 59., 27.,
       43., 11., 59., 27., 43., 11., 59., 27., 43., 11., 59., 27., 43.,
       11., 59., 27., 43., 11., 59., 27., 43., 11., 59., 27., 43., 11.,
       59., 27., 11., 59., 27., 43., 11., 59., 27., 43., 11., 59., 27.,
       43., 11., 59., 27., 43., 11., 59., 27., 43., 11., 59., 27., 43.,
       11., 59., 27., 43., 11., 59., 27., 43., 11., 59., 27., 43., 11.,
       59., 43., 11., 59., 27., 43., 11., 59., 27., 43., 11., 59., 27.,
       43., 11., 59., 27., 43., 11., 59., 27., 43., 11., 59., 27., 43.,
       11., 59., 27., 43., 11., 59., 27., 43., 11., 59., 27., 11., 59.,
       27., 43., 11., 59., 27., 43., 11., 59., 27., 43., 11., 59., 27.,
       43., 11., 59., 27., 43., 11., 59., 27., 43., 11., 59., 27., 43.,
       11., 59., 27., 43., 11., 59., 27., 43., 11., 59., 43., 11., 59.,
       27., 43., 11., 59., 27., 43., 11., 59., 27., 43., 11., 59., 27.,
       43., 11., 59., 27., 43., 11., 59., 27., 43., 11., 59., 27., 43.,
       11., 59., 27., 43., 11., 59., 27., 11., 59., 27., 43., 11., 59.,
       27., 43., 11., 59., 27., 43., 11., 59., 27., 43., 11., 59., 27.,
       43., 11., 59., 27., 43., 11., 59., 27., 43., 11., 59., 27., 43.,
       11., 59., 27., 43., 11., 59., 43., 11., 59., 27.], dtype=np.float32),
    'yc': np.array([  20.,   20.,   40.,   40.,   60.,   60.,   80.,   80.,  100.,
        100.,  120.,  120.,  140.,  140.,  160.,  160.,  180.,  180.,
        200.,  200.,  220.,  220.,  240.,  240.,  260.,  260.,  280.,
        280.,  300.,  300.,  320.,  320.,  340.,  340.,  360.,  360.,
        380.,  400.,  400.,  420.,  420.,  440.,  440.,  460.,  460.,
        480.,  480.,  500.,  500.,  520.,  520.,  540.,  540.,  560.,
        560.,  580.,  580.,  600.,  600.,  620.,  620.,  640.,  640.,
        660.,  660.,  680.,  680.,  700.,  700.,  720.,  720.,  740.,
        740.,  760.,  780.,  780.,  800.,  800.,  820.,  820.,  840.,
        840.,  860.,  860.,  880.,  880.,  900.,  900.,  920.,  920.,
        940.,  940.,  960.,  960.,  980.,  980., 1000., 1000., 1020.,
       1020., 1040., 1040., 1060., 1060., 1080., 1080., 1100., 1100.,
       1120., 1120., 1140., 1160., 1160., 1180., 1180., 1200., 1200.,
       1220., 1220., 1240., 1240., 1260., 1260., 1280., 1280., 1300.,
       1300., 1320., 1320., 1340., 1340., 1360., 1360., 1380., 1380.,
       1400., 1400., 1420., 1420., 1440., 1440., 1460., 1460., 1480.,
       1480., 1500., 1500., 1520., 1540., 1540., 1560., 1560., 1580.,
       1580., 1600., 1600., 1620., 1620., 1640., 1640., 1660., 1660.,
       1680., 1680., 1700., 1700., 1720., 1720., 1740., 1740., 1760.,
       1760., 1780., 1780., 1800., 1800., 1820., 1820., 1840., 1840.,
       1860., 1860., 1880., 1880., 1900., 1920., 1920., 1940., 1940.,
       1960., 1960., 1980., 1980., 2000., 2000., 2020., 2020., 2040.,
       2040., 2060., 2060., 2080., 2080., 2100., 2100., 2120., 2120.,
       2140., 2140., 2160., 2160., 2180., 2180., 2200., 2200., 2220.,
       2220., 2240., 2240., 2260., 2260., 2280., 2300., 2300., 2320.,
       2320., 2340., 2340., 2360., 2360., 2380., 2380., 2400., 2400.,
       2420., 2420., 2440., 2440., 2460., 2460., 2480., 2480., 2500.,
       2500., 2520., 2520., 2540., 2540., 2560., 2560., 2580., 2580.,
       2600., 2600., 2620., 2620., 2640., 2640., 2660., 2680., 2680.,
       2700., 2700., 2720., 2720., 2740., 2740., 2760., 2760., 2780.,
       2780., 2800., 2800., 2820., 2820., 2840., 2840., 2860., 2860.,
       2880., 2880., 2900., 2900., 2920., 2920., 2940., 2940., 2960.,
       2960., 2980., 2980., 3000., 3000., 3020., 3020., 3040., 3060.,
       3060., 3080., 3080., 3100., 3100., 3120., 3120., 3140., 3140.,
       3160., 3160., 3180., 3180., 3200., 3200., 3220., 3220., 3240.,
       3240., 3260., 3260., 3280., 3280., 3300., 3300., 3320., 3320.,
       3340., 3340., 3360., 3360., 3380., 3380., 3400., 3400., 3420.,
       3440., 3440., 3460., 3460., 3480., 3480., 3500., 3500., 3520.,
       3520., 3540., 3540., 3560., 3560., 3580., 3580., 3600., 3600.,
       3620., 3620., 3640., 3640., 3660., 3660., 3680., 3680., 3700.,
       3700., 3720., 3720., 3740., 3740., 3760., 3760., 3780., 3780.,
       3800., 3820., 3820., 3840., 3840.], dtype=np.float32),
    'kcoords': np.array([0., 0., 0., 0., 0., 0., 0., 0., 0., 0., 0., 0., 0., 0., 0., 0., 0.,
       0., 0., 0., 0., 0., 0., 0., 0., 0., 0., 0., 0., 0., 0., 0., 0., 0.,
       0., 0., 0., 0., 0., 0., 0., 0., 0., 0., 0., 0., 0., 0., 0., 0., 0.,
       0., 0., 0., 0., 0., 0., 0., 0., 0., 0., 0., 0., 0., 0., 0., 0., 0.,
       0., 0., 0., 0., 0., 0., 0., 0., 0., 0., 0., 0., 0., 0., 0., 0., 0.,
       0., 0., 0., 0., 0., 0., 0., 0., 0., 0., 0., 0., 0., 0., 0., 0., 0.,
       0., 0., 0., 0., 0., 0., 0., 0., 0., 0., 0., 0., 0., 0., 0., 0., 0.,
       0., 0., 0., 0., 0., 0., 0., 0., 0., 0., 0., 0., 0., 0., 0., 0., 0.,
       0., 0., 0., 0., 0., 0., 0., 0., 0., 0., 0., 0., 0., 0., 0., 0., 0.,
       0., 0., 0., 0., 0., 0., 0., 0., 0., 0., 0., 0., 0., 0., 0., 0., 0.,
       0., 0., 0., 0., 0., 0., 0., 0., 0., 0., 0., 0., 0., 0., 0., 0., 0.,
       0., 0., 0., 0., 0., 0., 0., 0., 0., 0., 0., 0., 0., 0., 0., 0., 0.,
       0., 0., 0., 0., 0., 0., 0., 0., 0., 0., 0., 0., 0., 0., 0., 0., 0.,
       0., 0., 0., 0., 0., 0., 0., 0., 0., 0., 0., 0., 0., 0., 0., 0., 0.,
       0., 0., 0., 0., 0., 0., 0., 0., 0., 0., 0., 0., 0., 0., 0., 0., 0.,
       0., 0., 0., 0., 0., 0., 0., 0., 0., 0., 0., 0., 0., 0., 0., 0., 0.,
       0., 0., 0., 0., 0., 0., 0., 0., 0., 0., 0., 0., 0., 0., 0., 0., 0.,
       0., 0., 0., 0., 0., 0., 0., 0., 0., 0., 0., 0., 0., 0., 0., 0., 0.,
       0., 0., 0., 0., 0., 0., 0., 0., 0., 0., 0., 0., 0., 0., 0., 0., 0.,
       0., 0., 0., 0., 0., 0., 0., 0., 0., 0., 0., 0., 0., 0., 0., 0., 0.,
       0., 0., 0., 0., 0., 0., 0., 0., 0., 0., 0., 0., 0., 0., 0., 0., 0.,
       0., 0., 0., 0., 0., 0., 0., 0., 0., 0., 0., 0., 0., 0., 0., 0., 0.],
      dtype=np.float32),
    'chanMap': np.array([  0,   1,   2,   3,   4,   5,   6,   7,   8,   9,  10,  11,  12,
        13,  14,  15,  16,  17,  18,  19,  20,  21,  22,  23,  24,  25,
        26,  27,  28,  29,  30,  31,  32,  33,  34,  35,  37,  38,  39,
        40,  41,  42,  43,  44,  45,  46,  47,  48,  49,  50,  51,  52,
        53,  54,  55,  56,  57,  58,  59,  60,  61,  62,  63,  64,  65,
        66,  67,  68,  69,  70,  71,  72,  73,  74,  76,  77,  78,  79,
        80,  81,  82,  83,  84,  85,  86,  87,  88,  89,  90,  91,  92,
        93,  94,  95,  96,  97,  98,  99, 100, 101, 102, 103, 104, 105,
       106, 107, 108, 109, 110, 111, 113, 114, 115, 116, 117, 118, 119,
       120, 121, 122, 123, 124, 125, 126, 127, 128, 129, 130, 131, 132,
       133, 134, 135, 136, 137, 138, 139, 140, 141, 142, 143, 144, 145,
       146, 147, 148, 149, 150, 152, 153, 154, 155, 156, 157, 158, 159,
       160, 161, 162, 163, 164, 165, 166, 167, 168, 169, 170, 171, 172,
       173, 174, 175, 176, 177, 178, 179, 180, 181, 182, 183, 184, 185,
       186, 187, 189, 190, 191, 192, 193, 194, 195, 196, 197, 198, 199,
       200, 201, 202, 203, 204, 205, 206, 207, 208, 209, 210, 211, 212,
       213, 214, 215, 216, 217, 218, 219, 220, 221, 222, 223, 224, 225,
       226, 228, 229, 230, 231, 232, 233, 234, 235, 236, 237, 238, 239,
       240, 241, 242, 243, 244, 245, 246, 247, 248, 249, 250, 251, 252,
       253, 254, 255, 256, 257, 258, 259, 260, 261, 262, 263, 265, 266,
       267, 268, 269, 270, 271, 272, 273, 274, 275, 276, 277, 278, 279,
       280, 281, 282, 283, 284, 285, 286, 287, 288, 289, 290, 291, 292,
       293, 294, 295, 296, 297, 298, 299, 300, 301, 302, 304, 305, 306,
       307, 308, 309, 310, 311, 312, 313, 314, 315, 316, 317, 318, 319,
       320, 321, 322, 323, 324, 325, 326, 327, 328, 329, 330, 331, 332,
       333, 334, 335, 336, 337, 338, 339, 341, 342, 343, 344, 345, 346,
       347, 348, 349, 350, 351, 352, 353, 354, 355, 356, 357, 358, 359,
       360, 361, 362, 363, 364, 365, 366, 367, 368, 369, 370, 371, 372,
       373, 374, 375, 376, 377, 378, 380, 381, 382, 383], dtype=np.int32),
    'n_chan': 384
}

2025-05-15 04:51:52,146 kilosort.run_kilosort INFO      
2025-05-15 04:51:52,146 kilosort.run_kilosort INFO     Computing preprocessing variables.
2025-05-15 04:51:52,146 kilosort.run_kilosort INFO     ----------------------------------------
2025-05-15 04:51:52,397 kilosort.run_kilosort INFO     N samples: 1800000
2025-05-15 04:51:52,397 kilosort.run_kilosort INFO     N seconds: 60.0
2025-05-15 04:51:52,398 kilosort.run_kilosort INFO     N batches: 30
2025-05-15 04:51:53,308 kilosort.run_kilosort INFO     Preprocessing filters computed in  1.16s; total  1.17s
2025-05-15 04:51:53,309 kilosort.run_kilosort DEBUG    hp_filter shape: torch.Size([30122])
2025-05-15 04:51:53,309 kilosort.run_kilosort DEBUG    whiten_mat shape: torch.Size([374, 374])
2025-05-15 04:51:53,309 kilosort.run_kilosort INFO      
2025-05-15 04:51:53,310 kilosort.run_kilosort INFO     Resource usage after preprocessing
2025-05-15 04:51:53,310 kilosort.run_kilosort INFO     ********************************************************
2025-05-15 04:51:53,311 kilosort.run_kilosort INFO     CPU usage:     8.00 %
2025-05-15 04:51:53,311 kilosort.run_kilosort INFO     Memory:        8.58 %     |     64.72   /   754.60 GB
2025-05-15 04:51:53,312 kilosort.run_kilosort INFO     ------------------------------------------------------
2025-05-15 04:51:53,312 kilosort.run_kilosort INFO     GPU usage:    `conda install pynvml` for GPU usage
2025-05-15 04:51:53,313 kilosort.run_kilosort INFO     GPU memory:   15.58 %     |      6.15   /    39.50 GB
2025-05-15 04:51:53,313 kilosort.run_kilosort INFO     Allocated:     0.02 %     |      0.01   /    39.50 GB
2025-05-15 04:51:53,313 kilosort.run_kilosort INFO     Max alloc:     3.23 %     |      1.28   /    39.50 GB
2025-05-15 04:51:53,314 kilosort.run_kilosort INFO     ********************************************************
2025-05-15 04:51:53,316 kilosort.run_kilosort INFO      
2025-05-15 04:51:53,317 kilosort.run_kilosort INFO     Computing drift correction.
2025-05-15 04:51:53,317 kilosort.run_kilosort INFO     ----------------------------------------
2025-05-15 04:51:53,318 kilosort.spikedetect INFO     Re-computing universal templates from data.
2025-05-15 04:51:53,749 kilosort.spikedetect INFO     Number of universal templates: 1532
2025-05-15 04:51:53,872 kilosort.spikedetect INFO     Detecting spikes...
2025-05-15 04:51:53,874 kilosort.spikedetect DEBUG     
2025-05-15 04:51:53,874 kilosort.spikedetect DEBUG    Batch 0
2025-05-15 04:51:53,874 kilosort.spikedetect DEBUG    ********************************************************
2025-05-15 04:51:53,875 kilosort.spikedetect DEBUG    CPU usage:    16.80 %
2025-05-15 04:51:53,875 kilosort.spikedetect DEBUG    Memory:        8.60 %     |     64.86   /   754.60 GB
2025-05-15 04:51:53,875 kilosort.spikedetect DEBUG    ------------------------------------------------------
2025-05-15 04:51:53,875 kilosort.spikedetect DEBUG    GPU usage:    `conda install pynvml` for GPU usage
2025-05-15 04:51:53,875 kilosort.spikedetect DEBUG    GPU memory:   15.58 %     |      6.15   /    39.50 GB
2025-05-15 04:51:53,875 kilosort.spikedetect DEBUG    Allocated:     0.03 %     |      0.01   /    39.50 GB
2025-05-15 04:51:53,875 kilosort.spikedetect DEBUG    Max alloc:     3.23 %     |      1.28   /    39.50 GB
2025-05-15 04:51:53,875 kilosort.spikedetect DEBUG    ********************************************************
2025-05-15 04:52:03,258 kilosort.spikedetect DEBUG     
2025-05-15 04:52:03,258 kilosort.spikedetect DEBUG    Batch 29
2025-05-15 04:52:03,258 kilosort.spikedetect DEBUG    ********************************************************
2025-05-15 04:52:03,258 kilosort.spikedetect DEBUG    CPU usage:    11.40 %
2025-05-15 04:52:03,258 kilosort.spikedetect DEBUG    Memory:        8.62 %     |     65.02   /   754.60 GB
2025-05-15 04:52:03,259 kilosort.spikedetect DEBUG    ------------------------------------------------------
2025-05-15 04:52:03,259 kilosort.spikedetect DEBUG    GPU usage:    `conda install pynvml` for GPU usage
2025-05-15 04:52:03,259 kilosort.spikedetect DEBUG    GPU memory:   24.51 %     |      9.68   /    39.50 GB
2025-05-15 04:52:03,259 kilosort.spikedetect DEBUG    Allocated:     0.25 %     |      0.10   /    39.50 GB
2025-05-15 04:52:03,259 kilosort.spikedetect DEBUG    Max alloc:     8.30 %     |      3.28   /    39.50 GB
2025-05-15 04:52:03,259 kilosort.spikedetect DEBUG    ********************************************************
2025-05-15 04:52:03,418 kilosort.run_kilosort INFO     drift computed in  10.10s; total  11.28s
2025-05-15 04:52:03,419 kilosort.run_kilosort DEBUG    st shape: (36141, 6)
2025-05-15 04:52:03,419 kilosort.run_kilosort DEBUG    yblk shape: (1,)
2025-05-15 04:52:03,419 kilosort.run_kilosort DEBUG    dshift shape: (30, 1)
2025-05-15 04:52:03,419 kilosort.run_kilosort DEBUG    iKxx shape: torch.Size([374, 374])
2025-05-15 04:52:03,420 kilosort.run_kilosort INFO      
2025-05-15 04:52:03,420 kilosort.run_kilosort INFO     Resource usage after drift correction
2025-05-15 04:52:03,420 kilosort.run_kilosort INFO     ********************************************************
2025-05-15 04:52:03,421 kilosort.run_kilosort INFO     CPU usage:    11.80 %
2025-05-15 04:52:03,422 kilosort.run_kilosort INFO     Memory:        8.62 %     |     65.03   /   754.60 GB
2025-05-15 04:52:03,422 kilosort.run_kilosort INFO     ------------------------------------------------------
2025-05-15 04:52:03,422 kilosort.run_kilosort INFO     GPU usage:    `conda install pynvml` for GPU usage
2025-05-15 04:52:03,423 kilosort.run_kilosort INFO     GPU memory:   24.51 %     |      9.68   /    39.50 GB
2025-05-15 04:52:03,423 kilosort.run_kilosort INFO     Allocated:     0.03 %     |      0.01   /    39.50 GB
2025-05-15 04:52:03,424 kilosort.run_kilosort INFO     Max alloc:     8.30 %     |      3.28   /    39.50 GB
2025-05-15 04:52:03,424 kilosort.run_kilosort INFO     ********************************************************
2025-05-15 04:52:03,425 kilosort.run_kilosort DEBUG    

|===========================================================================|
|                  PyTorch CUDA memory summary, device ID 0                 |
|---------------------------------------------------------------------------|
|            CUDA OOMs: 0            |        cudaMalloc retries: 0         |
|===========================================================================|
|        Metric         | Cur Usage  | Peak Usage | Tot Alloc  | Tot Freed  |
|---------------------------------------------------------------------------|
| Allocated memory      |  11150 KiB |   3358 MiB |   2596 GiB |   2596 GiB |
|---------------------------------------------------------------------------|
| Active memory         |  11150 KiB |   3358 MiB |   2596 GiB |   2596 GiB |
|---------------------------------------------------------------------------|
| Requested memory      |  11149 KiB |   3357 MiB |   2595 GiB |   2595 GiB |
|---------------------------------------------------------------------------|
| GPU reserved memory   |   5222 MiB |   5222 MiB |   5222 MiB |      0 B   |
|---------------------------------------------------------------------------|
| Non-releasable memory |  38001 KiB |   1749 MiB |   1239 GiB |   1239 GiB |
|---------------------------------------------------------------------------|
| Allocations           |       9    |      37    |   30461    |   30452    |
|---------------------------------------------------------------------------|
| Active allocs         |       9    |      37    |   30461    |   30452    |
|---------------------------------------------------------------------------|
| GPU reserved segments |      16    |      16    |      16    |       0    |
|---------------------------------------------------------------------------|
| Non-releasable allocs |       7    |      21    |   10400    |   10393    |
|---------------------------------------------------------------------------|
| Oversize allocations  |       0    |       0    |       0    |       0    |
|---------------------------------------------------------------------------|
| Oversize GPU segments |       0    |       0    |       0    |       0    |
|===========================================================================|


2025-05-15 04:52:03,497 kilosort.run_kilosort DEBUG    First batch min, max: (-24.562176, 11.081619)
2025-05-15 04:52:03,497 kilosort.run_kilosort INFO      
2025-05-15 04:52:03,497 kilosort.run_kilosort INFO     Extracting spikes using templates
2025-05-15 04:52:03,498 kilosort.run_kilosort INFO     ----------------------------------------
2025-05-15 04:52:03,498 kilosort.spikedetect INFO     Re-computing universal templates from data.
2025-05-15 04:52:03,695 kilosort.spikedetect INFO     Number of universal templates: 1532
2025-05-15 04:52:03,798 kilosort.spikedetect INFO     Detecting spikes...
2025-05-15 04:52:03,800 kilosort.spikedetect DEBUG     
2025-05-15 04:52:03,800 kilosort.spikedetect DEBUG    Batch 0
2025-05-15 04:52:03,800 kilosort.spikedetect DEBUG    ********************************************************
2025-05-15 04:52:03,800 kilosort.spikedetect DEBUG    CPU usage:    18.70 %
2025-05-15 04:52:03,800 kilosort.spikedetect DEBUG    Memory:        8.63 %     |     65.15   /   754.60 GB
2025-05-15 04:52:03,800 kilosort.spikedetect DEBUG    ------------------------------------------------------
2025-05-15 04:52:03,800 kilosort.spikedetect DEBUG    GPU usage:    `conda install pynvml` for GPU usage
2025-05-15 04:52:03,801 kilosort.spikedetect DEBUG    GPU memory:   24.51 %     |      9.68   /    39.50 GB
2025-05-15 04:52:03,801 kilosort.spikedetect DEBUG    Allocated:     0.03 %     |      0.01   /    39.50 GB
2025-05-15 04:52:03,801 kilosort.spikedetect DEBUG    Max alloc:     8.30 %     |      3.28   /    39.50 GB
2025-05-15 04:52:03,801 kilosort.spikedetect DEBUG    ********************************************************
2025-05-15 04:52:12,262 kilosort.spikedetect DEBUG     
2025-05-15 04:52:12,262 kilosort.spikedetect DEBUG    Batch 29
2025-05-15 04:52:12,262 kilosort.spikedetect DEBUG    ********************************************************
2025-05-15 04:52:12,263 kilosort.spikedetect DEBUG    CPU usage:    11.30 %
2025-05-15 04:52:12,263 kilosort.spikedetect DEBUG    Memory:        8.64 %     |     65.17   /   754.60 GB
2025-05-15 04:52:12,263 kilosort.spikedetect DEBUG    ------------------------------------------------------
2025-05-15 04:52:12,263 kilosort.spikedetect DEBUG    GPU usage:    `conda install pynvml` for GPU usage
2025-05-15 04:52:12,263 kilosort.spikedetect DEBUG    GPU memory:   24.51 %     |      9.68   /    39.50 GB
2025-05-15 04:52:12,263 kilosort.spikedetect DEBUG    Allocated:     0.25 %     |      0.10   /    39.50 GB
2025-05-15 04:52:12,264 kilosort.spikedetect DEBUG    Max alloc:     8.31 %     |      3.28   /    39.50 GB
2025-05-15 04:52:12,264 kilosort.spikedetect DEBUG    ********************************************************
2025-05-15 04:52:12,264 kilosort.run_kilosort INFO     35417 spikes extracted in  8.77s; total  20.13s
2025-05-15 04:52:12,265 kilosort.run_kilosort DEBUG    st0 shape: (35417, 6)
2025-05-15 04:52:12,265 kilosort.run_kilosort DEBUG    tF shape: torch.Size([35417, 10, 6])
2025-05-15 04:52:12,265 kilosort.run_kilosort INFO      
2025-05-15 04:52:12,265 kilosort.run_kilosort INFO     First clustering
2025-05-15 04:52:12,265 kilosort.run_kilosort INFO     ----------------------------------------
2025-05-15 04:52:12,283 kilosort.clustering_qr DEBUG     
2025-05-15 04:52:12,283 kilosort.clustering_qr DEBUG    Cluster center: 0 of 96
2025-05-15 04:52:12,283 kilosort.clustering_qr DEBUG    ********************************************************
2025-05-15 04:52:12,283 kilosort.clustering_qr DEBUG    CPU usage:    24.00 %
2025-05-15 04:52:12,284 kilosort.clustering_qr DEBUG    Memory:        8.63 %     |     65.13   /   754.60 GB
2025-05-15 04:52:12,284 kilosort.clustering_qr DEBUG    ------------------------------------------------------
2025-05-15 04:52:12,284 kilosort.clustering_qr DEBUG    GPU usage:    `conda install pynvml` for GPU usage
2025-05-15 04:52:12,284 kilosort.clustering_qr DEBUG    GPU memory:   24.51 %     |      9.68   /    39.50 GB
2025-05-15 04:52:12,284 kilosort.clustering_qr DEBUG    Allocated:     0.03 %     |      0.01   /    39.50 GB
2025-05-15 04:52:12,284 kilosort.clustering_qr DEBUG    Max alloc:     8.31 %     |      3.28   /    39.50 GB
2025-05-15 04:52:12,284 kilosort.clustering_qr DEBUG    ********************************************************
2025-05-15 04:52:12,352 kilosort.clustering_qr DEBUG    Center 0 | nsp: 35 | ntemp: 16
2025-05-15 04:52:12,355 kilosort.clustering_qr DEBUG    Center 1 | nsp: 162 | ntemp: 16
2025-05-15 04:52:12,358 kilosort.clustering_qr DEBUG    Center 2 | nsp: 131 | ntemp: 16
2025-05-15 04:52:12,360 kilosort.clustering_qr DEBUG    Center 3 | nsp: 204 | ntemp: 16
2025-05-15 04:52:12,363 kilosort.clustering_qr DEBUG    Center 4 | nsp: 346 | ntemp: 16
2025-05-15 04:52:12,366 kilosort.clustering_qr DEBUG    Center 5 | nsp: 97 | ntemp: 16
2025-05-15 04:52:12,368 kilosort.clustering_qr DEBUG    Center 6 | nsp: 149 | ntemp: 16
2025-05-15 04:52:12,371 kilosort.clustering_qr DEBUG    Center 7 | nsp: 406 | ntemp: 16
2025-05-15 04:52:12,373 kilosort.clustering_qr DEBUG    Center 8 | nsp: 94 | ntemp: 16
2025-05-15 04:52:12,376 kilosort.clustering_qr DEBUG    Center 9 | nsp: 134 | ntemp: 16
2025-05-15 04:52:12,376 kilosort.clustering_qr DEBUG     
2025-05-15 04:52:12,376 kilosort.clustering_qr DEBUG    Cluster center: 10 of 96
2025-05-15 04:52:12,376 kilosort.clustering_qr DEBUG    ********************************************************
2025-05-15 04:52:12,376 kilosort.clustering_qr DEBUG    CPU usage:    17.90 %
2025-05-15 04:52:12,377 kilosort.clustering_qr DEBUG    Memory:        8.63 %     |     65.16   /   754.60 GB
2025-05-15 04:52:12,377 kilosort.clustering_qr DEBUG    ------------------------------------------------------
2025-05-15 04:52:12,377 kilosort.clustering_qr DEBUG    GPU usage:    `conda install pynvml` for GPU usage
2025-05-15 04:52:12,377 kilosort.clustering_qr DEBUG    GPU memory:   24.51 %     |      9.68   /    39.50 GB
2025-05-15 04:52:12,377 kilosort.clustering_qr DEBUG    Allocated:     0.03 %     |      0.01   /    39.50 GB
2025-05-15 04:52:12,377 kilosort.clustering_qr DEBUG    Max alloc:     8.31 %     |      3.28   /    39.50 GB
2025-05-15 04:52:12,377 kilosort.clustering_qr DEBUG    ********************************************************
2025-05-15 04:52:12,380 kilosort.clustering_qr DEBUG    Center 10 | nsp: 348 | ntemp: 16
2025-05-15 04:52:12,382 kilosort.clustering_qr DEBUG    Center 11 | nsp: 70 | ntemp: 16
2025-05-15 04:52:12,385 kilosort.clustering_qr DEBUG    Center 12 | nsp: 327 | ntemp: 16
2025-05-15 04:52:12,388 kilosort.clustering_qr DEBUG    Center 13 | nsp: 277 | ntemp: 16
2025-05-15 04:52:12,390 kilosort.clustering_qr DEBUG    Center 14 | nsp: 40 | ntemp: 16
2025-05-15 04:52:12,392 kilosort.clustering_qr DEBUG    Center 15 | nsp: 21 | ntemp: 16
2025-05-15 04:52:12,395 kilosort.clustering_qr DEBUG    Center 16 | nsp: 22 | ntemp: 16
2025-05-15 04:52:12,397 kilosort.clustering_qr DEBUG    Center 17 | nsp: 23 | ntemp: 16
2025-05-15 04:52:12,399 kilosort.clustering_qr DEBUG    Center 18 | nsp: 42 | ntemp: 16
2025-05-15 04:52:12,402 kilosort.clustering_qr DEBUG    Center 19 | nsp: 32 | ntemp: 16
2025-05-15 04:52:12,402 kilosort.clustering_qr DEBUG     
2025-05-15 04:52:12,402 kilosort.clustering_qr DEBUG    Cluster center: 20 of 96
2025-05-15 04:52:12,402 kilosort.clustering_qr DEBUG    ********************************************************
2025-05-15 04:52:12,402 kilosort.clustering_qr DEBUG    CPU usage:    36.20 %
2025-05-15 04:52:12,402 kilosort.clustering_qr DEBUG    Memory:        8.63 %     |     65.16   /   754.60 GB
2025-05-15 04:52:12,403 kilosort.clustering_qr DEBUG    ------------------------------------------------------
2025-05-15 04:52:12,403 kilosort.clustering_qr DEBUG    GPU usage:    `conda install pynvml` for GPU usage
2025-05-15 04:52:12,403 kilosort.clustering_qr DEBUG    GPU memory:   24.51 %     |      9.68   /    39.50 GB
2025-05-15 04:52:12,403 kilosort.clustering_qr DEBUG    Allocated:     0.03 %     |      0.01   /    39.50 GB
2025-05-15 04:52:12,403 kilosort.clustering_qr DEBUG    Max alloc:     8.31 %     |      3.28   /    39.50 GB
2025-05-15 04:52:12,403 kilosort.clustering_qr DEBUG    ********************************************************
2025-05-15 04:52:12,405 kilosort.clustering_qr DEBUG    Center 20 | nsp: 7 | ntemp: 16
2025-05-15 04:52:12,407 kilosort.clustering_qr DEBUG    Center 21 | nsp: 19 | ntemp: 16
2025-05-15 04:52:12,409 kilosort.clustering_qr DEBUG    Center 22 | nsp: 40 | ntemp: 16
2025-05-15 04:52:12,412 kilosort.clustering_qr DEBUG    Center 23 | nsp: 31 | ntemp: 16
2025-05-15 04:52:12,414 kilosort.clustering_qr DEBUG    Center 24 | nsp: 39 | ntemp: 16
2025-05-15 04:52:12,416 kilosort.clustering_qr DEBUG    Center 25 | nsp: 31 | ntemp: 16
2025-05-15 04:52:12,419 kilosort.clustering_qr DEBUG    Center 26 | nsp: 18 | ntemp: 16
2025-05-15 04:52:12,421 kilosort.clustering_qr DEBUG    Center 27 | nsp: 37 | ntemp: 16
2025-05-15 04:52:12,423 kilosort.clustering_qr DEBUG    Center 28 | nsp: 36 | ntemp: 16
2025-05-15 04:52:12,426 kilosort.clustering_qr DEBUG    Center 29 | nsp: 42 | ntemp: 16
2025-05-15 04:52:12,426 kilosort.clustering_qr DEBUG     
2025-05-15 04:52:12,426 kilosort.clustering_qr DEBUG    Cluster center: 30 of 96
2025-05-15 04:52:12,426 kilosort.clustering_qr DEBUG    ********************************************************
2025-05-15 04:52:12,427 kilosort.clustering_qr DEBUG    CPU usage:    36.00 %
2025-05-15 04:52:12,427 kilosort.clustering_qr DEBUG    Memory:        8.63 %     |     65.16   /   754.60 GB
2025-05-15 04:52:12,427 kilosort.clustering_qr DEBUG    ------------------------------------------------------
2025-05-15 04:52:12,427 kilosort.clustering_qr DEBUG    GPU usage:    `conda install pynvml` for GPU usage
2025-05-15 04:52:12,427 kilosort.clustering_qr DEBUG    GPU memory:   24.51 %     |      9.68   /    39.50 GB
2025-05-15 04:52:12,427 kilosort.clustering_qr DEBUG    Allocated:     0.03 %     |      0.01   /    39.50 GB
2025-05-15 04:52:12,427 kilosort.clustering_qr DEBUG    Max alloc:     8.31 %     |      3.28   /    39.50 GB
2025-05-15 04:52:12,427 kilosort.clustering_qr DEBUG    ********************************************************
2025-05-15 04:52:12,430 kilosort.clustering_qr DEBUG    Center 30 | nsp: 187 | ntemp: 16
2025-05-15 04:52:12,432 kilosort.clustering_qr DEBUG    Center 31 | nsp: 268 | ntemp: 16
2025-05-15 04:52:12,435 kilosort.clustering_qr DEBUG    Center 32 | nsp: 842 | ntemp: 16
2025-05-15 04:52:12,438 kilosort.clustering_qr DEBUG    Center 33 | nsp: 631 | ntemp: 16
2025-05-15 04:52:12,441 kilosort.clustering_qr DEBUG    Center 34 | nsp: 227 | ntemp: 16
2025-05-15 04:52:12,444 kilosort.clustering_qr DEBUG    Center 35 | nsp: 433 | ntemp: 16
2025-05-15 04:52:12,446 kilosort.clustering_qr DEBUG    Center 36 | nsp: 283 | ntemp: 16
2025-05-15 04:52:12,449 kilosort.clustering_qr DEBUG    Center 37 | nsp: 438 | ntemp: 16
2025-05-15 04:52:12,452 kilosort.clustering_qr DEBUG    Center 38 | nsp: 967 | ntemp: 16
2025-05-15 04:52:12,455 kilosort.clustering_qr DEBUG    Center 39 | nsp: 565 | ntemp: 16
2025-05-15 04:52:12,456 kilosort.clustering_qr DEBUG     
2025-05-15 04:52:12,456 kilosort.clustering_qr DEBUG    Cluster center: 40 of 96
2025-05-15 04:52:12,456 kilosort.clustering_qr DEBUG    ********************************************************
2025-05-15 04:52:12,456 kilosort.clustering_qr DEBUG    CPU usage:    35.20 %
2025-05-15 04:52:12,456 kilosort.clustering_qr DEBUG    Memory:        8.64 %     |     65.16   /   754.60 GB
2025-05-15 04:52:12,456 kilosort.clustering_qr DEBUG    ------------------------------------------------------
2025-05-15 04:52:12,456 kilosort.clustering_qr DEBUG    GPU usage:    `conda install pynvml` for GPU usage
2025-05-15 04:52:12,456 kilosort.clustering_qr DEBUG    GPU memory:   24.51 %     |      9.68   /    39.50 GB
2025-05-15 04:52:12,456 kilosort.clustering_qr DEBUG    Allocated:     0.03 %     |      0.01   /    39.50 GB
2025-05-15 04:52:12,456 kilosort.clustering_qr DEBUG    Max alloc:     8.31 %     |      3.28   /    39.50 GB
2025-05-15 04:52:12,456 kilosort.clustering_qr DEBUG    ********************************************************
2025-05-15 04:52:12,459 kilosort.clustering_qr DEBUG    Center 40 | nsp: 328 | ntemp: 16
2025-05-15 04:52:12,462 kilosort.clustering_qr DEBUG    Center 41 | nsp: 855 | ntemp: 16
2025-05-15 04:52:12,465 kilosort.clustering_qr DEBUG    Center 42 | nsp: 407 | ntemp: 16
2025-05-15 04:52:12,468 kilosort.clustering_qr DEBUG    Center 43 | nsp: 465 | ntemp: 16
2025-05-15 04:52:12,471 kilosort.clustering_qr DEBUG    Center 44 | nsp: 739 | ntemp: 16
2025-05-15 04:52:12,473 kilosort.clustering_qr DEBUG    Center 45 | nsp: 733 | ntemp: 16
2025-05-15 04:52:12,477 kilosort.clustering_qr DEBUG    Center 46 | nsp: 799 | ntemp: 16
2025-05-15 04:52:12,479 kilosort.clustering_qr DEBUG    Center 47 | nsp: 856 | ntemp: 16
2025-05-15 04:52:12,482 kilosort.clustering_qr DEBUG    Center 48 | nsp: 437 | ntemp: 16
2025-05-15 04:52:12,485 kilosort.clustering_qr DEBUG    Center 49 | nsp: 640 | ntemp: 16
2025-05-15 04:52:12,486 kilosort.clustering_qr DEBUG     
2025-05-15 04:52:12,486 kilosort.clustering_qr DEBUG    Cluster center: 50 of 96
2025-05-15 04:52:12,486 kilosort.clustering_qr DEBUG    ********************************************************
2025-05-15 04:52:12,486 kilosort.clustering_qr DEBUG    CPU usage:    36.10 %
2025-05-15 04:52:12,486 kilosort.clustering_qr DEBUG    Memory:        8.64 %     |     65.16   /   754.60 GB
2025-05-15 04:52:12,486 kilosort.clustering_qr DEBUG    ------------------------------------------------------
2025-05-15 04:52:12,486 kilosort.clustering_qr DEBUG    GPU usage:    `conda install pynvml` for GPU usage
2025-05-15 04:52:12,486 kilosort.clustering_qr DEBUG    GPU memory:   24.51 %     |      9.68   /    39.50 GB
2025-05-15 04:52:12,486 kilosort.clustering_qr DEBUG    Allocated:     0.03 %     |      0.01   /    39.50 GB
2025-05-15 04:52:12,486 kilosort.clustering_qr DEBUG    Max alloc:     8.31 %     |      3.28   /    39.50 GB
2025-05-15 04:52:12,487 kilosort.clustering_qr DEBUG    ********************************************************
2025-05-15 04:52:12,489 kilosort.clustering_qr DEBUG    Center 50 | nsp: 1118 | ntemp: 16
2025-05-15 04:52:13,092 kilosort.clustering_qr DEBUG    Center 51 | nsp: 384 | ntemp: 16
2025-05-15 04:52:13,095 kilosort.clustering_qr DEBUG    Center 52 | nsp: 873 | ntemp: 16
2025-05-15 04:52:13,098 kilosort.clustering_qr DEBUG    Center 53 | nsp: 419 | ntemp: 16
2025-05-15 04:52:13,101 kilosort.clustering_qr DEBUG    Center 54 | nsp: 1131 | ntemp: 16
2025-05-15 04:52:13,344 kilosort.clustering_qr DEBUG    Center 55 | nsp: 1495 | ntemp: 16
2025-05-15 04:52:13,713 kilosort.clustering_qr DEBUG    Center 56 | nsp: 1241 | ntemp: 16
2025-05-15 04:52:14,098 kilosort.clustering_qr DEBUG    Center 57 | nsp: 711 | ntemp: 16
2025-05-15 04:52:14,101 kilosort.clustering_qr DEBUG    Center 58 | nsp: 866 | ntemp: 16
2025-05-15 04:52:14,105 kilosort.clustering_qr DEBUG    Center 59 | nsp: 1393 | ntemp: 16
2025-05-15 04:52:14,474 kilosort.clustering_qr DEBUG     
2025-05-15 04:52:14,474 kilosort.clustering_qr DEBUG    Cluster center: 60 of 96
2025-05-15 04:52:14,474 kilosort.clustering_qr DEBUG    ********************************************************
2025-05-15 04:52:14,474 kilosort.clustering_qr DEBUG    CPU usage:    17.90 %
2025-05-15 04:52:14,474 kilosort.clustering_qr DEBUG    Memory:        8.66 %     |     65.37   /   754.60 GB
2025-05-15 04:52:14,474 kilosort.clustering_qr DEBUG    ------------------------------------------------------
2025-05-15 04:52:14,474 kilosort.clustering_qr DEBUG    GPU usage:    `conda install pynvml` for GPU usage
2025-05-15 04:52:14,474 kilosort.clustering_qr DEBUG    GPU memory:   24.51 %     |      9.68   /    39.50 GB
2025-05-15 04:52:14,474 kilosort.clustering_qr DEBUG    Allocated:     0.03 %     |      0.01   /    39.50 GB
2025-05-15 04:52:14,474 kilosort.clustering_qr DEBUG    Max alloc:     8.31 %     |      3.28   /    39.50 GB
2025-05-15 04:52:14,474 kilosort.clustering_qr DEBUG    ********************************************************
2025-05-15 04:52:14,479 kilosort.clustering_qr DEBUG    Center 60 | nsp: 1066 | ntemp: 16
2025-05-15 04:52:14,854 kilosort.clustering_qr DEBUG    Center 61 | nsp: 1184 | ntemp: 16
2025-05-15 04:52:15,232 kilosort.clustering_qr DEBUG    Center 62 | nsp: 729 | ntemp: 16
2025-05-15 04:52:15,236 kilosort.clustering_qr DEBUG    Center 63 | nsp: 1459 | ntemp: 16
2025-05-15 04:52:15,627 kilosort.clustering_qr DEBUG    Center 64 | nsp: 1085 | ntemp: 16
2025-05-15 04:52:16,027 kilosort.clustering_qr DEBUG    Center 65 | nsp: 1201 | ntemp: 16
2025-05-15 04:52:16,271 kilosort.clustering_qr DEBUG    Center 66 | nsp: 708 | ntemp: 16
2025-05-15 04:52:16,273 kilosort.clustering_qr DEBUG    Center 67 | nsp: 448 | ntemp: 16
2025-05-15 04:52:16,276 kilosort.clustering_qr DEBUG    Center 68 | nsp: 415 | ntemp: 16
2025-05-15 04:52:16,279 kilosort.clustering_qr DEBUG    Center 69 | nsp: 459 | ntemp: 16
2025-05-15 04:52:16,280 kilosort.clustering_qr DEBUG     
2025-05-15 04:52:16,280 kilosort.clustering_qr DEBUG    Cluster center: 70 of 96
2025-05-15 04:52:16,280 kilosort.clustering_qr DEBUG    ********************************************************
2025-05-15 04:52:16,280 kilosort.clustering_qr DEBUG    CPU usage:    19.60 %
2025-05-15 04:52:16,280 kilosort.clustering_qr DEBUG    Memory:        8.66 %     |     65.37   /   754.60 GB
2025-05-15 04:52:16,280 kilosort.clustering_qr DEBUG    ------------------------------------------------------
2025-05-15 04:52:16,280 kilosort.clustering_qr DEBUG    GPU usage:    `conda install pynvml` for GPU usage
2025-05-15 04:52:16,280 kilosort.clustering_qr DEBUG    GPU memory:   24.52 %     |      9.68   /    39.50 GB
2025-05-15 04:52:16,280 kilosort.clustering_qr DEBUG    Allocated:     0.03 %     |      0.01   /    39.50 GB
2025-05-15 04:52:16,280 kilosort.clustering_qr DEBUG    Max alloc:     8.31 %     |      3.28   /    39.50 GB
2025-05-15 04:52:16,281 kilosort.clustering_qr DEBUG    ********************************************************
2025-05-15 04:52:16,283 kilosort.clustering_qr DEBUG    Center 70 | nsp: 269 | ntemp: 16
2025-05-15 04:52:16,286 kilosort.clustering_qr DEBUG    Center 71 | nsp: 330 | ntemp: 16
2025-05-15 04:52:16,288 kilosort.clustering_qr DEBUG    Center 72 | nsp: 211 | ntemp: 16
2025-05-15 04:52:16,291 kilosort.clustering_qr DEBUG    Center 73 | nsp: 118 | ntemp: 16
2025-05-15 04:52:16,294 kilosort.clustering_qr DEBUG    Center 74 | nsp: 182 | ntemp: 16
2025-05-15 04:52:16,296 kilosort.clustering_qr DEBUG    Center 75 | nsp: 143 | ntemp: 16
2025-05-15 04:52:16,299 kilosort.clustering_qr DEBUG    Center 76 | nsp: 75 | ntemp: 16
2025-05-15 04:52:16,302 kilosort.clustering_qr DEBUG    Center 77 | nsp: 186 | ntemp: 16
2025-05-15 04:52:16,304 kilosort.clustering_qr DEBUG    Center 78 | nsp: 112 | ntemp: 16
2025-05-15 04:52:16,307 kilosort.clustering_qr DEBUG    Center 79 | nsp: 23 | ntemp: 16
2025-05-15 04:52:16,307 kilosort.clustering_qr DEBUG     
2025-05-15 04:52:16,307 kilosort.clustering_qr DEBUG    Cluster center: 80 of 96
2025-05-15 04:52:16,307 kilosort.clustering_qr DEBUG    ********************************************************
2025-05-15 04:52:16,307 kilosort.clustering_qr DEBUG    CPU usage:    36.40 %
2025-05-15 04:52:16,307 kilosort.clustering_qr DEBUG    Memory:        8.66 %     |     65.37   /   754.60 GB
2025-05-15 04:52:16,307 kilosort.clustering_qr DEBUG    ------------------------------------------------------
2025-05-15 04:52:16,307 kilosort.clustering_qr DEBUG    GPU usage:    `conda install pynvml` for GPU usage
2025-05-15 04:52:16,307 kilosort.clustering_qr DEBUG    GPU memory:   24.52 %     |      9.68   /    39.50 GB
2025-05-15 04:52:16,308 kilosort.clustering_qr DEBUG    Allocated:     0.03 %     |      0.01   /    39.50 GB
2025-05-15 04:52:16,308 kilosort.clustering_qr DEBUG    Max alloc:     8.31 %     |      3.28   /    39.50 GB
2025-05-15 04:52:16,308 kilosort.clustering_qr DEBUG    ********************************************************
2025-05-15 04:52:16,310 kilosort.clustering_qr DEBUG    Center 80 | nsp: 39 | ntemp: 16
2025-05-15 04:52:16,312 kilosort.clustering_qr DEBUG    Center 81 | nsp: 38 | ntemp: 16
2025-05-15 04:52:16,315 kilosort.clustering_qr DEBUG    Center 82 | nsp: 24 | ntemp: 16
2025-05-15 04:52:16,317 kilosort.clustering_qr DEBUG    Center 83 | nsp: 48 | ntemp: 16
2025-05-15 04:52:16,319 kilosort.clustering_qr DEBUG    Center 84 | nsp: 37 | ntemp: 16
2025-05-15 04:52:16,322 kilosort.clustering_qr DEBUG    Center 85 | nsp: 19 | ntemp: 16
2025-05-15 04:52:16,324 kilosort.clustering_qr DEBUG    Center 86 | nsp: 44 | ntemp: 16
2025-05-15 04:52:16,327 kilosort.clustering_qr DEBUG    Center 87 | nsp: 47 | ntemp: 16
2025-05-15 04:52:16,329 kilosort.clustering_qr DEBUG    Center 88 | nsp: 29 | ntemp: 16
2025-05-15 04:52:16,331 kilosort.clustering_qr DEBUG    Center 89 | nsp: 46 | ntemp: 16
2025-05-15 04:52:16,331 kilosort.clustering_qr DEBUG     
2025-05-15 04:52:16,332 kilosort.clustering_qr DEBUG    Cluster center: 90 of 96
2025-05-15 04:52:16,332 kilosort.clustering_qr DEBUG    ********************************************************
2025-05-15 04:52:16,332 kilosort.clustering_qr DEBUG    CPU usage:    35.60 %
2025-05-15 04:52:16,332 kilosort.clustering_qr DEBUG    Memory:        8.66 %     |     65.37   /   754.60 GB
2025-05-15 04:52:16,332 kilosort.clustering_qr DEBUG    ------------------------------------------------------
2025-05-15 04:52:16,332 kilosort.clustering_qr DEBUG    GPU usage:    `conda install pynvml` for GPU usage
2025-05-15 04:52:16,332 kilosort.clustering_qr DEBUG    GPU memory:   24.52 %     |      9.68   /    39.50 GB
2025-05-15 04:52:16,332 kilosort.clustering_qr DEBUG    Allocated:     0.03 %     |      0.01   /    39.50 GB
2025-05-15 04:52:16,332 kilosort.clustering_qr DEBUG    Max alloc:     8.31 %     |      3.28   /    39.50 GB
2025-05-15 04:52:16,332 kilosort.clustering_qr DEBUG    ********************************************************
2025-05-15 04:52:16,334 kilosort.clustering_qr DEBUG    Center 90 | nsp: 13 | ntemp: 16
2025-05-15 04:52:16,335 kilosort.clustering_qr DEBUG    Center 91 | nsp: 0 | ntemp: 16
2025-05-15 04:52:16,337 kilosort.clustering_qr DEBUG    Center 92 | nsp: 20 | ntemp: 16
2025-05-15 04:52:16,339 kilosort.clustering_qr DEBUG    Center 93 | nsp: 81 | ntemp: 16
2025-05-15 04:52:16,342 kilosort.clustering_qr DEBUG    Center 94 | nsp: 300 | ntemp: 16
2025-05-15 04:52:16,344 kilosort.clustering_qr DEBUG    Center 95 | nsp: 238 | ntemp: 12
2025-05-15 04:52:16,444 kilosort.run_kilosort INFO     127 clusters found, in  4.18s; total  24.31s
2025-05-15 04:52:16,445 kilosort.run_kilosort DEBUG    clu shape: (35417,)
2025-05-15 04:52:16,445 kilosort.run_kilosort DEBUG    Wall shape: torch.Size([127, 374, 6])
2025-05-15 04:52:16,445 kilosort.run_kilosort INFO      
2025-05-15 04:52:16,445 kilosort.run_kilosort INFO     Extracting spikes using cluster waveforms
2025-05-15 04:52:16,445 kilosort.run_kilosort INFO     ----------------------------------------
2025-05-15 04:52:16,462 kilosort.template_matching DEBUG     
2025-05-15 04:52:16,462 kilosort.template_matching DEBUG    Batch 0
2025-05-15 04:52:16,462 kilosort.template_matching DEBUG    ********************************************************
2025-05-15 04:52:16,463 kilosort.template_matching DEBUG    CPU usage:    17.90 %
2025-05-15 04:52:16,463 kilosort.template_matching DEBUG    Memory:        8.69 %     |     65.61   /   754.60 GB
2025-05-15 04:52:16,463 kilosort.template_matching DEBUG    ------------------------------------------------------
2025-05-15 04:52:16,463 kilosort.template_matching DEBUG    GPU usage:    `conda install pynvml` for GPU usage
2025-05-15 04:52:16,463 kilosort.template_matching DEBUG    GPU memory:   24.52 %     |      9.68   /    39.50 GB
2025-05-15 04:52:16,463 kilosort.template_matching DEBUG    Allocated:     0.05 %     |      0.02   /    39.50 GB
2025-05-15 04:52:16,463 kilosort.template_matching DEBUG    Max alloc:     8.31 %     |      3.28   /    39.50 GB
2025-05-15 04:52:16,463 kilosort.template_matching DEBUG    ********************************************************
2025-05-15 04:52:19,710 kilosort.template_matching DEBUG     
2025-05-15 04:52:19,710 kilosort.template_matching DEBUG    Batch 29
2025-05-15 04:52:19,710 kilosort.template_matching DEBUG    ********************************************************
2025-05-15 04:52:19,710 kilosort.template_matching DEBUG    CPU usage:    12.20 %
2025-05-15 04:52:19,710 kilosort.template_matching DEBUG    Memory:        8.69 %     |     65.61   /   754.60 GB
2025-05-15 04:52:19,710 kilosort.template_matching DEBUG    ------------------------------------------------------
2025-05-15 04:52:19,710 kilosort.template_matching DEBUG    GPU usage:    `conda install pynvml` for GPU usage
2025-05-15 04:52:19,711 kilosort.template_matching DEBUG    GPU memory:   24.52 %     |      9.69   /    39.50 GB
2025-05-15 04:52:19,711 kilosort.template_matching DEBUG    Allocated:     0.48 %     |      0.19   /    39.50 GB
2025-05-15 04:52:19,711 kilosort.template_matching DEBUG    Max alloc:     8.31 %     |      3.28   /    39.50 GB
2025-05-15 04:52:19,711 kilosort.template_matching DEBUG    ********************************************************
2025-05-15 04:52:19,716 kilosort.run_kilosort INFO     70770 spikes extracted in  3.27s; total  27.58s
2025-05-15 04:52:19,720 kilosort.run_kilosort DEBUG    st shape: (70770, 3)
2025-05-15 04:52:19,720 kilosort.run_kilosort DEBUG    tF shape: torch.Size([70770, 10, 6])
2025-05-15 04:52:19,720 kilosort.run_kilosort DEBUG    iCC shape: torch.Size([10, 374])
2025-05-15 04:52:19,720 kilosort.run_kilosort DEBUG    iU shape: torch.Size([126])
2025-05-15 04:52:19,720 kilosort.run_kilosort INFO      
2025-05-15 04:52:19,720 kilosort.run_kilosort INFO     Resource usage after spike detection
2025-05-15 04:52:19,721 kilosort.run_kilosort INFO     ********************************************************
2025-05-15 04:52:19,721 kilosort.run_kilosort INFO     CPU usage:    22.50 %
2025-05-15 04:52:19,722 kilosort.run_kilosort INFO     Memory:        8.67 %     |     65.39   /   754.60 GB
2025-05-15 04:52:19,722 kilosort.run_kilosort INFO     ------------------------------------------------------
2025-05-15 04:52:19,722 kilosort.run_kilosort INFO     GPU usage:    `conda install pynvml` for GPU usage
2025-05-15 04:52:19,723 kilosort.run_kilosort INFO     GPU memory:   24.52 %     |      9.69   /    39.50 GB
2025-05-15 04:52:19,723 kilosort.run_kilosort INFO     Allocated:     0.03 %     |      0.01   /    39.50 GB
2025-05-15 04:52:19,724 kilosort.run_kilosort INFO     Max alloc:     8.31 %     |      3.28   /    39.50 GB
2025-05-15 04:52:19,724 kilosort.run_kilosort INFO     ********************************************************
2025-05-15 04:52:19,725 kilosort.run_kilosort DEBUG    

|===========================================================================|
|                  PyTorch CUDA memory summary, device ID 0                 |
|---------------------------------------------------------------------------|
|            CUDA OOMs: 0            |        cudaMalloc retries: 0         |
|===========================================================================|
|        Metric         | Cur Usage  | Peak Usage | Tot Alloc  | Tot Freed  |
|---------------------------------------------------------------------------|
| Allocated memory      |  12289 KiB |   3360 MiB |   5499 GiB |   5499 GiB |
|---------------------------------------------------------------------------|
| Active memory         |  12289 KiB |   3360 MiB |   5499 GiB |   5499 GiB |
|---------------------------------------------------------------------------|
| Requested memory      |  12287 KiB |   3359 MiB |   5496 GiB |   5496 GiB |
|---------------------------------------------------------------------------|
| GPU reserved memory   |   5226 MiB |   5226 MiB |   5226 MiB |      0 B   |
|---------------------------------------------------------------------------|
| Non-releasable memory |  36862 KiB |   1749 MiB |   2765 GiB |   2765 GiB |
|---------------------------------------------------------------------------|
| Allocations           |      13    |      45    |  255246    |  255233    |
|---------------------------------------------------------------------------|
| Active allocs         |      13    |      45    |  255246    |  255233    |
|---------------------------------------------------------------------------|
| GPU reserved segments |      18    |      18    |      18    |       0    |
|---------------------------------------------------------------------------|
| Non-releasable allocs |       9    |      23    |  105291    |  105282    |
|---------------------------------------------------------------------------|
| Oversize allocations  |       0    |       0    |       0    |       0    |
|---------------------------------------------------------------------------|
| Oversize GPU segments |       0    |       0    |       0    |       0    |
|===========================================================================|


2025-05-15 04:52:19,725 kilosort.run_kilosort INFO      
2025-05-15 04:52:19,726 kilosort.run_kilosort INFO     Final clustering
2025-05-15 04:52:19,726 kilosort.run_kilosort INFO     ----------------------------------------
2025-05-15 04:52:19,736 kilosort.clustering_qr DEBUG     
2025-05-15 04:52:19,736 kilosort.clustering_qr DEBUG    Cluster center: 0 of 96
2025-05-15 04:52:19,736 kilosort.clustering_qr DEBUG    ********************************************************
2025-05-15 04:52:19,736 kilosort.clustering_qr DEBUG    CPU usage:    18.50 %
2025-05-15 04:52:19,736 kilosort.clustering_qr DEBUG    Memory:        8.67 %     |     65.39   /   754.60 GB
2025-05-15 04:52:19,736 kilosort.clustering_qr DEBUG    ------------------------------------------------------
2025-05-15 04:52:19,736 kilosort.clustering_qr DEBUG    GPU usage:    `conda install pynvml` for GPU usage
2025-05-15 04:52:19,737 kilosort.clustering_qr DEBUG    GPU memory:   24.52 %     |      9.69   /    39.50 GB
2025-05-15 04:52:19,737 kilosort.clustering_qr DEBUG    Allocated:     0.03 %     |      0.01   /    39.50 GB
2025-05-15 04:52:19,737 kilosort.clustering_qr DEBUG    Max alloc:     8.31 %     |      3.28   /    39.50 GB
2025-05-15 04:52:19,737 kilosort.clustering_qr DEBUG    ********************************************************
2025-05-15 04:52:19,738 kilosort.clustering_qr DEBUG    Center 0 | nsp: 145 | ntemp: 1
2025-05-15 04:52:19,739 kilosort.clustering_qr DEBUG    Center 1 | nsp: 296 | ntemp: 1
2025-05-15 04:52:19,740 kilosort.clustering_qr DEBUG    Center 2 | nsp: 240 | ntemp: 1
2025-05-15 04:52:19,741 kilosort.clustering_qr DEBUG    Center 3 | nsp: 381 | ntemp: 1
2025-05-15 04:52:19,742 kilosort.clustering_qr DEBUG    Center 4 | nsp: 500 | ntemp: 1
2025-05-15 04:52:19,743 kilosort.clustering_qr DEBUG    Center 5 | nsp: 18 | ntemp: 1
2025-05-15 04:52:19,744 kilosort.clustering_qr DEBUG    Center 6 | nsp: 412 | ntemp: 1
2025-05-15 04:52:19,745 kilosort.clustering_qr DEBUG    Center 7 | nsp: 724 | ntemp: 2
2025-05-15 04:52:19,746 kilosort.clustering_qr DEBUG    Center 8 | nsp: 0 | ntemp: 0
2025-05-15 04:52:19,747 kilosort.clustering_qr DEBUG    Center 9 | nsp: 340 | ntemp: 1
2025-05-15 04:52:19,747 kilosort.clustering_qr DEBUG     
2025-05-15 04:52:19,747 kilosort.clustering_qr DEBUG    Cluster center: 10 of 96
2025-05-15 04:52:19,747 kilosort.clustering_qr DEBUG    ********************************************************
2025-05-15 04:52:19,747 kilosort.clustering_qr DEBUG    CPU usage:    34.20 %
2025-05-15 04:52:19,747 kilosort.clustering_qr DEBUG    Memory:        8.67 %     |     65.39   /   754.60 GB
2025-05-15 04:52:19,747 kilosort.clustering_qr DEBUG    ------------------------------------------------------
2025-05-15 04:52:19,747 kilosort.clustering_qr DEBUG    GPU usage:    `conda install pynvml` for GPU usage
2025-05-15 04:52:19,747 kilosort.clustering_qr DEBUG    GPU memory:   24.52 %     |      9.69   /    39.50 GB
2025-05-15 04:52:19,748 kilosort.clustering_qr DEBUG    Allocated:     0.03 %     |      0.01   /    39.50 GB
2025-05-15 04:52:19,748 kilosort.clustering_qr DEBUG    Max alloc:     8.31 %     |      3.28   /    39.50 GB
2025-05-15 04:52:19,748 kilosort.clustering_qr DEBUG    ********************************************************
2025-05-15 04:52:19,749 kilosort.clustering_qr DEBUG    Center 10 | nsp: 493 | ntemp: 1
2025-05-15 04:52:19,750 kilosort.clustering_qr DEBUG    Center 11 | nsp: 84 | ntemp: 1
2025-05-15 04:52:19,751 kilosort.clustering_qr DEBUG    Center 12 | nsp: 566 | ntemp: 1
2025-05-15 04:52:19,752 kilosort.clustering_qr DEBUG    Center 13 | nsp: 456 | ntemp: 1
2025-05-15 04:52:19,753 kilosort.clustering_qr DEBUG    Center 14 | nsp: 59 | ntemp: 1
2025-05-15 04:52:19,754 kilosort.clustering_qr DEBUG    Center 15 | nsp: 13 | ntemp: 1
2025-05-15 04:52:19,754 kilosort.clustering_qr DEBUG    Center 16 | nsp: 0 | ntemp: 0
2025-05-15 04:52:19,755 kilosort.clustering_qr DEBUG    Center 17 | nsp: 400 | ntemp: 3
2025-05-15 04:52:19,756 kilosort.clustering_qr DEBUG    Center 18 | nsp: 0 | ntemp: 0
2025-05-15 04:52:19,757 kilosort.clustering_qr DEBUG    Center 19 | nsp: 1195 | ntemp: 2
2025-05-15 04:52:19,997 kilosort.clustering_qr DEBUG     
2025-05-15 04:52:19,997 kilosort.clustering_qr DEBUG    Cluster center: 20 of 96
2025-05-15 04:52:19,997 kilosort.clustering_qr DEBUG    ********************************************************
2025-05-15 04:52:19,997 kilosort.clustering_qr DEBUG    CPU usage:    12.60 %
2025-05-15 04:52:19,997 kilosort.clustering_qr DEBUG    Memory:        8.67 %     |     65.39   /   754.60 GB
2025-05-15 04:52:19,997 kilosort.clustering_qr DEBUG    ------------------------------------------------------
2025-05-15 04:52:19,997 kilosort.clustering_qr DEBUG    GPU usage:    `conda install pynvml` for GPU usage
2025-05-15 04:52:19,997 kilosort.clustering_qr DEBUG    GPU memory:   24.52 %     |      9.69   /    39.50 GB
2025-05-15 04:52:19,997 kilosort.clustering_qr DEBUG    Allocated:     0.03 %     |      0.01   /    39.50 GB
2025-05-15 04:52:19,997 kilosort.clustering_qr DEBUG    Max alloc:     8.31 %     |      3.28   /    39.50 GB
2025-05-15 04:52:19,998 kilosort.clustering_qr DEBUG    ********************************************************
2025-05-15 04:52:19,998 kilosort.clustering_qr DEBUG    Center 20 | nsp: 0 | ntemp: 0
2025-05-15 04:52:19,998 kilosort.clustering_qr DEBUG    Center 21 | nsp: 525 | ntemp: 1
2025-05-15 04:52:19,999 kilosort.clustering_qr DEBUG    Center 22 | nsp: 502 | ntemp: 1
2025-05-15 04:52:20,000 kilosort.clustering_qr DEBUG    Center 23 | nsp: 0 | ntemp: 0
2025-05-15 04:52:20,001 kilosort.clustering_qr DEBUG    Center 24 | nsp: 23 | ntemp: 2
2025-05-15 04:52:20,002 kilosort.clustering_qr DEBUG    Center 25 | nsp: 257 | ntemp: 1
2025-05-15 04:52:20,003 kilosort.clustering_qr DEBUG    Center 26 | nsp: 1 | ntemp: 1
2025-05-15 04:52:20,003 kilosort.clustering_qr DEBUG    Center 27 | nsp: 15 | ntemp: 1
2025-05-15 04:52:20,004 kilosort.clustering_qr DEBUG    Center 28 | nsp: 140 | ntemp: 1
2025-05-15 04:52:20,005 kilosort.clustering_qr DEBUG    Center 29 | nsp: 0 | ntemp: 0
2025-05-15 04:52:20,005 kilosort.clustering_qr DEBUG     
2025-05-15 04:52:20,005 kilosort.clustering_qr DEBUG    Cluster center: 30 of 96
2025-05-15 04:52:20,005 kilosort.clustering_qr DEBUG    ********************************************************
2025-05-15 04:52:20,005 kilosort.clustering_qr DEBUG    CPU usage:    40.00 %
2025-05-15 04:52:20,005 kilosort.clustering_qr DEBUG    Memory:        8.67 %     |     65.39   /   754.60 GB
2025-05-15 04:52:20,005 kilosort.clustering_qr DEBUG    ------------------------------------------------------
2025-05-15 04:52:20,005 kilosort.clustering_qr DEBUG    GPU usage:    `conda install pynvml` for GPU usage
2025-05-15 04:52:20,005 kilosort.clustering_qr DEBUG    GPU memory:   24.52 %     |      9.69   /    39.50 GB
2025-05-15 04:52:20,006 kilosort.clustering_qr DEBUG    Allocated:     0.03 %     |      0.01   /    39.50 GB
2025-05-15 04:52:20,006 kilosort.clustering_qr DEBUG    Max alloc:     8.31 %     |      3.28   /    39.50 GB
2025-05-15 04:52:20,006 kilosort.clustering_qr DEBUG    ********************************************************
2025-05-15 04:52:20,006 kilosort.clustering_qr DEBUG    Center 30 | nsp: 485 | ntemp: 1
2025-05-15 04:52:20,008 kilosort.clustering_qr DEBUG    Center 31 | nsp: 282 | ntemp: 2
2025-05-15 04:52:20,009 kilosort.clustering_qr DEBUG    Center 32 | nsp: 717 | ntemp: 1
2025-05-15 04:52:20,010 kilosort.clustering_qr DEBUG    Center 33 | nsp: 807 | ntemp: 1
2025-05-15 04:52:20,011 kilosort.clustering_qr DEBUG    Center 34 | nsp: 27 | ntemp: 1
2025-05-15 04:52:20,011 kilosort.clustering_qr DEBUG    Center 35 | nsp: 0 | ntemp: 0
2025-05-15 04:52:20,012 kilosort.clustering_qr DEBUG    Center 36 | nsp: 1281 | ntemp: 2
2025-05-15 04:52:20,252 kilosort.clustering_qr DEBUG    Center 37 | nsp: 278 | ntemp: 1
2025-05-15 04:52:20,253 kilosort.clustering_qr DEBUG    Center 38 | nsp: 983 | ntemp: 1
2025-05-15 04:52:20,254 kilosort.clustering_qr DEBUG    Center 39 | nsp: 228 | ntemp: 1
2025-05-15 04:52:20,254 kilosort.clustering_qr DEBUG     
2025-05-15 04:52:20,254 kilosort.clustering_qr DEBUG    Cluster center: 40 of 96
2025-05-15 04:52:20,254 kilosort.clustering_qr DEBUG    ********************************************************
2025-05-15 04:52:20,255 kilosort.clustering_qr DEBUG    CPU usage:    12.70 %
2025-05-15 04:52:20,255 kilosort.clustering_qr DEBUG    Memory:        8.67 %     |     65.39   /   754.60 GB
2025-05-15 04:52:20,255 kilosort.clustering_qr DEBUG    ------------------------------------------------------
2025-05-15 04:52:20,255 kilosort.clustering_qr DEBUG    GPU usage:    `conda install pynvml` for GPU usage
2025-05-15 04:52:20,255 kilosort.clustering_qr DEBUG    GPU memory:   24.52 %     |      9.69   /    39.50 GB
2025-05-15 04:52:20,255 kilosort.clustering_qr DEBUG    Allocated:     0.03 %     |      0.01   /    39.50 GB
2025-05-15 04:52:20,255 kilosort.clustering_qr DEBUG    Max alloc:     8.31 %     |      3.28   /    39.50 GB
2025-05-15 04:52:20,255 kilosort.clustering_qr DEBUG    ********************************************************
2025-05-15 04:52:20,256 kilosort.clustering_qr DEBUG    Center 40 | nsp: 387 | ntemp: 1
2025-05-15 04:52:20,257 kilosort.clustering_qr DEBUG    Center 41 | nsp: 284 | ntemp: 1
2025-05-15 04:52:20,258 kilosort.clustering_qr DEBUG    Center 42 | nsp: 915 | ntemp: 1
2025-05-15 04:52:20,259 kilosort.clustering_qr DEBUG    Center 43 | nsp: 944 | ntemp: 1
2025-05-15 04:52:20,260 kilosort.clustering_qr DEBUG    Center 44 | nsp: 550 | ntemp: 1
2025-05-15 04:52:20,261 kilosort.clustering_qr DEBUG    Center 45 | nsp: 131 | ntemp: 1
2025-05-15 04:52:20,262 kilosort.clustering_qr DEBUG    Center 46 | nsp: 0 | ntemp: 0
2025-05-15 04:52:20,263 kilosort.clustering_qr DEBUG    Center 47 | nsp: 2481 | ntemp: 2
2025-05-15 04:52:23,058 kilosort.clustering_qr DEBUG    Center 48 | nsp: 1476 | ntemp: 2
2025-05-15 04:52:23,307 kilosort.clustering_qr DEBUG    Center 49 | nsp: 0 | ntemp: 0
2025-05-15 04:52:23,307 kilosort.clustering_qr DEBUG     
2025-05-15 04:52:23,307 kilosort.clustering_qr DEBUG    Cluster center: 50 of 96
2025-05-15 04:52:23,307 kilosort.clustering_qr DEBUG    ********************************************************
2025-05-15 04:52:23,307 kilosort.clustering_qr DEBUG    CPU usage:    12.30 %
2025-05-15 04:52:23,307 kilosort.clustering_qr DEBUG    Memory:        8.67 %     |     65.41   /   754.60 GB
2025-05-15 04:52:23,307 kilosort.clustering_qr DEBUG    ------------------------------------------------------
2025-05-15 04:52:23,307 kilosort.clustering_qr DEBUG    GPU usage:    `conda install pynvml` for GPU usage
2025-05-15 04:52:23,307 kilosort.clustering_qr DEBUG    GPU memory:   24.52 %     |      9.69   /    39.50 GB
2025-05-15 04:52:23,308 kilosort.clustering_qr DEBUG    Allocated:     0.03 %     |      0.01   /    39.50 GB
2025-05-15 04:52:23,308 kilosort.clustering_qr DEBUG    Max alloc:     8.31 %     |      3.28   /    39.50 GB
2025-05-15 04:52:23,308 kilosort.clustering_qr DEBUG    ********************************************************
2025-05-15 04:52:23,310 kilosort.clustering_qr DEBUG    Center 50 | nsp: 2574 | ntemp: 5
2025-05-15 04:52:23,669 kilosort.clustering_qr DEBUG    Center 51 | nsp: 374 | ntemp: 1
2025-05-15 04:52:23,670 kilosort.clustering_qr DEBUG    Center 52 | nsp: 760 | ntemp: 1
2025-05-15 04:52:23,671 kilosort.clustering_qr DEBUG    Center 53 | nsp: 1031 | ntemp: 1
2025-05-15 04:52:24,034 kilosort.clustering_qr DEBUG    Center 54 | nsp: 1402 | ntemp: 2
2025-05-15 04:52:24,283 kilosort.clustering_qr DEBUG    Center 55 | nsp: 3377 | ntemp: 4
2025-05-15 04:52:24,649 kilosort.clustering_qr DEBUG    Center 56 | nsp: 2278 | ntemp: 4
2025-05-15 04:52:25,015 kilosort.clustering_qr DEBUG    Center 57 | nsp: 1941 | ntemp: 2
2025-05-15 04:52:25,263 kilosort.clustering_qr DEBUG    Center 58 | nsp: 1001 | ntemp: 1
2025-05-15 04:52:25,507 kilosort.clustering_qr DEBUG    Center 59 | nsp: 3665 | ntemp: 5
2025-05-15 04:52:25,868 kilosort.clustering_qr DEBUG     
2025-05-15 04:52:25,868 kilosort.clustering_qr DEBUG    Cluster center: 60 of 96
2025-05-15 04:52:25,869 kilosort.clustering_qr DEBUG    ********************************************************
2025-05-15 04:52:25,869 kilosort.clustering_qr DEBUG    CPU usage:    17.00 %
2025-05-15 04:52:25,869 kilosort.clustering_qr DEBUG    Memory:        8.67 %     |     65.41   /   754.60 GB
2025-05-15 04:52:25,869 kilosort.clustering_qr DEBUG    ------------------------------------------------------
2025-05-15 04:52:25,869 kilosort.clustering_qr DEBUG    GPU usage:    `conda install pynvml` for GPU usage
2025-05-15 04:52:25,869 kilosort.clustering_qr DEBUG    GPU memory:   24.52 %     |      9.69   /    39.50 GB
2025-05-15 04:52:25,869 kilosort.clustering_qr DEBUG    Allocated:     0.03 %     |      0.01   /    39.50 GB
2025-05-15 04:52:25,869 kilosort.clustering_qr DEBUG    Max alloc:     8.31 %     |      3.28   /    39.50 GB
2025-05-15 04:52:25,869 kilosort.clustering_qr DEBUG    ********************************************************
2025-05-15 04:52:25,871 kilosort.clustering_qr DEBUG    Center 60 | nsp: 2613 | ntemp: 5
2025-05-15 04:52:26,241 kilosort.clustering_qr DEBUG    Center 61 | nsp: 1393 | ntemp: 2
2025-05-15 04:52:26,485 kilosort.clustering_qr DEBUG    Center 62 | nsp: 2158 | ntemp: 2
2025-05-15 04:52:26,845 kilosort.clustering_qr DEBUG    Center 63 | nsp: 5635 | ntemp: 6
2025-05-15 04:52:27,221 kilosort.clustering_qr DEBUG    Center 64 | nsp: 4114 | ntemp: 4
2025-05-15 04:52:27,475 kilosort.clustering_qr DEBUG    Center 65 | nsp: 3609 | ntemp: 2
2025-05-15 04:52:27,723 kilosort.clustering_qr DEBUG    Center 66 | nsp: 1620 | ntemp: 1
2025-05-15 04:52:28,096 kilosort.clustering_qr DEBUG    Center 67 | nsp: 1201 | ntemp: 1
2025-05-15 04:52:28,339 kilosort.clustering_qr DEBUG    Center 68 | nsp: 1572 | ntemp: 1
2025-05-15 04:52:28,584 kilosort.clustering_qr DEBUG    Center 69 | nsp: 883 | ntemp: 1
2025-05-15 04:52:28,584 kilosort.clustering_qr DEBUG     
2025-05-15 04:52:28,584 kilosort.clustering_qr DEBUG    Cluster center: 70 of 96
2025-05-15 04:52:28,584 kilosort.clustering_qr DEBUG    ********************************************************
2025-05-15 04:52:28,585 kilosort.clustering_qr DEBUG    CPU usage:    15.90 %
2025-05-15 04:52:28,585 kilosort.clustering_qr DEBUG    Memory:        8.67 %     |     65.42   /   754.60 GB
2025-05-15 04:52:28,585 kilosort.clustering_qr DEBUG    ------------------------------------------------------
2025-05-15 04:52:28,585 kilosort.clustering_qr DEBUG    GPU usage:    `conda install pynvml` for GPU usage
2025-05-15 04:52:28,585 kilosort.clustering_qr DEBUG    GPU memory:   24.52 %     |      9.69   /    39.50 GB
2025-05-15 04:52:28,585 kilosort.clustering_qr DEBUG    Allocated:     0.03 %     |      0.01   /    39.50 GB
2025-05-15 04:52:28,585 kilosort.clustering_qr DEBUG    Max alloc:     8.31 %     |      3.28   /    39.50 GB
2025-05-15 04:52:28,585 kilosort.clustering_qr DEBUG    ********************************************************
2025-05-15 04:52:28,586 kilosort.clustering_qr DEBUG    Center 70 | nsp: 961 | ntemp: 1
2025-05-15 04:52:28,587 kilosort.clustering_qr DEBUG    Center 71 | nsp: 867 | ntemp: 2
2025-05-15 04:52:28,588 kilosort.clustering_qr DEBUG    Center 72 | nsp: 0 | ntemp: 0
2025-05-15 04:52:28,589 kilosort.clustering_qr DEBUG    Center 73 | nsp: 131 | ntemp: 1
2025-05-15 04:52:28,590 kilosort.clustering_qr DEBUG    Center 74 | nsp: 135 | ntemp: 1
2025-05-15 04:52:28,591 kilosort.clustering_qr DEBUG    Center 75 | nsp: 432 | ntemp: 1
2025-05-15 04:52:28,592 kilosort.clustering_qr DEBUG    Center 76 | nsp: 187 | ntemp: 1
2025-05-15 04:52:28,593 kilosort.clustering_qr DEBUG    Center 77 | nsp: 631 | ntemp: 1
2025-05-15 04:52:28,594 kilosort.clustering_qr DEBUG    Center 78 | nsp: 323 | ntemp: 1
2025-05-15 04:52:28,595 kilosort.clustering_qr DEBUG    Center 79 | nsp: 100 | ntemp: 1
2025-05-15 04:52:28,595 kilosort.clustering_qr DEBUG     
2025-05-15 04:52:28,595 kilosort.clustering_qr DEBUG    Cluster center: 80 of 96
2025-05-15 04:52:28,595 kilosort.clustering_qr DEBUG    ********************************************************
2025-05-15 04:52:28,596 kilosort.clustering_qr DEBUG    CPU usage:    37.50 %
2025-05-15 04:52:28,596 kilosort.clustering_qr DEBUG    Memory:        8.67 %     |     65.42   /   754.60 GB
2025-05-15 04:52:28,596 kilosort.clustering_qr DEBUG    ------------------------------------------------------
2025-05-15 04:52:28,596 kilosort.clustering_qr DEBUG    GPU usage:    `conda install pynvml` for GPU usage
2025-05-15 04:52:28,596 kilosort.clustering_qr DEBUG    GPU memory:   24.52 %     |      9.69   /    39.50 GB
2025-05-15 04:52:28,596 kilosort.clustering_qr DEBUG    Allocated:     0.03 %     |      0.01   /    39.50 GB
2025-05-15 04:52:28,597 kilosort.clustering_qr DEBUG    Max alloc:     8.31 %     |      3.28   /    39.50 GB
2025-05-15 04:52:28,597 kilosort.clustering_qr DEBUG    ********************************************************
2025-05-15 04:52:28,598 kilosort.clustering_qr DEBUG    Center 80 | nsp: 136 | ntemp: 1
2025-05-15 04:52:28,599 kilosort.clustering_qr DEBUG    Center 81 | nsp: 117 | ntemp: 1
2025-05-15 04:52:28,600 kilosort.clustering_qr DEBUG    Center 82 | nsp: 92 | ntemp: 1
2025-05-15 04:52:28,601 kilosort.clustering_qr DEBUG    Center 83 | nsp: 433 | ntemp: 2
2025-05-15 04:52:28,602 kilosort.clustering_qr DEBUG    Center 84 | nsp: 0 | ntemp: 0
2025-05-15 04:52:28,602 kilosort.clustering_qr DEBUG    Center 85 | nsp: 8 | ntemp: 1
2025-05-15 04:52:28,603 kilosort.clustering_qr DEBUG    Center 86 | nsp: 279 | ntemp: 1
2025-05-15 04:52:28,604 kilosort.clustering_qr DEBUG    Center 87 | nsp: 179 | ntemp: 1
2025-05-15 04:52:28,605 kilosort.clustering_qr DEBUG    Center 88 | nsp: 0 | ntemp: 0
2025-05-15 04:52:28,606 kilosort.clustering_qr DEBUG    Center 89 | nsp: 431 | ntemp: 2
2025-05-15 04:52:28,606 kilosort.clustering_qr DEBUG     
2025-05-15 04:52:28,606 kilosort.clustering_qr DEBUG    Cluster center: 90 of 96
2025-05-15 04:52:28,606 kilosort.clustering_qr DEBUG    ********************************************************
2025-05-15 04:52:28,606 kilosort.clustering_qr DEBUG    CPU usage:    35.90 %
2025-05-15 04:52:28,606 kilosort.clustering_qr DEBUG    Memory:        8.67 %     |     65.42   /   754.60 GB
2025-05-15 04:52:28,606 kilosort.clustering_qr DEBUG    ------------------------------------------------------
2025-05-15 04:52:28,606 kilosort.clustering_qr DEBUG    GPU usage:    `conda install pynvml` for GPU usage
2025-05-15 04:52:28,606 kilosort.clustering_qr DEBUG    GPU memory:   24.52 %     |      9.69   /    39.50 GB
2025-05-15 04:52:28,607 kilosort.clustering_qr DEBUG    Allocated:     0.03 %     |      0.01   /    39.50 GB
2025-05-15 04:52:28,607 kilosort.clustering_qr DEBUG    Max alloc:     8.31 %     |      3.28   /    39.50 GB
2025-05-15 04:52:28,607 kilosort.clustering_qr DEBUG    ********************************************************
2025-05-15 04:52:28,607 kilosort.clustering_qr DEBUG    Center 90 | nsp: 1 | ntemp: 1
2025-05-15 04:52:28,608 kilosort.clustering_qr DEBUG    Center 91 | nsp: 0 | ntemp: 0
2025-05-15 04:52:28,608 kilosort.clustering_qr DEBUG    Center 92 | nsp: 0 | ntemp: 0
2025-05-15 04:52:28,609 kilosort.clustering_qr DEBUG    Center 93 | nsp: 268 | ntemp: 2
2025-05-15 04:52:28,610 kilosort.clustering_qr DEBUG    Center 94 | nsp: 839 | ntemp: 1
2025-05-15 04:52:28,611 kilosort.clustering_qr DEBUG    Center 95 | nsp: 978 | ntemp: 1
2025-05-15 04:52:28,618 kilosort.run_kilosort INFO     124 clusters found, in  8.89s; total  36.48s
2025-05-15 04:52:28,622 kilosort.run_kilosort DEBUG    clu shape: (70770,)
2025-05-15 04:52:28,622 kilosort.run_kilosort DEBUG    Wall shape: torch.Size([124, 374, 6])
2025-05-15 04:52:28,622 kilosort.run_kilosort INFO      
2025-05-15 04:52:28,623 kilosort.run_kilosort INFO     Merging clusters
2025-05-15 04:52:28,623 kilosort.run_kilosort INFO     ----------------------------------------
2025-05-15 04:52:28,696 kilosort.run_kilosort INFO     115 units found, in  0.07s; total  36.56s
2025-05-15 04:52:28,697 kilosort.run_kilosort DEBUG    clu shape: (70770,)
2025-05-15 04:52:28,697 kilosort.run_kilosort DEBUG    Wall shape: torch.Size([115, 374, 6])
2025-05-15 04:52:28,772 kilosort.run_kilosort INFO      
2025-05-15 04:52:28,772 kilosort.run_kilosort INFO     Resource usage after clustering
2025-05-15 04:52:28,772 kilosort.run_kilosort INFO     ********************************************************
2025-05-15 04:52:28,773 kilosort.run_kilosort INFO     CPU usage:    14.00 %
2025-05-15 04:52:28,774 kilosort.run_kilosort INFO     Memory:        8.67 %     |     65.42   /   754.60 GB
2025-05-15 04:52:28,774 kilosort.run_kilosort INFO     ------------------------------------------------------
2025-05-15 04:52:28,774 kilosort.run_kilosort INFO     GPU usage:    `conda install pynvml` for GPU usage
2025-05-15 04:52:28,775 kilosort.run_kilosort INFO     GPU memory:   24.52 %     |      9.69   /    39.50 GB
2025-05-15 04:52:28,775 kilosort.run_kilosort INFO     Allocated:     0.03 %     |      0.01   /    39.50 GB
2025-05-15 04:52:28,776 kilosort.run_kilosort INFO     Max alloc:     8.31 %     |      3.28   /    39.50 GB
2025-05-15 04:52:28,776 kilosort.run_kilosort INFO     ********************************************************
2025-05-15 04:52:28,777 kilosort.run_kilosort DEBUG    

|===========================================================================|
|                  PyTorch CUDA memory summary, device ID 0                 |
|---------------------------------------------------------------------------|
|            CUDA OOMs: 0            |        cudaMalloc retries: 0         |
|===========================================================================|
|        Metric         | Cur Usage  | Peak Usage | Tot Alloc  | Tot Freed  |
|---------------------------------------------------------------------------|
| Allocated memory      |  11185 KiB |   3360 MiB |   5553 GiB |   5553 GiB |
|---------------------------------------------------------------------------|
| Active memory         |  11185 KiB |   3360 MiB |   5553 GiB |   5553 GiB |
|---------------------------------------------------------------------------|
| Requested memory      |  11182 KiB |   3359 MiB |   5551 GiB |   5551 GiB |
|---------------------------------------------------------------------------|
| GPU reserved memory   |   5226 MiB |   5226 MiB |   5226 MiB |      0 B   |
|---------------------------------------------------------------------------|
| Non-releasable memory |  37967 KiB |   1749 MiB |   2826 GiB |   2826 GiB |
|---------------------------------------------------------------------------|
| Allocations           |      12    |      45    |  517934    |  517922    |
|---------------------------------------------------------------------------|
| Active allocs         |      12    |      45    |  517934    |  517922    |
|---------------------------------------------------------------------------|
| GPU reserved segments |      18    |      18    |      18    |       0    |
|---------------------------------------------------------------------------|
| Non-releasable allocs |       9    |      23    |  225722    |  225713    |
|---------------------------------------------------------------------------|
| Oversize allocations  |       0    |       0    |       0    |       0    |
|---------------------------------------------------------------------------|
| Oversize GPU segments |       0    |       0    |       0    |       0    |
|===========================================================================|


2025-05-15 04:52:28,777 kilosort.run_kilosort INFO      
2025-05-15 04:52:28,777 kilosort.run_kilosort INFO     Saving to phy and computing refractory periods
2025-05-15 04:52:28,778 kilosort.run_kilosort INFO     ----------------------------------------
2025-05-15 04:52:29,345 kilosort.run_kilosort INFO     29 units found with good refractory periods
2025-05-15 04:52:29,346 kilosort.run_kilosort INFO     Total runtime: 37.21s = 00:00:37 h:m:s
2025-05-15 04:52:29,358 kilosort.run_kilosort INFO     Sorting output saved in: /home/lss72/palmer_scratch/spike_sort/c24/kilosort4.
2025-05-15 04:52:29,359 kilosort.run_kilosort INFO      
2025-05-15 04:52:29,359 kilosort.run_kilosort INFO     Resource usage after saving
2025-05-15 04:52:29,359 kilosort.run_kilosort INFO     ********************************************************
2025-05-15 04:52:29,360 kilosort.run_kilosort INFO     CPU usage:    17.80 %
2025-05-15 04:52:29,360 kilosort.run_kilosort INFO     Memory:        8.68 %     |     65.47   /   754.60 GB
2025-05-15 04:52:29,361 kilosort.run_kilosort INFO     ------------------------------------------------------
2025-05-15 04:52:29,361 kilosort.run_kilosort INFO     GPU usage:    `conda install pynvml` for GPU usage
2025-05-15 04:52:29,362 kilosort.run_kilosort INFO     GPU memory:   24.52 %     |      9.69   /    39.50 GB
2025-05-15 04:52:29,362 kilosort.run_kilosort INFO     Allocated:     0.03 %     |      0.01   /    39.50 GB
2025-05-15 04:52:29,362 kilosort.run_kilosort INFO     Max alloc:     8.31 %     |      3.28   /    39.50 GB
2025-05-15 04:52:29,363 kilosort.run_kilosort INFO     ********************************************************
2025-05-15 04:52:29,364 kilosort.run_kilosort DEBUG    

|===========================================================================|
|                  PyTorch CUDA memory summary, device ID 0                 |
|---------------------------------------------------------------------------|
|            CUDA OOMs: 0            |        cudaMalloc retries: 0         |
|===========================================================================|
|        Metric         | Cur Usage  | Peak Usage | Tot Alloc  | Tot Freed  |
|---------------------------------------------------------------------------|
| Allocated memory      |  11185 KiB |   3360 MiB |   5553 GiB |   5553 GiB |
|---------------------------------------------------------------------------|
| Active memory         |  11185 KiB |   3360 MiB |   5553 GiB |   5553 GiB |
|---------------------------------------------------------------------------|
| Requested memory      |  11182 KiB |   3359 MiB |   5551 GiB |   5551 GiB |
|---------------------------------------------------------------------------|
| GPU reserved memory   |   5226 MiB |   5226 MiB |   5226 MiB |      0 B   |
|---------------------------------------------------------------------------|
| Non-releasable memory |  37967 KiB |   1749 MiB |   2826 GiB |   2826 GiB |
|---------------------------------------------------------------------------|
| Allocations           |      12    |      45    |  519588    |  519576    |
|---------------------------------------------------------------------------|
| Active allocs         |      12    |      45    |  519588    |  519576    |
|---------------------------------------------------------------------------|
| GPU reserved segments |      18    |      18    |      18    |       0    |
|---------------------------------------------------------------------------|
| Non-releasable allocs |       9    |      23    |  226426    |  226417    |
|---------------------------------------------------------------------------|
| Oversize allocations  |       0    |       0    |       0    |       0    |
|---------------------------------------------------------------------------|
| Oversize GPU segments |       0    |       0    |       0    |       0    |
|===========================================================================|


