2025-05-08 19:52:57,906 kilosort.run_kilosort INFO     Kilosort version 4.0.25
2025-05-08 19:52:57,914 kilosort.run_kilosort INFO     Python version 3.9.21
2025-05-08 19:52:57,914 kilosort.run_kilosort INFO     ----------------------------------------
2025-05-08 19:52:57,914 kilosort.run_kilosort INFO     System information:
2025-05-08 19:52:57,915 kilosort.run_kilosort INFO     Linux-4.18.0-477.74.1.el8_8.x86_64-x86_64-with-glibc2.28 x86_64
2025-05-08 19:52:57,915 kilosort.run_kilosort INFO     x86_64
2025-05-08 19:52:57,915 kilosort.run_kilosort INFO     Using GPU for PyTorch computations. Specify `device` to change this.
2025-05-08 19:52:57,916 kilosort.run_kilosort INFO     Using CUDA device: NVIDIA A100-PCIE-40GB 39.50GB
2025-05-08 19:52:57,916 kilosort.run_kilosort INFO     ----------------------------------------
2025-05-08 19:52:57,916 kilosort.run_kilosort INFO     Sorting /home/lss72/palmer_scratch/spike_sort/2014_11_13_Pair_3_0
2025-05-08 19:52:57,917 kilosort.run_kilosort DEBUG    Initial ops:

ops = {
    'n_chan_bin': 32,
    'fs': 30000,
    'batch_size': 60000,
    'nblocks': 1,
    'Th_universal': 9,
    'Th_learned': 8,
    'tmin': 0,
    'tmax': 60,
    'nt': 61,
    'shift': None,
    'scale': None,
    'artifact_threshold': inf,
    'nskip': 25,
    'whitening_range': 32,
    'highpass_cutoff': 300,
    'binning_depth': 5,
    'sig_interp': 20,
    'drift_smoothing': [0.5, 0.5, 0.5],
    'nt0min': 20,
    'dmin': None,
    'dminx': 32,
    'min_template_size': 10,
    'template_sizes': 5,
    'nearest_chans': 10,
    'nearest_templates': 100,
    'max_channel_distance': 32,
    'max_peels': 100,
    'templates_from_data': True,
    'n_templates': 6,
    'n_pcs': 6,
    'Th_single_ch': 6,
    'acg_threshold': 0.2,
    'ccg_threshold': 0.25,
    'cluster_downsampling': 20,
    'x_centers': None,
    'duplicate_spike_ms': 0.25,
    'position_limit': 100,
    'data_dir': PosixPath('/home/lss72/palmer_scratch/spike_sort'),
    'filename': PosixPath('/home/lss72/palmer_scratch/spike_sort/2014_11_13_Pair_3_0'),
    'data_dtype': dtype('uint16'),
    'do_CAR': True,
    'invert_sign': False,
    'NTbuff': 60122,
    'Nchan': 32,
    'duplicate_spike_bins': 7,
    'torch_device': 'cuda',
    'save_preprocessed_copy': False
}

2025-05-08 19:52:57,919 kilosort.run_kilosort DEBUG    Probe dictionary:

probe = {
    'chanMap': np.array([ 0,  1,  2,  3,  4,  5,  6,  7,  8,  9, 10, 11, 12, 13, 14, 15, 16,
       17, 18, 19, 20, 21, 22, 23, 24, 25, 26, 27, 28, 29, 30, 31]),
    'xc': np.array([25.5, 25.5, 43.5, 43.5, 43.5, 43.5, 43.5, 43.5, 25.5, 25.5, 43.5,
       43.5, 43.5, 43.5, 25.5, 25.5, 25.5, 25.5,  7.5,  7.5,  7.5,  7.5,
       25.5, 25.5,  7.5,  7.5,  7.5,  7.5,  7.5,  7.5, 25.5, 25.5],
      dtype=np.float32),
    'yc': np.array([282.5, 232.5,  20. ,  45. ,  95. , 145. , 195. , 245. ,  82.5,
        32.5, 220. , 170. , 120. ,  70. , 132.5, 182.5, 157.5, 107.5,
        70. , 120. , 170. , 220. ,   7.5,  57.5, 245. , 195. , 145. ,
        95. ,  45. ,  20. , 207.5, 257.5], dtype=np.float32),
    'kcoords': np.array([0., 0., 0., 0., 0., 0., 0., 0., 0., 0., 0., 0., 0., 0., 0., 0., 0.,
       0., 0., 0., 0., 0., 0., 0., 0., 0., 0., 0., 0., 0., 0., 0.]),
    'n_chan': 32
}

2025-05-08 19:52:57,919 kilosort.run_kilosort INFO      
2025-05-08 19:52:57,920 kilosort.run_kilosort INFO     Computing preprocessing variables.
2025-05-08 19:52:57,920 kilosort.run_kilosort INFO     ----------------------------------------
2025-05-08 19:52:57,922 kilosort.run_kilosort INFO     N samples: 1800000
2025-05-08 19:52:57,922 kilosort.run_kilosort INFO     N seconds: 60.0
2025-05-08 19:52:57,922 kilosort.run_kilosort INFO     N batches: 30
2025-05-08 19:52:57,964 kilosort.run_kilosort INFO     Preprocessing filters computed in  0.04s; total  0.05s
2025-05-08 19:52:57,964 kilosort.run_kilosort DEBUG    hp_filter shape: torch.Size([30122])
2025-05-08 19:52:57,964 kilosort.run_kilosort DEBUG    whiten_mat shape: torch.Size([32, 32])
2025-05-08 19:52:57,964 kilosort.run_kilosort INFO      
2025-05-08 19:52:57,965 kilosort.run_kilosort INFO     Resource usage after preprocessing
2025-05-08 19:52:57,965 kilosort.run_kilosort INFO     ********************************************************
2025-05-08 19:52:57,965 kilosort.run_kilosort INFO     CPU usage:     9.10 %
2025-05-08 19:52:57,966 kilosort.run_kilosort INFO     Memory:       13.88 %     |    104.73   /   754.60 GB
2025-05-08 19:52:57,966 kilosort.run_kilosort INFO     ------------------------------------------------------
2025-05-08 19:52:57,967 kilosort.run_kilosort INFO     GPU usage:    `conda install pynvml` for GPU usage
2025-05-08 19:52:57,967 kilosort.run_kilosort INFO     GPU memory:    2.56 %     |      1.01   /    39.50 GB
2025-05-08 19:52:57,968 kilosort.run_kilosort INFO     Allocated:     0.02 %     |      0.01   /    39.50 GB
2025-05-08 19:52:57,968 kilosort.run_kilosort INFO     Max alloc:     0.75 %     |      0.30   /    39.50 GB
2025-05-08 19:52:57,968 kilosort.run_kilosort INFO     ********************************************************
2025-05-08 19:52:57,981 kilosort.run_kilosort INFO      
2025-05-08 19:52:57,982 kilosort.run_kilosort INFO     Computing drift correction.
2025-05-08 19:52:57,982 kilosort.run_kilosort INFO     ----------------------------------------
2025-05-08 19:52:57,982 kilosort.spikedetect INFO     Re-computing universal templates from data.
2025-05-08 19:52:58,122 kilosort.spikedetect INFO     Number of universal templates: 135
2025-05-08 19:52:58,124 kilosort.spikedetect INFO     Detecting spikes...
2025-05-08 19:52:58,126 kilosort.spikedetect DEBUG     
2025-05-08 19:52:58,126 kilosort.spikedetect DEBUG    Batch 0
2025-05-08 19:52:58,126 kilosort.spikedetect DEBUG    ********************************************************
2025-05-08 19:52:58,126 kilosort.spikedetect DEBUG    CPU usage:    30.80 %
2025-05-08 19:52:58,126 kilosort.spikedetect DEBUG    Memory:       13.88 %     |    104.74   /   754.60 GB
2025-05-08 19:52:58,126 kilosort.spikedetect DEBUG    ------------------------------------------------------
2025-05-08 19:52:58,126 kilosort.spikedetect DEBUG    GPU usage:    `conda install pynvml` for GPU usage
2025-05-08 19:52:58,126 kilosort.spikedetect DEBUG    GPU memory:    2.56 %     |      1.01   /    39.50 GB
2025-05-08 19:52:58,127 kilosort.spikedetect DEBUG    Allocated:     0.02 %     |      0.01   /    39.50 GB
2025-05-08 19:52:58,127 kilosort.spikedetect DEBUG    Max alloc:     0.75 %     |      0.30   /    39.50 GB
2025-05-08 19:52:58,127 kilosort.spikedetect DEBUG    ********************************************************
2025-05-08 19:52:59,070 kilosort.spikedetect DEBUG     
2025-05-08 19:52:59,071 kilosort.spikedetect DEBUG    Batch 29
2025-05-08 19:52:59,071 kilosort.spikedetect DEBUG    ********************************************************
2025-05-08 19:52:59,071 kilosort.spikedetect DEBUG    CPU usage:    13.30 %
2025-05-08 19:52:59,071 kilosort.spikedetect DEBUG    Memory:       13.78 %     |    104.01   /   754.60 GB
2025-05-08 19:52:59,071 kilosort.spikedetect DEBUG    ------------------------------------------------------
2025-05-08 19:52:59,071 kilosort.spikedetect DEBUG    GPU usage:    `conda install pynvml` for GPU usage
2025-05-08 19:52:59,071 kilosort.spikedetect DEBUG    GPU memory:    2.56 %     |      1.01   /    39.50 GB
2025-05-08 19:52:59,071 kilosort.spikedetect DEBUG    Allocated:     0.04 %     |      0.02   /    39.50 GB
2025-05-08 19:52:59,072 kilosort.spikedetect DEBUG    Max alloc:     0.75 %     |      0.30   /    39.50 GB
2025-05-08 19:52:59,072 kilosort.spikedetect DEBUG    ********************************************************
2025-05-08 19:52:59,144 kilosort.run_kilosort INFO     drift computed in  1.16s; total  1.23s
2025-05-08 19:52:59,148 kilosort.run_kilosort DEBUG    st shape: (11774, 6)
2025-05-08 19:52:59,148 kilosort.run_kilosort DEBUG    yblk shape: (1,)
2025-05-08 19:52:59,148 kilosort.run_kilosort DEBUG    dshift shape: (30, 1)
2025-05-08 19:52:59,148 kilosort.run_kilosort DEBUG    iKxx shape: torch.Size([32, 32])
2025-05-08 19:52:59,148 kilosort.run_kilosort INFO      
2025-05-08 19:52:59,148 kilosort.run_kilosort INFO     Resource usage after drift correction
2025-05-08 19:52:59,149 kilosort.run_kilosort INFO     ********************************************************
2025-05-08 19:52:59,149 kilosort.run_kilosort INFO     CPU usage:    15.60 %
2025-05-08 19:52:59,150 kilosort.run_kilosort INFO     Memory:       13.78 %     |    104.01   /   754.60 GB
2025-05-08 19:52:59,150 kilosort.run_kilosort INFO     ------------------------------------------------------
2025-05-08 19:52:59,150 kilosort.run_kilosort INFO     GPU usage:    `conda install pynvml` for GPU usage
2025-05-08 19:52:59,150 kilosort.run_kilosort INFO     GPU memory:    2.56 %     |      1.01   /    39.50 GB
2025-05-08 19:52:59,151 kilosort.run_kilosort INFO     Allocated:     0.02 %     |      0.01   /    39.50 GB
2025-05-08 19:52:59,152 kilosort.run_kilosort INFO     Max alloc:     0.75 %     |      0.30   /    39.50 GB
2025-05-08 19:52:59,152 kilosort.run_kilosort INFO     ********************************************************
2025-05-08 19:52:59,153 kilosort.run_kilosort DEBUG    

|===========================================================================|
|                  PyTorch CUDA memory summary, device ID 0                 |
|---------------------------------------------------------------------------|
|            CUDA OOMs: 0            |        cudaMalloc retries: 0         |
|===========================================================================|
|        Metric         | Cur Usage  | Peak Usage | Tot Alloc  | Tot Freed  |
|---------------------------------------------------------------------------|
| Allocated memory      |   8867 KiB | 311191 KiB |   1107 GiB |   1107 GiB |
|---------------------------------------------------------------------------|
| Active memory         |   8867 KiB | 311191 KiB |   1107 GiB |   1107 GiB |
|---------------------------------------------------------------------------|
| Requested memory      |   8864 KiB | 310296 KiB |   1096 GiB |   1096 GiB |
|---------------------------------------------------------------------------|
| GPU reserved memory   | 479232 KiB | 479232 KiB | 479232 KiB |      0 B   |
|---------------------------------------------------------------------------|
| Non-releasable memory |  13660 KiB | 184425 KiB | 643908 MiB | 643895 MiB |
|---------------------------------------------------------------------------|
| Allocations           |      20    |      56    |  280226    |  280206    |
|---------------------------------------------------------------------------|
| Active allocs         |      20    |      56    |  280226    |  280206    |
|---------------------------------------------------------------------------|
| GPU reserved segments |      14    |      14    |      14    |       0    |
|---------------------------------------------------------------------------|
| Non-releasable allocs |      10    |      26    |  123110    |  123100    |
|---------------------------------------------------------------------------|
| Oversize allocations  |       0    |       0    |       0    |       0    |
|---------------------------------------------------------------------------|
| Oversize GPU segments |       0    |       0    |       0    |       0    |
|===========================================================================|


2025-05-08 19:52:59,160 kilosort.run_kilosort DEBUG    First batch min, max: (-20.950747, 14.003241)
2025-05-08 19:52:59,160 kilosort.run_kilosort INFO      
2025-05-08 19:52:59,160 kilosort.run_kilosort INFO     Extracting spikes using templates
2025-05-08 19:52:59,160 kilosort.run_kilosort INFO     ----------------------------------------
2025-05-08 19:52:59,161 kilosort.spikedetect INFO     Re-computing universal templates from data.
2025-05-08 19:52:59,301 kilosort.spikedetect INFO     Number of universal templates: 135
2025-05-08 19:52:59,304 kilosort.spikedetect INFO     Detecting spikes...
2025-05-08 19:52:59,305 kilosort.spikedetect DEBUG     
2025-05-08 19:52:59,305 kilosort.spikedetect DEBUG    Batch 0
2025-05-08 19:52:59,305 kilosort.spikedetect DEBUG    ********************************************************
2025-05-08 19:52:59,306 kilosort.spikedetect DEBUG    CPU usage:    32.40 %
2025-05-08 19:52:59,306 kilosort.spikedetect DEBUG    Memory:       13.81 %     |    104.20   /   754.60 GB
2025-05-08 19:52:59,306 kilosort.spikedetect DEBUG    ------------------------------------------------------
2025-05-08 19:52:59,306 kilosort.spikedetect DEBUG    GPU usage:    `conda install pynvml` for GPU usage
2025-05-08 19:52:59,306 kilosort.spikedetect DEBUG    GPU memory:    2.56 %     |      1.01   /    39.50 GB
2025-05-08 19:52:59,306 kilosort.spikedetect DEBUG    Allocated:     0.02 %     |      0.01   /    39.50 GB
2025-05-08 19:52:59,306 kilosort.spikedetect DEBUG    Max alloc:     0.75 %     |      0.30   /    39.50 GB
2025-05-08 19:52:59,306 kilosort.spikedetect DEBUG    ********************************************************
2025-05-08 19:53:00,179 kilosort.spikedetect DEBUG     
2025-05-08 19:53:00,179 kilosort.spikedetect DEBUG    Batch 29
2025-05-08 19:53:00,179 kilosort.spikedetect DEBUG    ********************************************************
2025-05-08 19:53:00,180 kilosort.spikedetect DEBUG    CPU usage:    13.20 %
2025-05-08 19:53:00,180 kilosort.spikedetect DEBUG    Memory:       14.03 %     |    105.88   /   754.60 GB
2025-05-08 19:53:00,180 kilosort.spikedetect DEBUG    ------------------------------------------------------
2025-05-08 19:53:00,180 kilosort.spikedetect DEBUG    GPU usage:    `conda install pynvml` for GPU usage
2025-05-08 19:53:00,180 kilosort.spikedetect DEBUG    GPU memory:    2.56 %     |      1.01   /    39.50 GB
2025-05-08 19:53:00,180 kilosort.spikedetect DEBUG    Allocated:     0.04 %     |      0.02   /    39.50 GB
2025-05-08 19:53:00,180 kilosort.spikedetect DEBUG    Max alloc:     0.75 %     |      0.30   /    39.50 GB
2025-05-08 19:53:00,180 kilosort.spikedetect DEBUG    ********************************************************
2025-05-08 19:53:00,180 kilosort.run_kilosort INFO     11829 spikes extracted in  1.02s; total  2.26s
2025-05-08 19:53:00,181 kilosort.run_kilosort DEBUG    st0 shape: (11829, 6)
2025-05-08 19:53:00,181 kilosort.run_kilosort DEBUG    tF shape: torch.Size([11829, 10, 6])
2025-05-08 19:53:00,181 kilosort.run_kilosort INFO      
2025-05-08 19:53:00,181 kilosort.run_kilosort INFO     First clustering
2025-05-08 19:53:00,181 kilosort.run_kilosort INFO     ----------------------------------------
2025-05-08 19:53:00,188 kilosort.clustering_qr DEBUG     
2025-05-08 19:53:00,188 kilosort.clustering_qr DEBUG    Cluster center: 0 of 12
2025-05-08 19:53:00,188 kilosort.clustering_qr DEBUG    ********************************************************
2025-05-08 19:53:00,188 kilosort.clustering_qr DEBUG    CPU usage:    20.00 %
2025-05-08 19:53:00,188 kilosort.clustering_qr DEBUG    Memory:       14.03 %     |    105.90   /   754.60 GB
2025-05-08 19:53:00,188 kilosort.clustering_qr DEBUG    ------------------------------------------------------
2025-05-08 19:53:00,188 kilosort.clustering_qr DEBUG    GPU usage:    `conda install pynvml` for GPU usage
2025-05-08 19:53:00,188 kilosort.clustering_qr DEBUG    GPU memory:    2.56 %     |      1.01   /    39.50 GB
2025-05-08 19:53:00,188 kilosort.clustering_qr DEBUG    Allocated:     0.02 %     |      0.01   /    39.50 GB
2025-05-08 19:53:00,189 kilosort.clustering_qr DEBUG    Max alloc:     0.75 %     |      0.30   /    39.50 GB
2025-05-08 19:53:00,189 kilosort.clustering_qr DEBUG    ********************************************************
2025-05-08 19:53:00,191 kilosort.clustering_qr DEBUG    Center 0 | nsp: 1455 | ntemp: 12
2025-05-08 19:53:00,555 kilosort.clustering_qr DEBUG    Center 1 | nsp: 1490 | ntemp: 12
2025-05-08 19:53:00,915 kilosort.clustering_qr DEBUG    Center 2 | nsp: 1013 | ntemp: 12
2025-05-08 19:53:01,258 kilosort.clustering_qr DEBUG    Center 3 | nsp: 1538 | ntemp: 12
2025-05-08 19:53:01,604 kilosort.clustering_qr DEBUG    Center 4 | nsp: 362 | ntemp: 12
2025-05-08 19:53:01,606 kilosort.clustering_qr DEBUG    Center 5 | nsp: 803 | ntemp: 12
2025-05-08 19:53:01,608 kilosort.clustering_qr DEBUG    Center 6 | nsp: 434 | ntemp: 12
2025-05-08 19:53:01,611 kilosort.clustering_qr DEBUG    Center 7 | nsp: 1350 | ntemp: 12
2025-05-08 19:53:01,983 kilosort.clustering_qr DEBUG    Center 8 | nsp: 975 | ntemp: 12
2025-05-08 19:53:01,986 kilosort.clustering_qr DEBUG    Center 9 | nsp: 901 | ntemp: 12
2025-05-08 19:53:01,986 kilosort.clustering_qr DEBUG     
2025-05-08 19:53:01,986 kilosort.clustering_qr DEBUG    Cluster center: 10 of 12
2025-05-08 19:53:01,986 kilosort.clustering_qr DEBUG    ********************************************************
2025-05-08 19:53:01,986 kilosort.clustering_qr DEBUG    CPU usage:    22.00 %
2025-05-08 19:53:01,986 kilosort.clustering_qr DEBUG    Memory:       14.15 %     |    106.76   /   754.60 GB
2025-05-08 19:53:01,986 kilosort.clustering_qr DEBUG    ------------------------------------------------------
2025-05-08 19:53:01,986 kilosort.clustering_qr DEBUG    GPU usage:    `conda install pynvml` for GPU usage
2025-05-08 19:53:01,986 kilosort.clustering_qr DEBUG    GPU memory:    2.56 %     |      1.01   /    39.50 GB
2025-05-08 19:53:01,987 kilosort.clustering_qr DEBUG    Allocated:     0.02 %     |      0.01   /    39.50 GB
2025-05-08 19:53:01,987 kilosort.clustering_qr DEBUG    Max alloc:     0.75 %     |      0.30   /    39.50 GB
2025-05-08 19:53:01,987 kilosort.clustering_qr DEBUG    ********************************************************
2025-05-08 19:53:01,989 kilosort.clustering_qr DEBUG    Center 10 | nsp: 929 | ntemp: 12
2025-05-08 19:53:01,990 kilosort.clustering_qr DEBUG    Center 11 | nsp: 579 | ntemp: 3
2025-05-08 19:53:02,012 kilosort.run_kilosort INFO     27 clusters found, in  1.83s; total  4.09s
2025-05-08 19:53:02,012 kilosort.run_kilosort DEBUG    clu shape: (11829,)
2025-05-08 19:53:02,012 kilosort.run_kilosort DEBUG    Wall shape: torch.Size([27, 32, 6])
2025-05-08 19:53:02,012 kilosort.run_kilosort INFO      
2025-05-08 19:53:02,012 kilosort.run_kilosort INFO     Extracting spikes using cluster waveforms
2025-05-08 19:53:02,013 kilosort.run_kilosort INFO     ----------------------------------------
2025-05-08 19:53:02,039 kilosort.template_matching DEBUG     
2025-05-08 19:53:02,039 kilosort.template_matching DEBUG    Batch 0
2025-05-08 19:53:02,039 kilosort.template_matching DEBUG    ********************************************************
2025-05-08 19:53:02,039 kilosort.template_matching DEBUG    CPU usage:    20.60 %
2025-05-08 19:53:02,040 kilosort.template_matching DEBUG    Memory:       14.20 %     |    107.12   /   754.60 GB
2025-05-08 19:53:02,040 kilosort.template_matching DEBUG    ------------------------------------------------------
2025-05-08 19:53:02,040 kilosort.template_matching DEBUG    GPU usage:    `conda install pynvml` for GPU usage
2025-05-08 19:53:02,040 kilosort.template_matching DEBUG    GPU memory:    2.56 %     |      1.01   /    39.50 GB
2025-05-08 19:53:02,040 kilosort.template_matching DEBUG    Allocated:     0.02 %     |      0.01   /    39.50 GB
2025-05-08 19:53:02,040 kilosort.template_matching DEBUG    Max alloc:     0.75 %     |      0.30   /    39.50 GB
2025-05-08 19:53:02,040 kilosort.template_matching DEBUG    ********************************************************
2025-05-08 19:53:02,784 kilosort.template_matching DEBUG     
2025-05-08 19:53:02,784 kilosort.template_matching DEBUG    Batch 29
2025-05-08 19:53:02,784 kilosort.template_matching DEBUG    ********************************************************
2025-05-08 19:53:02,784 kilosort.template_matching DEBUG    CPU usage:    17.30 %
2025-05-08 19:53:02,784 kilosort.template_matching DEBUG    Memory:       13.08 %     |     98.68   /   754.60 GB
2025-05-08 19:53:02,784 kilosort.template_matching DEBUG    ------------------------------------------------------
2025-05-08 19:53:02,784 kilosort.template_matching DEBUG    GPU usage:    `conda install pynvml` for GPU usage
2025-05-08 19:53:02,785 kilosort.template_matching DEBUG    GPU memory:    2.56 %     |      1.01   /    39.50 GB
2025-05-08 19:53:02,785 kilosort.template_matching DEBUG    Allocated:     0.06 %     |      0.02   /    39.50 GB
2025-05-08 19:53:02,785 kilosort.template_matching DEBUG    Max alloc:     0.75 %     |      0.30   /    39.50 GB
2025-05-08 19:53:02,785 kilosort.template_matching DEBUG    ********************************************************
2025-05-08 19:53:02,787 kilosort.run_kilosort INFO     19373 spikes extracted in  0.77s; total  4.87s
2025-05-08 19:53:02,787 kilosort.run_kilosort DEBUG    st shape: (19373, 3)
2025-05-08 19:53:02,787 kilosort.run_kilosort DEBUG    tF shape: torch.Size([19373, 10, 6])
2025-05-08 19:53:02,787 kilosort.run_kilosort DEBUG    iCC shape: torch.Size([10, 32])
2025-05-08 19:53:02,788 kilosort.run_kilosort DEBUG    iU shape: torch.Size([26])
2025-05-08 19:53:02,788 kilosort.run_kilosort INFO      
2025-05-08 19:53:02,788 kilosort.run_kilosort INFO     Resource usage after spike detection
2025-05-08 19:53:02,788 kilosort.run_kilosort INFO     ********************************************************
2025-05-08 19:53:02,789 kilosort.run_kilosort INFO     CPU usage:    41.20 %
2025-05-08 19:53:02,789 kilosort.run_kilosort INFO     Memory:       13.05 %     |     98.46   /   754.60 GB
2025-05-08 19:53:02,790 kilosort.run_kilosort INFO     ------------------------------------------------------
2025-05-08 19:53:02,790 kilosort.run_kilosort INFO     GPU usage:    `conda install pynvml` for GPU usage
2025-05-08 19:53:02,791 kilosort.run_kilosort INFO     GPU memory:    2.56 %     |      1.01   /    39.50 GB
2025-05-08 19:53:02,791 kilosort.run_kilosort INFO     Allocated:     0.02 %     |      0.01   /    39.50 GB
2025-05-08 19:53:02,792 kilosort.run_kilosort INFO     Max alloc:     0.75 %     |      0.30   /    39.50 GB
2025-05-08 19:53:02,792 kilosort.run_kilosort INFO     ********************************************************
2025-05-08 19:53:02,793 kilosort.run_kilosort DEBUG    

|===========================================================================|
|                  PyTorch CUDA memory summary, device ID 0                 |
|---------------------------------------------------------------------------|
|            CUDA OOMs: 0            |        cudaMalloc retries: 0         |
|===========================================================================|
|        Metric         | Cur Usage  | Peak Usage | Tot Alloc  | Tot Freed  |
|---------------------------------------------------------------------------|
| Allocated memory      |   8890 KiB | 311339 KiB |   1367 GiB |   1367 GiB |
|---------------------------------------------------------------------------|
| Active memory         |   8890 KiB | 311339 KiB |   1367 GiB |   1367 GiB |
|---------------------------------------------------------------------------|
| Requested memory      |   8887 KiB | 310352 KiB |   1353 GiB |   1353 GiB |
|---------------------------------------------------------------------------|
| GPU reserved memory   | 479232 KiB | 479232 KiB | 479232 KiB |      0 B   |
|---------------------------------------------------------------------------|
| Non-releasable memory |  13637 KiB | 184425 KiB |    800 GiB |    799 GiB |
|---------------------------------------------------------------------------|
| Allocations           |      24    |      56    |  384444    |  384420    |
|---------------------------------------------------------------------------|
| Active allocs         |      24    |      56    |  384444    |  384420    |
|---------------------------------------------------------------------------|
| GPU reserved segments |      14    |      14    |      14    |       0    |
|---------------------------------------------------------------------------|
| Non-releasable allocs |      11    |      26    |  172037    |  172026    |
|---------------------------------------------------------------------------|
| Oversize allocations  |       0    |       0    |       0    |       0    |
|---------------------------------------------------------------------------|
| Oversize GPU segments |       0    |       0    |       0    |       0    |
|===========================================================================|


2025-05-08 19:53:02,793 kilosort.run_kilosort INFO      
2025-05-08 19:53:02,793 kilosort.run_kilosort INFO     Final clustering
2025-05-08 19:53:02,793 kilosort.run_kilosort INFO     ----------------------------------------
2025-05-08 19:53:02,803 kilosort.clustering_qr DEBUG     
2025-05-08 19:53:02,803 kilosort.clustering_qr DEBUG    Cluster center: 0 of 12
2025-05-08 19:53:02,803 kilosort.clustering_qr DEBUG    ********************************************************
2025-05-08 19:53:02,803 kilosort.clustering_qr DEBUG    CPU usage:    25.00 %
2025-05-08 19:53:02,803 kilosort.clustering_qr DEBUG    Memory:       13.05 %     |     98.49   /   754.60 GB
2025-05-08 19:53:02,803 kilosort.clustering_qr DEBUG    ------------------------------------------------------
2025-05-08 19:53:02,803 kilosort.clustering_qr DEBUG    GPU usage:    `conda install pynvml` for GPU usage
2025-05-08 19:53:02,804 kilosort.clustering_qr DEBUG    GPU memory:    2.56 %     |      1.01   /    39.50 GB
2025-05-08 19:53:02,804 kilosort.clustering_qr DEBUG    Allocated:     0.02 %     |      0.01   /    39.50 GB
2025-05-08 19:53:02,804 kilosort.clustering_qr DEBUG    Max alloc:     0.75 %     |      0.30   /    39.50 GB
2025-05-08 19:53:02,804 kilosort.clustering_qr DEBUG    ********************************************************
2025-05-08 19:53:02,805 kilosort.clustering_qr DEBUG    Center 0 | nsp: 2161 | ntemp: 4
2025-05-08 19:53:03,172 kilosort.clustering_qr DEBUG    Center 1 | nsp: 1471 | ntemp: 2
2025-05-08 19:53:03,413 kilosort.clustering_qr DEBUG    Center 2 | nsp: 4396 | ntemp: 7
2025-05-08 19:53:03,845 kilosort.clustering_qr DEBUG    Center 3 | nsp: 1728 | ntemp: 2
2025-05-08 19:53:04,083 kilosort.clustering_qr DEBUG    Center 4 | nsp: 428 | ntemp: 1
2025-05-08 19:53:04,085 kilosort.clustering_qr DEBUG    Center 5 | nsp: 1412 | ntemp: 1
2025-05-08 19:53:04,480 kilosort.clustering_qr DEBUG    Center 6 | nsp: 1880 | ntemp: 3
2025-05-08 19:53:04,835 kilosort.clustering_qr DEBUG    Center 7 | nsp: 1492 | ntemp: 2
2025-05-08 19:53:05,229 kilosort.clustering_qr DEBUG    Center 8 | nsp: 628 | ntemp: 1
2025-05-08 19:53:05,231 kilosort.clustering_qr DEBUG    Center 9 | nsp: 1684 | ntemp: 1
2025-05-08 19:53:05,507 kilosort.clustering_qr DEBUG     
2025-05-08 19:53:05,507 kilosort.clustering_qr DEBUG    Cluster center: 10 of 12
2025-05-08 19:53:05,507 kilosort.clustering_qr DEBUG    ********************************************************
2025-05-08 19:53:05,507 kilosort.clustering_qr DEBUG    CPU usage:    20.90 %
2025-05-08 19:53:05,508 kilosort.clustering_qr DEBUG    Memory:       13.90 %     |    104.88   /   754.60 GB
2025-05-08 19:53:05,508 kilosort.clustering_qr DEBUG    ------------------------------------------------------
2025-05-08 19:53:05,508 kilosort.clustering_qr DEBUG    GPU usage:    `conda install pynvml` for GPU usage
2025-05-08 19:53:05,512 kilosort.clustering_qr DEBUG    GPU memory:    2.56 %     |      1.01   /    39.50 GB
2025-05-08 19:53:05,512 kilosort.clustering_qr DEBUG    Allocated:     0.02 %     |      0.01   /    39.50 GB
2025-05-08 19:53:05,512 kilosort.clustering_qr DEBUG    Max alloc:     0.75 %     |      0.30   /    39.50 GB
2025-05-08 19:53:05,512 kilosort.clustering_qr DEBUG    ********************************************************
2025-05-08 19:53:05,513 kilosort.clustering_qr DEBUG    Center 10 | nsp: 0 | ntemp: 0
2025-05-08 19:53:05,595 kilosort.clustering_qr DEBUG    Center 11 | nsp: 2093 | ntemp: 2
2025-05-08 19:53:05,953 kilosort.run_kilosort INFO     35 clusters found, in  3.16s; total  8.04s
2025-05-08 19:53:05,953 kilosort.run_kilosort DEBUG    clu shape: (19373,)
2025-05-08 19:53:05,953 kilosort.run_kilosort DEBUG    Wall shape: torch.Size([35, 32, 6])
2025-05-08 19:53:05,953 kilosort.run_kilosort INFO      
2025-05-08 19:53:05,954 kilosort.run_kilosort INFO     Merging clusters
2025-05-08 19:53:05,954 kilosort.run_kilosort INFO     ----------------------------------------
2025-05-08 19:53:05,976 kilosort.run_kilosort INFO     35 units found, in  0.02s; total  8.06s
2025-05-08 19:53:05,977 kilosort.run_kilosort DEBUG    clu shape: (19373,)
2025-05-08 19:53:05,977 kilosort.run_kilosort DEBUG    Wall shape: torch.Size([35, 32, 6])
2025-05-08 19:53:05,977 kilosort.run_kilosort INFO      
2025-05-08 19:53:05,977 kilosort.run_kilosort INFO     Resource usage after clustering
2025-05-08 19:53:05,977 kilosort.run_kilosort INFO     ********************************************************
2025-05-08 19:53:05,978 kilosort.run_kilosort INFO     CPU usage:    24.10 %
2025-05-08 19:53:05,978 kilosort.run_kilosort INFO     Memory:       14.09 %     |    106.30   /   754.60 GB
2025-05-08 19:53:05,979 kilosort.run_kilosort INFO     ------------------------------------------------------
2025-05-08 19:53:05,979 kilosort.run_kilosort INFO     GPU usage:    `conda install pynvml` for GPU usage
2025-05-08 19:53:05,980 kilosort.run_kilosort INFO     GPU memory:    2.56 %     |      1.01   /    39.50 GB
2025-05-08 19:53:05,980 kilosort.run_kilosort INFO     Allocated:     0.02 %     |      0.01   /    39.50 GB
2025-05-08 19:53:05,980 kilosort.run_kilosort INFO     Max alloc:     0.75 %     |      0.30   /    39.50 GB
2025-05-08 19:53:05,981 kilosort.run_kilosort INFO     ********************************************************
2025-05-08 19:53:05,981 kilosort.run_kilosort DEBUG    

|===========================================================================|
|                  PyTorch CUDA memory summary, device ID 0                 |
|---------------------------------------------------------------------------|
|            CUDA OOMs: 0            |        cudaMalloc retries: 0         |
|===========================================================================|
|        Metric         | Cur Usage  | Peak Usage | Tot Alloc  | Tot Freed  |
|---------------------------------------------------------------------------|
| Allocated memory      |   8871 KiB | 311339 KiB |   1389 GiB |   1389 GiB |
|---------------------------------------------------------------------------|
| Active memory         |   8871 KiB | 311339 KiB |   1389 GiB |   1389 GiB |
|---------------------------------------------------------------------------|
| Requested memory      |   8867 KiB | 310352 KiB |   1375 GiB |   1375 GiB |
|---------------------------------------------------------------------------|
| GPU reserved memory   | 479232 KiB | 479232 KiB | 479232 KiB |      0 B   |
|---------------------------------------------------------------------------|
| Non-releasable memory |  13657 KiB | 184425 KiB |    827 GiB |    827 GiB |
|---------------------------------------------------------------------------|
| Allocations           |      23    |      56    |  496112    |  496089    |
|---------------------------------------------------------------------------|
| Active allocs         |      23    |      56    |  496112    |  496089    |
|---------------------------------------------------------------------------|
| GPU reserved segments |      14    |      14    |      14    |       0    |
|---------------------------------------------------------------------------|
| Non-releasable allocs |      11    |      26    |  229904    |  229893    |
|---------------------------------------------------------------------------|
| Oversize allocations  |       0    |       0    |       0    |       0    |
|---------------------------------------------------------------------------|
| Oversize GPU segments |       0    |       0    |       0    |       0    |
|===========================================================================|


2025-05-08 19:53:05,981 kilosort.run_kilosort INFO      
2025-05-08 19:53:05,982 kilosort.run_kilosort INFO     Saving to phy and computing refractory periods
2025-05-08 19:53:05,982 kilosort.run_kilosort INFO     ----------------------------------------
2025-05-08 19:53:06,486 kilosort.run_kilosort INFO     9 units found with good refractory periods
2025-05-08 19:53:06,487 kilosort.run_kilosort INFO     Total runtime: 8.57s = 00:00:9 h:m:s
2025-05-08 19:53:06,497 kilosort.run_kilosort INFO     Sorting output saved in: /home/lss72/palmer_scratch/spike_sort/kilosort4.
2025-05-08 19:53:06,497 kilosort.run_kilosort INFO      
2025-05-08 19:53:06,497 kilosort.run_kilosort INFO     Resource usage after saving
2025-05-08 19:53:06,498 kilosort.run_kilosort INFO     ********************************************************
2025-05-08 19:53:06,498 kilosort.run_kilosort INFO     CPU usage:    13.90 %
2025-05-08 19:53:06,499 kilosort.run_kilosort INFO     Memory:       14.34 %     |    108.21   /   754.60 GB
2025-05-08 19:53:06,499 kilosort.run_kilosort INFO     ------------------------------------------------------
2025-05-08 19:53:06,499 kilosort.run_kilosort INFO     GPU usage:    `conda install pynvml` for GPU usage
2025-05-08 19:53:06,500 kilosort.run_kilosort INFO     GPU memory:    2.56 %     |      1.01   /    39.50 GB
2025-05-08 19:53:06,500 kilosort.run_kilosort INFO     Allocated:     0.02 %     |      0.01   /    39.50 GB
2025-05-08 19:53:06,501 kilosort.run_kilosort INFO     Max alloc:     0.75 %     |      0.30   /    39.50 GB
2025-05-08 19:53:06,501 kilosort.run_kilosort INFO     ********************************************************
2025-05-08 19:53:06,502 kilosort.run_kilosort DEBUG    

|===========================================================================|
|                  PyTorch CUDA memory summary, device ID 0                 |
|---------------------------------------------------------------------------|
|            CUDA OOMs: 0            |        cudaMalloc retries: 0         |
|===========================================================================|
|        Metric         | Cur Usage  | Peak Usage | Tot Alloc  | Tot Freed  |
|---------------------------------------------------------------------------|
| Allocated memory      |   8871 KiB | 311339 KiB |   1389 GiB |   1389 GiB |
|---------------------------------------------------------------------------|
| Active memory         |   8871 KiB | 311339 KiB |   1389 GiB |   1389 GiB |
|---------------------------------------------------------------------------|
| Requested memory      |   8867 KiB | 310352 KiB |   1375 GiB |   1375 GiB |
|---------------------------------------------------------------------------|
| GPU reserved memory   | 479232 KiB | 479232 KiB | 479232 KiB |      0 B   |
|---------------------------------------------------------------------------|
| Non-releasable memory |  13657 KiB | 184425 KiB |    827 GiB |    827 GiB |
|---------------------------------------------------------------------------|
| Allocations           |      23    |      56    |  496650    |  496627    |
|---------------------------------------------------------------------------|
| Active allocs         |      23    |      56    |  496650    |  496627    |
|---------------------------------------------------------------------------|
| GPU reserved segments |      14    |      14    |      14    |       0    |
|---------------------------------------------------------------------------|
| Non-releasable allocs |      11    |      26    |  230220    |  230209    |
|---------------------------------------------------------------------------|
| Oversize allocations  |       0    |       0    |       0    |       0    |
|---------------------------------------------------------------------------|
| Oversize GPU segments |       0    |       0    |       0    |       0    |
|===========================================================================|


